[2025-11-05 17:52:43Z INFO HostContext] No proxy settings were found based on environmental variables (http_proxy/https_proxy/HTTP_PROXY/HTTPS_PROXY)
[2025-11-05 17:52:43Z INFO HostContext] Well known directory 'Bin': 'C:\SCHOOL\HOWEST LES\SEM5 MCT\MLOps\Labo\Week5\03-MLOps-GithubActions\actions-runner\bin'
[2025-11-05 17:52:43Z INFO HostContext] Well known directory 'Root': 'C:\SCHOOL\HOWEST LES\SEM5 MCT\MLOps\Labo\Week5\03-MLOps-GithubActions\actions-runner'
[2025-11-05 17:52:43Z INFO HostContext] Well known config file 'Credentials': 'C:\SCHOOL\HOWEST LES\SEM5 MCT\MLOps\Labo\Week5\03-MLOps-GithubActions\actions-runner\.credentials'
[2025-11-05 17:52:43Z INFO HostContext] Well known directory 'Bin': 'C:\SCHOOL\HOWEST LES\SEM5 MCT\MLOps\Labo\Week5\03-MLOps-GithubActions\actions-runner\bin'
[2025-11-05 17:52:43Z INFO HostContext] Well known directory 'Root': 'C:\SCHOOL\HOWEST LES\SEM5 MCT\MLOps\Labo\Week5\03-MLOps-GithubActions\actions-runner'
[2025-11-05 17:52:43Z INFO HostContext] Well known config file 'Runner': 'C:\SCHOOL\HOWEST LES\SEM5 MCT\MLOps\Labo\Week5\03-MLOps-GithubActions\actions-runner\.runner'
[2025-11-05 17:52:43Z INFO Listener] Runner is built for Windows (X64) - win-x64.
[2025-11-05 17:52:43Z INFO Listener] RuntimeInformation: Microsoft Windows 10.0.26100.
[2025-11-05 17:52:43Z INFO Listener] Version: 2.329.0
[2025-11-05 17:52:43Z INFO Listener] Commit: c76c59996c8fa32e989164a5a695efb12608ae5a
[2025-11-05 17:52:43Z INFO Listener] Culture: nl-BE
[2025-11-05 17:52:43Z INFO Listener] UI Culture: nl-NL
[2025-11-05 17:52:43Z INFO HostContext] Well known directory 'Bin': 'C:\SCHOOL\HOWEST LES\SEM5 MCT\MLOps\Labo\Week5\03-MLOps-GithubActions\actions-runner\bin'
[2025-11-05 17:52:43Z INFO HostContext] Well known directory 'Root': 'C:\SCHOOL\HOWEST LES\SEM5 MCT\MLOps\Labo\Week5\03-MLOps-GithubActions\actions-runner'
[2025-11-05 17:52:43Z INFO Listener] Validating directory permissions for: 'C:\SCHOOL\HOWEST LES\SEM5 MCT\MLOps\Labo\Week5\03-MLOps-GithubActions\actions-runner'
[2025-11-05 17:52:43Z INFO CommandLineParser] Parse
[2025-11-05 17:52:43Z INFO CommandLineParser] Parsing 1 args
[2025-11-05 17:52:43Z INFO CommandLineParser] parsing argument
[2025-11-05 17:52:43Z INFO CommandLineParser] HasArgs: False
[2025-11-05 17:52:43Z INFO CommandLineParser] Adding Command: run
[2025-11-05 17:52:43Z INFO Listener] Arguments parsed
[2025-11-05 17:52:43Z INFO Runner] ExecuteCommand
[2025-11-05 17:52:43Z INFO ConfigurationStore] currentAssemblyLocation: C:\SCHOOL\HOWEST LES\SEM5 MCT\MLOps\Labo\Week5\03-MLOps-GithubActions\actions-runner\bin\Runner.Listener.dll
[2025-11-05 17:52:43Z INFO HostContext] Well known directory 'Bin': 'C:\SCHOOL\HOWEST LES\SEM5 MCT\MLOps\Labo\Week5\03-MLOps-GithubActions\actions-runner\bin'
[2025-11-05 17:52:43Z INFO ConfigurationStore] binPath: C:\SCHOOL\HOWEST LES\SEM5 MCT\MLOps\Labo\Week5\03-MLOps-GithubActions\actions-runner\bin
[2025-11-05 17:52:43Z INFO HostContext] Well known directory 'Bin': 'C:\SCHOOL\HOWEST LES\SEM5 MCT\MLOps\Labo\Week5\03-MLOps-GithubActions\actions-runner\bin'
[2025-11-05 17:52:43Z INFO HostContext] Well known directory 'Root': 'C:\SCHOOL\HOWEST LES\SEM5 MCT\MLOps\Labo\Week5\03-MLOps-GithubActions\actions-runner'
[2025-11-05 17:52:43Z INFO ConfigurationStore] RootFolder: C:\SCHOOL\HOWEST LES\SEM5 MCT\MLOps\Labo\Week5\03-MLOps-GithubActions\actions-runner
[2025-11-05 17:52:43Z INFO HostContext] Well known directory 'Bin': 'C:\SCHOOL\HOWEST LES\SEM5 MCT\MLOps\Labo\Week5\03-MLOps-GithubActions\actions-runner\bin'
[2025-11-05 17:52:43Z INFO HostContext] Well known directory 'Root': 'C:\SCHOOL\HOWEST LES\SEM5 MCT\MLOps\Labo\Week5\03-MLOps-GithubActions\actions-runner'
[2025-11-05 17:52:43Z INFO HostContext] Well known config file 'Runner': 'C:\SCHOOL\HOWEST LES\SEM5 MCT\MLOps\Labo\Week5\03-MLOps-GithubActions\actions-runner\.runner'
[2025-11-05 17:52:43Z INFO ConfigurationStore] ConfigFilePath: C:\SCHOOL\HOWEST LES\SEM5 MCT\MLOps\Labo\Week5\03-MLOps-GithubActions\actions-runner\.runner
[2025-11-05 17:52:43Z INFO HostContext] Well known directory 'Bin': 'C:\SCHOOL\HOWEST LES\SEM5 MCT\MLOps\Labo\Week5\03-MLOps-GithubActions\actions-runner\bin'
[2025-11-05 17:52:43Z INFO HostContext] Well known directory 'Root': 'C:\SCHOOL\HOWEST LES\SEM5 MCT\MLOps\Labo\Week5\03-MLOps-GithubActions\actions-runner'
[2025-11-05 17:52:43Z INFO HostContext] Well known config file 'MigratedRunner': 'C:\SCHOOL\HOWEST LES\SEM5 MCT\MLOps\Labo\Week5\03-MLOps-GithubActions\actions-runner\.runner_migrated'
[2025-11-05 17:52:43Z INFO ConfigurationStore] MigratedConfigFilePath: C:\SCHOOL\HOWEST LES\SEM5 MCT\MLOps\Labo\Week5\03-MLOps-GithubActions\actions-runner\.runner_migrated
[2025-11-05 17:52:43Z INFO HostContext] Well known directory 'Bin': 'C:\SCHOOL\HOWEST LES\SEM5 MCT\MLOps\Labo\Week5\03-MLOps-GithubActions\actions-runner\bin'
[2025-11-05 17:52:43Z INFO HostContext] Well known directory 'Root': 'C:\SCHOOL\HOWEST LES\SEM5 MCT\MLOps\Labo\Week5\03-MLOps-GithubActions\actions-runner'
[2025-11-05 17:52:43Z INFO HostContext] Well known config file 'Credentials': 'C:\SCHOOL\HOWEST LES\SEM5 MCT\MLOps\Labo\Week5\03-MLOps-GithubActions\actions-runner\.credentials'
[2025-11-05 17:52:43Z INFO ConfigurationStore] CredFilePath: C:\SCHOOL\HOWEST LES\SEM5 MCT\MLOps\Labo\Week5\03-MLOps-GithubActions\actions-runner\.credentials
[2025-11-05 17:52:43Z INFO HostContext] Well known directory 'Bin': 'C:\SCHOOL\HOWEST LES\SEM5 MCT\MLOps\Labo\Week5\03-MLOps-GithubActions\actions-runner\bin'
[2025-11-05 17:52:43Z INFO HostContext] Well known directory 'Root': 'C:\SCHOOL\HOWEST LES\SEM5 MCT\MLOps\Labo\Week5\03-MLOps-GithubActions\actions-runner'
[2025-11-05 17:52:43Z INFO HostContext] Well known config file 'MigratedCredentials': 'C:\SCHOOL\HOWEST LES\SEM5 MCT\MLOps\Labo\Week5\03-MLOps-GithubActions\actions-runner\.credentials_migrated'
[2025-11-05 17:52:43Z INFO ConfigurationStore] MigratedCredFilePath: C:\SCHOOL\HOWEST LES\SEM5 MCT\MLOps\Labo\Week5\03-MLOps-GithubActions\actions-runner\.credentials_migrated
[2025-11-05 17:52:43Z INFO HostContext] Well known directory 'Bin': 'C:\SCHOOL\HOWEST LES\SEM5 MCT\MLOps\Labo\Week5\03-MLOps-GithubActions\actions-runner\bin'
[2025-11-05 17:52:43Z INFO HostContext] Well known directory 'Root': 'C:\SCHOOL\HOWEST LES\SEM5 MCT\MLOps\Labo\Week5\03-MLOps-GithubActions\actions-runner'
[2025-11-05 17:52:43Z INFO HostContext] Well known config file 'Service': 'C:\SCHOOL\HOWEST LES\SEM5 MCT\MLOps\Labo\Week5\03-MLOps-GithubActions\actions-runner\.service'
[2025-11-05 17:52:43Z INFO ConfigurationStore] ServiceConfigFilePath: C:\SCHOOL\HOWEST LES\SEM5 MCT\MLOps\Labo\Week5\03-MLOps-GithubActions\actions-runner\.service
[2025-11-05 17:52:43Z INFO CommandSettings] Flag 'help': 'False'
[2025-11-05 17:52:43Z INFO CommandSettings] Flag 'version': 'False'
[2025-11-05 17:52:43Z INFO CommandSettings] Flag 'commit': 'False'
[2025-11-05 17:52:43Z INFO CommandSettings] Flag 'check': 'False'
[2025-11-05 17:52:43Z INFO CommandSettings] Command 'configure': 'False'
[2025-11-05 17:52:43Z INFO CommandSettings] Command 'remove': 'False'
[2025-11-05 17:52:43Z INFO CommandSettings] Command 'warmup': 'False'
[2025-11-05 17:52:43Z INFO ConfigurationManager] LoadSettings
[2025-11-05 17:52:43Z INFO ConfigurationStore] IsConfigured()
[2025-11-05 17:52:43Z INFO ConfigurationStore] IsConfigured: True
[2025-11-05 17:52:43Z INFO ConfigurationManager] Is configured: True
[2025-11-05 17:52:43Z INFO ConfigurationStore] Read setting file: 402 chars
[2025-11-05 17:52:43Z INFO ConfigurationManager] Settings Loaded
[2025-11-05 17:52:43Z INFO ConfigurationStore] IsServiceConfigured()
[2025-11-05 17:52:43Z INFO ConfigurationStore] IsServiceConfigured: False
[2025-11-05 17:52:43Z INFO CommandSettings] Command 'run': 'True'
[2025-11-05 17:52:43Z INFO ConfigurationStore] IsConfigured()
[2025-11-05 17:52:43Z INFO ConfigurationStore] IsConfigured: True
[2025-11-05 17:52:43Z INFO ConfigurationManager] Is configured: True
[2025-11-05 17:52:43Z INFO Runner] Could not parse the argument value '' for StartupType. Defaulting to Manual
[2025-11-05 17:52:43Z INFO Runner] Set runner startup type - Manual
[2025-11-05 17:52:43Z INFO CommandSettings] Flag 'once': 'False'
[2025-11-05 17:52:43Z INFO CommandSettings] Flag 'once': 'False'
[2025-11-05 17:52:43Z INFO Runner] RunAsync
[2025-11-05 17:52:43Z INFO ConfigurationManager] LoadMigratedSettings
[2025-11-05 17:52:43Z INFO ConfigurationStore] IsMigratedConfigured()
[2025-11-05 17:52:43Z INFO ConfigurationStore] IsMigratedConfigured: False
[2025-11-05 17:52:43Z INFO Runner] Failed to load migrated settings: No migrated configuration found.
[2025-11-05 17:52:43Z INFO Runner] Falling back to original .runner settings
[2025-11-05 17:52:43Z INFO Runner] Using BrokerMessageListener
[2025-11-05 17:52:43Z INFO BrokerMessageListener] Using provided settings
[2025-11-05 17:52:43Z INFO BrokerMessageListener] {
  "AgentId": 2,
  "AgentName": "MSI",
  "PoolId": 1,
  "PoolName": "Default",
  "ServerUrl": "https://pipelinesghubeus25.actions.githubusercontent.com/WiUpu9Pnkv3MKD58V5oxbZ8ketpBxegbuMcs38JyDyHbFZtKqd/",
  "GitHubUrl": "https://github.com/DHaluwinRune/03-MLOps-GithubActions",
  "WorkFolder": "_work",
  "UseV2Flow": true,
  "ServerUrlV2": "https://broker.actions.githubusercontent.com/"
}
[2025-11-05 17:52:43Z INFO BrokerMessageListener] Loading Credentials
[2025-11-05 17:52:43Z INFO ConfigurationStore] HasCredentials()
[2025-11-05 17:52:43Z INFO ConfigurationStore] stored True
[2025-11-05 17:52:43Z INFO CredentialManager] GetCredentialProvider
[2025-11-05 17:52:43Z INFO CredentialManager] Creating type OAuth
[2025-11-05 17:52:43Z INFO CredentialManager] Creating credential type: OAuth
[2025-11-05 17:52:43Z INFO HostContext] Well known directory 'Bin': 'C:\SCHOOL\HOWEST LES\SEM5 MCT\MLOps\Labo\Week5\03-MLOps-GithubActions\actions-runner\bin'
[2025-11-05 17:52:43Z INFO HostContext] Well known directory 'Root': 'C:\SCHOOL\HOWEST LES\SEM5 MCT\MLOps\Labo\Week5\03-MLOps-GithubActions\actions-runner'
[2025-11-05 17:52:43Z INFO HostContext] Well known config file 'RSACredentials': 'C:\SCHOOL\HOWEST LES\SEM5 MCT\MLOps\Labo\Week5\03-MLOps-GithubActions\actions-runner\.credentials_rsaparams'
[2025-11-05 17:52:43Z INFO RSAEncryptedFileKeyManager] Loading RSA key parameters from file C:\SCHOOL\HOWEST LES\SEM5 MCT\MLOps\Labo\Week5\03-MLOps-GithubActions\actions-runner\.credentials_rsaparams
[2025-11-05 17:52:43Z INFO BrokerMessageListener] Attempt to create session.
[2025-11-05 17:52:43Z INFO BrokerMessageListener] Connecting to the Broker Server...
[2025-11-05 17:52:43Z INFO ConfigurationStore] HasCredentials()
[2025-11-05 17:52:43Z INFO ConfigurationStore] stored True
[2025-11-05 17:52:43Z INFO CredentialManager] GetCredentialProvider
[2025-11-05 17:52:43Z INFO CredentialManager] Creating type OAuth
[2025-11-05 17:52:43Z INFO CredentialManager] Creating credential type: OAuth
[2025-11-05 17:52:43Z INFO RSAEncryptedFileKeyManager] Loading RSA key parameters from file C:\SCHOOL\HOWEST LES\SEM5 MCT\MLOps\Labo\Week5\03-MLOps-GithubActions\actions-runner\.credentials_rsaparams
[2025-11-05 17:52:43Z INFO BrokerMessageListener] VssConnection created
[2025-11-05 17:52:43Z INFO BrokerMessageListener] Connecting to the Runner server...
[2025-11-05 17:52:43Z INFO RunnerServer] EstablishVssConnection
[2025-11-05 17:52:43Z INFO RunnerServer] Establish connection with 100 seconds timeout.
[2025-11-05 17:52:43Z INFO GitHubActionsService] Starting operation Location.GetConnectionData
[2025-11-05 17:52:43Z INFO RunnerServer] EstablishVssConnection
[2025-11-05 17:52:43Z INFO RunnerServer] Establish connection with 60 seconds timeout.
[2025-11-05 17:52:43Z INFO GitHubActionsService] Starting operation Location.GetConnectionData
[2025-11-05 17:52:43Z INFO RunnerServer] EstablishVssConnection
[2025-11-05 17:52:43Z INFO RunnerServer] Establish connection with 60 seconds timeout.
[2025-11-05 17:52:43Z INFO GitHubActionsService] Starting operation Location.GetConnectionData
[2025-11-05 17:52:44Z INFO GitHubActionsService] Finished operation Location.GetConnectionData
[2025-11-05 17:52:44Z INFO GitHubActionsService] Finished operation Location.GetConnectionData
[2025-11-05 17:52:44Z INFO GitHubActionsService] Finished operation Location.GetConnectionData
[2025-11-05 17:52:44Z INFO BrokerMessageListener] VssConnection created
[2025-11-05 17:52:44Z INFO Terminal] WRITE LINE: 
[2025-11-05 17:52:44Z INFO Terminal] WRITE LINE: 
[2025-11-05 17:52:44Z INFO RSAEncryptedFileKeyManager] Loading RSA key parameters from file C:\SCHOOL\HOWEST LES\SEM5 MCT\MLOps\Labo\Week5\03-MLOps-GithubActions\actions-runner\.credentials_rsaparams
[2025-11-05 17:52:44Z INFO RSAEncryptedFileKeyManager] Loading RSA key parameters from file C:\SCHOOL\HOWEST LES\SEM5 MCT\MLOps\Labo\Week5\03-MLOps-GithubActions\actions-runner\.credentials_rsaparams
[2025-11-05 17:52:45Z INFO GitHubActionsService] AAD Correlation ID for this token request: Unknown
[2025-11-05 17:52:45Z INFO BrokerMessageListener] Session created.
[2025-11-05 17:52:45Z INFO Terminal] WRITE LINE: Current runner version: '2.329.0'
[2025-11-05 17:52:45Z INFO Terminal] WRITE LINE: 2025-11-05 17:52:45Z: Listening for Jobs
[2025-11-05 17:52:45Z INFO JobDispatcher] Set runner/worker IPC timeout to 30 seconds.
[2025-11-05 17:52:46Z INFO ConfigurationStore] HasCredentials()
[2025-11-05 17:52:46Z INFO ConfigurationStore] stored True
[2025-11-05 17:52:46Z INFO CredentialManager] GetCredentialProvider
[2025-11-05 17:52:46Z INFO CredentialManager] Creating type OAuth
[2025-11-05 17:52:46Z INFO CredentialManager] Creating credential type: OAuth
[2025-11-05 17:52:46Z INFO RSAEncryptedFileKeyManager] Loading RSA key parameters from file C:\SCHOOL\HOWEST LES\SEM5 MCT\MLOps\Labo\Week5\03-MLOps-GithubActions\actions-runner\.credentials_rsaparams
[2025-11-05 17:52:46Z INFO RSAEncryptedFileKeyManager] Loading RSA key parameters from file C:\SCHOOL\HOWEST LES\SEM5 MCT\MLOps\Labo\Week5\03-MLOps-GithubActions\actions-runner\.credentials_rsaparams
[2025-11-05 17:52:46Z INFO RSAEncryptedFileKeyManager] Loading RSA key parameters from file C:\SCHOOL\HOWEST LES\SEM5 MCT\MLOps\Labo\Week5\03-MLOps-GithubActions\actions-runner\.credentials_rsaparams
[2025-11-05 17:52:46Z INFO GitHubActionsService] AAD Correlation ID for this token request: Unknown
[2025-11-05 17:52:47Z INFO JobDispatcher] Job request 0 for plan a4cadc88-4db1-4c87-bfde-1e3b9d6e2c05 job 10bd4db3-ecb6-507a-a212-f45aaa358120 received.
[2025-11-05 17:52:47Z INFO JobDispatcher] Pull OrchestrationId a4cadc88-4db1-4c87-bfde-1e3b9d6e2c05.deploy-pod.__default from JWT claims
[2025-11-05 17:52:47Z INFO BrokerMessageListener] Received job status event. JobState: Busy
[2025-11-05 17:52:47Z INFO BrokerMessageListener] _getMessagesTokenSource is already disposed.
[2025-11-05 17:52:47Z INFO Terminal] WRITE LINE: 2025-11-05 17:52:47Z: Running job: deploy-pod
[2025-11-05 17:52:47Z INFO JobDispatcher] Start renew job request 0 for job 10bd4db3-ecb6-507a-a212-f45aaa358120.
[2025-11-05 17:52:48Z INFO JobDispatcher] Successfully renew job 10bd4db3-ecb6-507a-a212-f45aaa358120, job is valid till 5/11/2025 18:02:48
[2025-11-05 17:52:48Z INFO HostContext] Well known directory 'Bin': 'C:\SCHOOL\HOWEST LES\SEM5 MCT\MLOps\Labo\Week5\03-MLOps-GithubActions\actions-runner\bin'
[2025-11-05 17:52:48Z INFO ProcessInvokerWrapper] Starting process:
[2025-11-05 17:52:48Z INFO ProcessInvokerWrapper]   File name: 'C:\SCHOOL\HOWEST LES\SEM5 MCT\MLOps\Labo\Week5\03-MLOps-GithubActions\actions-runner\bin\Runner.Worker.exe'
[2025-11-05 17:52:48Z INFO ProcessInvokerWrapper]   Arguments: 'spawnclient 2244 2256'
[2025-11-05 17:52:48Z INFO ProcessInvokerWrapper]   Working directory: 'C:\SCHOOL\HOWEST LES\SEM5 MCT\MLOps\Labo\Week5\03-MLOps-GithubActions\actions-runner\bin'
[2025-11-05 17:52:48Z INFO ProcessInvokerWrapper]   Require exit code zero: 'False'
[2025-11-05 17:52:48Z INFO ProcessInvokerWrapper]   Encoding web name:  ; code page: ''
[2025-11-05 17:52:48Z INFO ProcessInvokerWrapper]   Force kill process on cancellation: 'True'
[2025-11-05 17:52:48Z INFO ProcessInvokerWrapper]   Redirected STDIN: 'False'
[2025-11-05 17:52:48Z INFO ProcessInvokerWrapper]   Persist current code page: 'False'
[2025-11-05 17:52:48Z INFO ProcessInvokerWrapper]   Keep redirected STDIN open: 'False'
[2025-11-05 17:52:48Z INFO ProcessInvokerWrapper]   High priority process: 'True'
[2025-11-05 17:52:48Z INFO ProcessInvokerWrapper] Process started with process id 17224, waiting for process exit.
[2025-11-05 17:52:48Z INFO JobDispatcher] Send job request message to worker for job 10bd4db3-ecb6-507a-a212-f45aaa358120.
[2025-11-05 17:52:48Z INFO ProcessChannel] Sending message of length 21548, with hash '7a17f5210521ea14ece09c151ee4cc9318ffc0b851ebf2ca12ce85f06dfc3bbe'
[2025-11-05 17:52:48Z INFO JobNotification] Entering JobStarted Notification
[2025-11-05 17:52:48Z INFO JobNotification] Entering StartMonitor
[2025-11-05 17:53:48Z INFO JobDispatcher] Successfully renew job 10bd4db3-ecb6-507a-a212-f45aaa358120, job is valid till 5/11/2025 18:03:48
[2025-11-05 17:54:00Z INFO ProcessInvokerWrapper] STDOUT/STDERR stream read finished.
[2025-11-05 17:54:00Z INFO ProcessInvokerWrapper] STDOUT/STDERR stream read finished.
[2025-11-05 17:54:00Z INFO ProcessInvokerWrapper] Finished process 17224 with exit code 102, and elapsed time 00:01:11.9180322.
[2025-11-05 17:54:00Z INFO JobDispatcher] Worker finished for job 10bd4db3-ecb6-507a-a212-f45aaa358120. Code: 102
[2025-11-05 17:54:00Z INFO JobDispatcher] finish job request for job 10bd4db3-ecb6-507a-a212-f45aaa358120 with result: Failed
[2025-11-05 17:54:00Z INFO Terminal] WRITE LINE: 2025-11-05 17:54:00Z: Job deploy-pod completed with result: Failed
[2025-11-05 17:54:00Z INFO JobDispatcher] Stop renew job request for job 10bd4db3-ecb6-507a-a212-f45aaa358120.
[2025-11-05 17:54:00Z INFO JobDispatcher] job renew has been cancelled, stop renew job 10bd4db3-ecb6-507a-a212-f45aaa358120.
[2025-11-05 17:54:00Z INFO JobNotification] Entering JobCompleted Notification
[2025-11-05 17:54:00Z INFO JobNotification] Entering EndMonitor
[2025-11-05 17:54:00Z INFO BrokerMessageListener] Received job status event. JobState: Online
[2025-11-05 17:54:00Z WARN GitHubActionsService] GET request to https://broker.actions.githubusercontent.com/message?sessionId=4956398e-3a17-414f-9ed5-f1005ec56247&status=Busy&runnerVersion=2.329.0&os=Windows&architecture=X64&disableUpdate=false has been cancelled.
[2025-11-05 17:54:00Z ERR  BrokerServer] Catch exception during request
[2025-11-05 17:54:00Z ERR  BrokerServer] System.Threading.Tasks.TaskCanceledException: The operation was canceled.
 ---> System.Threading.Tasks.TaskCanceledException: The operation was canceled.
 ---> System.IO.IOException: Unable to read data from the transport connection: De I/O-bewerking is afgebroken vanwege het afsluiten van een thread of vanwege een opdracht van een toepassing..
 ---> System.Net.Sockets.SocketException (995): De I/O-bewerking is afgebroken vanwege het afsluiten van een thread of vanwege een opdracht van een toepassing.
   --- End of inner exception stack trace ---
   at System.Net.Sockets.Socket.AwaitableSocketAsyncEventArgs.ThrowException(SocketError error, CancellationToken cancellationToken)
   at System.Net.Sockets.Socket.AwaitableSocketAsyncEventArgs.System.Threading.Tasks.Sources.IValueTaskSource<System.Int32>.GetResult(Int16 token)
   at System.Net.Security.SslStream.EnsureFullTlsFrameAsync[TIOAdapter](CancellationToken cancellationToken, Int32 estimatedSize)
   at System.Runtime.CompilerServices.PoolingAsyncValueTaskMethodBuilder`1.StateMachineBox`1.System.Threading.Tasks.Sources.IValueTaskSource<TResult>.GetResult(Int16 token)
   at System.Net.Security.SslStream.ReadAsyncInternal[TIOAdapter](Memory`1 buffer, CancellationToken cancellationToken)
   at System.Runtime.CompilerServices.PoolingAsyncValueTaskMethodBuilder`1.StateMachineBox`1.System.Threading.Tasks.Sources.IValueTaskSource<TResult>.GetResult(Int16 token)
   at System.Net.Http.HttpConnection.SendAsync(HttpRequestMessage request, Boolean async, CancellationToken cancellationToken)
   --- End of inner exception stack trace ---
   at System.Net.Http.HttpConnection.SendAsync(HttpRequestMessage request, Boolean async, CancellationToken cancellationToken)
   at System.Net.Http.AuthenticationHelper.SendWithNtAuthAsync(HttpRequestMessage request, Uri authUri, Boolean async, ICredentials credentials, Boolean isProxyAuth, HttpConnection connection, HttpConnectionPool connectionPool, CancellationToken cancellationToken)
   at System.Net.Http.HttpConnectionPool.SendWithVersionDetectionAndRetryAsync(HttpRequestMessage request, Boolean async, Boolean doRequestAuth, CancellationToken cancellationToken)
   at System.Net.Http.AuthenticationHelper.SendWithAuthAsync(HttpRequestMessage request, Uri authUri, Boolean async, ICredentials credentials, Boolean preAuthenticate, Boolean isProxyAuth, Boolean doRequestAuth, HttpConnectionPool pool, CancellationToken cancellationToken)
   at System.Net.Http.RedirectHandler.SendAsync(HttpRequestMessage request, Boolean async, CancellationToken cancellationToken)
   at GitHub.Services.Common.RawHttpMessageHandler.SendAsync(HttpRequestMessage request, CancellationToken cancellationToken)
   at GitHub.Services.Common.VssHttpRetryMessageHandler.SendAsync(HttpRequestMessage request, CancellationToken cancellationToken)
   at System.Net.Http.HttpClient.<SendAsync>g__Core|83_0(HttpRequestMessage request, HttpCompletionOption completionOption, CancellationTokenSource cts, Boolean disposeCts, CancellationTokenSource pendingRequestsCts, CancellationToken originalCancellationToken)
   --- End of inner exception stack trace ---
   at System.Net.Http.HttpClient.HandleFailure(Exception e, Boolean telemetryStarted, HttpResponseMessage response, CancellationTokenSource cts, CancellationToken cancellationToken, CancellationTokenSource pendingRequestsCts)
   at System.Net.Http.HttpClient.<SendAsync>g__Core|83_0(HttpRequestMessage request, HttpCompletionOption completionOption, CancellationTokenSource cts, Boolean disposeCts, CancellationTokenSource pendingRequestsCts, CancellationToken originalCancellationToken)
   at Sdk.WebApi.WebApi.RawHttpClientBase.SendAsync(HttpRequestMessage message, HttpCompletionOption completionOption, Object userState, CancellationToken cancellationToken)
   at Sdk.WebApi.WebApi.RawHttpClientBase.SendAsync[T](HttpRequestMessage message, Boolean readErrorBody, Object userState, CancellationToken cancellationToken)
   at Sdk.WebApi.WebApi.RawHttpClientBase.SendAsync[T](HttpMethod method, IEnumerable`1 additionalHeaders, Uri requestUri, HttpContent content, IEnumerable`1 queryParameters, Boolean readErrorBody, Object userState, CancellationToken cancellationToken)
   at GitHub.Actions.RunService.WebApi.BrokerHttpClient.GetRunnerMessageAsync(Nullable`1 sessionId, String runnerVersion, Nullable`1 status, String os, String architecture, Nullable`1 disableUpdate, CancellationToken cancellationToken)
   at GitHub.Runner.Common.BrokerServer.<>c__DisplayClass7_0.<<GetRunnerMessageAsync>b__0>d.MoveNext()
--- End of stack trace from previous location ---
   at GitHub.Runner.Common.RunnerService.RetryRequest[T](Func`1 func, CancellationToken cancellationToken, Int32 maxAttempts, Func`2 shouldRetry)
[2025-11-05 17:54:00Z ERR  BrokerServer] #####################################################
[2025-11-05 17:54:00Z ERR  BrokerServer] System.Threading.Tasks.TaskCanceledException: The operation was canceled.
 ---> System.IO.IOException: Unable to read data from the transport connection: De I/O-bewerking is afgebroken vanwege het afsluiten van een thread of vanwege een opdracht van een toepassing..
 ---> System.Net.Sockets.SocketException (995): De I/O-bewerking is afgebroken vanwege het afsluiten van een thread of vanwege een opdracht van een toepassing.
   --- End of inner exception stack trace ---
   at System.Net.Sockets.Socket.AwaitableSocketAsyncEventArgs.ThrowException(SocketError error, CancellationToken cancellationToken)
   at System.Net.Sockets.Socket.AwaitableSocketAsyncEventArgs.System.Threading.Tasks.Sources.IValueTaskSource<System.Int32>.GetResult(Int16 token)
   at System.Net.Security.SslStream.EnsureFullTlsFrameAsync[TIOAdapter](CancellationToken cancellationToken, Int32 estimatedSize)
   at System.Runtime.CompilerServices.PoolingAsyncValueTaskMethodBuilder`1.StateMachineBox`1.System.Threading.Tasks.Sources.IValueTaskSource<TResult>.GetResult(Int16 token)
   at System.Net.Security.SslStream.ReadAsyncInternal[TIOAdapter](Memory`1 buffer, CancellationToken cancellationToken)
   at System.Runtime.CompilerServices.PoolingAsyncValueTaskMethodBuilder`1.StateMachineBox`1.System.Threading.Tasks.Sources.IValueTaskSource<TResult>.GetResult(Int16 token)
   at System.Net.Http.HttpConnection.SendAsync(HttpRequestMessage request, Boolean async, CancellationToken cancellationToken)
   --- End of inner exception stack trace ---
   at System.Net.Http.HttpConnection.SendAsync(HttpRequestMessage request, Boolean async, CancellationToken cancellationToken)
   at System.Net.Http.AuthenticationHelper.SendWithNtAuthAsync(HttpRequestMessage request, Uri authUri, Boolean async, ICredentials credentials, Boolean isProxyAuth, HttpConnection connection, HttpConnectionPool connectionPool, CancellationToken cancellationToken)
   at System.Net.Http.HttpConnectionPool.SendWithVersionDetectionAndRetryAsync(HttpRequestMessage request, Boolean async, Boolean doRequestAuth, CancellationToken cancellationToken)
   at System.Net.Http.AuthenticationHelper.SendWithAuthAsync(HttpRequestMessage request, Uri authUri, Boolean async, ICredentials credentials, Boolean preAuthenticate, Boolean isProxyAuth, Boolean doRequestAuth, HttpConnectionPool pool, CancellationToken cancellationToken)
   at System.Net.Http.RedirectHandler.SendAsync(HttpRequestMessage request, Boolean async, CancellationToken cancellationToken)
   at GitHub.Services.Common.RawHttpMessageHandler.SendAsync(HttpRequestMessage request, CancellationToken cancellationToken)
   at GitHub.Services.Common.VssHttpRetryMessageHandler.SendAsync(HttpRequestMessage request, CancellationToken cancellationToken)
   at System.Net.Http.HttpClient.<SendAsync>g__Core|83_0(HttpRequestMessage request, HttpCompletionOption completionOption, CancellationTokenSource cts, Boolean disposeCts, CancellationTokenSource pendingRequestsCts, CancellationToken originalCancellationToken)
[2025-11-05 17:54:00Z ERR  BrokerServer] #####################################################
[2025-11-05 17:54:00Z ERR  BrokerServer] System.IO.IOException: Unable to read data from the transport connection: De I/O-bewerking is afgebroken vanwege het afsluiten van een thread of vanwege een opdracht van een toepassing..
 ---> System.Net.Sockets.SocketException (995): De I/O-bewerking is afgebroken vanwege het afsluiten van een thread of vanwege een opdracht van een toepassing.
   --- End of inner exception stack trace ---
   at System.Net.Sockets.Socket.AwaitableSocketAsyncEventArgs.ThrowException(SocketError error, CancellationToken cancellationToken)
   at System.Net.Sockets.Socket.AwaitableSocketAsyncEventArgs.System.Threading.Tasks.Sources.IValueTaskSource<System.Int32>.GetResult(Int16 token)
   at System.Net.Security.SslStream.EnsureFullTlsFrameAsync[TIOAdapter](CancellationToken cancellationToken, Int32 estimatedSize)
   at System.Runtime.CompilerServices.PoolingAsyncValueTaskMethodBuilder`1.StateMachineBox`1.System.Threading.Tasks.Sources.IValueTaskSource<TResult>.GetResult(Int16 token)
   at System.Net.Security.SslStream.ReadAsyncInternal[TIOAdapter](Memory`1 buffer, CancellationToken cancellationToken)
   at System.Runtime.CompilerServices.PoolingAsyncValueTaskMethodBuilder`1.StateMachineBox`1.System.Threading.Tasks.Sources.IValueTaskSource<TResult>.GetResult(Int16 token)
   at System.Net.Http.HttpConnection.SendAsync(HttpRequestMessage request, Boolean async, CancellationToken cancellationToken)
[2025-11-05 17:54:00Z ERR  BrokerServer] #####################################################
[2025-11-05 17:54:00Z ERR  BrokerServer] System.Net.Sockets.SocketException (995): De I/O-bewerking is afgebroken vanwege het afsluiten van een thread of vanwege een opdracht van een toepassing.
[2025-11-05 17:54:00Z WARN BrokerServer] Back off 7,073 seconds before next retry. 4 attempt left.
[2025-11-05 17:54:00Z INFO BrokerMessageListener] Get messages has been cancelled using local token source. Continue to get messages with new status.
[2025-11-05 17:54:00Z INFO ConfigurationStore] HasCredentials()
[2025-11-05 17:54:00Z INFO ConfigurationStore] stored True
[2025-11-05 17:54:00Z INFO CredentialManager] GetCredentialProvider
[2025-11-05 17:54:00Z INFO CredentialManager] Creating type OAuth
[2025-11-05 17:54:00Z INFO CredentialManager] Creating credential type: OAuth
[2025-11-05 17:54:00Z INFO RSAEncryptedFileKeyManager] Loading RSA key parameters from file C:\SCHOOL\HOWEST LES\SEM5 MCT\MLOps\Labo\Week5\03-MLOps-GithubActions\actions-runner\.credentials_rsaparams
[2025-11-05 17:54:00Z INFO RSAEncryptedFileKeyManager] Loading RSA key parameters from file C:\SCHOOL\HOWEST LES\SEM5 MCT\MLOps\Labo\Week5\03-MLOps-GithubActions\actions-runner\.credentials_rsaparams
[2025-11-05 17:54:00Z INFO RSAEncryptedFileKeyManager] Loading RSA key parameters from file C:\SCHOOL\HOWEST LES\SEM5 MCT\MLOps\Labo\Week5\03-MLOps-GithubActions\actions-runner\.credentials_rsaparams
[2025-11-05 17:54:01Z INFO GitHubActionsService] AAD Correlation ID for this token request: Unknown
[2025-11-05 17:54:02Z INFO JobDispatcher] Job request 0 for plan 1eea9d86-9139-4a4f-ae72-fe7dc22e954f job 98f3b20e-adad-5f99-a186-ff65dc170d51 received.
[2025-11-05 17:54:02Z INFO JobDispatcher] Pull OrchestrationId 1eea9d86-9139-4a4f-ae72-fe7dc22e954f.docker-build-and-push.__default from JWT claims
[2025-11-05 17:54:02Z INFO BrokerMessageListener] Received job status event. JobState: Busy
[2025-11-05 17:54:02Z INFO BrokerMessageListener] _getMessagesTokenSource is already disposed.
[2025-11-05 17:54:02Z INFO JobDispatcher] Job request 10bd4db3-ecb6-507a-a212-f45aaa358120 processed succeed.
[2025-11-05 17:54:02Z INFO Terminal] WRITE LINE: 2025-11-05 17:54:02Z: Running job: docker-build-and-push
[2025-11-05 17:54:02Z INFO JobDispatcher] Start renew job request 0 for job 98f3b20e-adad-5f99-a186-ff65dc170d51.
[2025-11-05 17:54:03Z INFO JobDispatcher] Successfully renew job 98f3b20e-adad-5f99-a186-ff65dc170d51, job is valid till 5/11/2025 18:04:03
[2025-11-05 17:54:03Z INFO HostContext] Well known directory 'Bin': 'C:\SCHOOL\HOWEST LES\SEM5 MCT\MLOps\Labo\Week5\03-MLOps-GithubActions\actions-runner\bin'
[2025-11-05 17:54:03Z INFO ProcessInvokerWrapper] Starting process:
[2025-11-05 17:54:03Z INFO ProcessInvokerWrapper]   File name: 'C:\SCHOOL\HOWEST LES\SEM5 MCT\MLOps\Labo\Week5\03-MLOps-GithubActions\actions-runner\bin\Runner.Worker.exe'
[2025-11-05 17:54:03Z INFO ProcessInvokerWrapper]   Arguments: 'spawnclient 2360 2372'
[2025-11-05 17:54:03Z INFO ProcessInvokerWrapper]   Working directory: 'C:\SCHOOL\HOWEST LES\SEM5 MCT\MLOps\Labo\Week5\03-MLOps-GithubActions\actions-runner\bin'
[2025-11-05 17:54:03Z INFO ProcessInvokerWrapper]   Require exit code zero: 'False'
[2025-11-05 17:54:03Z INFO ProcessInvokerWrapper]   Encoding web name:  ; code page: ''
[2025-11-05 17:54:03Z INFO ProcessInvokerWrapper]   Force kill process on cancellation: 'True'
[2025-11-05 17:54:03Z INFO ProcessInvokerWrapper]   Redirected STDIN: 'False'
[2025-11-05 17:54:03Z INFO ProcessInvokerWrapper]   Persist current code page: 'False'
[2025-11-05 17:54:03Z INFO ProcessInvokerWrapper]   Keep redirected STDIN open: 'False'
[2025-11-05 17:54:03Z INFO ProcessInvokerWrapper]   High priority process: 'True'
[2025-11-05 17:54:03Z INFO ProcessInvokerWrapper] Process started with process id 24436, waiting for process exit.
[2025-11-05 17:54:03Z INFO JobDispatcher] Send job request message to worker for job 98f3b20e-adad-5f99-a186-ff65dc170d51.
[2025-11-05 17:54:03Z INFO ProcessChannel] Sending message of length 21747, with hash 'b0a1ad4b5b314b277ad408649d038d0d751453be08e319e05ba830cbce730059'
[2025-11-05 17:54:03Z INFO JobNotification] Entering JobStarted Notification
[2025-11-05 17:54:03Z INFO JobNotification] Entering StartMonitor
[2025-11-05 17:55:03Z INFO JobDispatcher] Successfully renew job 98f3b20e-adad-5f99-a186-ff65dc170d51, job is valid till 5/11/2025 18:05:03
[2025-11-05 17:55:23Z INFO Terminal] WRITE LINE: Exiting...
[2025-11-05 17:55:23Z INFO ConfigurationStore] IsServiceConfigured()
[2025-11-05 17:55:23Z INFO ConfigurationStore] IsServiceConfigured: False
[2025-11-05 17:55:23Z INFO HostContext] Runner will be shutdown for UserCancelled
[2025-11-05 17:55:23Z WARN GitHubActionsService] GET request to https://broker.actions.githubusercontent.com/message?sessionId=4956398e-3a17-414f-9ed5-f1005ec56247&status=Busy&runnerVersion=2.329.0&os=Windows&architecture=X64&disableUpdate=false has been cancelled.
[2025-11-05 17:55:23Z ERR  BrokerServer] Catch exception during request
[2025-11-05 17:55:23Z ERR  BrokerServer] System.Threading.Tasks.TaskCanceledException: The operation was canceled.
 ---> System.Threading.Tasks.TaskCanceledException: The operation was canceled.
 ---> System.IO.IOException: Unable to read data from the transport connection: De I/O-bewerking is afgebroken vanwege het afsluiten van een thread of vanwege een opdracht van een toepassing..
 ---> System.Net.Sockets.SocketException (995): De I/O-bewerking is afgebroken vanwege het afsluiten van een thread of vanwege een opdracht van een toepassing.
   --- End of inner exception stack trace ---
   at System.Net.Sockets.Socket.AwaitableSocketAsyncEventArgs.ThrowException(SocketError error, CancellationToken cancellationToken)
   at System.Net.Sockets.Socket.AwaitableSocketAsyncEventArgs.System.Threading.Tasks.Sources.IValueTaskSource<System.Int32>.GetResult(Int16 token)
   at System.Net.Security.SslStream.EnsureFullTlsFrameAsync[TIOAdapter](CancellationToken cancellationToken, Int32 estimatedSize)
   at System.Runtime.CompilerServices.PoolingAsyncValueTaskMethodBuilder`1.StateMachineBox`1.System.Threading.Tasks.Sources.IValueTaskSource<TResult>.GetResult(Int16 token)
   at System.Net.Security.SslStream.ReadAsyncInternal[TIOAdapter](Memory`1 buffer, CancellationToken cancellationToken)
   at System.Runtime.CompilerServices.PoolingAsyncValueTaskMethodBuilder`1.StateMachineBox`1.System.Threading.Tasks.Sources.IValueTaskSource<TResult>.GetResult(Int16 token)
   at System.Net.Http.HttpConnection.SendAsync(HttpRequestMessage request, Boolean async, CancellationToken cancellationToken)
   --- End of inner exception stack trace ---
   at System.Net.Http.HttpConnection.SendAsync(HttpRequestMessage request, Boolean async, CancellationToken cancellationToken)
   at System.Net.Http.AuthenticationHelper.SendWithNtAuthAsync(HttpRequestMessage request, Uri authUri, Boolean async, ICredentials credentials, Boolean isProxyAuth, HttpConnection connection, HttpConnectionPool connectionPool, CancellationToken cancellationToken)
   at System.Net.Http.HttpConnectionPool.SendWithVersionDetectionAndRetryAsync(HttpRequestMessage request, Boolean async, Boolean doRequestAuth, CancellationToken cancellationToken)
   at System.Net.Http.AuthenticationHelper.SendWithAuthAsync(HttpRequestMessage request, Uri authUri, Boolean async, ICredentials credentials, Boolean preAuthenticate, Boolean isProxyAuth, Boolean doRequestAuth, HttpConnectionPool pool, CancellationToken cancellationToken)
   at System.Net.Http.RedirectHandler.SendAsync(HttpRequestMessage request, Boolean async, CancellationToken cancellationToken)
   at GitHub.Services.Common.RawHttpMessageHandler.SendAsync(HttpRequestMessage request, CancellationToken cancellationToken)
   at GitHub.Services.Common.VssHttpRetryMessageHandler.SendAsync(HttpRequestMessage request, CancellationToken cancellationToken)
   at System.Net.Http.HttpClient.<SendAsync>g__Core|83_0(HttpRequestMessage request, HttpCompletionOption completionOption, CancellationTokenSource cts, Boolean disposeCts, CancellationTokenSource pendingRequestsCts, CancellationToken originalCancellationToken)
   --- End of inner exception stack trace ---
   at System.Net.Http.HttpClient.HandleFailure(Exception e, Boolean telemetryStarted, HttpResponseMessage response, CancellationTokenSource cts, CancellationToken cancellationToken, CancellationTokenSource pendingRequestsCts)
   at System.Net.Http.HttpClient.<SendAsync>g__Core|83_0(HttpRequestMessage request, HttpCompletionOption completionOption, CancellationTokenSource cts, Boolean disposeCts, CancellationTokenSource pendingRequestsCts, CancellationToken originalCancellationToken)
   at Sdk.WebApi.WebApi.RawHttpClientBase.SendAsync(HttpRequestMessage message, HttpCompletionOption completionOption, Object userState, CancellationToken cancellationToken)
   at Sdk.WebApi.WebApi.RawHttpClientBase.SendAsync[T](HttpRequestMessage message, Boolean readErrorBody, Object userState, CancellationToken cancellationToken)
   at Sdk.WebApi.WebApi.RawHttpClientBase.SendAsync[T](HttpMethod method, IEnumerable`1 additionalHeaders, Uri requestUri, HttpContent content, IEnumerable`1 queryParameters, Boolean readErrorBody, Object userState, CancellationToken cancellationToken)
   at GitHub.Actions.RunService.WebApi.BrokerHttpClient.GetRunnerMessageAsync(Nullable`1 sessionId, String runnerVersion, Nullable`1 status, String os, String architecture, Nullable`1 disableUpdate, CancellationToken cancellationToken)
   at GitHub.Runner.Common.BrokerServer.<>c__DisplayClass7_0.<<GetRunnerMessageAsync>b__0>d.MoveNext()
--- End of stack trace from previous location ---
   at GitHub.Runner.Common.RunnerService.RetryRequest[T](Func`1 func, CancellationToken cancellationToken, Int32 maxAttempts, Func`2 shouldRetry)
[2025-11-05 17:55:23Z ERR  BrokerServer] #####################################################
[2025-11-05 17:55:23Z ERR  BrokerServer] System.Threading.Tasks.TaskCanceledException: The operation was canceled.
 ---> System.IO.IOException: Unable to read data from the transport connection: De I/O-bewerking is afgebroken vanwege het afsluiten van een thread of vanwege een opdracht van een toepassing..
 ---> System.Net.Sockets.SocketException (995): De I/O-bewerking is afgebroken vanwege het afsluiten van een thread of vanwege een opdracht van een toepassing.
   --- End of inner exception stack trace ---
   at System.Net.Sockets.Socket.AwaitableSocketAsyncEventArgs.ThrowException(SocketError error, CancellationToken cancellationToken)
   at System.Net.Sockets.Socket.AwaitableSocketAsyncEventArgs.System.Threading.Tasks.Sources.IValueTaskSource<System.Int32>.GetResult(Int16 token)
   at System.Net.Security.SslStream.EnsureFullTlsFrameAsync[TIOAdapter](CancellationToken cancellationToken, Int32 estimatedSize)
   at System.Runtime.CompilerServices.PoolingAsyncValueTaskMethodBuilder`1.StateMachineBox`1.System.Threading.Tasks.Sources.IValueTaskSource<TResult>.GetResult(Int16 token)
   at System.Net.Security.SslStream.ReadAsyncInternal[TIOAdapter](Memory`1 buffer, CancellationToken cancellationToken)
   at System.Runtime.CompilerServices.PoolingAsyncValueTaskMethodBuilder`1.StateMachineBox`1.System.Threading.Tasks.Sources.IValueTaskSource<TResult>.GetResult(Int16 token)
   at System.Net.Http.HttpConnection.SendAsync(HttpRequestMessage request, Boolean async, CancellationToken cancellationToken)
   --- End of inner exception stack trace ---
   at System.Net.Http.HttpConnection.SendAsync(HttpRequestMessage request, Boolean async, CancellationToken cancellationToken)
   at System.Net.Http.AuthenticationHelper.SendWithNtAuthAsync(HttpRequestMessage request, Uri authUri, Boolean async, ICredentials credentials, Boolean isProxyAuth, HttpConnection connection, HttpConnectionPool connectionPool, CancellationToken cancellationToken)
   at System.Net.Http.HttpConnectionPool.SendWithVersionDetectionAndRetryAsync(HttpRequestMessage request, Boolean async, Boolean doRequestAuth, CancellationToken cancellationToken)
   at System.Net.Http.AuthenticationHelper.SendWithAuthAsync(HttpRequestMessage request, Uri authUri, Boolean async, ICredentials credentials, Boolean preAuthenticate, Boolean isProxyAuth, Boolean doRequestAuth, HttpConnectionPool pool, CancellationToken cancellationToken)
   at System.Net.Http.RedirectHandler.SendAsync(HttpRequestMessage request, Boolean async, CancellationToken cancellationToken)
   at GitHub.Services.Common.RawHttpMessageHandler.SendAsync(HttpRequestMessage request, CancellationToken cancellationToken)
   at GitHub.Services.Common.VssHttpRetryMessageHandler.SendAsync(HttpRequestMessage request, CancellationToken cancellationToken)
   at System.Net.Http.HttpClient.<SendAsync>g__Core|83_0(HttpRequestMessage request, HttpCompletionOption completionOption, CancellationTokenSource cts, Boolean disposeCts, CancellationTokenSource pendingRequestsCts, CancellationToken originalCancellationToken)
[2025-11-05 17:55:23Z ERR  BrokerServer] #####################################################
[2025-11-05 17:55:23Z ERR  BrokerServer] System.IO.IOException: Unable to read data from the transport connection: De I/O-bewerking is afgebroken vanwege het afsluiten van een thread of vanwege een opdracht van een toepassing..
 ---> System.Net.Sockets.SocketException (995): De I/O-bewerking is afgebroken vanwege het afsluiten van een thread of vanwege een opdracht van een toepassing.
   --- End of inner exception stack trace ---
   at System.Net.Sockets.Socket.AwaitableSocketAsyncEventArgs.ThrowException(SocketError error, CancellationToken cancellationToken)
   at System.Net.Sockets.Socket.AwaitableSocketAsyncEventArgs.System.Threading.Tasks.Sources.IValueTaskSource<System.Int32>.GetResult(Int16 token)
   at System.Net.Security.SslStream.EnsureFullTlsFrameAsync[TIOAdapter](CancellationToken cancellationToken, Int32 estimatedSize)
   at System.Runtime.CompilerServices.PoolingAsyncValueTaskMethodBuilder`1.StateMachineBox`1.System.Threading.Tasks.Sources.IValueTaskSource<TResult>.GetResult(Int16 token)
   at System.Net.Security.SslStream.ReadAsyncInternal[TIOAdapter](Memory`1 buffer, CancellationToken cancellationToken)
   at System.Runtime.CompilerServices.PoolingAsyncValueTaskMethodBuilder`1.StateMachineBox`1.System.Threading.Tasks.Sources.IValueTaskSource<TResult>.GetResult(Int16 token)
   at System.Net.Http.HttpConnection.SendAsync(HttpRequestMessage request, Boolean async, CancellationToken cancellationToken)
[2025-11-05 17:55:23Z ERR  BrokerServer] #####################################################
[2025-11-05 17:55:23Z ERR  BrokerServer] System.Net.Sockets.SocketException (995): De I/O-bewerking is afgebroken vanwege het afsluiten van een thread of vanwege een opdracht van een toepassing.
[2025-11-05 17:55:23Z WARN BrokerServer] Back off 7,701 seconds before next retry. 4 attempt left.
[2025-11-05 17:55:23Z INFO BrokerMessageListener] Get next message has been cancelled.
[2025-11-05 17:55:23Z INFO JobDispatcher] Shutting down JobDispatcher. Make sure all WorkerDispatcher has finished.
[2025-11-05 17:55:23Z INFO JobDispatcher] Ensure WorkerDispatcher for job 98f3b20e-adad-5f99-a186-ff65dc170d51 run to finish, cancel any running job.
[2025-11-05 17:55:23Z INFO JobDispatcher] Send job cancellation message to worker for job 98f3b20e-adad-5f99-a186-ff65dc170d51.
[2025-11-05 17:55:23Z INFO ProcessChannel] Sending message of length 0, with hash 'e3b0c44298fc1c149afbf4c8996fb92427ae41e4649b934ca495991b7852b855'
[2025-11-05 17:55:23Z INFO Terminal] WRITE LINE: Exiting...
[2025-11-05 17:55:23Z INFO ConfigurationStore] IsServiceConfigured()
[2025-11-05 17:55:23Z INFO ConfigurationStore] IsServiceConfigured: False
[2025-11-05 17:55:23Z INFO HostContext] Runner will be shutdown for UserCancelled
[2025-11-05 17:55:26Z INFO ProcessInvokerWrapper] STDOUT/STDERR stream read finished.
[2025-11-05 17:55:26Z INFO ProcessInvokerWrapper] STDOUT/STDERR stream read finished.
[2025-11-05 17:55:26Z INFO ProcessInvokerWrapper] Finished process 24436 with exit code 102, and elapsed time 00:01:22.8581404.
[2025-11-05 17:55:26Z INFO JobDispatcher] finish job request for job 98f3b20e-adad-5f99-a186-ff65dc170d51 with result: Canceled
[2025-11-05 17:55:26Z INFO Terminal] WRITE LINE: 2025-11-05 17:55:26Z: Job docker-build-and-push completed with result: Canceled
[2025-11-05 17:55:26Z INFO JobDispatcher] Stop renew job request for job 98f3b20e-adad-5f99-a186-ff65dc170d51.
[2025-11-05 17:55:26Z INFO JobDispatcher] job renew has been cancelled, stop renew job 98f3b20e-adad-5f99-a186-ff65dc170d51.
[2025-11-05 17:55:26Z INFO JobNotification] Entering JobCompleted Notification
[2025-11-05 17:55:26Z INFO JobNotification] Entering EndMonitor
[2025-11-05 17:55:26Z INFO Runner] Deleting Runner Session...
[2025-11-05 17:55:26Z INFO Listener] Runner execution been cancelled.
