[2025-11-04 19:23:26Z INFO HostContext] No proxy settings were found based on environmental variables (http_proxy/https_proxy/HTTP_PROXY/HTTPS_PROXY)
[2025-11-04 19:23:26Z INFO HostContext] Well known directory 'Bin': 'C:\SCHOOL\HOWEST LES\SEM5 MCT\MLOps\Labo\Week5\03-MLOps-GithubActions\actions-runner\bin'
[2025-11-04 19:23:26Z INFO HostContext] Well known directory 'Root': 'C:\SCHOOL\HOWEST LES\SEM5 MCT\MLOps\Labo\Week5\03-MLOps-GithubActions\actions-runner'
[2025-11-04 19:23:26Z INFO HostContext] Well known config file 'Credentials': 'C:\SCHOOL\HOWEST LES\SEM5 MCT\MLOps\Labo\Week5\03-MLOps-GithubActions\actions-runner\.credentials'
[2025-11-04 19:23:26Z INFO HostContext] Well known directory 'Bin': 'C:\SCHOOL\HOWEST LES\SEM5 MCT\MLOps\Labo\Week5\03-MLOps-GithubActions\actions-runner\bin'
[2025-11-04 19:23:26Z INFO HostContext] Well known directory 'Root': 'C:\SCHOOL\HOWEST LES\SEM5 MCT\MLOps\Labo\Week5\03-MLOps-GithubActions\actions-runner'
[2025-11-04 19:23:26Z INFO HostContext] Well known config file 'Runner': 'C:\SCHOOL\HOWEST LES\SEM5 MCT\MLOps\Labo\Week5\03-MLOps-GithubActions\actions-runner\.runner'
[2025-11-04 19:23:26Z INFO Listener] Runner is built for Windows (X64) - win-x64.
[2025-11-04 19:23:26Z INFO Listener] RuntimeInformation: Microsoft Windows 10.0.26100.
[2025-11-04 19:23:26Z INFO Listener] Version: 2.329.0
[2025-11-04 19:23:26Z INFO Listener] Commit: c76c59996c8fa32e989164a5a695efb12608ae5a
[2025-11-04 19:23:26Z INFO Listener] Culture: nl-BE
[2025-11-04 19:23:26Z INFO Listener] UI Culture: nl-NL
[2025-11-04 19:23:26Z INFO HostContext] Well known directory 'Bin': 'C:\SCHOOL\HOWEST LES\SEM5 MCT\MLOps\Labo\Week5\03-MLOps-GithubActions\actions-runner\bin'
[2025-11-04 19:23:26Z INFO HostContext] Well known directory 'Root': 'C:\SCHOOL\HOWEST LES\SEM5 MCT\MLOps\Labo\Week5\03-MLOps-GithubActions\actions-runner'
[2025-11-04 19:23:26Z INFO Listener] Validating directory permissions for: 'C:\SCHOOL\HOWEST LES\SEM5 MCT\MLOps\Labo\Week5\03-MLOps-GithubActions\actions-runner'
[2025-11-04 19:23:26Z INFO CommandLineParser] Parse
[2025-11-04 19:23:26Z INFO CommandLineParser] Parsing 1 args
[2025-11-04 19:23:26Z INFO CommandLineParser] parsing argument
[2025-11-04 19:23:26Z INFO CommandLineParser] HasArgs: False
[2025-11-04 19:23:26Z INFO CommandLineParser] Adding Command: run
[2025-11-04 19:23:26Z INFO Listener] Arguments parsed
[2025-11-04 19:23:26Z INFO Runner] ExecuteCommand
[2025-11-04 19:23:26Z INFO ConfigurationStore] currentAssemblyLocation: C:\SCHOOL\HOWEST LES\SEM5 MCT\MLOps\Labo\Week5\03-MLOps-GithubActions\actions-runner\bin\Runner.Listener.dll
[2025-11-04 19:23:26Z INFO HostContext] Well known directory 'Bin': 'C:\SCHOOL\HOWEST LES\SEM5 MCT\MLOps\Labo\Week5\03-MLOps-GithubActions\actions-runner\bin'
[2025-11-04 19:23:26Z INFO ConfigurationStore] binPath: C:\SCHOOL\HOWEST LES\SEM5 MCT\MLOps\Labo\Week5\03-MLOps-GithubActions\actions-runner\bin
[2025-11-04 19:23:26Z INFO HostContext] Well known directory 'Bin': 'C:\SCHOOL\HOWEST LES\SEM5 MCT\MLOps\Labo\Week5\03-MLOps-GithubActions\actions-runner\bin'
[2025-11-04 19:23:26Z INFO HostContext] Well known directory 'Root': 'C:\SCHOOL\HOWEST LES\SEM5 MCT\MLOps\Labo\Week5\03-MLOps-GithubActions\actions-runner'
[2025-11-04 19:23:26Z INFO ConfigurationStore] RootFolder: C:\SCHOOL\HOWEST LES\SEM5 MCT\MLOps\Labo\Week5\03-MLOps-GithubActions\actions-runner
[2025-11-04 19:23:26Z INFO HostContext] Well known directory 'Bin': 'C:\SCHOOL\HOWEST LES\SEM5 MCT\MLOps\Labo\Week5\03-MLOps-GithubActions\actions-runner\bin'
[2025-11-04 19:23:26Z INFO HostContext] Well known directory 'Root': 'C:\SCHOOL\HOWEST LES\SEM5 MCT\MLOps\Labo\Week5\03-MLOps-GithubActions\actions-runner'
[2025-11-04 19:23:26Z INFO HostContext] Well known config file 'Runner': 'C:\SCHOOL\HOWEST LES\SEM5 MCT\MLOps\Labo\Week5\03-MLOps-GithubActions\actions-runner\.runner'
[2025-11-04 19:23:26Z INFO ConfigurationStore] ConfigFilePath: C:\SCHOOL\HOWEST LES\SEM5 MCT\MLOps\Labo\Week5\03-MLOps-GithubActions\actions-runner\.runner
[2025-11-04 19:23:26Z INFO HostContext] Well known directory 'Bin': 'C:\SCHOOL\HOWEST LES\SEM5 MCT\MLOps\Labo\Week5\03-MLOps-GithubActions\actions-runner\bin'
[2025-11-04 19:23:26Z INFO HostContext] Well known directory 'Root': 'C:\SCHOOL\HOWEST LES\SEM5 MCT\MLOps\Labo\Week5\03-MLOps-GithubActions\actions-runner'
[2025-11-04 19:23:26Z INFO HostContext] Well known config file 'MigratedRunner': 'C:\SCHOOL\HOWEST LES\SEM5 MCT\MLOps\Labo\Week5\03-MLOps-GithubActions\actions-runner\.runner_migrated'
[2025-11-04 19:23:26Z INFO ConfigurationStore] MigratedConfigFilePath: C:\SCHOOL\HOWEST LES\SEM5 MCT\MLOps\Labo\Week5\03-MLOps-GithubActions\actions-runner\.runner_migrated
[2025-11-04 19:23:26Z INFO HostContext] Well known directory 'Bin': 'C:\SCHOOL\HOWEST LES\SEM5 MCT\MLOps\Labo\Week5\03-MLOps-GithubActions\actions-runner\bin'
[2025-11-04 19:23:26Z INFO HostContext] Well known directory 'Root': 'C:\SCHOOL\HOWEST LES\SEM5 MCT\MLOps\Labo\Week5\03-MLOps-GithubActions\actions-runner'
[2025-11-04 19:23:26Z INFO HostContext] Well known config file 'Credentials': 'C:\SCHOOL\HOWEST LES\SEM5 MCT\MLOps\Labo\Week5\03-MLOps-GithubActions\actions-runner\.credentials'
[2025-11-04 19:23:26Z INFO ConfigurationStore] CredFilePath: C:\SCHOOL\HOWEST LES\SEM5 MCT\MLOps\Labo\Week5\03-MLOps-GithubActions\actions-runner\.credentials
[2025-11-04 19:23:26Z INFO HostContext] Well known directory 'Bin': 'C:\SCHOOL\HOWEST LES\SEM5 MCT\MLOps\Labo\Week5\03-MLOps-GithubActions\actions-runner\bin'
[2025-11-04 19:23:26Z INFO HostContext] Well known directory 'Root': 'C:\SCHOOL\HOWEST LES\SEM5 MCT\MLOps\Labo\Week5\03-MLOps-GithubActions\actions-runner'
[2025-11-04 19:23:26Z INFO HostContext] Well known config file 'MigratedCredentials': 'C:\SCHOOL\HOWEST LES\SEM5 MCT\MLOps\Labo\Week5\03-MLOps-GithubActions\actions-runner\.credentials_migrated'
[2025-11-04 19:23:26Z INFO ConfigurationStore] MigratedCredFilePath: C:\SCHOOL\HOWEST LES\SEM5 MCT\MLOps\Labo\Week5\03-MLOps-GithubActions\actions-runner\.credentials_migrated
[2025-11-04 19:23:26Z INFO HostContext] Well known directory 'Bin': 'C:\SCHOOL\HOWEST LES\SEM5 MCT\MLOps\Labo\Week5\03-MLOps-GithubActions\actions-runner\bin'
[2025-11-04 19:23:26Z INFO HostContext] Well known directory 'Root': 'C:\SCHOOL\HOWEST LES\SEM5 MCT\MLOps\Labo\Week5\03-MLOps-GithubActions\actions-runner'
[2025-11-04 19:23:26Z INFO HostContext] Well known config file 'Service': 'C:\SCHOOL\HOWEST LES\SEM5 MCT\MLOps\Labo\Week5\03-MLOps-GithubActions\actions-runner\.service'
[2025-11-04 19:23:26Z INFO ConfigurationStore] ServiceConfigFilePath: C:\SCHOOL\HOWEST LES\SEM5 MCT\MLOps\Labo\Week5\03-MLOps-GithubActions\actions-runner\.service
[2025-11-04 19:23:26Z INFO CommandSettings] Flag 'help': 'False'
[2025-11-04 19:23:26Z INFO CommandSettings] Flag 'version': 'False'
[2025-11-04 19:23:26Z INFO CommandSettings] Flag 'commit': 'False'
[2025-11-04 19:23:26Z INFO CommandSettings] Flag 'check': 'False'
[2025-11-04 19:23:26Z INFO CommandSettings] Command 'configure': 'False'
[2025-11-04 19:23:26Z INFO CommandSettings] Command 'remove': 'False'
[2025-11-04 19:23:26Z INFO CommandSettings] Command 'warmup': 'False'
[2025-11-04 19:23:26Z INFO ConfigurationManager] LoadSettings
[2025-11-04 19:23:26Z INFO ConfigurationStore] IsConfigured()
[2025-11-04 19:23:26Z INFO ConfigurationStore] IsConfigured: True
[2025-11-04 19:23:26Z INFO ConfigurationManager] Is configured: True
[2025-11-04 19:23:26Z INFO ConfigurationStore] Read setting file: 402 chars
[2025-11-04 19:23:26Z INFO ConfigurationManager] Settings Loaded
[2025-11-04 19:23:26Z INFO ConfigurationStore] IsServiceConfigured()
[2025-11-04 19:23:26Z INFO ConfigurationStore] IsServiceConfigured: False
[2025-11-04 19:23:26Z INFO CommandSettings] Command 'run': 'True'
[2025-11-04 19:23:26Z INFO ConfigurationStore] IsConfigured()
[2025-11-04 19:23:26Z INFO ConfigurationStore] IsConfigured: True
[2025-11-04 19:23:26Z INFO ConfigurationManager] Is configured: True
[2025-11-04 19:23:26Z INFO Runner] Could not parse the argument value '' for StartupType. Defaulting to Manual
[2025-11-04 19:23:26Z INFO Runner] Set runner startup type - Manual
[2025-11-04 19:23:26Z INFO CommandSettings] Flag 'once': 'False'
[2025-11-04 19:23:26Z INFO CommandSettings] Flag 'once': 'False'
[2025-11-04 19:23:26Z INFO Runner] RunAsync
[2025-11-04 19:23:26Z INFO ConfigurationManager] LoadMigratedSettings
[2025-11-04 19:23:26Z INFO ConfigurationStore] IsMigratedConfigured()
[2025-11-04 19:23:26Z INFO ConfigurationStore] IsMigratedConfigured: False
[2025-11-04 19:23:26Z INFO Runner] Failed to load migrated settings: No migrated configuration found.
[2025-11-04 19:23:26Z INFO Runner] Falling back to original .runner settings
[2025-11-04 19:23:26Z INFO Runner] Using BrokerMessageListener
[2025-11-04 19:23:26Z INFO BrokerMessageListener] Using provided settings
[2025-11-04 19:23:26Z INFO BrokerMessageListener] {
  "AgentId": 2,
  "AgentName": "MSI",
  "PoolId": 1,
  "PoolName": "Default",
  "ServerUrl": "https://pipelinesghubeus25.actions.githubusercontent.com/WiUpu9Pnkv3MKD58V5oxbZ8ketpBxegbuMcs38JyDyHbFZtKqd/",
  "GitHubUrl": "https://github.com/DHaluwinRune/03-MLOps-GithubActions",
  "WorkFolder": "_work",
  "UseV2Flow": true,
  "ServerUrlV2": "https://broker.actions.githubusercontent.com/"
}
[2025-11-04 19:23:26Z INFO BrokerMessageListener] Loading Credentials
[2025-11-04 19:23:26Z INFO ConfigurationStore] HasCredentials()
[2025-11-04 19:23:26Z INFO ConfigurationStore] stored True
[2025-11-04 19:23:26Z INFO CredentialManager] GetCredentialProvider
[2025-11-04 19:23:26Z INFO CredentialManager] Creating type OAuth
[2025-11-04 19:23:26Z INFO CredentialManager] Creating credential type: OAuth
[2025-11-04 19:23:26Z INFO HostContext] Well known directory 'Bin': 'C:\SCHOOL\HOWEST LES\SEM5 MCT\MLOps\Labo\Week5\03-MLOps-GithubActions\actions-runner\bin'
[2025-11-04 19:23:26Z INFO HostContext] Well known directory 'Root': 'C:\SCHOOL\HOWEST LES\SEM5 MCT\MLOps\Labo\Week5\03-MLOps-GithubActions\actions-runner'
[2025-11-04 19:23:26Z INFO HostContext] Well known config file 'RSACredentials': 'C:\SCHOOL\HOWEST LES\SEM5 MCT\MLOps\Labo\Week5\03-MLOps-GithubActions\actions-runner\.credentials_rsaparams'
[2025-11-04 19:23:26Z INFO RSAEncryptedFileKeyManager] Loading RSA key parameters from file C:\SCHOOL\HOWEST LES\SEM5 MCT\MLOps\Labo\Week5\03-MLOps-GithubActions\actions-runner\.credentials_rsaparams
[2025-11-04 19:23:26Z INFO BrokerMessageListener] Attempt to create session.
[2025-11-04 19:23:26Z INFO BrokerMessageListener] Connecting to the Broker Server...
[2025-11-04 19:23:26Z INFO ConfigurationStore] HasCredentials()
[2025-11-04 19:23:26Z INFO ConfigurationStore] stored True
[2025-11-04 19:23:26Z INFO CredentialManager] GetCredentialProvider
[2025-11-04 19:23:26Z INFO CredentialManager] Creating type OAuth
[2025-11-04 19:23:26Z INFO CredentialManager] Creating credential type: OAuth
[2025-11-04 19:23:26Z INFO RSAEncryptedFileKeyManager] Loading RSA key parameters from file C:\SCHOOL\HOWEST LES\SEM5 MCT\MLOps\Labo\Week5\03-MLOps-GithubActions\actions-runner\.credentials_rsaparams
[2025-11-04 19:23:26Z INFO BrokerMessageListener] VssConnection created
[2025-11-04 19:23:26Z INFO BrokerMessageListener] Connecting to the Runner server...
[2025-11-04 19:23:26Z INFO RunnerServer] EstablishVssConnection
[2025-11-04 19:23:26Z INFO RunnerServer] Establish connection with 100 seconds timeout.
[2025-11-04 19:23:26Z INFO GitHubActionsService] Starting operation Location.GetConnectionData
[2025-11-04 19:23:26Z INFO RunnerServer] EstablishVssConnection
[2025-11-04 19:23:26Z INFO RunnerServer] Establish connection with 60 seconds timeout.
[2025-11-04 19:23:26Z INFO GitHubActionsService] Starting operation Location.GetConnectionData
[2025-11-04 19:23:26Z INFO RunnerServer] EstablishVssConnection
[2025-11-04 19:23:26Z INFO RunnerServer] Establish connection with 60 seconds timeout.
[2025-11-04 19:23:26Z INFO GitHubActionsService] Starting operation Location.GetConnectionData
[2025-11-04 19:23:27Z INFO GitHubActionsService] Finished operation Location.GetConnectionData
[2025-11-04 19:23:27Z INFO GitHubActionsService] Finished operation Location.GetConnectionData
[2025-11-04 19:23:27Z INFO GitHubActionsService] Finished operation Location.GetConnectionData
[2025-11-04 19:23:27Z INFO BrokerMessageListener] VssConnection created
[2025-11-04 19:23:27Z INFO Terminal] WRITE LINE: 
[2025-11-04 19:23:27Z INFO Terminal] WRITE LINE: 
[2025-11-04 19:23:27Z INFO RSAEncryptedFileKeyManager] Loading RSA key parameters from file C:\SCHOOL\HOWEST LES\SEM5 MCT\MLOps\Labo\Week5\03-MLOps-GithubActions\actions-runner\.credentials_rsaparams
[2025-11-04 19:23:27Z INFO RSAEncryptedFileKeyManager] Loading RSA key parameters from file C:\SCHOOL\HOWEST LES\SEM5 MCT\MLOps\Labo\Week5\03-MLOps-GithubActions\actions-runner\.credentials_rsaparams
[2025-11-04 19:23:28Z INFO GitHubActionsService] AAD Correlation ID for this token request: Unknown
[2025-11-04 19:23:29Z INFO BrokerMessageListener] Session created.
[2025-11-04 19:23:29Z INFO Terminal] WRITE LINE: Current runner version: '2.329.0'
[2025-11-04 19:23:29Z INFO Terminal] WRITE LINE: 2025-11-04 19:23:29Z: Listening for Jobs
[2025-11-04 19:23:29Z INFO JobDispatcher] Set runner/worker IPC timeout to 30 seconds.
[2025-11-04 19:23:29Z INFO ConfigurationStore] HasCredentials()
[2025-11-04 19:23:29Z INFO ConfigurationStore] stored True
[2025-11-04 19:23:29Z INFO CredentialManager] GetCredentialProvider
[2025-11-04 19:23:29Z INFO CredentialManager] Creating type OAuth
[2025-11-04 19:23:29Z INFO CredentialManager] Creating credential type: OAuth
[2025-11-04 19:23:29Z INFO RSAEncryptedFileKeyManager] Loading RSA key parameters from file C:\SCHOOL\HOWEST LES\SEM5 MCT\MLOps\Labo\Week5\03-MLOps-GithubActions\actions-runner\.credentials_rsaparams
[2025-11-04 19:23:29Z INFO RSAEncryptedFileKeyManager] Loading RSA key parameters from file C:\SCHOOL\HOWEST LES\SEM5 MCT\MLOps\Labo\Week5\03-MLOps-GithubActions\actions-runner\.credentials_rsaparams
[2025-11-04 19:23:29Z INFO RSAEncryptedFileKeyManager] Loading RSA key parameters from file C:\SCHOOL\HOWEST LES\SEM5 MCT\MLOps\Labo\Week5\03-MLOps-GithubActions\actions-runner\.credentials_rsaparams
[2025-11-04 19:23:30Z INFO GitHubActionsService] AAD Correlation ID for this token request: Unknown
[2025-11-04 19:23:31Z INFO JobDispatcher] Job request 0 for plan 6373f305-a147-4806-82db-8e3e7013874a job af2052b6-2f7c-52a4-ae19-1031ec4b61c6 received.
[2025-11-04 19:23:31Z INFO JobDispatcher] Pull OrchestrationId 6373f305-a147-4806-82db-8e3e7013874a.docker-build-and-push.__default from JWT claims
[2025-11-04 19:23:31Z INFO BrokerMessageListener] Received job status event. JobState: Busy
[2025-11-04 19:23:31Z INFO BrokerMessageListener] _getMessagesTokenSource is already disposed.
[2025-11-04 19:23:31Z INFO Terminal] WRITE LINE: 2025-11-04 19:23:31Z: Running job: docker-build-and-push
[2025-11-04 19:23:31Z INFO JobDispatcher] Start renew job request 0 for job af2052b6-2f7c-52a4-ae19-1031ec4b61c6.
[2025-11-04 19:23:32Z INFO JobDispatcher] Successfully renew job af2052b6-2f7c-52a4-ae19-1031ec4b61c6, job is valid till 4/11/2025 19:33:33
[2025-11-04 19:23:32Z INFO HostContext] Well known directory 'Bin': 'C:\SCHOOL\HOWEST LES\SEM5 MCT\MLOps\Labo\Week5\03-MLOps-GithubActions\actions-runner\bin'
[2025-11-04 19:23:32Z INFO ProcessInvokerWrapper] Starting process:
[2025-11-04 19:23:32Z INFO ProcessInvokerWrapper]   File name: 'C:\SCHOOL\HOWEST LES\SEM5 MCT\MLOps\Labo\Week5\03-MLOps-GithubActions\actions-runner\bin\Runner.Worker.exe'
[2025-11-04 19:23:32Z INFO ProcessInvokerWrapper]   Arguments: 'spawnclient 2260 2272'
[2025-11-04 19:23:32Z INFO ProcessInvokerWrapper]   Working directory: 'C:\SCHOOL\HOWEST LES\SEM5 MCT\MLOps\Labo\Week5\03-MLOps-GithubActions\actions-runner\bin'
[2025-11-04 19:23:32Z INFO ProcessInvokerWrapper]   Require exit code zero: 'False'
[2025-11-04 19:23:32Z INFO ProcessInvokerWrapper]   Encoding web name:  ; code page: ''
[2025-11-04 19:23:32Z INFO ProcessInvokerWrapper]   Force kill process on cancellation: 'True'
[2025-11-04 19:23:32Z INFO ProcessInvokerWrapper]   Redirected STDIN: 'False'
[2025-11-04 19:23:32Z INFO ProcessInvokerWrapper]   Persist current code page: 'False'
[2025-11-04 19:23:32Z INFO ProcessInvokerWrapper]   Keep redirected STDIN open: 'False'
[2025-11-04 19:23:32Z INFO ProcessInvokerWrapper]   High priority process: 'True'
[2025-11-04 19:23:32Z INFO ProcessInvokerWrapper] Process started with process id 13052, waiting for process exit.
[2025-11-04 19:23:32Z INFO JobDispatcher] Send job request message to worker for job af2052b6-2f7c-52a4-ae19-1031ec4b61c6.
[2025-11-04 19:23:32Z INFO ProcessChannel] Sending message of length 20626, with hash '763cf428721c70baa2a8166a40eab71ded101688d3275b666275a8cd2a5e592c'
[2025-11-04 19:23:32Z INFO JobNotification] Entering JobStarted Notification
[2025-11-04 19:23:32Z INFO JobNotification] Entering StartMonitor
[2025-11-04 19:24:32Z INFO JobDispatcher] Successfully renew job af2052b6-2f7c-52a4-ae19-1031ec4b61c6, job is valid till 4/11/2025 19:34:33
[2025-11-04 19:24:54Z INFO ProcessInvokerWrapper] STDOUT/STDERR stream read finished.
[2025-11-04 19:24:54Z INFO ProcessInvokerWrapper] STDOUT/STDERR stream read finished.
[2025-11-04 19:24:54Z INFO ProcessInvokerWrapper] Finished process 13052 with exit code 100, and elapsed time 00:01:22.6216597.
[2025-11-04 19:24:54Z INFO JobDispatcher] Worker finished for job af2052b6-2f7c-52a4-ae19-1031ec4b61c6. Code: 100
[2025-11-04 19:24:54Z INFO JobDispatcher] finish job request for job af2052b6-2f7c-52a4-ae19-1031ec4b61c6 with result: Succeeded
[2025-11-04 19:24:54Z INFO Terminal] WRITE LINE: 2025-11-04 19:24:54Z: Job docker-build-and-push completed with result: Succeeded
[2025-11-04 19:24:54Z INFO JobDispatcher] Stop renew job request for job af2052b6-2f7c-52a4-ae19-1031ec4b61c6.
[2025-11-04 19:24:54Z INFO JobDispatcher] job renew has been cancelled, stop renew job af2052b6-2f7c-52a4-ae19-1031ec4b61c6.
[2025-11-04 19:24:54Z INFO JobNotification] Entering JobCompleted Notification
[2025-11-04 19:24:54Z INFO JobNotification] Entering EndMonitor
[2025-11-04 19:24:54Z INFO BrokerMessageListener] Received job status event. JobState: Online
[2025-11-04 19:24:54Z WARN GitHubActionsService] GET request to https://broker.actions.githubusercontent.com/message?sessionId=d75bc233-cdf0-4be9-b4d5-8b9ef863a84e&status=Busy&runnerVersion=2.329.0&os=Windows&architecture=X64&disableUpdate=false has been cancelled.
[2025-11-04 19:24:54Z ERR  BrokerServer] Catch exception during request
[2025-11-04 19:24:54Z ERR  BrokerServer] System.Threading.Tasks.TaskCanceledException: The operation was canceled.
 ---> System.Threading.Tasks.TaskCanceledException: The operation was canceled.
 ---> System.IO.IOException: Unable to read data from the transport connection: De I/O-bewerking is afgebroken vanwege het afsluiten van een thread of vanwege een opdracht van een toepassing..
 ---> System.Net.Sockets.SocketException (995): De I/O-bewerking is afgebroken vanwege het afsluiten van een thread of vanwege een opdracht van een toepassing.
   --- End of inner exception stack trace ---
   at System.Net.Sockets.Socket.AwaitableSocketAsyncEventArgs.ThrowException(SocketError error, CancellationToken cancellationToken)
   at System.Net.Sockets.Socket.AwaitableSocketAsyncEventArgs.System.Threading.Tasks.Sources.IValueTaskSource<System.Int32>.GetResult(Int16 token)
   at System.Net.Security.SslStream.EnsureFullTlsFrameAsync[TIOAdapter](CancellationToken cancellationToken, Int32 estimatedSize)
   at System.Runtime.CompilerServices.PoolingAsyncValueTaskMethodBuilder`1.StateMachineBox`1.System.Threading.Tasks.Sources.IValueTaskSource<TResult>.GetResult(Int16 token)
   at System.Net.Security.SslStream.ReadAsyncInternal[TIOAdapter](Memory`1 buffer, CancellationToken cancellationToken)
   at System.Runtime.CompilerServices.PoolingAsyncValueTaskMethodBuilder`1.StateMachineBox`1.System.Threading.Tasks.Sources.IValueTaskSource<TResult>.GetResult(Int16 token)
   at System.Net.Http.HttpConnection.SendAsync(HttpRequestMessage request, Boolean async, CancellationToken cancellationToken)
   --- End of inner exception stack trace ---
   at System.Net.Http.HttpConnection.SendAsync(HttpRequestMessage request, Boolean async, CancellationToken cancellationToken)
   at System.Net.Http.AuthenticationHelper.SendWithNtAuthAsync(HttpRequestMessage request, Uri authUri, Boolean async, ICredentials credentials, Boolean isProxyAuth, HttpConnection connection, HttpConnectionPool connectionPool, CancellationToken cancellationToken)
   at System.Net.Http.HttpConnectionPool.SendWithVersionDetectionAndRetryAsync(HttpRequestMessage request, Boolean async, Boolean doRequestAuth, CancellationToken cancellationToken)
   at System.Net.Http.AuthenticationHelper.SendWithAuthAsync(HttpRequestMessage request, Uri authUri, Boolean async, ICredentials credentials, Boolean preAuthenticate, Boolean isProxyAuth, Boolean doRequestAuth, HttpConnectionPool pool, CancellationToken cancellationToken)
   at System.Net.Http.RedirectHandler.SendAsync(HttpRequestMessage request, Boolean async, CancellationToken cancellationToken)
   at GitHub.Services.Common.RawHttpMessageHandler.SendAsync(HttpRequestMessage request, CancellationToken cancellationToken)
   at GitHub.Services.Common.VssHttpRetryMessageHandler.SendAsync(HttpRequestMessage request, CancellationToken cancellationToken)
   at System.Net.Http.HttpClient.<SendAsync>g__Core|83_0(HttpRequestMessage request, HttpCompletionOption completionOption, CancellationTokenSource cts, Boolean disposeCts, CancellationTokenSource pendingRequestsCts, CancellationToken originalCancellationToken)
   --- End of inner exception stack trace ---
   at System.Net.Http.HttpClient.HandleFailure(Exception e, Boolean telemetryStarted, HttpResponseMessage response, CancellationTokenSource cts, CancellationToken cancellationToken, CancellationTokenSource pendingRequestsCts)
   at System.Net.Http.HttpClient.<SendAsync>g__Core|83_0(HttpRequestMessage request, HttpCompletionOption completionOption, CancellationTokenSource cts, Boolean disposeCts, CancellationTokenSource pendingRequestsCts, CancellationToken originalCancellationToken)
   at Sdk.WebApi.WebApi.RawHttpClientBase.SendAsync(HttpRequestMessage message, HttpCompletionOption completionOption, Object userState, CancellationToken cancellationToken)
   at Sdk.WebApi.WebApi.RawHttpClientBase.SendAsync[T](HttpRequestMessage message, Boolean readErrorBody, Object userState, CancellationToken cancellationToken)
   at Sdk.WebApi.WebApi.RawHttpClientBase.SendAsync[T](HttpMethod method, IEnumerable`1 additionalHeaders, Uri requestUri, HttpContent content, IEnumerable`1 queryParameters, Boolean readErrorBody, Object userState, CancellationToken cancellationToken)
   at GitHub.Actions.RunService.WebApi.BrokerHttpClient.GetRunnerMessageAsync(Nullable`1 sessionId, String runnerVersion, Nullable`1 status, String os, String architecture, Nullable`1 disableUpdate, CancellationToken cancellationToken)
   at GitHub.Runner.Common.BrokerServer.<>c__DisplayClass7_0.<<GetRunnerMessageAsync>b__0>d.MoveNext()
--- End of stack trace from previous location ---
   at GitHub.Runner.Common.RunnerService.RetryRequest[T](Func`1 func, CancellationToken cancellationToken, Int32 maxAttempts, Func`2 shouldRetry)
[2025-11-04 19:24:54Z ERR  BrokerServer] #####################################################
[2025-11-04 19:24:54Z ERR  BrokerServer] System.Threading.Tasks.TaskCanceledException: The operation was canceled.
 ---> System.IO.IOException: Unable to read data from the transport connection: De I/O-bewerking is afgebroken vanwege het afsluiten van een thread of vanwege een opdracht van een toepassing..
 ---> System.Net.Sockets.SocketException (995): De I/O-bewerking is afgebroken vanwege het afsluiten van een thread of vanwege een opdracht van een toepassing.
   --- End of inner exception stack trace ---
   at System.Net.Sockets.Socket.AwaitableSocketAsyncEventArgs.ThrowException(SocketError error, CancellationToken cancellationToken)
   at System.Net.Sockets.Socket.AwaitableSocketAsyncEventArgs.System.Threading.Tasks.Sources.IValueTaskSource<System.Int32>.GetResult(Int16 token)
   at System.Net.Security.SslStream.EnsureFullTlsFrameAsync[TIOAdapter](CancellationToken cancellationToken, Int32 estimatedSize)
   at System.Runtime.CompilerServices.PoolingAsyncValueTaskMethodBuilder`1.StateMachineBox`1.System.Threading.Tasks.Sources.IValueTaskSource<TResult>.GetResult(Int16 token)
   at System.Net.Security.SslStream.ReadAsyncInternal[TIOAdapter](Memory`1 buffer, CancellationToken cancellationToken)
   at System.Runtime.CompilerServices.PoolingAsyncValueTaskMethodBuilder`1.StateMachineBox`1.System.Threading.Tasks.Sources.IValueTaskSource<TResult>.GetResult(Int16 token)
   at System.Net.Http.HttpConnection.SendAsync(HttpRequestMessage request, Boolean async, CancellationToken cancellationToken)
   --- End of inner exception stack trace ---
   at System.Net.Http.HttpConnection.SendAsync(HttpRequestMessage request, Boolean async, CancellationToken cancellationToken)
   at System.Net.Http.AuthenticationHelper.SendWithNtAuthAsync(HttpRequestMessage request, Uri authUri, Boolean async, ICredentials credentials, Boolean isProxyAuth, HttpConnection connection, HttpConnectionPool connectionPool, CancellationToken cancellationToken)
   at System.Net.Http.HttpConnectionPool.SendWithVersionDetectionAndRetryAsync(HttpRequestMessage request, Boolean async, Boolean doRequestAuth, CancellationToken cancellationToken)
   at System.Net.Http.AuthenticationHelper.SendWithAuthAsync(HttpRequestMessage request, Uri authUri, Boolean async, ICredentials credentials, Boolean preAuthenticate, Boolean isProxyAuth, Boolean doRequestAuth, HttpConnectionPool pool, CancellationToken cancellationToken)
   at System.Net.Http.RedirectHandler.SendAsync(HttpRequestMessage request, Boolean async, CancellationToken cancellationToken)
   at GitHub.Services.Common.RawHttpMessageHandler.SendAsync(HttpRequestMessage request, CancellationToken cancellationToken)
   at GitHub.Services.Common.VssHttpRetryMessageHandler.SendAsync(HttpRequestMessage request, CancellationToken cancellationToken)
   at System.Net.Http.HttpClient.<SendAsync>g__Core|83_0(HttpRequestMessage request, HttpCompletionOption completionOption, CancellationTokenSource cts, Boolean disposeCts, CancellationTokenSource pendingRequestsCts, CancellationToken originalCancellationToken)
[2025-11-04 19:24:54Z ERR  BrokerServer] #####################################################
[2025-11-04 19:24:54Z ERR  BrokerServer] System.IO.IOException: Unable to read data from the transport connection: De I/O-bewerking is afgebroken vanwege het afsluiten van een thread of vanwege een opdracht van een toepassing..
 ---> System.Net.Sockets.SocketException (995): De I/O-bewerking is afgebroken vanwege het afsluiten van een thread of vanwege een opdracht van een toepassing.
   --- End of inner exception stack trace ---
   at System.Net.Sockets.Socket.AwaitableSocketAsyncEventArgs.ThrowException(SocketError error, CancellationToken cancellationToken)
   at System.Net.Sockets.Socket.AwaitableSocketAsyncEventArgs.System.Threading.Tasks.Sources.IValueTaskSource<System.Int32>.GetResult(Int16 token)
   at System.Net.Security.SslStream.EnsureFullTlsFrameAsync[TIOAdapter](CancellationToken cancellationToken, Int32 estimatedSize)
   at System.Runtime.CompilerServices.PoolingAsyncValueTaskMethodBuilder`1.StateMachineBox`1.System.Threading.Tasks.Sources.IValueTaskSource<TResult>.GetResult(Int16 token)
   at System.Net.Security.SslStream.ReadAsyncInternal[TIOAdapter](Memory`1 buffer, CancellationToken cancellationToken)
   at System.Runtime.CompilerServices.PoolingAsyncValueTaskMethodBuilder`1.StateMachineBox`1.System.Threading.Tasks.Sources.IValueTaskSource<TResult>.GetResult(Int16 token)
   at System.Net.Http.HttpConnection.SendAsync(HttpRequestMessage request, Boolean async, CancellationToken cancellationToken)
[2025-11-04 19:24:54Z ERR  BrokerServer] #####################################################
[2025-11-04 19:24:54Z ERR  BrokerServer] System.Net.Sockets.SocketException (995): De I/O-bewerking is afgebroken vanwege het afsluiten van een thread of vanwege een opdracht van een toepassing.
[2025-11-04 19:24:54Z WARN BrokerServer] Back off 11,743 seconds before next retry. 4 attempt left.
[2025-11-04 19:24:54Z INFO BrokerMessageListener] Get messages has been cancelled using local token source. Continue to get messages with new status.
[2025-11-04 19:29:23Z INFO Terminal] WRITE LINE: Exiting...
[2025-11-04 19:29:23Z INFO ConfigurationStore] IsServiceConfigured()
[2025-11-04 19:29:23Z INFO ConfigurationStore] IsServiceConfigured: False
[2025-11-04 19:29:23Z INFO HostContext] Runner will be shutdown for UserCancelled
[2025-11-04 19:29:23Z WARN GitHubActionsService] GET request to https://broker.actions.githubusercontent.com/message?sessionId=d75bc233-cdf0-4be9-b4d5-8b9ef863a84e&status=Online&runnerVersion=2.329.0&os=Windows&architecture=X64&disableUpdate=false has been cancelled.
[2025-11-04 19:29:23Z ERR  BrokerServer] Catch exception during request
[2025-11-04 19:29:23Z ERR  BrokerServer] System.Threading.Tasks.TaskCanceledException: The operation was canceled.
 ---> System.Threading.Tasks.TaskCanceledException: The operation was canceled.
 ---> System.IO.IOException: Unable to read data from the transport connection: De I/O-bewerking is afgebroken vanwege het afsluiten van een thread of vanwege een opdracht van een toepassing..
 ---> System.Net.Sockets.SocketException (995): De I/O-bewerking is afgebroken vanwege het afsluiten van een thread of vanwege een opdracht van een toepassing.
   --- End of inner exception stack trace ---
   at System.Net.Sockets.Socket.AwaitableSocketAsyncEventArgs.ThrowException(SocketError error, CancellationToken cancellationToken)
   at System.Net.Sockets.Socket.AwaitableSocketAsyncEventArgs.System.Threading.Tasks.Sources.IValueTaskSource<System.Int32>.GetResult(Int16 token)
   at System.Net.Security.SslStream.EnsureFullTlsFrameAsync[TIOAdapter](CancellationToken cancellationToken, Int32 estimatedSize)
   at System.Runtime.CompilerServices.PoolingAsyncValueTaskMethodBuilder`1.StateMachineBox`1.System.Threading.Tasks.Sources.IValueTaskSource<TResult>.GetResult(Int16 token)
   at System.Net.Security.SslStream.ReadAsyncInternal[TIOAdapter](Memory`1 buffer, CancellationToken cancellationToken)
   at System.Runtime.CompilerServices.PoolingAsyncValueTaskMethodBuilder`1.StateMachineBox`1.System.Threading.Tasks.Sources.IValueTaskSource<TResult>.GetResult(Int16 token)
   at System.Net.Http.HttpConnection.SendAsync(HttpRequestMessage request, Boolean async, CancellationToken cancellationToken)
   --- End of inner exception stack trace ---
   at System.Net.Http.HttpConnection.SendAsync(HttpRequestMessage request, Boolean async, CancellationToken cancellationToken)
   at System.Net.Http.AuthenticationHelper.SendWithNtAuthAsync(HttpRequestMessage request, Uri authUri, Boolean async, ICredentials credentials, Boolean isProxyAuth, HttpConnection connection, HttpConnectionPool connectionPool, CancellationToken cancellationToken)
   at System.Net.Http.HttpConnectionPool.SendWithVersionDetectionAndRetryAsync(HttpRequestMessage request, Boolean async, Boolean doRequestAuth, CancellationToken cancellationToken)
   at System.Net.Http.AuthenticationHelper.SendWithAuthAsync(HttpRequestMessage request, Uri authUri, Boolean async, ICredentials credentials, Boolean preAuthenticate, Boolean isProxyAuth, Boolean doRequestAuth, HttpConnectionPool pool, CancellationToken cancellationToken)
   at System.Net.Http.RedirectHandler.SendAsync(HttpRequestMessage request, Boolean async, CancellationToken cancellationToken)
   at GitHub.Services.Common.RawHttpMessageHandler.SendAsync(HttpRequestMessage request, CancellationToken cancellationToken)
   at GitHub.Services.Common.VssHttpRetryMessageHandler.SendAsync(HttpRequestMessage request, CancellationToken cancellationToken)
   at System.Net.Http.HttpClient.<SendAsync>g__Core|83_0(HttpRequestMessage request, HttpCompletionOption completionOption, CancellationTokenSource cts, Boolean disposeCts, CancellationTokenSource pendingRequestsCts, CancellationToken originalCancellationToken)
   --- End of inner exception stack trace ---
   at System.Net.Http.HttpClient.HandleFailure(Exception e, Boolean telemetryStarted, HttpResponseMessage response, CancellationTokenSource cts, CancellationToken cancellationToken, CancellationTokenSource pendingRequestsCts)
   at System.Net.Http.HttpClient.<SendAsync>g__Core|83_0(HttpRequestMessage request, HttpCompletionOption completionOption, CancellationTokenSource cts, Boolean disposeCts, CancellationTokenSource pendingRequestsCts, CancellationToken originalCancellationToken)
   at Sdk.WebApi.WebApi.RawHttpClientBase.SendAsync(HttpRequestMessage message, HttpCompletionOption completionOption, Object userState, CancellationToken cancellationToken)
   at Sdk.WebApi.WebApi.RawHttpClientBase.SendAsync[T](HttpRequestMessage message, Boolean readErrorBody, Object userState, CancellationToken cancellationToken)
   at Sdk.WebApi.WebApi.RawHttpClientBase.SendAsync[T](HttpMethod method, IEnumerable`1 additionalHeaders, Uri requestUri, HttpContent content, IEnumerable`1 queryParameters, Boolean readErrorBody, Object userState, CancellationToken cancellationToken)
   at GitHub.Actions.RunService.WebApi.BrokerHttpClient.GetRunnerMessageAsync(Nullable`1 sessionId, String runnerVersion, Nullable`1 status, String os, String architecture, Nullable`1 disableUpdate, CancellationToken cancellationToken)
   at GitHub.Runner.Common.BrokerServer.<>c__DisplayClass7_0.<<GetRunnerMessageAsync>b__0>d.MoveNext()
--- End of stack trace from previous location ---
   at GitHub.Runner.Common.RunnerService.RetryRequest[T](Func`1 func, CancellationToken cancellationToken, Int32 maxAttempts, Func`2 shouldRetry)
[2025-11-04 19:29:23Z ERR  BrokerServer] #####################################################
[2025-11-04 19:29:23Z ERR  BrokerServer] System.Threading.Tasks.TaskCanceledException: The operation was canceled.
 ---> System.IO.IOException: Unable to read data from the transport connection: De I/O-bewerking is afgebroken vanwege het afsluiten van een thread of vanwege een opdracht van een toepassing..
 ---> System.Net.Sockets.SocketException (995): De I/O-bewerking is afgebroken vanwege het afsluiten van een thread of vanwege een opdracht van een toepassing.
   --- End of inner exception stack trace ---
   at System.Net.Sockets.Socket.AwaitableSocketAsyncEventArgs.ThrowException(SocketError error, CancellationToken cancellationToken)
   at System.Net.Sockets.Socket.AwaitableSocketAsyncEventArgs.System.Threading.Tasks.Sources.IValueTaskSource<System.Int32>.GetResult(Int16 token)
   at System.Net.Security.SslStream.EnsureFullTlsFrameAsync[TIOAdapter](CancellationToken cancellationToken, Int32 estimatedSize)
   at System.Runtime.CompilerServices.PoolingAsyncValueTaskMethodBuilder`1.StateMachineBox`1.System.Threading.Tasks.Sources.IValueTaskSource<TResult>.GetResult(Int16 token)
   at System.Net.Security.SslStream.ReadAsyncInternal[TIOAdapter](Memory`1 buffer, CancellationToken cancellationToken)
   at System.Runtime.CompilerServices.PoolingAsyncValueTaskMethodBuilder`1.StateMachineBox`1.System.Threading.Tasks.Sources.IValueTaskSource<TResult>.GetResult(Int16 token)
   at System.Net.Http.HttpConnection.SendAsync(HttpRequestMessage request, Boolean async, CancellationToken cancellationToken)
   --- End of inner exception stack trace ---
   at System.Net.Http.HttpConnection.SendAsync(HttpRequestMessage request, Boolean async, CancellationToken cancellationToken)
   at System.Net.Http.AuthenticationHelper.SendWithNtAuthAsync(HttpRequestMessage request, Uri authUri, Boolean async, ICredentials credentials, Boolean isProxyAuth, HttpConnection connection, HttpConnectionPool connectionPool, CancellationToken cancellationToken)
   at System.Net.Http.HttpConnectionPool.SendWithVersionDetectionAndRetryAsync(HttpRequestMessage request, Boolean async, Boolean doRequestAuth, CancellationToken cancellationToken)
   at System.Net.Http.AuthenticationHelper.SendWithAuthAsync(HttpRequestMessage request, Uri authUri, Boolean async, ICredentials credentials, Boolean preAuthenticate, Boolean isProxyAuth, Boolean doRequestAuth, HttpConnectionPool pool, CancellationToken cancellationToken)
   at System.Net.Http.RedirectHandler.SendAsync(HttpRequestMessage request, Boolean async, CancellationToken cancellationToken)
   at GitHub.Services.Common.RawHttpMessageHandler.SendAsync(HttpRequestMessage request, CancellationToken cancellationToken)
   at GitHub.Services.Common.VssHttpRetryMessageHandler.SendAsync(HttpRequestMessage request, CancellationToken cancellationToken)
   at System.Net.Http.HttpClient.<SendAsync>g__Core|83_0(HttpRequestMessage request, HttpCompletionOption completionOption, CancellationTokenSource cts, Boolean disposeCts, CancellationTokenSource pendingRequestsCts, CancellationToken originalCancellationToken)
[2025-11-04 19:29:23Z ERR  BrokerServer] #####################################################
[2025-11-04 19:29:23Z ERR  BrokerServer] System.IO.IOException: Unable to read data from the transport connection: De I/O-bewerking is afgebroken vanwege het afsluiten van een thread of vanwege een opdracht van een toepassing..
 ---> System.Net.Sockets.SocketException (995): De I/O-bewerking is afgebroken vanwege het afsluiten van een thread of vanwege een opdracht van een toepassing.
   --- End of inner exception stack trace ---
   at System.Net.Sockets.Socket.AwaitableSocketAsyncEventArgs.ThrowException(SocketError error, CancellationToken cancellationToken)
   at System.Net.Sockets.Socket.AwaitableSocketAsyncEventArgs.System.Threading.Tasks.Sources.IValueTaskSource<System.Int32>.GetResult(Int16 token)
   at System.Net.Security.SslStream.EnsureFullTlsFrameAsync[TIOAdapter](CancellationToken cancellationToken, Int32 estimatedSize)
   at System.Runtime.CompilerServices.PoolingAsyncValueTaskMethodBuilder`1.StateMachineBox`1.System.Threading.Tasks.Sources.IValueTaskSource<TResult>.GetResult(Int16 token)
   at System.Net.Security.SslStream.ReadAsyncInternal[TIOAdapter](Memory`1 buffer, CancellationToken cancellationToken)
   at System.Runtime.CompilerServices.PoolingAsyncValueTaskMethodBuilder`1.StateMachineBox`1.System.Threading.Tasks.Sources.IValueTaskSource<TResult>.GetResult(Int16 token)
   at System.Net.Http.HttpConnection.SendAsync(HttpRequestMessage request, Boolean async, CancellationToken cancellationToken)
[2025-11-04 19:29:23Z ERR  BrokerServer] #####################################################
[2025-11-04 19:29:23Z ERR  BrokerServer] System.Net.Sockets.SocketException (995): De I/O-bewerking is afgebroken vanwege het afsluiten van een thread of vanwege een opdracht van een toepassing.
[2025-11-04 19:29:23Z WARN BrokerServer] Back off 8,921 seconds before next retry. 4 attempt left.
[2025-11-04 19:29:23Z INFO BrokerMessageListener] Get next message has been cancelled.
[2025-11-04 19:29:23Z INFO JobDispatcher] Shutting down JobDispatcher. Make sure all WorkerDispatcher has finished.
[2025-11-04 19:29:23Z INFO JobDispatcher] Ensure WorkerDispatcher for job af2052b6-2f7c-52a4-ae19-1031ec4b61c6 run to finish, cancel any running job.
[2025-11-04 19:29:23Z INFO JobDispatcher] Job request af2052b6-2f7c-52a4-ae19-1031ec4b61c6 processed succeed.
[2025-11-04 19:29:23Z INFO Runner] Deleting Runner Session...
[2025-11-04 19:29:24Z INFO Listener] Runner execution been cancelled.
