[2025-11-06 11:46:32Z INFO HostContext] No proxy settings were found based on environmental variables (http_proxy/https_proxy/HTTP_PROXY/HTTPS_PROXY)
[2025-11-06 11:46:32Z INFO HostContext] Well known directory 'Bin': 'C:\SCHOOL\HOWEST LES\SEM5 MCT\MLOps\Labo\Week5\03-MLOps-GithubActions\actions-runner\bin'
[2025-11-06 11:46:32Z INFO HostContext] Well known directory 'Root': 'C:\SCHOOL\HOWEST LES\SEM5 MCT\MLOps\Labo\Week5\03-MLOps-GithubActions\actions-runner'
[2025-11-06 11:46:32Z INFO HostContext] Well known config file 'Credentials': 'C:\SCHOOL\HOWEST LES\SEM5 MCT\MLOps\Labo\Week5\03-MLOps-GithubActions\actions-runner\.credentials'
[2025-11-06 11:46:32Z INFO HostContext] Well known directory 'Bin': 'C:\SCHOOL\HOWEST LES\SEM5 MCT\MLOps\Labo\Week5\03-MLOps-GithubActions\actions-runner\bin'
[2025-11-06 11:46:32Z INFO HostContext] Well known directory 'Root': 'C:\SCHOOL\HOWEST LES\SEM5 MCT\MLOps\Labo\Week5\03-MLOps-GithubActions\actions-runner'
[2025-11-06 11:46:32Z INFO HostContext] Well known config file 'Runner': 'C:\SCHOOL\HOWEST LES\SEM5 MCT\MLOps\Labo\Week5\03-MLOps-GithubActions\actions-runner\.runner'
[2025-11-06 11:46:32Z INFO Listener] Runner is built for Windows (X64) - win-x64.
[2025-11-06 11:46:32Z INFO Listener] RuntimeInformation: Microsoft Windows 10.0.26100.
[2025-11-06 11:46:32Z INFO Listener] Version: 2.329.0
[2025-11-06 11:46:32Z INFO Listener] Commit: c76c59996c8fa32e989164a5a695efb12608ae5a
[2025-11-06 11:46:32Z INFO Listener] Culture: nl-BE
[2025-11-06 11:46:32Z INFO Listener] UI Culture: nl-NL
[2025-11-06 11:46:32Z INFO HostContext] Well known directory 'Bin': 'C:\SCHOOL\HOWEST LES\SEM5 MCT\MLOps\Labo\Week5\03-MLOps-GithubActions\actions-runner\bin'
[2025-11-06 11:46:32Z INFO HostContext] Well known directory 'Root': 'C:\SCHOOL\HOWEST LES\SEM5 MCT\MLOps\Labo\Week5\03-MLOps-GithubActions\actions-runner'
[2025-11-06 11:46:32Z INFO Listener] Validating directory permissions for: 'C:\SCHOOL\HOWEST LES\SEM5 MCT\MLOps\Labo\Week5\03-MLOps-GithubActions\actions-runner'
[2025-11-06 11:46:32Z INFO CommandLineParser] Parse
[2025-11-06 11:46:32Z INFO CommandLineParser] Parsing 1 args
[2025-11-06 11:46:32Z INFO CommandLineParser] parsing argument
[2025-11-06 11:46:32Z INFO CommandLineParser] HasArgs: False
[2025-11-06 11:46:32Z INFO CommandLineParser] Adding Command: run
[2025-11-06 11:46:32Z INFO Listener] Arguments parsed
[2025-11-06 11:46:32Z INFO Runner] ExecuteCommand
[2025-11-06 11:46:32Z INFO ConfigurationStore] currentAssemblyLocation: C:\SCHOOL\HOWEST LES\SEM5 MCT\MLOps\Labo\Week5\03-MLOps-GithubActions\actions-runner\bin\Runner.Listener.dll
[2025-11-06 11:46:32Z INFO HostContext] Well known directory 'Bin': 'C:\SCHOOL\HOWEST LES\SEM5 MCT\MLOps\Labo\Week5\03-MLOps-GithubActions\actions-runner\bin'
[2025-11-06 11:46:32Z INFO ConfigurationStore] binPath: C:\SCHOOL\HOWEST LES\SEM5 MCT\MLOps\Labo\Week5\03-MLOps-GithubActions\actions-runner\bin
[2025-11-06 11:46:32Z INFO HostContext] Well known directory 'Bin': 'C:\SCHOOL\HOWEST LES\SEM5 MCT\MLOps\Labo\Week5\03-MLOps-GithubActions\actions-runner\bin'
[2025-11-06 11:46:32Z INFO HostContext] Well known directory 'Root': 'C:\SCHOOL\HOWEST LES\SEM5 MCT\MLOps\Labo\Week5\03-MLOps-GithubActions\actions-runner'
[2025-11-06 11:46:32Z INFO ConfigurationStore] RootFolder: C:\SCHOOL\HOWEST LES\SEM5 MCT\MLOps\Labo\Week5\03-MLOps-GithubActions\actions-runner
[2025-11-06 11:46:32Z INFO HostContext] Well known directory 'Bin': 'C:\SCHOOL\HOWEST LES\SEM5 MCT\MLOps\Labo\Week5\03-MLOps-GithubActions\actions-runner\bin'
[2025-11-06 11:46:32Z INFO HostContext] Well known directory 'Root': 'C:\SCHOOL\HOWEST LES\SEM5 MCT\MLOps\Labo\Week5\03-MLOps-GithubActions\actions-runner'
[2025-11-06 11:46:32Z INFO HostContext] Well known config file 'Runner': 'C:\SCHOOL\HOWEST LES\SEM5 MCT\MLOps\Labo\Week5\03-MLOps-GithubActions\actions-runner\.runner'
[2025-11-06 11:46:32Z INFO ConfigurationStore] ConfigFilePath: C:\SCHOOL\HOWEST LES\SEM5 MCT\MLOps\Labo\Week5\03-MLOps-GithubActions\actions-runner\.runner
[2025-11-06 11:46:32Z INFO HostContext] Well known directory 'Bin': 'C:\SCHOOL\HOWEST LES\SEM5 MCT\MLOps\Labo\Week5\03-MLOps-GithubActions\actions-runner\bin'
[2025-11-06 11:46:32Z INFO HostContext] Well known directory 'Root': 'C:\SCHOOL\HOWEST LES\SEM5 MCT\MLOps\Labo\Week5\03-MLOps-GithubActions\actions-runner'
[2025-11-06 11:46:32Z INFO HostContext] Well known config file 'MigratedRunner': 'C:\SCHOOL\HOWEST LES\SEM5 MCT\MLOps\Labo\Week5\03-MLOps-GithubActions\actions-runner\.runner_migrated'
[2025-11-06 11:46:32Z INFO ConfigurationStore] MigratedConfigFilePath: C:\SCHOOL\HOWEST LES\SEM5 MCT\MLOps\Labo\Week5\03-MLOps-GithubActions\actions-runner\.runner_migrated
[2025-11-06 11:46:32Z INFO HostContext] Well known directory 'Bin': 'C:\SCHOOL\HOWEST LES\SEM5 MCT\MLOps\Labo\Week5\03-MLOps-GithubActions\actions-runner\bin'
[2025-11-06 11:46:32Z INFO HostContext] Well known directory 'Root': 'C:\SCHOOL\HOWEST LES\SEM5 MCT\MLOps\Labo\Week5\03-MLOps-GithubActions\actions-runner'
[2025-11-06 11:46:32Z INFO HostContext] Well known config file 'Credentials': 'C:\SCHOOL\HOWEST LES\SEM5 MCT\MLOps\Labo\Week5\03-MLOps-GithubActions\actions-runner\.credentials'
[2025-11-06 11:46:32Z INFO ConfigurationStore] CredFilePath: C:\SCHOOL\HOWEST LES\SEM5 MCT\MLOps\Labo\Week5\03-MLOps-GithubActions\actions-runner\.credentials
[2025-11-06 11:46:32Z INFO HostContext] Well known directory 'Bin': 'C:\SCHOOL\HOWEST LES\SEM5 MCT\MLOps\Labo\Week5\03-MLOps-GithubActions\actions-runner\bin'
[2025-11-06 11:46:32Z INFO HostContext] Well known directory 'Root': 'C:\SCHOOL\HOWEST LES\SEM5 MCT\MLOps\Labo\Week5\03-MLOps-GithubActions\actions-runner'
[2025-11-06 11:46:32Z INFO HostContext] Well known config file 'MigratedCredentials': 'C:\SCHOOL\HOWEST LES\SEM5 MCT\MLOps\Labo\Week5\03-MLOps-GithubActions\actions-runner\.credentials_migrated'
[2025-11-06 11:46:32Z INFO ConfigurationStore] MigratedCredFilePath: C:\SCHOOL\HOWEST LES\SEM5 MCT\MLOps\Labo\Week5\03-MLOps-GithubActions\actions-runner\.credentials_migrated
[2025-11-06 11:46:32Z INFO HostContext] Well known directory 'Bin': 'C:\SCHOOL\HOWEST LES\SEM5 MCT\MLOps\Labo\Week5\03-MLOps-GithubActions\actions-runner\bin'
[2025-11-06 11:46:32Z INFO HostContext] Well known directory 'Root': 'C:\SCHOOL\HOWEST LES\SEM5 MCT\MLOps\Labo\Week5\03-MLOps-GithubActions\actions-runner'
[2025-11-06 11:46:32Z INFO HostContext] Well known config file 'Service': 'C:\SCHOOL\HOWEST LES\SEM5 MCT\MLOps\Labo\Week5\03-MLOps-GithubActions\actions-runner\.service'
[2025-11-06 11:46:32Z INFO ConfigurationStore] ServiceConfigFilePath: C:\SCHOOL\HOWEST LES\SEM5 MCT\MLOps\Labo\Week5\03-MLOps-GithubActions\actions-runner\.service
[2025-11-06 11:46:32Z INFO CommandSettings] Flag 'help': 'False'
[2025-11-06 11:46:32Z INFO CommandSettings] Flag 'version': 'False'
[2025-11-06 11:46:32Z INFO CommandSettings] Flag 'commit': 'False'
[2025-11-06 11:46:32Z INFO CommandSettings] Flag 'check': 'False'
[2025-11-06 11:46:32Z INFO CommandSettings] Command 'configure': 'False'
[2025-11-06 11:46:32Z INFO CommandSettings] Command 'remove': 'False'
[2025-11-06 11:46:32Z INFO CommandSettings] Command 'warmup': 'False'
[2025-11-06 11:46:32Z INFO ConfigurationManager] LoadSettings
[2025-11-06 11:46:32Z INFO ConfigurationStore] IsConfigured()
[2025-11-06 11:46:32Z INFO ConfigurationStore] IsConfigured: True
[2025-11-06 11:46:32Z INFO ConfigurationManager] Is configured: True
[2025-11-06 11:46:32Z INFO ConfigurationStore] Read setting file: 402 chars
[2025-11-06 11:46:32Z INFO ConfigurationManager] Settings Loaded
[2025-11-06 11:46:32Z INFO ConfigurationStore] IsServiceConfigured()
[2025-11-06 11:46:32Z INFO ConfigurationStore] IsServiceConfigured: False
[2025-11-06 11:46:32Z INFO CommandSettings] Command 'run': 'True'
[2025-11-06 11:46:32Z INFO ConfigurationStore] IsConfigured()
[2025-11-06 11:46:32Z INFO ConfigurationStore] IsConfigured: True
[2025-11-06 11:46:32Z INFO ConfigurationManager] Is configured: True
[2025-11-06 11:46:32Z INFO Runner] Could not parse the argument value '' for StartupType. Defaulting to Manual
[2025-11-06 11:46:32Z INFO Runner] Set runner startup type - Manual
[2025-11-06 11:46:32Z INFO CommandSettings] Flag 'once': 'False'
[2025-11-06 11:46:32Z INFO CommandSettings] Flag 'once': 'False'
[2025-11-06 11:46:32Z INFO Runner] RunAsync
[2025-11-06 11:46:32Z INFO ConfigurationManager] LoadMigratedSettings
[2025-11-06 11:46:32Z INFO ConfigurationStore] IsMigratedConfigured()
[2025-11-06 11:46:32Z INFO ConfigurationStore] IsMigratedConfigured: False
[2025-11-06 11:46:32Z INFO Runner] Failed to load migrated settings: No migrated configuration found.
[2025-11-06 11:46:32Z INFO Runner] Falling back to original .runner settings
[2025-11-06 11:46:32Z INFO Runner] Using BrokerMessageListener
[2025-11-06 11:46:32Z INFO BrokerMessageListener] Using provided settings
[2025-11-06 11:46:32Z INFO BrokerMessageListener] {
  "AgentId": 2,
  "AgentName": "MSI",
  "PoolId": 1,
  "PoolName": "Default",
  "ServerUrl": "https://pipelinesghubeus25.actions.githubusercontent.com/WiUpu9Pnkv3MKD58V5oxbZ8ketpBxegbuMcs38JyDyHbFZtKqd/",
  "GitHubUrl": "https://github.com/DHaluwinRune/03-MLOps-GithubActions",
  "WorkFolder": "_work",
  "UseV2Flow": true,
  "ServerUrlV2": "https://broker.actions.githubusercontent.com/"
}
[2025-11-06 11:46:32Z INFO BrokerMessageListener] Loading Credentials
[2025-11-06 11:46:32Z INFO ConfigurationStore] HasCredentials()
[2025-11-06 11:46:32Z INFO ConfigurationStore] stored True
[2025-11-06 11:46:32Z INFO CredentialManager] GetCredentialProvider
[2025-11-06 11:46:32Z INFO CredentialManager] Creating type OAuth
[2025-11-06 11:46:32Z INFO CredentialManager] Creating credential type: OAuth
[2025-11-06 11:46:32Z INFO HostContext] Well known directory 'Bin': 'C:\SCHOOL\HOWEST LES\SEM5 MCT\MLOps\Labo\Week5\03-MLOps-GithubActions\actions-runner\bin'
[2025-11-06 11:46:32Z INFO HostContext] Well known directory 'Root': 'C:\SCHOOL\HOWEST LES\SEM5 MCT\MLOps\Labo\Week5\03-MLOps-GithubActions\actions-runner'
[2025-11-06 11:46:32Z INFO HostContext] Well known config file 'RSACredentials': 'C:\SCHOOL\HOWEST LES\SEM5 MCT\MLOps\Labo\Week5\03-MLOps-GithubActions\actions-runner\.credentials_rsaparams'
[2025-11-06 11:46:32Z INFO RSAEncryptedFileKeyManager] Loading RSA key parameters from file C:\SCHOOL\HOWEST LES\SEM5 MCT\MLOps\Labo\Week5\03-MLOps-GithubActions\actions-runner\.credentials_rsaparams
[2025-11-06 11:46:32Z INFO BrokerMessageListener] Attempt to create session.
[2025-11-06 11:46:32Z INFO BrokerMessageListener] Connecting to the Broker Server...
[2025-11-06 11:46:32Z INFO ConfigurationStore] HasCredentials()
[2025-11-06 11:46:32Z INFO ConfigurationStore] stored True
[2025-11-06 11:46:32Z INFO CredentialManager] GetCredentialProvider
[2025-11-06 11:46:32Z INFO CredentialManager] Creating type OAuth
[2025-11-06 11:46:32Z INFO CredentialManager] Creating credential type: OAuth
[2025-11-06 11:46:32Z INFO RSAEncryptedFileKeyManager] Loading RSA key parameters from file C:\SCHOOL\HOWEST LES\SEM5 MCT\MLOps\Labo\Week5\03-MLOps-GithubActions\actions-runner\.credentials_rsaparams
[2025-11-06 11:46:32Z INFO BrokerMessageListener] VssConnection created
[2025-11-06 11:46:32Z INFO BrokerMessageListener] Connecting to the Runner server...
[2025-11-06 11:46:32Z INFO RunnerServer] EstablishVssConnection
[2025-11-06 11:46:32Z INFO RunnerServer] Establish connection with 100 seconds timeout.
[2025-11-06 11:46:32Z INFO GitHubActionsService] Starting operation Location.GetConnectionData
[2025-11-06 11:46:32Z INFO RunnerServer] EstablishVssConnection
[2025-11-06 11:46:32Z INFO RunnerServer] Establish connection with 60 seconds timeout.
[2025-11-06 11:46:32Z INFO GitHubActionsService] Starting operation Location.GetConnectionData
[2025-11-06 11:46:32Z INFO RunnerServer] EstablishVssConnection
[2025-11-06 11:46:32Z INFO RunnerServer] Establish connection with 60 seconds timeout.
[2025-11-06 11:46:32Z INFO GitHubActionsService] Starting operation Location.GetConnectionData
[2025-11-06 11:46:32Z INFO GitHubActionsService] Finished operation Location.GetConnectionData
[2025-11-06 11:46:32Z INFO GitHubActionsService] Finished operation Location.GetConnectionData
[2025-11-06 11:46:32Z INFO GitHubActionsService] Finished operation Location.GetConnectionData
[2025-11-06 11:46:32Z INFO BrokerMessageListener] VssConnection created
[2025-11-06 11:46:32Z INFO Terminal] WRITE LINE: 
[2025-11-06 11:46:32Z INFO Terminal] WRITE LINE: 
[2025-11-06 11:46:32Z INFO RSAEncryptedFileKeyManager] Loading RSA key parameters from file C:\SCHOOL\HOWEST LES\SEM5 MCT\MLOps\Labo\Week5\03-MLOps-GithubActions\actions-runner\.credentials_rsaparams
[2025-11-06 11:46:32Z INFO RSAEncryptedFileKeyManager] Loading RSA key parameters from file C:\SCHOOL\HOWEST LES\SEM5 MCT\MLOps\Labo\Week5\03-MLOps-GithubActions\actions-runner\.credentials_rsaparams
[2025-11-06 11:46:33Z INFO GitHubActionsService] AAD Correlation ID for this token request: Unknown
[2025-11-06 11:46:33Z INFO BrokerMessageListener] Session created.
[2025-11-06 11:46:33Z INFO Terminal] WRITE LINE: Current runner version: '2.329.0'
[2025-11-06 11:46:33Z INFO Terminal] WRITE LINE: 2025-11-06 11:46:33Z: Listening for Jobs
[2025-11-06 11:46:33Z INFO JobDispatcher] Set runner/worker IPC timeout to 30 seconds.
[2025-11-06 11:46:34Z INFO ConfigurationStore] HasCredentials()
[2025-11-06 11:46:34Z INFO ConfigurationStore] stored True
[2025-11-06 11:46:34Z INFO CredentialManager] GetCredentialProvider
[2025-11-06 11:46:34Z INFO CredentialManager] Creating type OAuth
[2025-11-06 11:46:34Z INFO CredentialManager] Creating credential type: OAuth
[2025-11-06 11:46:34Z INFO RSAEncryptedFileKeyManager] Loading RSA key parameters from file C:\SCHOOL\HOWEST LES\SEM5 MCT\MLOps\Labo\Week5\03-MLOps-GithubActions\actions-runner\.credentials_rsaparams
[2025-11-06 11:46:34Z INFO RSAEncryptedFileKeyManager] Loading RSA key parameters from file C:\SCHOOL\HOWEST LES\SEM5 MCT\MLOps\Labo\Week5\03-MLOps-GithubActions\actions-runner\.credentials_rsaparams
[2025-11-06 11:46:34Z INFO RSAEncryptedFileKeyManager] Loading RSA key parameters from file C:\SCHOOL\HOWEST LES\SEM5 MCT\MLOps\Labo\Week5\03-MLOps-GithubActions\actions-runner\.credentials_rsaparams
[2025-11-06 11:46:35Z INFO GitHubActionsService] AAD Correlation ID for this token request: Unknown
[2025-11-06 11:46:35Z INFO JobDispatcher] Job request 0 for plan 28b8a7a9-0d03-4e4e-9a14-674af79b53a9 job 454618ab-91e8-56a3-8f15-45d47768aa55 received.
[2025-11-06 11:46:35Z INFO JobDispatcher] Pull OrchestrationId 28b8a7a9-0d03-4e4e-9a14-674af79b53a9.build-and-push.__default from JWT claims
[2025-11-06 11:46:35Z INFO BrokerMessageListener] Received job status event. JobState: Busy
[2025-11-06 11:46:35Z INFO BrokerMessageListener] _getMessagesTokenSource is already disposed.
[2025-11-06 11:46:35Z INFO Terminal] WRITE LINE: 2025-11-06 11:46:35Z: Running job: build-and-push
[2025-11-06 11:46:35Z INFO JobDispatcher] Start renew job request 0 for job 454618ab-91e8-56a3-8f15-45d47768aa55.
[2025-11-06 11:46:36Z INFO JobDispatcher] Successfully renew job 454618ab-91e8-56a3-8f15-45d47768aa55, job is valid till 6/11/2025 11:56:36
[2025-11-06 11:46:36Z INFO HostContext] Well known directory 'Bin': 'C:\SCHOOL\HOWEST LES\SEM5 MCT\MLOps\Labo\Week5\03-MLOps-GithubActions\actions-runner\bin'
[2025-11-06 11:46:36Z INFO ProcessInvokerWrapper] Starting process:
[2025-11-06 11:46:36Z INFO ProcessInvokerWrapper]   File name: 'C:\SCHOOL\HOWEST LES\SEM5 MCT\MLOps\Labo\Week5\03-MLOps-GithubActions\actions-runner\bin\Runner.Worker.exe'
[2025-11-06 11:46:36Z INFO ProcessInvokerWrapper]   Arguments: 'spawnclient 2200 2212'
[2025-11-06 11:46:36Z INFO ProcessInvokerWrapper]   Working directory: 'C:\SCHOOL\HOWEST LES\SEM5 MCT\MLOps\Labo\Week5\03-MLOps-GithubActions\actions-runner\bin'
[2025-11-06 11:46:36Z INFO ProcessInvokerWrapper]   Require exit code zero: 'False'
[2025-11-06 11:46:36Z INFO ProcessInvokerWrapper]   Encoding web name:  ; code page: ''
[2025-11-06 11:46:36Z INFO ProcessInvokerWrapper]   Force kill process on cancellation: 'True'
[2025-11-06 11:46:36Z INFO ProcessInvokerWrapper]   Redirected STDIN: 'False'
[2025-11-06 11:46:36Z INFO ProcessInvokerWrapper]   Persist current code page: 'False'
[2025-11-06 11:46:36Z INFO ProcessInvokerWrapper]   Keep redirected STDIN open: 'False'
[2025-11-06 11:46:36Z INFO ProcessInvokerWrapper]   High priority process: 'True'
[2025-11-06 11:46:36Z INFO ProcessInvokerWrapper] Process started with process id 11936, waiting for process exit.
[2025-11-06 11:46:36Z INFO JobDispatcher] Send job request message to worker for job 454618ab-91e8-56a3-8f15-45d47768aa55.
[2025-11-06 11:46:36Z INFO ProcessChannel] Sending message of length 21736, with hash '83f3ff404220b382a1fbaf7ab88c5d21cdd6f02de24fb3a157b45d9cba401401'
[2025-11-06 11:46:36Z INFO JobNotification] Entering JobStarted Notification
[2025-11-06 11:46:36Z INFO JobNotification] Entering StartMonitor
[2025-11-06 11:47:36Z INFO JobDispatcher] Successfully renew job 454618ab-91e8-56a3-8f15-45d47768aa55, job is valid till 6/11/2025 11:57:36
[2025-11-06 11:48:36Z INFO JobDispatcher] Successfully renew job 454618ab-91e8-56a3-8f15-45d47768aa55, job is valid till 6/11/2025 11:58:36
[2025-11-06 11:49:36Z INFO JobDispatcher] Successfully renew job 454618ab-91e8-56a3-8f15-45d47768aa55, job is valid till 6/11/2025 11:59:36
[2025-11-06 11:49:59Z INFO ProcessInvokerWrapper] STDOUT/STDERR stream read finished.
[2025-11-06 11:49:59Z INFO ProcessInvokerWrapper] STDOUT/STDERR stream read finished.
[2025-11-06 11:49:59Z INFO ProcessInvokerWrapper] Finished process 11936 with exit code 100, and elapsed time 00:03:23.6544219.
[2025-11-06 11:49:59Z INFO JobDispatcher] Worker finished for job 454618ab-91e8-56a3-8f15-45d47768aa55. Code: 100
[2025-11-06 11:49:59Z INFO JobDispatcher] finish job request for job 454618ab-91e8-56a3-8f15-45d47768aa55 with result: Succeeded
[2025-11-06 11:49:59Z INFO Terminal] WRITE LINE: 2025-11-06 11:49:59Z: Job build-and-push completed with result: Succeeded
[2025-11-06 11:49:59Z INFO JobDispatcher] Stop renew job request for job 454618ab-91e8-56a3-8f15-45d47768aa55.
[2025-11-06 11:49:59Z INFO JobDispatcher] job renew has been cancelled, stop renew job 454618ab-91e8-56a3-8f15-45d47768aa55.
[2025-11-06 11:49:59Z INFO JobNotification] Entering JobCompleted Notification
[2025-11-06 11:49:59Z INFO JobNotification] Entering EndMonitor
[2025-11-06 11:49:59Z INFO BrokerMessageListener] Received job status event. JobState: Online
[2025-11-06 11:49:59Z WARN GitHubActionsService] GET request to https://broker.actions.githubusercontent.com/message?sessionId=6eac57f2-3c34-4a5d-b6e6-7647eedb2dc8&status=Busy&runnerVersion=2.329.0&os=Windows&architecture=X64&disableUpdate=false has been cancelled.
[2025-11-06 11:49:59Z ERR  BrokerServer] Catch exception during request
[2025-11-06 11:49:59Z ERR  BrokerServer] System.Threading.Tasks.TaskCanceledException: The operation was canceled.
 ---> System.Threading.Tasks.TaskCanceledException: The operation was canceled.
 ---> System.IO.IOException: Unable to read data from the transport connection: De I/O-bewerking is afgebroken vanwege het afsluiten van een thread of vanwege een opdracht van een toepassing..
 ---> System.Net.Sockets.SocketException (995): De I/O-bewerking is afgebroken vanwege het afsluiten van een thread of vanwege een opdracht van een toepassing.
   --- End of inner exception stack trace ---
   at System.Net.Sockets.Socket.AwaitableSocketAsyncEventArgs.ThrowException(SocketError error, CancellationToken cancellationToken)
   at System.Net.Sockets.Socket.AwaitableSocketAsyncEventArgs.System.Threading.Tasks.Sources.IValueTaskSource<System.Int32>.GetResult(Int16 token)
   at System.Net.Security.SslStream.EnsureFullTlsFrameAsync[TIOAdapter](CancellationToken cancellationToken, Int32 estimatedSize)
   at System.Runtime.CompilerServices.PoolingAsyncValueTaskMethodBuilder`1.StateMachineBox`1.System.Threading.Tasks.Sources.IValueTaskSource<TResult>.GetResult(Int16 token)
   at System.Net.Security.SslStream.ReadAsyncInternal[TIOAdapter](Memory`1 buffer, CancellationToken cancellationToken)
   at System.Runtime.CompilerServices.PoolingAsyncValueTaskMethodBuilder`1.StateMachineBox`1.System.Threading.Tasks.Sources.IValueTaskSource<TResult>.GetResult(Int16 token)
   at System.Net.Http.HttpConnection.SendAsync(HttpRequestMessage request, Boolean async, CancellationToken cancellationToken)
   --- End of inner exception stack trace ---
   at System.Net.Http.HttpConnection.SendAsync(HttpRequestMessage request, Boolean async, CancellationToken cancellationToken)
   at System.Net.Http.AuthenticationHelper.SendWithNtAuthAsync(HttpRequestMessage request, Uri authUri, Boolean async, ICredentials credentials, Boolean isProxyAuth, HttpConnection connection, HttpConnectionPool connectionPool, CancellationToken cancellationToken)
   at System.Net.Http.HttpConnectionPool.SendWithVersionDetectionAndRetryAsync(HttpRequestMessage request, Boolean async, Boolean doRequestAuth, CancellationToken cancellationToken)
   at System.Net.Http.AuthenticationHelper.SendWithAuthAsync(HttpRequestMessage request, Uri authUri, Boolean async, ICredentials credentials, Boolean preAuthenticate, Boolean isProxyAuth, Boolean doRequestAuth, HttpConnectionPool pool, CancellationToken cancellationToken)
   at System.Net.Http.RedirectHandler.SendAsync(HttpRequestMessage request, Boolean async, CancellationToken cancellationToken)
   at GitHub.Services.Common.RawHttpMessageHandler.SendAsync(HttpRequestMessage request, CancellationToken cancellationToken)
   at GitHub.Services.Common.VssHttpRetryMessageHandler.SendAsync(HttpRequestMessage request, CancellationToken cancellationToken)
   at System.Net.Http.HttpClient.<SendAsync>g__Core|83_0(HttpRequestMessage request, HttpCompletionOption completionOption, CancellationTokenSource cts, Boolean disposeCts, CancellationTokenSource pendingRequestsCts, CancellationToken originalCancellationToken)
   --- End of inner exception stack trace ---
   at System.Net.Http.HttpClient.HandleFailure(Exception e, Boolean telemetryStarted, HttpResponseMessage response, CancellationTokenSource cts, CancellationToken cancellationToken, CancellationTokenSource pendingRequestsCts)
   at System.Net.Http.HttpClient.<SendAsync>g__Core|83_0(HttpRequestMessage request, HttpCompletionOption completionOption, CancellationTokenSource cts, Boolean disposeCts, CancellationTokenSource pendingRequestsCts, CancellationToken originalCancellationToken)
   at Sdk.WebApi.WebApi.RawHttpClientBase.SendAsync(HttpRequestMessage message, HttpCompletionOption completionOption, Object userState, CancellationToken cancellationToken)
   at Sdk.WebApi.WebApi.RawHttpClientBase.SendAsync[T](HttpRequestMessage message, Boolean readErrorBody, Object userState, CancellationToken cancellationToken)
   at Sdk.WebApi.WebApi.RawHttpClientBase.SendAsync[T](HttpMethod method, IEnumerable`1 additionalHeaders, Uri requestUri, HttpContent content, IEnumerable`1 queryParameters, Boolean readErrorBody, Object userState, CancellationToken cancellationToken)
   at GitHub.Actions.RunService.WebApi.BrokerHttpClient.GetRunnerMessageAsync(Nullable`1 sessionId, String runnerVersion, Nullable`1 status, String os, String architecture, Nullable`1 disableUpdate, CancellationToken cancellationToken)
   at GitHub.Runner.Common.BrokerServer.<>c__DisplayClass7_0.<<GetRunnerMessageAsync>b__0>d.MoveNext()
--- End of stack trace from previous location ---
   at GitHub.Runner.Common.RunnerService.RetryRequest[T](Func`1 func, CancellationToken cancellationToken, Int32 maxAttempts, Func`2 shouldRetry)
[2025-11-06 11:49:59Z ERR  BrokerServer] #####################################################
[2025-11-06 11:49:59Z ERR  BrokerServer] System.Threading.Tasks.TaskCanceledException: The operation was canceled.
 ---> System.IO.IOException: Unable to read data from the transport connection: De I/O-bewerking is afgebroken vanwege het afsluiten van een thread of vanwege een opdracht van een toepassing..
 ---> System.Net.Sockets.SocketException (995): De I/O-bewerking is afgebroken vanwege het afsluiten van een thread of vanwege een opdracht van een toepassing.
   --- End of inner exception stack trace ---
   at System.Net.Sockets.Socket.AwaitableSocketAsyncEventArgs.ThrowException(SocketError error, CancellationToken cancellationToken)
   at System.Net.Sockets.Socket.AwaitableSocketAsyncEventArgs.System.Threading.Tasks.Sources.IValueTaskSource<System.Int32>.GetResult(Int16 token)
   at System.Net.Security.SslStream.EnsureFullTlsFrameAsync[TIOAdapter](CancellationToken cancellationToken, Int32 estimatedSize)
   at System.Runtime.CompilerServices.PoolingAsyncValueTaskMethodBuilder`1.StateMachineBox`1.System.Threading.Tasks.Sources.IValueTaskSource<TResult>.GetResult(Int16 token)
   at System.Net.Security.SslStream.ReadAsyncInternal[TIOAdapter](Memory`1 buffer, CancellationToken cancellationToken)
   at System.Runtime.CompilerServices.PoolingAsyncValueTaskMethodBuilder`1.StateMachineBox`1.System.Threading.Tasks.Sources.IValueTaskSource<TResult>.GetResult(Int16 token)
   at System.Net.Http.HttpConnection.SendAsync(HttpRequestMessage request, Boolean async, CancellationToken cancellationToken)
   --- End of inner exception stack trace ---
   at System.Net.Http.HttpConnection.SendAsync(HttpRequestMessage request, Boolean async, CancellationToken cancellationToken)
   at System.Net.Http.AuthenticationHelper.SendWithNtAuthAsync(HttpRequestMessage request, Uri authUri, Boolean async, ICredentials credentials, Boolean isProxyAuth, HttpConnection connection, HttpConnectionPool connectionPool, CancellationToken cancellationToken)
   at System.Net.Http.HttpConnectionPool.SendWithVersionDetectionAndRetryAsync(HttpRequestMessage request, Boolean async, Boolean doRequestAuth, CancellationToken cancellationToken)
   at System.Net.Http.AuthenticationHelper.SendWithAuthAsync(HttpRequestMessage request, Uri authUri, Boolean async, ICredentials credentials, Boolean preAuthenticate, Boolean isProxyAuth, Boolean doRequestAuth, HttpConnectionPool pool, CancellationToken cancellationToken)
   at System.Net.Http.RedirectHandler.SendAsync(HttpRequestMessage request, Boolean async, CancellationToken cancellationToken)
   at GitHub.Services.Common.RawHttpMessageHandler.SendAsync(HttpRequestMessage request, CancellationToken cancellationToken)
   at GitHub.Services.Common.VssHttpRetryMessageHandler.SendAsync(HttpRequestMessage request, CancellationToken cancellationToken)
   at System.Net.Http.HttpClient.<SendAsync>g__Core|83_0(HttpRequestMessage request, HttpCompletionOption completionOption, CancellationTokenSource cts, Boolean disposeCts, CancellationTokenSource pendingRequestsCts, CancellationToken originalCancellationToken)
[2025-11-06 11:49:59Z ERR  BrokerServer] #####################################################
[2025-11-06 11:49:59Z ERR  BrokerServer] System.IO.IOException: Unable to read data from the transport connection: De I/O-bewerking is afgebroken vanwege het afsluiten van een thread of vanwege een opdracht van een toepassing..
 ---> System.Net.Sockets.SocketException (995): De I/O-bewerking is afgebroken vanwege het afsluiten van een thread of vanwege een opdracht van een toepassing.
   --- End of inner exception stack trace ---
   at System.Net.Sockets.Socket.AwaitableSocketAsyncEventArgs.ThrowException(SocketError error, CancellationToken cancellationToken)
   at System.Net.Sockets.Socket.AwaitableSocketAsyncEventArgs.System.Threading.Tasks.Sources.IValueTaskSource<System.Int32>.GetResult(Int16 token)
   at System.Net.Security.SslStream.EnsureFullTlsFrameAsync[TIOAdapter](CancellationToken cancellationToken, Int32 estimatedSize)
   at System.Runtime.CompilerServices.PoolingAsyncValueTaskMethodBuilder`1.StateMachineBox`1.System.Threading.Tasks.Sources.IValueTaskSource<TResult>.GetResult(Int16 token)
   at System.Net.Security.SslStream.ReadAsyncInternal[TIOAdapter](Memory`1 buffer, CancellationToken cancellationToken)
   at System.Runtime.CompilerServices.PoolingAsyncValueTaskMethodBuilder`1.StateMachineBox`1.System.Threading.Tasks.Sources.IValueTaskSource<TResult>.GetResult(Int16 token)
   at System.Net.Http.HttpConnection.SendAsync(HttpRequestMessage request, Boolean async, CancellationToken cancellationToken)
[2025-11-06 11:49:59Z ERR  BrokerServer] #####################################################
[2025-11-06 11:49:59Z ERR  BrokerServer] System.Net.Sockets.SocketException (995): De I/O-bewerking is afgebroken vanwege het afsluiten van een thread of vanwege een opdracht van een toepassing.
[2025-11-06 11:49:59Z WARN BrokerServer] Back off 13,278 seconds before next retry. 4 attempt left.
[2025-11-06 11:49:59Z INFO BrokerMessageListener] Get messages has been cancelled using local token source. Continue to get messages with new status.
[2025-11-06 11:50:00Z INFO ConfigurationStore] HasCredentials()
[2025-11-06 11:50:00Z INFO ConfigurationStore] stored True
[2025-11-06 11:50:00Z INFO CredentialManager] GetCredentialProvider
[2025-11-06 11:50:00Z INFO CredentialManager] Creating type OAuth
[2025-11-06 11:50:00Z INFO CredentialManager] Creating credential type: OAuth
[2025-11-06 11:50:00Z INFO RSAEncryptedFileKeyManager] Loading RSA key parameters from file C:\SCHOOL\HOWEST LES\SEM5 MCT\MLOps\Labo\Week5\03-MLOps-GithubActions\actions-runner\.credentials_rsaparams
[2025-11-06 11:50:00Z INFO RSAEncryptedFileKeyManager] Loading RSA key parameters from file C:\SCHOOL\HOWEST LES\SEM5 MCT\MLOps\Labo\Week5\03-MLOps-GithubActions\actions-runner\.credentials_rsaparams
[2025-11-06 11:50:00Z INFO RSAEncryptedFileKeyManager] Loading RSA key parameters from file C:\SCHOOL\HOWEST LES\SEM5 MCT\MLOps\Labo\Week5\03-MLOps-GithubActions\actions-runner\.credentials_rsaparams
[2025-11-06 11:50:01Z INFO GitHubActionsService] AAD Correlation ID for this token request: Unknown
[2025-11-06 11:50:01Z INFO JobDispatcher] Job request 0 for plan 28b8a7a9-0d03-4e4e-9a14-674af79b53a9 job ac6f1d06-5ca7-565b-bb61-800e6ddff27f received.
[2025-11-06 11:50:01Z INFO JobDispatcher] Pull OrchestrationId 28b8a7a9-0d03-4e4e-9a14-674af79b53a9.deploy-to-kubernetes.__default from JWT claims
[2025-11-06 11:50:01Z INFO BrokerMessageListener] Received job status event. JobState: Busy
[2025-11-06 11:50:01Z INFO BrokerMessageListener] _getMessagesTokenSource is already disposed.
[2025-11-06 11:50:01Z INFO JobDispatcher] Job request 454618ab-91e8-56a3-8f15-45d47768aa55 processed succeed.
[2025-11-06 11:50:01Z INFO Terminal] WRITE LINE: 2025-11-06 11:50:01Z: Running job: deploy-to-kubernetes
[2025-11-06 11:50:01Z INFO JobDispatcher] Start renew job request 0 for job ac6f1d06-5ca7-565b-bb61-800e6ddff27f.
[2025-11-06 11:50:02Z INFO JobDispatcher] Successfully renew job ac6f1d06-5ca7-565b-bb61-800e6ddff27f, job is valid till 6/11/2025 12:00:02
[2025-11-06 11:50:02Z INFO HostContext] Well known directory 'Bin': 'C:\SCHOOL\HOWEST LES\SEM5 MCT\MLOps\Labo\Week5\03-MLOps-GithubActions\actions-runner\bin'
[2025-11-06 11:50:02Z INFO ProcessInvokerWrapper] Starting process:
[2025-11-06 11:50:02Z INFO ProcessInvokerWrapper]   File name: 'C:\SCHOOL\HOWEST LES\SEM5 MCT\MLOps\Labo\Week5\03-MLOps-GithubActions\actions-runner\bin\Runner.Worker.exe'
[2025-11-06 11:50:02Z INFO ProcessInvokerWrapper]   Arguments: 'spawnclient 1424 2308'
[2025-11-06 11:50:02Z INFO ProcessInvokerWrapper]   Working directory: 'C:\SCHOOL\HOWEST LES\SEM5 MCT\MLOps\Labo\Week5\03-MLOps-GithubActions\actions-runner\bin'
[2025-11-06 11:50:02Z INFO ProcessInvokerWrapper]   Require exit code zero: 'False'
[2025-11-06 11:50:02Z INFO ProcessInvokerWrapper]   Encoding web name:  ; code page: ''
[2025-11-06 11:50:02Z INFO ProcessInvokerWrapper]   Force kill process on cancellation: 'True'
[2025-11-06 11:50:02Z INFO ProcessInvokerWrapper]   Redirected STDIN: 'False'
[2025-11-06 11:50:02Z INFO ProcessInvokerWrapper]   Persist current code page: 'False'
[2025-11-06 11:50:02Z INFO ProcessInvokerWrapper]   Keep redirected STDIN open: 'False'
[2025-11-06 11:50:02Z INFO ProcessInvokerWrapper]   High priority process: 'True'
[2025-11-06 11:50:02Z INFO ProcessInvokerWrapper] Process started with process id 14764, waiting for process exit.
[2025-11-06 11:50:02Z INFO JobDispatcher] Send job request message to worker for job ac6f1d06-5ca7-565b-bb61-800e6ddff27f.
[2025-11-06 11:50:02Z INFO ProcessChannel] Sending message of length 22114, with hash '16de2e9e1718031ef9ba02519ef490643f369065c6b29915cb2f9c8e648be918'
[2025-11-06 11:50:02Z INFO JobNotification] Entering JobStarted Notification
[2025-11-06 11:50:02Z INFO JobNotification] Entering StartMonitor
[2025-11-06 11:51:02Z INFO JobDispatcher] Successfully renew job ac6f1d06-5ca7-565b-bb61-800e6ddff27f, job is valid till 6/11/2025 12:01:02
[2025-11-06 11:52:02Z INFO JobDispatcher] Successfully renew job ac6f1d06-5ca7-565b-bb61-800e6ddff27f, job is valid till 6/11/2025 12:02:02
[2025-11-06 11:53:02Z INFO JobDispatcher] Successfully renew job ac6f1d06-5ca7-565b-bb61-800e6ddff27f, job is valid till 6/11/2025 12:03:02
[2025-11-06 11:53:21Z INFO ProcessInvokerWrapper] STDOUT/STDERR stream read finished.
[2025-11-06 11:53:21Z INFO ProcessInvokerWrapper] STDOUT/STDERR stream read finished.
[2025-11-06 11:53:21Z INFO ProcessInvokerWrapper] Finished process 14764 with exit code 102, and elapsed time 00:03:19.5969681.
[2025-11-06 11:53:21Z INFO JobDispatcher] Worker finished for job ac6f1d06-5ca7-565b-bb61-800e6ddff27f. Code: 102
[2025-11-06 11:53:21Z INFO JobDispatcher] finish job request for job ac6f1d06-5ca7-565b-bb61-800e6ddff27f with result: Failed
[2025-11-06 11:53:21Z INFO Terminal] WRITE LINE: 2025-11-06 11:53:21Z: Job deploy-to-kubernetes completed with result: Failed
[2025-11-06 11:53:21Z INFO JobDispatcher] Stop renew job request for job ac6f1d06-5ca7-565b-bb61-800e6ddff27f.
[2025-11-06 11:53:21Z INFO JobDispatcher] job renew has been cancelled, stop renew job ac6f1d06-5ca7-565b-bb61-800e6ddff27f.
[2025-11-06 11:53:21Z INFO JobNotification] Entering JobCompleted Notification
[2025-11-06 11:53:21Z INFO JobNotification] Entering EndMonitor
[2025-11-06 11:53:21Z INFO BrokerMessageListener] Received job status event. JobState: Online
[2025-11-06 11:53:21Z WARN GitHubActionsService] GET request to https://broker.actions.githubusercontent.com/message?sessionId=6eac57f2-3c34-4a5d-b6e6-7647eedb2dc8&status=Busy&runnerVersion=2.329.0&os=Windows&architecture=X64&disableUpdate=false has been cancelled.
[2025-11-06 11:53:21Z ERR  BrokerServer] Catch exception during request
[2025-11-06 11:53:21Z ERR  BrokerServer] System.Threading.Tasks.TaskCanceledException: The operation was canceled.
 ---> System.Threading.Tasks.TaskCanceledException: The operation was canceled.
 ---> System.IO.IOException: Unable to read data from the transport connection: De I/O-bewerking is afgebroken vanwege het afsluiten van een thread of vanwege een opdracht van een toepassing..
 ---> System.Net.Sockets.SocketException (995): De I/O-bewerking is afgebroken vanwege het afsluiten van een thread of vanwege een opdracht van een toepassing.
   --- End of inner exception stack trace ---
   at System.Net.Sockets.Socket.AwaitableSocketAsyncEventArgs.System.Threading.Tasks.Sources.IValueTaskSource<System.Int32>.GetResult(Int16 token)
   at System.Net.Security.SslStream.EnsureFullTlsFrameAsync[TIOAdapter](CancellationToken cancellationToken, Int32 estimatedSize)
   at System.Runtime.CompilerServices.PoolingAsyncValueTaskMethodBuilder`1.StateMachineBox`1.System.Threading.Tasks.Sources.IValueTaskSource<TResult>.GetResult(Int16 token)
   at System.Net.Security.SslStream.ReadAsyncInternal[TIOAdapter](Memory`1 buffer, CancellationToken cancellationToken)
   at System.Runtime.CompilerServices.PoolingAsyncValueTaskMethodBuilder`1.StateMachineBox`1.System.Threading.Tasks.Sources.IValueTaskSource<TResult>.GetResult(Int16 token)
   at System.Net.Http.HttpConnection.SendAsync(HttpRequestMessage request, Boolean async, CancellationToken cancellationToken)
   --- End of inner exception stack trace ---
   at System.Net.Http.HttpConnection.SendAsync(HttpRequestMessage request, Boolean async, CancellationToken cancellationToken)
   at System.Net.Http.AuthenticationHelper.SendWithNtAuthAsync(HttpRequestMessage request, Uri authUri, Boolean async, ICredentials credentials, Boolean isProxyAuth, HttpConnection connection, HttpConnectionPool connectionPool, CancellationToken cancellationToken)
   at System.Net.Http.HttpConnectionPool.SendWithVersionDetectionAndRetryAsync(HttpRequestMessage request, Boolean async, Boolean doRequestAuth, CancellationToken cancellationToken)
   at System.Net.Http.AuthenticationHelper.SendWithAuthAsync(HttpRequestMessage request, Uri authUri, Boolean async, ICredentials credentials, Boolean preAuthenticate, Boolean isProxyAuth, Boolean doRequestAuth, HttpConnectionPool pool, CancellationToken cancellationToken)
   at System.Net.Http.RedirectHandler.SendAsync(HttpRequestMessage request, Boolean async, CancellationToken cancellationToken)
   at GitHub.Services.Common.RawHttpMessageHandler.SendAsync(HttpRequestMessage request, CancellationToken cancellationToken)
   at GitHub.Services.Common.VssHttpRetryMessageHandler.SendAsync(HttpRequestMessage request, CancellationToken cancellationToken)
   at System.Net.Http.HttpClient.<SendAsync>g__Core|83_0(HttpRequestMessage request, HttpCompletionOption completionOption, CancellationTokenSource cts, Boolean disposeCts, CancellationTokenSource pendingRequestsCts, CancellationToken originalCancellationToken)
   --- End of inner exception stack trace ---
   at System.Net.Http.HttpClient.HandleFailure(Exception e, Boolean telemetryStarted, HttpResponseMessage response, CancellationTokenSource cts, CancellationToken cancellationToken, CancellationTokenSource pendingRequestsCts)
   at System.Net.Http.HttpClient.<SendAsync>g__Core|83_0(HttpRequestMessage request, HttpCompletionOption completionOption, CancellationTokenSource cts, Boolean disposeCts, CancellationTokenSource pendingRequestsCts, CancellationToken originalCancellationToken)
   at Sdk.WebApi.WebApi.RawHttpClientBase.SendAsync(HttpRequestMessage message, HttpCompletionOption completionOption, Object userState, CancellationToken cancellationToken)
   at Sdk.WebApi.WebApi.RawHttpClientBase.SendAsync[T](HttpRequestMessage message, Boolean readErrorBody, Object userState, CancellationToken cancellationToken)
   at Sdk.WebApi.WebApi.RawHttpClientBase.SendAsync[T](HttpMethod method, IEnumerable`1 additionalHeaders, Uri requestUri, HttpContent content, IEnumerable`1 queryParameters, Boolean readErrorBody, Object userState, CancellationToken cancellationToken)
   at GitHub.Actions.RunService.WebApi.BrokerHttpClient.GetRunnerMessageAsync(Nullable`1 sessionId, String runnerVersion, Nullable`1 status, String os, String architecture, Nullable`1 disableUpdate, CancellationToken cancellationToken)
   at GitHub.Runner.Common.BrokerServer.<>c__DisplayClass7_0.<<GetRunnerMessageAsync>b__0>d.MoveNext()
--- End of stack trace from previous location ---
   at GitHub.Runner.Common.RunnerService.RetryRequest[T](Func`1 func, CancellationToken cancellationToken, Int32 maxAttempts, Func`2 shouldRetry)
[2025-11-06 11:53:21Z ERR  BrokerServer] #####################################################
[2025-11-06 11:53:21Z ERR  BrokerServer] System.Threading.Tasks.TaskCanceledException: The operation was canceled.
 ---> System.IO.IOException: Unable to read data from the transport connection: De I/O-bewerking is afgebroken vanwege het afsluiten van een thread of vanwege een opdracht van een toepassing..
 ---> System.Net.Sockets.SocketException (995): De I/O-bewerking is afgebroken vanwege het afsluiten van een thread of vanwege een opdracht van een toepassing.
   --- End of inner exception stack trace ---
   at System.Net.Sockets.Socket.AwaitableSocketAsyncEventArgs.System.Threading.Tasks.Sources.IValueTaskSource<System.Int32>.GetResult(Int16 token)
   at System.Net.Security.SslStream.EnsureFullTlsFrameAsync[TIOAdapter](CancellationToken cancellationToken, Int32 estimatedSize)
   at System.Runtime.CompilerServices.PoolingAsyncValueTaskMethodBuilder`1.StateMachineBox`1.System.Threading.Tasks.Sources.IValueTaskSource<TResult>.GetResult(Int16 token)
   at System.Net.Security.SslStream.ReadAsyncInternal[TIOAdapter](Memory`1 buffer, CancellationToken cancellationToken)
   at System.Runtime.CompilerServices.PoolingAsyncValueTaskMethodBuilder`1.StateMachineBox`1.System.Threading.Tasks.Sources.IValueTaskSource<TResult>.GetResult(Int16 token)
   at System.Net.Http.HttpConnection.SendAsync(HttpRequestMessage request, Boolean async, CancellationToken cancellationToken)
   --- End of inner exception stack trace ---
   at System.Net.Http.HttpConnection.SendAsync(HttpRequestMessage request, Boolean async, CancellationToken cancellationToken)
   at System.Net.Http.AuthenticationHelper.SendWithNtAuthAsync(HttpRequestMessage request, Uri authUri, Boolean async, ICredentials credentials, Boolean isProxyAuth, HttpConnection connection, HttpConnectionPool connectionPool, CancellationToken cancellationToken)
   at System.Net.Http.HttpConnectionPool.SendWithVersionDetectionAndRetryAsync(HttpRequestMessage request, Boolean async, Boolean doRequestAuth, CancellationToken cancellationToken)
   at System.Net.Http.AuthenticationHelper.SendWithAuthAsync(HttpRequestMessage request, Uri authUri, Boolean async, ICredentials credentials, Boolean preAuthenticate, Boolean isProxyAuth, Boolean doRequestAuth, HttpConnectionPool pool, CancellationToken cancellationToken)
   at System.Net.Http.RedirectHandler.SendAsync(HttpRequestMessage request, Boolean async, CancellationToken cancellationToken)
   at GitHub.Services.Common.RawHttpMessageHandler.SendAsync(HttpRequestMessage request, CancellationToken cancellationToken)
   at GitHub.Services.Common.VssHttpRetryMessageHandler.SendAsync(HttpRequestMessage request, CancellationToken cancellationToken)
   at System.Net.Http.HttpClient.<SendAsync>g__Core|83_0(HttpRequestMessage request, HttpCompletionOption completionOption, CancellationTokenSource cts, Boolean disposeCts, CancellationTokenSource pendingRequestsCts, CancellationToken originalCancellationToken)
[2025-11-06 11:53:21Z ERR  BrokerServer] #####################################################
[2025-11-06 11:53:21Z ERR  BrokerServer] System.IO.IOException: Unable to read data from the transport connection: De I/O-bewerking is afgebroken vanwege het afsluiten van een thread of vanwege een opdracht van een toepassing..
 ---> System.Net.Sockets.SocketException (995): De I/O-bewerking is afgebroken vanwege het afsluiten van een thread of vanwege een opdracht van een toepassing.
   --- End of inner exception stack trace ---
   at System.Net.Sockets.Socket.AwaitableSocketAsyncEventArgs.System.Threading.Tasks.Sources.IValueTaskSource<System.Int32>.GetResult(Int16 token)
   at System.Net.Security.SslStream.EnsureFullTlsFrameAsync[TIOAdapter](CancellationToken cancellationToken, Int32 estimatedSize)
   at System.Runtime.CompilerServices.PoolingAsyncValueTaskMethodBuilder`1.StateMachineBox`1.System.Threading.Tasks.Sources.IValueTaskSource<TResult>.GetResult(Int16 token)
   at System.Net.Security.SslStream.ReadAsyncInternal[TIOAdapter](Memory`1 buffer, CancellationToken cancellationToken)
   at System.Runtime.CompilerServices.PoolingAsyncValueTaskMethodBuilder`1.StateMachineBox`1.System.Threading.Tasks.Sources.IValueTaskSource<TResult>.GetResult(Int16 token)
   at System.Net.Http.HttpConnection.SendAsync(HttpRequestMessage request, Boolean async, CancellationToken cancellationToken)
[2025-11-06 11:53:21Z ERR  BrokerServer] #####################################################
[2025-11-06 11:53:21Z ERR  BrokerServer] System.Net.Sockets.SocketException (995): De I/O-bewerking is afgebroken vanwege het afsluiten van een thread of vanwege een opdracht van een toepassing.
[2025-11-06 11:53:21Z WARN BrokerServer] Back off 9,254 seconds before next retry. 4 attempt left.
[2025-11-06 11:53:21Z INFO BrokerMessageListener] Get messages has been cancelled using local token source. Continue to get messages with new status.
[2025-11-06 12:01:31Z INFO Terminal] WRITE LINE: Exiting...
[2025-11-06 12:01:31Z INFO ConfigurationStore] IsServiceConfigured()
[2025-11-06 12:01:31Z INFO ConfigurationStore] IsServiceConfigured: False
[2025-11-06 12:01:31Z INFO HostContext] Runner will be shutdown for UserCancelled
[2025-11-06 12:01:31Z WARN GitHubActionsService] GET request to https://broker.actions.githubusercontent.com/message?sessionId=6eac57f2-3c34-4a5d-b6e6-7647eedb2dc8&status=Online&runnerVersion=2.329.0&os=Windows&architecture=X64&disableUpdate=false has been cancelled.
[2025-11-06 12:01:31Z ERR  BrokerServer] Catch exception during request
[2025-11-06 12:01:31Z ERR  BrokerServer] System.Threading.Tasks.TaskCanceledException: The operation was canceled.
 ---> System.Threading.Tasks.TaskCanceledException: The operation was canceled.
 ---> System.IO.IOException: Unable to read data from the transport connection: De I/O-bewerking is afgebroken vanwege het afsluiten van een thread of vanwege een opdracht van een toepassing..
 ---> System.Net.Sockets.SocketException (995): De I/O-bewerking is afgebroken vanwege het afsluiten van een thread of vanwege een opdracht van een toepassing.
   --- End of inner exception stack trace ---
   at System.Net.Sockets.Socket.AwaitableSocketAsyncEventArgs.System.Threading.Tasks.Sources.IValueTaskSource<System.Int32>.GetResult(Int16 token)
   at System.Net.Security.SslStream.EnsureFullTlsFrameAsync[TIOAdapter](CancellationToken cancellationToken, Int32 estimatedSize)
   at System.Runtime.CompilerServices.PoolingAsyncValueTaskMethodBuilder`1.StateMachineBox`1.System.Threading.Tasks.Sources.IValueTaskSource<TResult>.GetResult(Int16 token)
   at System.Net.Security.SslStream.ReadAsyncInternal[TIOAdapter](Memory`1 buffer, CancellationToken cancellationToken)
   at System.Runtime.CompilerServices.PoolingAsyncValueTaskMethodBuilder`1.StateMachineBox`1.System.Threading.Tasks.Sources.IValueTaskSource<TResult>.GetResult(Int16 token)
   at System.Net.Http.HttpConnection.SendAsync(HttpRequestMessage request, Boolean async, CancellationToken cancellationToken)
   --- End of inner exception stack trace ---
   at System.Net.Http.HttpConnection.SendAsync(HttpRequestMessage request, Boolean async, CancellationToken cancellationToken)
   at System.Net.Http.AuthenticationHelper.SendWithNtAuthAsync(HttpRequestMessage request, Uri authUri, Boolean async, ICredentials credentials, Boolean isProxyAuth, HttpConnection connection, HttpConnectionPool connectionPool, CancellationToken cancellationToken)
   at System.Net.Http.HttpConnectionPool.SendWithVersionDetectionAndRetryAsync(HttpRequestMessage request, Boolean async, Boolean doRequestAuth, CancellationToken cancellationToken)
   at System.Net.Http.AuthenticationHelper.SendWithAuthAsync(HttpRequestMessage request, Uri authUri, Boolean async, ICredentials credentials, Boolean preAuthenticate, Boolean isProxyAuth, Boolean doRequestAuth, HttpConnectionPool pool, CancellationToken cancellationToken)
   at System.Net.Http.RedirectHandler.SendAsync(HttpRequestMessage request, Boolean async, CancellationToken cancellationToken)
   at GitHub.Services.Common.RawHttpMessageHandler.SendAsync(HttpRequestMessage request, CancellationToken cancellationToken)
   at GitHub.Services.Common.VssHttpRetryMessageHandler.SendAsync(HttpRequestMessage request, CancellationToken cancellationToken)
   at System.Net.Http.HttpClient.<SendAsync>g__Core|83_0(HttpRequestMessage request, HttpCompletionOption completionOption, CancellationTokenSource cts, Boolean disposeCts, CancellationTokenSource pendingRequestsCts, CancellationToken originalCancellationToken)
   --- End of inner exception stack trace ---
   at System.Net.Http.HttpClient.HandleFailure(Exception e, Boolean telemetryStarted, HttpResponseMessage response, CancellationTokenSource cts, CancellationToken cancellationToken, CancellationTokenSource pendingRequestsCts)
   at System.Net.Http.HttpClient.<SendAsync>g__Core|83_0(HttpRequestMessage request, HttpCompletionOption completionOption, CancellationTokenSource cts, Boolean disposeCts, CancellationTokenSource pendingRequestsCts, CancellationToken originalCancellationToken)
   at Sdk.WebApi.WebApi.RawHttpClientBase.SendAsync(HttpRequestMessage message, HttpCompletionOption completionOption, Object userState, CancellationToken cancellationToken)
   at Sdk.WebApi.WebApi.RawHttpClientBase.SendAsync[T](HttpRequestMessage message, Boolean readErrorBody, Object userState, CancellationToken cancellationToken)
   at Sdk.WebApi.WebApi.RawHttpClientBase.SendAsync[T](HttpMethod method, IEnumerable`1 additionalHeaders, Uri requestUri, HttpContent content, IEnumerable`1 queryParameters, Boolean readErrorBody, Object userState, CancellationToken cancellationToken)
   at GitHub.Actions.RunService.WebApi.BrokerHttpClient.GetRunnerMessageAsync(Nullable`1 sessionId, String runnerVersion, Nullable`1 status, String os, String architecture, Nullable`1 disableUpdate, CancellationToken cancellationToken)
   at GitHub.Runner.Common.BrokerServer.<>c__DisplayClass7_0.<<GetRunnerMessageAsync>b__0>d.MoveNext()
--- End of stack trace from previous location ---
   at GitHub.Runner.Common.RunnerService.RetryRequest[T](Func`1 func, CancellationToken cancellationToken, Int32 maxAttempts, Func`2 shouldRetry)
[2025-11-06 12:01:31Z ERR  BrokerServer] #####################################################
[2025-11-06 12:01:31Z ERR  BrokerServer] System.Threading.Tasks.TaskCanceledException: The operation was canceled.
 ---> System.IO.IOException: Unable to read data from the transport connection: De I/O-bewerking is afgebroken vanwege het afsluiten van een thread of vanwege een opdracht van een toepassing..
 ---> System.Net.Sockets.SocketException (995): De I/O-bewerking is afgebroken vanwege het afsluiten van een thread of vanwege een opdracht van een toepassing.
   --- End of inner exception stack trace ---
   at System.Net.Sockets.Socket.AwaitableSocketAsyncEventArgs.System.Threading.Tasks.Sources.IValueTaskSource<System.Int32>.GetResult(Int16 token)
   at System.Net.Security.SslStream.EnsureFullTlsFrameAsync[TIOAdapter](CancellationToken cancellationToken, Int32 estimatedSize)
   at System.Runtime.CompilerServices.PoolingAsyncValueTaskMethodBuilder`1.StateMachineBox`1.System.Threading.Tasks.Sources.IValueTaskSource<TResult>.GetResult(Int16 token)
   at System.Net.Security.SslStream.ReadAsyncInternal[TIOAdapter](Memory`1 buffer, CancellationToken cancellationToken)
   at System.Runtime.CompilerServices.PoolingAsyncValueTaskMethodBuilder`1.StateMachineBox`1.System.Threading.Tasks.Sources.IValueTaskSource<TResult>.GetResult(Int16 token)
   at System.Net.Http.HttpConnection.SendAsync(HttpRequestMessage request, Boolean async, CancellationToken cancellationToken)
   --- End of inner exception stack trace ---
   at System.Net.Http.HttpConnection.SendAsync(HttpRequestMessage request, Boolean async, CancellationToken cancellationToken)
   at System.Net.Http.AuthenticationHelper.SendWithNtAuthAsync(HttpRequestMessage request, Uri authUri, Boolean async, ICredentials credentials, Boolean isProxyAuth, HttpConnection connection, HttpConnectionPool connectionPool, CancellationToken cancellationToken)
   at System.Net.Http.HttpConnectionPool.SendWithVersionDetectionAndRetryAsync(HttpRequestMessage request, Boolean async, Boolean doRequestAuth, CancellationToken cancellationToken)
   at System.Net.Http.AuthenticationHelper.SendWithAuthAsync(HttpRequestMessage request, Uri authUri, Boolean async, ICredentials credentials, Boolean preAuthenticate, Boolean isProxyAuth, Boolean doRequestAuth, HttpConnectionPool pool, CancellationToken cancellationToken)
   at System.Net.Http.RedirectHandler.SendAsync(HttpRequestMessage request, Boolean async, CancellationToken cancellationToken)
   at GitHub.Services.Common.RawHttpMessageHandler.SendAsync(HttpRequestMessage request, CancellationToken cancellationToken)
   at GitHub.Services.Common.VssHttpRetryMessageHandler.SendAsync(HttpRequestMessage request, CancellationToken cancellationToken)
   at System.Net.Http.HttpClient.<SendAsync>g__Core|83_0(HttpRequestMessage request, HttpCompletionOption completionOption, CancellationTokenSource cts, Boolean disposeCts, CancellationTokenSource pendingRequestsCts, CancellationToken originalCancellationToken)
[2025-11-06 12:01:31Z ERR  BrokerServer] #####################################################
[2025-11-06 12:01:31Z ERR  BrokerServer] System.IO.IOException: Unable to read data from the transport connection: De I/O-bewerking is afgebroken vanwege het afsluiten van een thread of vanwege een opdracht van een toepassing..
 ---> System.Net.Sockets.SocketException (995): De I/O-bewerking is afgebroken vanwege het afsluiten van een thread of vanwege een opdracht van een toepassing.
   --- End of inner exception stack trace ---
   at System.Net.Sockets.Socket.AwaitableSocketAsyncEventArgs.System.Threading.Tasks.Sources.IValueTaskSource<System.Int32>.GetResult(Int16 token)
   at System.Net.Security.SslStream.EnsureFullTlsFrameAsync[TIOAdapter](CancellationToken cancellationToken, Int32 estimatedSize)
   at System.Runtime.CompilerServices.PoolingAsyncValueTaskMethodBuilder`1.StateMachineBox`1.System.Threading.Tasks.Sources.IValueTaskSource<TResult>.GetResult(Int16 token)
   at System.Net.Security.SslStream.ReadAsyncInternal[TIOAdapter](Memory`1 buffer, CancellationToken cancellationToken)
   at System.Runtime.CompilerServices.PoolingAsyncValueTaskMethodBuilder`1.StateMachineBox`1.System.Threading.Tasks.Sources.IValueTaskSource<TResult>.GetResult(Int16 token)
   at System.Net.Http.HttpConnection.SendAsync(HttpRequestMessage request, Boolean async, CancellationToken cancellationToken)
[2025-11-06 12:01:31Z ERR  BrokerServer] #####################################################
[2025-11-06 12:01:31Z ERR  BrokerServer] System.Net.Sockets.SocketException (995): De I/O-bewerking is afgebroken vanwege het afsluiten van een thread of vanwege een opdracht van een toepassing.
[2025-11-06 12:01:31Z WARN BrokerServer] Back off 8,485 seconds before next retry. 4 attempt left.
[2025-11-06 12:01:31Z INFO BrokerMessageListener] Get next message has been cancelled.
[2025-11-06 12:01:31Z INFO JobDispatcher] Shutting down JobDispatcher. Make sure all WorkerDispatcher has finished.
[2025-11-06 12:01:31Z INFO JobDispatcher] Ensure WorkerDispatcher for job ac6f1d06-5ca7-565b-bb61-800e6ddff27f run to finish, cancel any running job.
[2025-11-06 12:01:31Z INFO JobDispatcher] Job request ac6f1d06-5ca7-565b-bb61-800e6ddff27f processed succeed.
[2025-11-06 12:01:31Z INFO Runner] Deleting Runner Session...
[2025-11-06 12:01:32Z INFO Listener] Runner execution been cancelled.
