[2025-11-06 10:17:23Z INFO HostContext] No proxy settings were found based on environmental variables (http_proxy/https_proxy/HTTP_PROXY/HTTPS_PROXY)
[2025-11-06 10:17:23Z INFO HostContext] Well known directory 'Bin': 'C:\SCHOOL\HOWEST LES\SEM5 MCT\MLOps\Labo\Week5\03-MLOps-GithubActions\actions-runner\bin'
[2025-11-06 10:17:23Z INFO HostContext] Well known directory 'Root': 'C:\SCHOOL\HOWEST LES\SEM5 MCT\MLOps\Labo\Week5\03-MLOps-GithubActions\actions-runner'
[2025-11-06 10:17:23Z INFO HostContext] Well known config file 'Credentials': 'C:\SCHOOL\HOWEST LES\SEM5 MCT\MLOps\Labo\Week5\03-MLOps-GithubActions\actions-runner\.credentials'
[2025-11-06 10:17:24Z INFO HostContext] Well known directory 'Bin': 'C:\SCHOOL\HOWEST LES\SEM5 MCT\MLOps\Labo\Week5\03-MLOps-GithubActions\actions-runner\bin'
[2025-11-06 10:17:24Z INFO HostContext] Well known directory 'Root': 'C:\SCHOOL\HOWEST LES\SEM5 MCT\MLOps\Labo\Week5\03-MLOps-GithubActions\actions-runner'
[2025-11-06 10:17:24Z INFO HostContext] Well known config file 'Runner': 'C:\SCHOOL\HOWEST LES\SEM5 MCT\MLOps\Labo\Week5\03-MLOps-GithubActions\actions-runner\.runner'
[2025-11-06 10:17:24Z INFO Listener] Runner is built for Windows (X64) - win-x64.
[2025-11-06 10:17:24Z INFO Listener] RuntimeInformation: Microsoft Windows 10.0.26100.
[2025-11-06 10:17:24Z INFO Listener] Version: 2.329.0
[2025-11-06 10:17:24Z INFO Listener] Commit: c76c59996c8fa32e989164a5a695efb12608ae5a
[2025-11-06 10:17:24Z INFO Listener] Culture: nl-BE
[2025-11-06 10:17:24Z INFO Listener] UI Culture: nl-NL
[2025-11-06 10:17:24Z INFO HostContext] Well known directory 'Bin': 'C:\SCHOOL\HOWEST LES\SEM5 MCT\MLOps\Labo\Week5\03-MLOps-GithubActions\actions-runner\bin'
[2025-11-06 10:17:24Z INFO HostContext] Well known directory 'Root': 'C:\SCHOOL\HOWEST LES\SEM5 MCT\MLOps\Labo\Week5\03-MLOps-GithubActions\actions-runner'
[2025-11-06 10:17:24Z INFO Listener] Validating directory permissions for: 'C:\SCHOOL\HOWEST LES\SEM5 MCT\MLOps\Labo\Week5\03-MLOps-GithubActions\actions-runner'
[2025-11-06 10:17:24Z INFO CommandLineParser] Parse
[2025-11-06 10:17:24Z INFO CommandLineParser] Parsing 1 args
[2025-11-06 10:17:24Z INFO CommandLineParser] parsing argument
[2025-11-06 10:17:24Z INFO CommandLineParser] HasArgs: False
[2025-11-06 10:17:24Z INFO CommandLineParser] Adding Command: run
[2025-11-06 10:17:24Z INFO Listener] Arguments parsed
[2025-11-06 10:17:24Z INFO Runner] ExecuteCommand
[2025-11-06 10:17:24Z INFO ConfigurationStore] currentAssemblyLocation: C:\SCHOOL\HOWEST LES\SEM5 MCT\MLOps\Labo\Week5\03-MLOps-GithubActions\actions-runner\bin\Runner.Listener.dll
[2025-11-06 10:17:24Z INFO HostContext] Well known directory 'Bin': 'C:\SCHOOL\HOWEST LES\SEM5 MCT\MLOps\Labo\Week5\03-MLOps-GithubActions\actions-runner\bin'
[2025-11-06 10:17:24Z INFO ConfigurationStore] binPath: C:\SCHOOL\HOWEST LES\SEM5 MCT\MLOps\Labo\Week5\03-MLOps-GithubActions\actions-runner\bin
[2025-11-06 10:17:24Z INFO HostContext] Well known directory 'Bin': 'C:\SCHOOL\HOWEST LES\SEM5 MCT\MLOps\Labo\Week5\03-MLOps-GithubActions\actions-runner\bin'
[2025-11-06 10:17:24Z INFO HostContext] Well known directory 'Root': 'C:\SCHOOL\HOWEST LES\SEM5 MCT\MLOps\Labo\Week5\03-MLOps-GithubActions\actions-runner'
[2025-11-06 10:17:24Z INFO ConfigurationStore] RootFolder: C:\SCHOOL\HOWEST LES\SEM5 MCT\MLOps\Labo\Week5\03-MLOps-GithubActions\actions-runner
[2025-11-06 10:17:24Z INFO HostContext] Well known directory 'Bin': 'C:\SCHOOL\HOWEST LES\SEM5 MCT\MLOps\Labo\Week5\03-MLOps-GithubActions\actions-runner\bin'
[2025-11-06 10:17:24Z INFO HostContext] Well known directory 'Root': 'C:\SCHOOL\HOWEST LES\SEM5 MCT\MLOps\Labo\Week5\03-MLOps-GithubActions\actions-runner'
[2025-11-06 10:17:24Z INFO HostContext] Well known config file 'Runner': 'C:\SCHOOL\HOWEST LES\SEM5 MCT\MLOps\Labo\Week5\03-MLOps-GithubActions\actions-runner\.runner'
[2025-11-06 10:17:24Z INFO ConfigurationStore] ConfigFilePath: C:\SCHOOL\HOWEST LES\SEM5 MCT\MLOps\Labo\Week5\03-MLOps-GithubActions\actions-runner\.runner
[2025-11-06 10:17:24Z INFO HostContext] Well known directory 'Bin': 'C:\SCHOOL\HOWEST LES\SEM5 MCT\MLOps\Labo\Week5\03-MLOps-GithubActions\actions-runner\bin'
[2025-11-06 10:17:24Z INFO HostContext] Well known directory 'Root': 'C:\SCHOOL\HOWEST LES\SEM5 MCT\MLOps\Labo\Week5\03-MLOps-GithubActions\actions-runner'
[2025-11-06 10:17:24Z INFO HostContext] Well known config file 'MigratedRunner': 'C:\SCHOOL\HOWEST LES\SEM5 MCT\MLOps\Labo\Week5\03-MLOps-GithubActions\actions-runner\.runner_migrated'
[2025-11-06 10:17:24Z INFO ConfigurationStore] MigratedConfigFilePath: C:\SCHOOL\HOWEST LES\SEM5 MCT\MLOps\Labo\Week5\03-MLOps-GithubActions\actions-runner\.runner_migrated
[2025-11-06 10:17:24Z INFO HostContext] Well known directory 'Bin': 'C:\SCHOOL\HOWEST LES\SEM5 MCT\MLOps\Labo\Week5\03-MLOps-GithubActions\actions-runner\bin'
[2025-11-06 10:17:24Z INFO HostContext] Well known directory 'Root': 'C:\SCHOOL\HOWEST LES\SEM5 MCT\MLOps\Labo\Week5\03-MLOps-GithubActions\actions-runner'
[2025-11-06 10:17:24Z INFO HostContext] Well known config file 'Credentials': 'C:\SCHOOL\HOWEST LES\SEM5 MCT\MLOps\Labo\Week5\03-MLOps-GithubActions\actions-runner\.credentials'
[2025-11-06 10:17:24Z INFO ConfigurationStore] CredFilePath: C:\SCHOOL\HOWEST LES\SEM5 MCT\MLOps\Labo\Week5\03-MLOps-GithubActions\actions-runner\.credentials
[2025-11-06 10:17:24Z INFO HostContext] Well known directory 'Bin': 'C:\SCHOOL\HOWEST LES\SEM5 MCT\MLOps\Labo\Week5\03-MLOps-GithubActions\actions-runner\bin'
[2025-11-06 10:17:24Z INFO HostContext] Well known directory 'Root': 'C:\SCHOOL\HOWEST LES\SEM5 MCT\MLOps\Labo\Week5\03-MLOps-GithubActions\actions-runner'
[2025-11-06 10:17:24Z INFO HostContext] Well known config file 'MigratedCredentials': 'C:\SCHOOL\HOWEST LES\SEM5 MCT\MLOps\Labo\Week5\03-MLOps-GithubActions\actions-runner\.credentials_migrated'
[2025-11-06 10:17:24Z INFO ConfigurationStore] MigratedCredFilePath: C:\SCHOOL\HOWEST LES\SEM5 MCT\MLOps\Labo\Week5\03-MLOps-GithubActions\actions-runner\.credentials_migrated
[2025-11-06 10:17:24Z INFO HostContext] Well known directory 'Bin': 'C:\SCHOOL\HOWEST LES\SEM5 MCT\MLOps\Labo\Week5\03-MLOps-GithubActions\actions-runner\bin'
[2025-11-06 10:17:24Z INFO HostContext] Well known directory 'Root': 'C:\SCHOOL\HOWEST LES\SEM5 MCT\MLOps\Labo\Week5\03-MLOps-GithubActions\actions-runner'
[2025-11-06 10:17:24Z INFO HostContext] Well known config file 'Service': 'C:\SCHOOL\HOWEST LES\SEM5 MCT\MLOps\Labo\Week5\03-MLOps-GithubActions\actions-runner\.service'
[2025-11-06 10:17:24Z INFO ConfigurationStore] ServiceConfigFilePath: C:\SCHOOL\HOWEST LES\SEM5 MCT\MLOps\Labo\Week5\03-MLOps-GithubActions\actions-runner\.service
[2025-11-06 10:17:24Z INFO CommandSettings] Flag 'help': 'False'
[2025-11-06 10:17:24Z INFO CommandSettings] Flag 'version': 'False'
[2025-11-06 10:17:24Z INFO CommandSettings] Flag 'commit': 'False'
[2025-11-06 10:17:24Z INFO CommandSettings] Flag 'check': 'False'
[2025-11-06 10:17:24Z INFO CommandSettings] Command 'configure': 'False'
[2025-11-06 10:17:24Z INFO CommandSettings] Command 'remove': 'False'
[2025-11-06 10:17:24Z INFO CommandSettings] Command 'warmup': 'False'
[2025-11-06 10:17:24Z INFO ConfigurationManager] LoadSettings
[2025-11-06 10:17:24Z INFO ConfigurationStore] IsConfigured()
[2025-11-06 10:17:24Z INFO ConfigurationStore] IsConfigured: True
[2025-11-06 10:17:24Z INFO ConfigurationManager] Is configured: True
[2025-11-06 10:17:24Z INFO ConfigurationStore] Read setting file: 402 chars
[2025-11-06 10:17:24Z INFO ConfigurationManager] Settings Loaded
[2025-11-06 10:17:24Z INFO ConfigurationStore] IsServiceConfigured()
[2025-11-06 10:17:24Z INFO ConfigurationStore] IsServiceConfigured: False
[2025-11-06 10:17:24Z INFO CommandSettings] Command 'run': 'True'
[2025-11-06 10:17:24Z INFO ConfigurationStore] IsConfigured()
[2025-11-06 10:17:24Z INFO ConfigurationStore] IsConfigured: True
[2025-11-06 10:17:24Z INFO ConfigurationManager] Is configured: True
[2025-11-06 10:17:24Z INFO Runner] Could not parse the argument value '' for StartupType. Defaulting to Manual
[2025-11-06 10:17:24Z INFO Runner] Set runner startup type - Manual
[2025-11-06 10:17:24Z INFO CommandSettings] Flag 'once': 'False'
[2025-11-06 10:17:24Z INFO CommandSettings] Flag 'once': 'False'
[2025-11-06 10:17:24Z INFO Runner] RunAsync
[2025-11-06 10:17:24Z INFO ConfigurationManager] LoadMigratedSettings
[2025-11-06 10:17:24Z INFO ConfigurationStore] IsMigratedConfigured()
[2025-11-06 10:17:24Z INFO ConfigurationStore] IsMigratedConfigured: False
[2025-11-06 10:17:24Z INFO Runner] Failed to load migrated settings: No migrated configuration found.
[2025-11-06 10:17:24Z INFO Runner] Falling back to original .runner settings
[2025-11-06 10:17:24Z INFO Runner] Using BrokerMessageListener
[2025-11-06 10:17:24Z INFO BrokerMessageListener] Using provided settings
[2025-11-06 10:17:24Z INFO BrokerMessageListener] {
  "AgentId": 2,
  "AgentName": "MSI",
  "PoolId": 1,
  "PoolName": "Default",
  "ServerUrl": "https://pipelinesghubeus25.actions.githubusercontent.com/WiUpu9Pnkv3MKD58V5oxbZ8ketpBxegbuMcs38JyDyHbFZtKqd/",
  "GitHubUrl": "https://github.com/DHaluwinRune/03-MLOps-GithubActions",
  "WorkFolder": "_work",
  "UseV2Flow": true,
  "ServerUrlV2": "https://broker.actions.githubusercontent.com/"
}
[2025-11-06 10:17:24Z INFO BrokerMessageListener] Loading Credentials
[2025-11-06 10:17:24Z INFO ConfigurationStore] HasCredentials()
[2025-11-06 10:17:24Z INFO ConfigurationStore] stored True
[2025-11-06 10:17:24Z INFO CredentialManager] GetCredentialProvider
[2025-11-06 10:17:24Z INFO CredentialManager] Creating type OAuth
[2025-11-06 10:17:24Z INFO CredentialManager] Creating credential type: OAuth
[2025-11-06 10:17:24Z INFO HostContext] Well known directory 'Bin': 'C:\SCHOOL\HOWEST LES\SEM5 MCT\MLOps\Labo\Week5\03-MLOps-GithubActions\actions-runner\bin'
[2025-11-06 10:17:24Z INFO HostContext] Well known directory 'Root': 'C:\SCHOOL\HOWEST LES\SEM5 MCT\MLOps\Labo\Week5\03-MLOps-GithubActions\actions-runner'
[2025-11-06 10:17:24Z INFO HostContext] Well known config file 'RSACredentials': 'C:\SCHOOL\HOWEST LES\SEM5 MCT\MLOps\Labo\Week5\03-MLOps-GithubActions\actions-runner\.credentials_rsaparams'
[2025-11-06 10:17:24Z INFO RSAEncryptedFileKeyManager] Loading RSA key parameters from file C:\SCHOOL\HOWEST LES\SEM5 MCT\MLOps\Labo\Week5\03-MLOps-GithubActions\actions-runner\.credentials_rsaparams
[2025-11-06 10:17:24Z INFO BrokerMessageListener] Attempt to create session.
[2025-11-06 10:17:24Z INFO BrokerMessageListener] Connecting to the Broker Server...
[2025-11-06 10:17:24Z INFO ConfigurationStore] HasCredentials()
[2025-11-06 10:17:24Z INFO ConfigurationStore] stored True
[2025-11-06 10:17:24Z INFO CredentialManager] GetCredentialProvider
[2025-11-06 10:17:24Z INFO CredentialManager] Creating type OAuth
[2025-11-06 10:17:24Z INFO CredentialManager] Creating credential type: OAuth
[2025-11-06 10:17:24Z INFO RSAEncryptedFileKeyManager] Loading RSA key parameters from file C:\SCHOOL\HOWEST LES\SEM5 MCT\MLOps\Labo\Week5\03-MLOps-GithubActions\actions-runner\.credentials_rsaparams
[2025-11-06 10:17:24Z INFO BrokerMessageListener] VssConnection created
[2025-11-06 10:17:24Z INFO BrokerMessageListener] Connecting to the Runner server...
[2025-11-06 10:17:24Z INFO RunnerServer] EstablishVssConnection
[2025-11-06 10:17:24Z INFO RunnerServer] Establish connection with 100 seconds timeout.
[2025-11-06 10:17:24Z INFO GitHubActionsService] Starting operation Location.GetConnectionData
[2025-11-06 10:17:24Z INFO RunnerServer] EstablishVssConnection
[2025-11-06 10:17:24Z INFO RunnerServer] Establish connection with 60 seconds timeout.
[2025-11-06 10:17:24Z INFO GitHubActionsService] Starting operation Location.GetConnectionData
[2025-11-06 10:17:24Z INFO RunnerServer] EstablishVssConnection
[2025-11-06 10:17:24Z INFO RunnerServer] Establish connection with 60 seconds timeout.
[2025-11-06 10:17:24Z INFO GitHubActionsService] Starting operation Location.GetConnectionData
[2025-11-06 10:17:25Z INFO GitHubActionsService] Finished operation Location.GetConnectionData
[2025-11-06 10:17:25Z INFO GitHubActionsService] Finished operation Location.GetConnectionData
[2025-11-06 10:17:25Z INFO GitHubActionsService] Finished operation Location.GetConnectionData
[2025-11-06 10:17:25Z INFO BrokerMessageListener] VssConnection created
[2025-11-06 10:17:25Z INFO Terminal] WRITE LINE: 
[2025-11-06 10:17:25Z INFO Terminal] WRITE LINE: 
[2025-11-06 10:17:25Z INFO RSAEncryptedFileKeyManager] Loading RSA key parameters from file C:\SCHOOL\HOWEST LES\SEM5 MCT\MLOps\Labo\Week5\03-MLOps-GithubActions\actions-runner\.credentials_rsaparams
[2025-11-06 10:17:25Z INFO RSAEncryptedFileKeyManager] Loading RSA key parameters from file C:\SCHOOL\HOWEST LES\SEM5 MCT\MLOps\Labo\Week5\03-MLOps-GithubActions\actions-runner\.credentials_rsaparams
[2025-11-06 10:17:25Z INFO GitHubActionsService] AAD Correlation ID for this token request: Unknown
[2025-11-06 10:17:26Z INFO BrokerMessageListener] Session created.
[2025-11-06 10:17:26Z INFO Terminal] WRITE LINE: Current runner version: '2.329.0'
[2025-11-06 10:17:26Z INFO Terminal] WRITE LINE: 2025-11-06 10:17:26Z: Listening for Jobs
[2025-11-06 10:17:26Z INFO JobDispatcher] Set runner/worker IPC timeout to 30 seconds.
[2025-11-06 10:17:27Z INFO ConfigurationStore] HasCredentials()
[2025-11-06 10:17:27Z INFO ConfigurationStore] stored True
[2025-11-06 10:17:27Z INFO CredentialManager] GetCredentialProvider
[2025-11-06 10:17:27Z INFO CredentialManager] Creating type OAuth
[2025-11-06 10:17:27Z INFO CredentialManager] Creating credential type: OAuth
[2025-11-06 10:17:27Z INFO RSAEncryptedFileKeyManager] Loading RSA key parameters from file C:\SCHOOL\HOWEST LES\SEM5 MCT\MLOps\Labo\Week5\03-MLOps-GithubActions\actions-runner\.credentials_rsaparams
[2025-11-06 10:17:27Z INFO RSAEncryptedFileKeyManager] Loading RSA key parameters from file C:\SCHOOL\HOWEST LES\SEM5 MCT\MLOps\Labo\Week5\03-MLOps-GithubActions\actions-runner\.credentials_rsaparams
[2025-11-06 10:17:27Z INFO RSAEncryptedFileKeyManager] Loading RSA key parameters from file C:\SCHOOL\HOWEST LES\SEM5 MCT\MLOps\Labo\Week5\03-MLOps-GithubActions\actions-runner\.credentials_rsaparams
[2025-11-06 10:17:27Z INFO GitHubActionsService] AAD Correlation ID for this token request: Unknown
[2025-11-06 10:17:29Z INFO JobDispatcher] Job request 0 for plan a293fdc9-d970-4d3d-a231-afae6ac32338 job a45e006d-7b87-5db1-9ce7-91537dada096 received.
[2025-11-06 10:17:29Z INFO JobDispatcher] Pull OrchestrationId a293fdc9-d970-4d3d-a231-afae6ac32338.docker-build-and-push.__default from JWT claims
[2025-11-06 10:17:29Z INFO BrokerMessageListener] Received job status event. JobState: Busy
[2025-11-06 10:17:29Z INFO BrokerMessageListener] _getMessagesTokenSource is already disposed.
[2025-11-06 10:17:29Z INFO Terminal] WRITE LINE: 2025-11-06 10:17:29Z: Running job: docker-build-and-push
[2025-11-06 10:17:29Z INFO JobDispatcher] Start renew job request 0 for job a45e006d-7b87-5db1-9ce7-91537dada096.
[2025-11-06 10:17:29Z INFO JobDispatcher] Successfully renew job a45e006d-7b87-5db1-9ce7-91537dada096, job is valid till 6/11/2025 10:27:29
[2025-11-06 10:17:29Z INFO HostContext] Well known directory 'Bin': 'C:\SCHOOL\HOWEST LES\SEM5 MCT\MLOps\Labo\Week5\03-MLOps-GithubActions\actions-runner\bin'
[2025-11-06 10:17:29Z INFO ProcessInvokerWrapper] Starting process:
[2025-11-06 10:17:29Z INFO ProcessInvokerWrapper]   File name: 'C:\SCHOOL\HOWEST LES\SEM5 MCT\MLOps\Labo\Week5\03-MLOps-GithubActions\actions-runner\bin\Runner.Worker.exe'
[2025-11-06 10:17:29Z INFO ProcessInvokerWrapper]   Arguments: 'spawnclient 2288 2300'
[2025-11-06 10:17:29Z INFO ProcessInvokerWrapper]   Working directory: 'C:\SCHOOL\HOWEST LES\SEM5 MCT\MLOps\Labo\Week5\03-MLOps-GithubActions\actions-runner\bin'
[2025-11-06 10:17:29Z INFO ProcessInvokerWrapper]   Require exit code zero: 'False'
[2025-11-06 10:17:29Z INFO ProcessInvokerWrapper]   Encoding web name:  ; code page: ''
[2025-11-06 10:17:29Z INFO ProcessInvokerWrapper]   Force kill process on cancellation: 'True'
[2025-11-06 10:17:29Z INFO ProcessInvokerWrapper]   Redirected STDIN: 'False'
[2025-11-06 10:17:29Z INFO ProcessInvokerWrapper]   Persist current code page: 'False'
[2025-11-06 10:17:29Z INFO ProcessInvokerWrapper]   Keep redirected STDIN open: 'False'
[2025-11-06 10:17:29Z INFO ProcessInvokerWrapper]   High priority process: 'True'
[2025-11-06 10:17:29Z INFO ProcessInvokerWrapper] Process started with process id 29876, waiting for process exit.
[2025-11-06 10:17:29Z INFO JobDispatcher] Send job request message to worker for job a45e006d-7b87-5db1-9ce7-91537dada096.
[2025-11-06 10:17:29Z INFO ProcessChannel] Sending message of length 21755, with hash 'a7bc44026af46170f5a4fc765dcb692efb249bd3b174d77ed00b671e04994f4e'
[2025-11-06 10:17:30Z INFO JobNotification] Entering JobStarted Notification
[2025-11-06 10:17:30Z INFO JobNotification] Entering StartMonitor
[2025-11-06 10:17:32Z INFO JobDispatcher] Job cancellation request a45e006d-7b87-5db1-9ce7-91537dada096 received, cancellation timeout 5 minutes.
[2025-11-06 10:17:32Z INFO JobDispatcher] Send job cancellation message to worker for job a45e006d-7b87-5db1-9ce7-91537dada096.
[2025-11-06 10:17:32Z INFO ProcessChannel] Sending message of length 0, with hash 'e3b0c44298fc1c149afbf4c8996fb92427ae41e4649b934ca495991b7852b855'
[2025-11-06 10:17:32Z INFO JobDispatcher] Job cancellation request a45e006d-7b87-5db1-9ce7-91537dada096 received, cancellation timeout 5 minutes.
[2025-11-06 10:17:32Z INFO JobDispatcher] Job cancellation request a45e006d-7b87-5db1-9ce7-91537dada096 received, cancellation timeout 5 minutes.
[2025-11-06 10:17:32Z INFO JobDispatcher] Job cancellation request a45e006d-7b87-5db1-9ce7-91537dada096 received, cancellation timeout 5 minutes.
[2025-11-06 10:17:33Z INFO JobDispatcher] Job cancellation request a45e006d-7b87-5db1-9ce7-91537dada096 received, cancellation timeout 5 minutes.
[2025-11-06 10:17:33Z INFO JobDispatcher] Job cancellation request a45e006d-7b87-5db1-9ce7-91537dada096 received, cancellation timeout 5 minutes.
[2025-11-06 10:17:33Z INFO JobDispatcher] Job cancellation request a45e006d-7b87-5db1-9ce7-91537dada096 received, cancellation timeout 5 minutes.
[2025-11-06 10:17:33Z INFO JobDispatcher] Job cancellation request a45e006d-7b87-5db1-9ce7-91537dada096 received, cancellation timeout 5 minutes.
[2025-11-06 10:17:33Z INFO JobDispatcher] Job cancellation request a45e006d-7b87-5db1-9ce7-91537dada096 received, cancellation timeout 5 minutes.
[2025-11-06 10:17:34Z INFO JobDispatcher] Job cancellation request a45e006d-7b87-5db1-9ce7-91537dada096 received, cancellation timeout 5 minutes.
[2025-11-06 10:17:34Z INFO JobDispatcher] Job cancellation request a45e006d-7b87-5db1-9ce7-91537dada096 received, cancellation timeout 5 minutes.
[2025-11-06 10:17:34Z INFO ProcessInvokerWrapper] STDOUT/STDERR stream read finished.
[2025-11-06 10:17:34Z INFO ProcessInvokerWrapper] STDOUT/STDERR stream read finished.
[2025-11-06 10:17:34Z INFO ProcessInvokerWrapper] Finished process 29876 with exit code 103, and elapsed time 00:00:04.9532473.
[2025-11-06 10:17:34Z INFO JobDispatcher] finish job request for job a45e006d-7b87-5db1-9ce7-91537dada096 with result: Canceled
[2025-11-06 10:17:34Z INFO Terminal] WRITE LINE: 2025-11-06 10:17:34Z: Job docker-build-and-push completed with result: Canceled
[2025-11-06 10:17:34Z INFO JobDispatcher] Stop renew job request for job a45e006d-7b87-5db1-9ce7-91537dada096.
[2025-11-06 10:17:34Z INFO JobDispatcher] job renew has been cancelled, stop renew job a45e006d-7b87-5db1-9ce7-91537dada096.
[2025-11-06 10:17:34Z INFO JobNotification] Entering JobCompleted Notification
[2025-11-06 10:17:34Z INFO JobNotification] Entering EndMonitor
[2025-11-06 10:17:34Z INFO BrokerMessageListener] Received job status event. JobState: Online
[2025-11-06 10:17:34Z WARN GitHubActionsService] GET request to https://broker.actions.githubusercontent.com/message?sessionId=e873ae81-20ec-48f2-9f9c-8bd4bbd59b7e&status=Busy&runnerVersion=2.329.0&os=Windows&architecture=X64&disableUpdate=false has been cancelled.
[2025-11-06 10:17:34Z ERR  BrokerServer] Catch exception during request
[2025-11-06 10:17:34Z ERR  BrokerServer] System.Threading.Tasks.TaskCanceledException: The operation was canceled.
 ---> System.Threading.Tasks.TaskCanceledException: The operation was canceled.
 ---> System.IO.IOException: Unable to read data from the transport connection: De I/O-bewerking is afgebroken vanwege het afsluiten van een thread of vanwege een opdracht van een toepassing..
 ---> System.Net.Sockets.SocketException (995): De I/O-bewerking is afgebroken vanwege het afsluiten van een thread of vanwege een opdracht van een toepassing.
   --- End of inner exception stack trace ---
   at System.Net.Sockets.Socket.AwaitableSocketAsyncEventArgs.ThrowException(SocketError error, CancellationToken cancellationToken)
   at System.Net.Sockets.Socket.AwaitableSocketAsyncEventArgs.System.Threading.Tasks.Sources.IValueTaskSource<System.Int32>.GetResult(Int16 token)
   at System.Net.Security.SslStream.EnsureFullTlsFrameAsync[TIOAdapter](CancellationToken cancellationToken, Int32 estimatedSize)
   at System.Runtime.CompilerServices.PoolingAsyncValueTaskMethodBuilder`1.StateMachineBox`1.System.Threading.Tasks.Sources.IValueTaskSource<TResult>.GetResult(Int16 token)
   at System.Net.Security.SslStream.ReadAsyncInternal[TIOAdapter](Memory`1 buffer, CancellationToken cancellationToken)
   at System.Runtime.CompilerServices.PoolingAsyncValueTaskMethodBuilder`1.StateMachineBox`1.System.Threading.Tasks.Sources.IValueTaskSource<TResult>.GetResult(Int16 token)
   at System.Net.Http.HttpConnection.SendAsync(HttpRequestMessage request, Boolean async, CancellationToken cancellationToken)
   --- End of inner exception stack trace ---
   at System.Net.Http.HttpConnection.SendAsync(HttpRequestMessage request, Boolean async, CancellationToken cancellationToken)
   at System.Net.Http.AuthenticationHelper.SendWithNtAuthAsync(HttpRequestMessage request, Uri authUri, Boolean async, ICredentials credentials, Boolean isProxyAuth, HttpConnection connection, HttpConnectionPool connectionPool, CancellationToken cancellationToken)
   at System.Net.Http.HttpConnectionPool.SendWithVersionDetectionAndRetryAsync(HttpRequestMessage request, Boolean async, Boolean doRequestAuth, CancellationToken cancellationToken)
   at System.Net.Http.AuthenticationHelper.SendWithAuthAsync(HttpRequestMessage request, Uri authUri, Boolean async, ICredentials credentials, Boolean preAuthenticate, Boolean isProxyAuth, Boolean doRequestAuth, HttpConnectionPool pool, CancellationToken cancellationToken)
   at System.Net.Http.RedirectHandler.SendAsync(HttpRequestMessage request, Boolean async, CancellationToken cancellationToken)
   at GitHub.Services.Common.RawHttpMessageHandler.SendAsync(HttpRequestMessage request, CancellationToken cancellationToken)
   at GitHub.Services.Common.VssHttpRetryMessageHandler.SendAsync(HttpRequestMessage request, CancellationToken cancellationToken)
   at System.Net.Http.HttpClient.<SendAsync>g__Core|83_0(HttpRequestMessage request, HttpCompletionOption completionOption, CancellationTokenSource cts, Boolean disposeCts, CancellationTokenSource pendingRequestsCts, CancellationToken originalCancellationToken)
   --- End of inner exception stack trace ---
   at System.Net.Http.HttpClient.HandleFailure(Exception e, Boolean telemetryStarted, HttpResponseMessage response, CancellationTokenSource cts, CancellationToken cancellationToken, CancellationTokenSource pendingRequestsCts)
   at System.Net.Http.HttpClient.<SendAsync>g__Core|83_0(HttpRequestMessage request, HttpCompletionOption completionOption, CancellationTokenSource cts, Boolean disposeCts, CancellationTokenSource pendingRequestsCts, CancellationToken originalCancellationToken)
   at Sdk.WebApi.WebApi.RawHttpClientBase.SendAsync(HttpRequestMessage message, HttpCompletionOption completionOption, Object userState, CancellationToken cancellationToken)
   at Sdk.WebApi.WebApi.RawHttpClientBase.SendAsync[T](HttpRequestMessage message, Boolean readErrorBody, Object userState, CancellationToken cancellationToken)
   at Sdk.WebApi.WebApi.RawHttpClientBase.SendAsync[T](HttpMethod method, IEnumerable`1 additionalHeaders, Uri requestUri, HttpContent content, IEnumerable`1 queryParameters, Boolean readErrorBody, Object userState, CancellationToken cancellationToken)
   at GitHub.Actions.RunService.WebApi.BrokerHttpClient.GetRunnerMessageAsync(Nullable`1 sessionId, String runnerVersion, Nullable`1 status, String os, String architecture, Nullable`1 disableUpdate, CancellationToken cancellationToken)
   at GitHub.Runner.Common.BrokerServer.<>c__DisplayClass7_0.<<GetRunnerMessageAsync>b__0>d.MoveNext()
--- End of stack trace from previous location ---
   at GitHub.Runner.Common.RunnerService.RetryRequest[T](Func`1 func, CancellationToken cancellationToken, Int32 maxAttempts, Func`2 shouldRetry)
[2025-11-06 10:17:34Z ERR  BrokerServer] #####################################################
[2025-11-06 10:17:34Z ERR  BrokerServer] System.Threading.Tasks.TaskCanceledException: The operation was canceled.
 ---> System.IO.IOException: Unable to read data from the transport connection: De I/O-bewerking is afgebroken vanwege het afsluiten van een thread of vanwege een opdracht van een toepassing..
 ---> System.Net.Sockets.SocketException (995): De I/O-bewerking is afgebroken vanwege het afsluiten van een thread of vanwege een opdracht van een toepassing.
   --- End of inner exception stack trace ---
   at System.Net.Sockets.Socket.AwaitableSocketAsyncEventArgs.ThrowException(SocketError error, CancellationToken cancellationToken)
   at System.Net.Sockets.Socket.AwaitableSocketAsyncEventArgs.System.Threading.Tasks.Sources.IValueTaskSource<System.Int32>.GetResult(Int16 token)
   at System.Net.Security.SslStream.EnsureFullTlsFrameAsync[TIOAdapter](CancellationToken cancellationToken, Int32 estimatedSize)
   at System.Runtime.CompilerServices.PoolingAsyncValueTaskMethodBuilder`1.StateMachineBox`1.System.Threading.Tasks.Sources.IValueTaskSource<TResult>.GetResult(Int16 token)
   at System.Net.Security.SslStream.ReadAsyncInternal[TIOAdapter](Memory`1 buffer, CancellationToken cancellationToken)
   at System.Runtime.CompilerServices.PoolingAsyncValueTaskMethodBuilder`1.StateMachineBox`1.System.Threading.Tasks.Sources.IValueTaskSource<TResult>.GetResult(Int16 token)
   at System.Net.Http.HttpConnection.SendAsync(HttpRequestMessage request, Boolean async, CancellationToken cancellationToken)
   --- End of inner exception stack trace ---
   at System.Net.Http.HttpConnection.SendAsync(HttpRequestMessage request, Boolean async, CancellationToken cancellationToken)
   at System.Net.Http.AuthenticationHelper.SendWithNtAuthAsync(HttpRequestMessage request, Uri authUri, Boolean async, ICredentials credentials, Boolean isProxyAuth, HttpConnection connection, HttpConnectionPool connectionPool, CancellationToken cancellationToken)
   at System.Net.Http.HttpConnectionPool.SendWithVersionDetectionAndRetryAsync(HttpRequestMessage request, Boolean async, Boolean doRequestAuth, CancellationToken cancellationToken)
   at System.Net.Http.AuthenticationHelper.SendWithAuthAsync(HttpRequestMessage request, Uri authUri, Boolean async, ICredentials credentials, Boolean preAuthenticate, Boolean isProxyAuth, Boolean doRequestAuth, HttpConnectionPool pool, CancellationToken cancellationToken)
   at System.Net.Http.RedirectHandler.SendAsync(HttpRequestMessage request, Boolean async, CancellationToken cancellationToken)
   at GitHub.Services.Common.RawHttpMessageHandler.SendAsync(HttpRequestMessage request, CancellationToken cancellationToken)
   at GitHub.Services.Common.VssHttpRetryMessageHandler.SendAsync(HttpRequestMessage request, CancellationToken cancellationToken)
   at System.Net.Http.HttpClient.<SendAsync>g__Core|83_0(HttpRequestMessage request, HttpCompletionOption completionOption, CancellationTokenSource cts, Boolean disposeCts, CancellationTokenSource pendingRequestsCts, CancellationToken originalCancellationToken)
[2025-11-06 10:17:34Z ERR  BrokerServer] #####################################################
[2025-11-06 10:17:34Z ERR  BrokerServer] System.IO.IOException: Unable to read data from the transport connection: De I/O-bewerking is afgebroken vanwege het afsluiten van een thread of vanwege een opdracht van een toepassing..
 ---> System.Net.Sockets.SocketException (995): De I/O-bewerking is afgebroken vanwege het afsluiten van een thread of vanwege een opdracht van een toepassing.
   --- End of inner exception stack trace ---
   at System.Net.Sockets.Socket.AwaitableSocketAsyncEventArgs.ThrowException(SocketError error, CancellationToken cancellationToken)
   at System.Net.Sockets.Socket.AwaitableSocketAsyncEventArgs.System.Threading.Tasks.Sources.IValueTaskSource<System.Int32>.GetResult(Int16 token)
   at System.Net.Security.SslStream.EnsureFullTlsFrameAsync[TIOAdapter](CancellationToken cancellationToken, Int32 estimatedSize)
   at System.Runtime.CompilerServices.PoolingAsyncValueTaskMethodBuilder`1.StateMachineBox`1.System.Threading.Tasks.Sources.IValueTaskSource<TResult>.GetResult(Int16 token)
   at System.Net.Security.SslStream.ReadAsyncInternal[TIOAdapter](Memory`1 buffer, CancellationToken cancellationToken)
   at System.Runtime.CompilerServices.PoolingAsyncValueTaskMethodBuilder`1.StateMachineBox`1.System.Threading.Tasks.Sources.IValueTaskSource<TResult>.GetResult(Int16 token)
   at System.Net.Http.HttpConnection.SendAsync(HttpRequestMessage request, Boolean async, CancellationToken cancellationToken)
[2025-11-06 10:17:34Z ERR  BrokerServer] #####################################################
[2025-11-06 10:17:34Z ERR  BrokerServer] System.Net.Sockets.SocketException (995): De I/O-bewerking is afgebroken vanwege het afsluiten van een thread of vanwege een opdracht van een toepassing.
[2025-11-06 10:17:34Z WARN BrokerServer] Back off 14,891 seconds before next retry. 4 attempt left.
[2025-11-06 10:17:34Z INFO BrokerMessageListener] Get messages has been cancelled using local token source. Continue to get messages with new status.
[2025-11-06 10:17:35Z INFO ConfigurationStore] HasCredentials()
[2025-11-06 10:17:35Z INFO ConfigurationStore] stored True
[2025-11-06 10:17:35Z INFO CredentialManager] GetCredentialProvider
[2025-11-06 10:17:35Z INFO CredentialManager] Creating type OAuth
[2025-11-06 10:17:35Z INFO CredentialManager] Creating credential type: OAuth
[2025-11-06 10:17:35Z INFO RSAEncryptedFileKeyManager] Loading RSA key parameters from file C:\SCHOOL\HOWEST LES\SEM5 MCT\MLOps\Labo\Week5\03-MLOps-GithubActions\actions-runner\.credentials_rsaparams
[2025-11-06 10:17:35Z INFO RSAEncryptedFileKeyManager] Loading RSA key parameters from file C:\SCHOOL\HOWEST LES\SEM5 MCT\MLOps\Labo\Week5\03-MLOps-GithubActions\actions-runner\.credentials_rsaparams
[2025-11-06 10:17:35Z INFO RSAEncryptedFileKeyManager] Loading RSA key parameters from file C:\SCHOOL\HOWEST LES\SEM5 MCT\MLOps\Labo\Week5\03-MLOps-GithubActions\actions-runner\.credentials_rsaparams
[2025-11-06 10:17:35Z INFO GitHubActionsService] AAD Correlation ID for this token request: Unknown
[2025-11-06 10:17:36Z INFO JobDispatcher] Job request 0 for plan da12793c-30ed-4e55-b594-d149b8237fac job f4401d9b-0e44-5243-a44a-052a7bd78e1c received.
[2025-11-06 10:17:36Z INFO JobDispatcher] Pull OrchestrationId da12793c-30ed-4e55-b594-d149b8237fac.deploy-pod.__default from JWT claims
[2025-11-06 10:17:36Z INFO BrokerMessageListener] Received job status event. JobState: Busy
[2025-11-06 10:17:36Z INFO BrokerMessageListener] _getMessagesTokenSource is already disposed.
[2025-11-06 10:17:36Z INFO JobDispatcher] Job request a45e006d-7b87-5db1-9ce7-91537dada096 processed succeed.
[2025-11-06 10:17:36Z INFO Terminal] WRITE LINE: 2025-11-06 10:17:36Z: Running job: deploy-pod
[2025-11-06 10:17:36Z INFO JobDispatcher] Start renew job request 0 for job f4401d9b-0e44-5243-a44a-052a7bd78e1c.
[2025-11-06 10:17:37Z INFO JobDispatcher] Successfully renew job f4401d9b-0e44-5243-a44a-052a7bd78e1c, job is valid till 6/11/2025 10:27:37
[2025-11-06 10:17:37Z INFO HostContext] Well known directory 'Bin': 'C:\SCHOOL\HOWEST LES\SEM5 MCT\MLOps\Labo\Week5\03-MLOps-GithubActions\actions-runner\bin'
[2025-11-06 10:17:37Z INFO ProcessInvokerWrapper] Starting process:
[2025-11-06 10:17:37Z INFO ProcessInvokerWrapper]   File name: 'C:\SCHOOL\HOWEST LES\SEM5 MCT\MLOps\Labo\Week5\03-MLOps-GithubActions\actions-runner\bin\Runner.Worker.exe'
[2025-11-06 10:17:37Z INFO ProcessInvokerWrapper]   Arguments: 'spawnclient 2360 2372'
[2025-11-06 10:17:37Z INFO ProcessInvokerWrapper]   Working directory: 'C:\SCHOOL\HOWEST LES\SEM5 MCT\MLOps\Labo\Week5\03-MLOps-GithubActions\actions-runner\bin'
[2025-11-06 10:17:37Z INFO ProcessInvokerWrapper]   Require exit code zero: 'False'
[2025-11-06 10:17:37Z INFO ProcessInvokerWrapper]   Encoding web name:  ; code page: ''
[2025-11-06 10:17:37Z INFO ProcessInvokerWrapper]   Force kill process on cancellation: 'True'
[2025-11-06 10:17:37Z INFO ProcessInvokerWrapper]   Redirected STDIN: 'False'
[2025-11-06 10:17:37Z INFO ProcessInvokerWrapper]   Persist current code page: 'False'
[2025-11-06 10:17:37Z INFO ProcessInvokerWrapper]   Keep redirected STDIN open: 'False'
[2025-11-06 10:17:37Z INFO ProcessInvokerWrapper]   High priority process: 'True'
[2025-11-06 10:17:37Z INFO ProcessInvokerWrapper] Process started with process id 19404, waiting for process exit.
[2025-11-06 10:17:37Z INFO JobDispatcher] Send job request message to worker for job f4401d9b-0e44-5243-a44a-052a7bd78e1c.
[2025-11-06 10:17:37Z INFO ProcessChannel] Sending message of length 21261, with hash '0dcdd3b8c2cc1f65e4409cc51f5fe627886e029a0a181bfdff7eabc5a44bc6a1'
[2025-11-06 10:17:37Z INFO JobNotification] Entering JobStarted Notification
[2025-11-06 10:17:37Z INFO JobNotification] Entering StartMonitor
[2025-11-06 10:18:11Z INFO ProcessInvokerWrapper] STDOUT/STDERR stream read finished.
[2025-11-06 10:18:11Z INFO ProcessInvokerWrapper] STDOUT/STDERR stream read finished.
[2025-11-06 10:18:11Z INFO ProcessInvokerWrapper] Finished process 19404 with exit code 102, and elapsed time 00:00:34.4564982.
[2025-11-06 10:18:11Z INFO JobDispatcher] Worker finished for job f4401d9b-0e44-5243-a44a-052a7bd78e1c. Code: 102
[2025-11-06 10:18:11Z INFO JobDispatcher] finish job request for job f4401d9b-0e44-5243-a44a-052a7bd78e1c with result: Failed
[2025-11-06 10:18:11Z INFO Terminal] WRITE LINE: 2025-11-06 10:18:11Z: Job deploy-pod completed with result: Failed
[2025-11-06 10:18:11Z INFO JobDispatcher] Stop renew job request for job f4401d9b-0e44-5243-a44a-052a7bd78e1c.
[2025-11-06 10:18:11Z INFO JobDispatcher] job renew has been cancelled, stop renew job f4401d9b-0e44-5243-a44a-052a7bd78e1c.
[2025-11-06 10:18:11Z INFO JobNotification] Entering JobCompleted Notification
[2025-11-06 10:18:11Z INFO JobNotification] Entering EndMonitor
[2025-11-06 10:18:11Z INFO BrokerMessageListener] Received job status event. JobState: Online
[2025-11-06 10:18:11Z WARN GitHubActionsService] GET request to https://broker.actions.githubusercontent.com/message?sessionId=e873ae81-20ec-48f2-9f9c-8bd4bbd59b7e&status=Busy&runnerVersion=2.329.0&os=Windows&architecture=X64&disableUpdate=false has been cancelled.
[2025-11-06 10:18:11Z ERR  BrokerServer] Catch exception during request
[2025-11-06 10:18:11Z ERR  BrokerServer] System.Threading.Tasks.TaskCanceledException: The operation was canceled.
 ---> System.Threading.Tasks.TaskCanceledException: The operation was canceled.
 ---> System.IO.IOException: Unable to read data from the transport connection: De I/O-bewerking is afgebroken vanwege het afsluiten van een thread of vanwege een opdracht van een toepassing..
 ---> System.Net.Sockets.SocketException (995): De I/O-bewerking is afgebroken vanwege het afsluiten van een thread of vanwege een opdracht van een toepassing.
   --- End of inner exception stack trace ---
   at System.Net.Sockets.Socket.AwaitableSocketAsyncEventArgs.ThrowException(SocketError error, CancellationToken cancellationToken)
   at System.Net.Sockets.Socket.AwaitableSocketAsyncEventArgs.System.Threading.Tasks.Sources.IValueTaskSource<System.Int32>.GetResult(Int16 token)
   at System.Net.Security.SslStream.EnsureFullTlsFrameAsync[TIOAdapter](CancellationToken cancellationToken, Int32 estimatedSize)
   at System.Runtime.CompilerServices.PoolingAsyncValueTaskMethodBuilder`1.StateMachineBox`1.System.Threading.Tasks.Sources.IValueTaskSource<TResult>.GetResult(Int16 token)
   at System.Net.Security.SslStream.ReadAsyncInternal[TIOAdapter](Memory`1 buffer, CancellationToken cancellationToken)
   at System.Runtime.CompilerServices.PoolingAsyncValueTaskMethodBuilder`1.StateMachineBox`1.System.Threading.Tasks.Sources.IValueTaskSource<TResult>.GetResult(Int16 token)
   at System.Net.Http.HttpConnection.SendAsync(HttpRequestMessage request, Boolean async, CancellationToken cancellationToken)
   --- End of inner exception stack trace ---
   at System.Net.Http.HttpConnection.SendAsync(HttpRequestMessage request, Boolean async, CancellationToken cancellationToken)
   at System.Net.Http.AuthenticationHelper.SendWithNtAuthAsync(HttpRequestMessage request, Uri authUri, Boolean async, ICredentials credentials, Boolean isProxyAuth, HttpConnection connection, HttpConnectionPool connectionPool, CancellationToken cancellationToken)
   at System.Net.Http.HttpConnectionPool.SendWithVersionDetectionAndRetryAsync(HttpRequestMessage request, Boolean async, Boolean doRequestAuth, CancellationToken cancellationToken)
   at System.Net.Http.AuthenticationHelper.SendWithAuthAsync(HttpRequestMessage request, Uri authUri, Boolean async, ICredentials credentials, Boolean preAuthenticate, Boolean isProxyAuth, Boolean doRequestAuth, HttpConnectionPool pool, CancellationToken cancellationToken)
   at System.Net.Http.RedirectHandler.SendAsync(HttpRequestMessage request, Boolean async, CancellationToken cancellationToken)
   at GitHub.Services.Common.RawHttpMessageHandler.SendAsync(HttpRequestMessage request, CancellationToken cancellationToken)
   at GitHub.Services.Common.VssHttpRetryMessageHandler.SendAsync(HttpRequestMessage request, CancellationToken cancellationToken)
   at System.Net.Http.HttpClient.<SendAsync>g__Core|83_0(HttpRequestMessage request, HttpCompletionOption completionOption, CancellationTokenSource cts, Boolean disposeCts, CancellationTokenSource pendingRequestsCts, CancellationToken originalCancellationToken)
   --- End of inner exception stack trace ---
   at System.Net.Http.HttpClient.HandleFailure(Exception e, Boolean telemetryStarted, HttpResponseMessage response, CancellationTokenSource cts, CancellationToken cancellationToken, CancellationTokenSource pendingRequestsCts)
   at System.Net.Http.HttpClient.<SendAsync>g__Core|83_0(HttpRequestMessage request, HttpCompletionOption completionOption, CancellationTokenSource cts, Boolean disposeCts, CancellationTokenSource pendingRequestsCts, CancellationToken originalCancellationToken)
   at Sdk.WebApi.WebApi.RawHttpClientBase.SendAsync(HttpRequestMessage message, HttpCompletionOption completionOption, Object userState, CancellationToken cancellationToken)
   at Sdk.WebApi.WebApi.RawHttpClientBase.SendAsync[T](HttpRequestMessage message, Boolean readErrorBody, Object userState, CancellationToken cancellationToken)
   at Sdk.WebApi.WebApi.RawHttpClientBase.SendAsync[T](HttpMethod method, IEnumerable`1 additionalHeaders, Uri requestUri, HttpContent content, IEnumerable`1 queryParameters, Boolean readErrorBody, Object userState, CancellationToken cancellationToken)
   at GitHub.Actions.RunService.WebApi.BrokerHttpClient.GetRunnerMessageAsync(Nullable`1 sessionId, String runnerVersion, Nullable`1 status, String os, String architecture, Nullable`1 disableUpdate, CancellationToken cancellationToken)
   at GitHub.Runner.Common.BrokerServer.<>c__DisplayClass7_0.<<GetRunnerMessageAsync>b__0>d.MoveNext()
--- End of stack trace from previous location ---
   at GitHub.Runner.Common.RunnerService.RetryRequest[T](Func`1 func, CancellationToken cancellationToken, Int32 maxAttempts, Func`2 shouldRetry)
[2025-11-06 10:18:11Z ERR  BrokerServer] #####################################################
[2025-11-06 10:18:11Z ERR  BrokerServer] System.Threading.Tasks.TaskCanceledException: The operation was canceled.
 ---> System.IO.IOException: Unable to read data from the transport connection: De I/O-bewerking is afgebroken vanwege het afsluiten van een thread of vanwege een opdracht van een toepassing..
 ---> System.Net.Sockets.SocketException (995): De I/O-bewerking is afgebroken vanwege het afsluiten van een thread of vanwege een opdracht van een toepassing.
   --- End of inner exception stack trace ---
   at System.Net.Sockets.Socket.AwaitableSocketAsyncEventArgs.ThrowException(SocketError error, CancellationToken cancellationToken)
   at System.Net.Sockets.Socket.AwaitableSocketAsyncEventArgs.System.Threading.Tasks.Sources.IValueTaskSource<System.Int32>.GetResult(Int16 token)
   at System.Net.Security.SslStream.EnsureFullTlsFrameAsync[TIOAdapter](CancellationToken cancellationToken, Int32 estimatedSize)
   at System.Runtime.CompilerServices.PoolingAsyncValueTaskMethodBuilder`1.StateMachineBox`1.System.Threading.Tasks.Sources.IValueTaskSource<TResult>.GetResult(Int16 token)
   at System.Net.Security.SslStream.ReadAsyncInternal[TIOAdapter](Memory`1 buffer, CancellationToken cancellationToken)
   at System.Runtime.CompilerServices.PoolingAsyncValueTaskMethodBuilder`1.StateMachineBox`1.System.Threading.Tasks.Sources.IValueTaskSource<TResult>.GetResult(Int16 token)
   at System.Net.Http.HttpConnection.SendAsync(HttpRequestMessage request, Boolean async, CancellationToken cancellationToken)
   --- End of inner exception stack trace ---
   at System.Net.Http.HttpConnection.SendAsync(HttpRequestMessage request, Boolean async, CancellationToken cancellationToken)
   at System.Net.Http.AuthenticationHelper.SendWithNtAuthAsync(HttpRequestMessage request, Uri authUri, Boolean async, ICredentials credentials, Boolean isProxyAuth, HttpConnection connection, HttpConnectionPool connectionPool, CancellationToken cancellationToken)
   at System.Net.Http.HttpConnectionPool.SendWithVersionDetectionAndRetryAsync(HttpRequestMessage request, Boolean async, Boolean doRequestAuth, CancellationToken cancellationToken)
   at System.Net.Http.AuthenticationHelper.SendWithAuthAsync(HttpRequestMessage request, Uri authUri, Boolean async, ICredentials credentials, Boolean preAuthenticate, Boolean isProxyAuth, Boolean doRequestAuth, HttpConnectionPool pool, CancellationToken cancellationToken)
   at System.Net.Http.RedirectHandler.SendAsync(HttpRequestMessage request, Boolean async, CancellationToken cancellationToken)
   at GitHub.Services.Common.RawHttpMessageHandler.SendAsync(HttpRequestMessage request, CancellationToken cancellationToken)
   at GitHub.Services.Common.VssHttpRetryMessageHandler.SendAsync(HttpRequestMessage request, CancellationToken cancellationToken)
   at System.Net.Http.HttpClient.<SendAsync>g__Core|83_0(HttpRequestMessage request, HttpCompletionOption completionOption, CancellationTokenSource cts, Boolean disposeCts, CancellationTokenSource pendingRequestsCts, CancellationToken originalCancellationToken)
[2025-11-06 10:18:11Z ERR  BrokerServer] #####################################################
[2025-11-06 10:18:11Z ERR  BrokerServer] System.IO.IOException: Unable to read data from the transport connection: De I/O-bewerking is afgebroken vanwege het afsluiten van een thread of vanwege een opdracht van een toepassing..
 ---> System.Net.Sockets.SocketException (995): De I/O-bewerking is afgebroken vanwege het afsluiten van een thread of vanwege een opdracht van een toepassing.
   --- End of inner exception stack trace ---
   at System.Net.Sockets.Socket.AwaitableSocketAsyncEventArgs.ThrowException(SocketError error, CancellationToken cancellationToken)
   at System.Net.Sockets.Socket.AwaitableSocketAsyncEventArgs.System.Threading.Tasks.Sources.IValueTaskSource<System.Int32>.GetResult(Int16 token)
   at System.Net.Security.SslStream.EnsureFullTlsFrameAsync[TIOAdapter](CancellationToken cancellationToken, Int32 estimatedSize)
   at System.Runtime.CompilerServices.PoolingAsyncValueTaskMethodBuilder`1.StateMachineBox`1.System.Threading.Tasks.Sources.IValueTaskSource<TResult>.GetResult(Int16 token)
   at System.Net.Security.SslStream.ReadAsyncInternal[TIOAdapter](Memory`1 buffer, CancellationToken cancellationToken)
   at System.Runtime.CompilerServices.PoolingAsyncValueTaskMethodBuilder`1.StateMachineBox`1.System.Threading.Tasks.Sources.IValueTaskSource<TResult>.GetResult(Int16 token)
   at System.Net.Http.HttpConnection.SendAsync(HttpRequestMessage request, Boolean async, CancellationToken cancellationToken)
[2025-11-06 10:18:11Z ERR  BrokerServer] #####################################################
[2025-11-06 10:18:11Z ERR  BrokerServer] System.Net.Sockets.SocketException (995): De I/O-bewerking is afgebroken vanwege het afsluiten van een thread of vanwege een opdracht van een toepassing.
[2025-11-06 10:18:11Z WARN BrokerServer] Back off 10,173 seconds before next retry. 4 attempt left.
[2025-11-06 10:18:11Z INFO BrokerMessageListener] Get messages has been cancelled using local token source. Continue to get messages with new status.
[2025-11-06 10:19:10Z INFO Terminal] WRITE LINE: Exiting...
[2025-11-06 10:19:10Z INFO ConfigurationStore] IsServiceConfigured()
[2025-11-06 10:19:10Z INFO ConfigurationStore] IsServiceConfigured: False
[2025-11-06 10:19:10Z INFO HostContext] Runner will be shutdown for UserCancelled
[2025-11-06 10:19:10Z WARN GitHubActionsService] GET request to https://broker.actions.githubusercontent.com/message?sessionId=e873ae81-20ec-48f2-9f9c-8bd4bbd59b7e&status=Online&runnerVersion=2.329.0&os=Windows&architecture=X64&disableUpdate=false has been cancelled.
[2025-11-06 10:19:10Z ERR  BrokerServer] Catch exception during request
[2025-11-06 10:19:10Z ERR  BrokerServer] System.Threading.Tasks.TaskCanceledException: The operation was canceled.
 ---> System.Threading.Tasks.TaskCanceledException: The operation was canceled.
 ---> System.IO.IOException: Unable to read data from the transport connection: De I/O-bewerking is afgebroken vanwege het afsluiten van een thread of vanwege een opdracht van een toepassing..
 ---> System.Net.Sockets.SocketException (995): De I/O-bewerking is afgebroken vanwege het afsluiten van een thread of vanwege een opdracht van een toepassing.
   --- End of inner exception stack trace ---
   at System.Net.Sockets.Socket.AwaitableSocketAsyncEventArgs.System.Threading.Tasks.Sources.IValueTaskSource<System.Int32>.GetResult(Int16 token)
   at System.Net.Security.SslStream.EnsureFullTlsFrameAsync[TIOAdapter](CancellationToken cancellationToken, Int32 estimatedSize)
   at System.Runtime.CompilerServices.PoolingAsyncValueTaskMethodBuilder`1.StateMachineBox`1.System.Threading.Tasks.Sources.IValueTaskSource<TResult>.GetResult(Int16 token)
   at System.Net.Security.SslStream.ReadAsyncInternal[TIOAdapter](Memory`1 buffer, CancellationToken cancellationToken)
   at System.Runtime.CompilerServices.PoolingAsyncValueTaskMethodBuilder`1.StateMachineBox`1.System.Threading.Tasks.Sources.IValueTaskSource<TResult>.GetResult(Int16 token)
   at System.Net.Http.HttpConnection.SendAsync(HttpRequestMessage request, Boolean async, CancellationToken cancellationToken)
   --- End of inner exception stack trace ---
   at System.Net.Http.HttpConnection.SendAsync(HttpRequestMessage request, Boolean async, CancellationToken cancellationToken)
   at System.Net.Http.AuthenticationHelper.SendWithNtAuthAsync(HttpRequestMessage request, Uri authUri, Boolean async, ICredentials credentials, Boolean isProxyAuth, HttpConnection connection, HttpConnectionPool connectionPool, CancellationToken cancellationToken)
   at System.Net.Http.HttpConnectionPool.SendWithVersionDetectionAndRetryAsync(HttpRequestMessage request, Boolean async, Boolean doRequestAuth, CancellationToken cancellationToken)
   at System.Net.Http.AuthenticationHelper.SendWithAuthAsync(HttpRequestMessage request, Uri authUri, Boolean async, ICredentials credentials, Boolean preAuthenticate, Boolean isProxyAuth, Boolean doRequestAuth, HttpConnectionPool pool, CancellationToken cancellationToken)
   at System.Net.Http.RedirectHandler.SendAsync(HttpRequestMessage request, Boolean async, CancellationToken cancellationToken)
   at GitHub.Services.Common.RawHttpMessageHandler.SendAsync(HttpRequestMessage request, CancellationToken cancellationToken)
   at GitHub.Services.Common.VssHttpRetryMessageHandler.SendAsync(HttpRequestMessage request, CancellationToken cancellationToken)
   at System.Net.Http.HttpClient.<SendAsync>g__Core|83_0(HttpRequestMessage request, HttpCompletionOption completionOption, CancellationTokenSource cts, Boolean disposeCts, CancellationTokenSource pendingRequestsCts, CancellationToken originalCancellationToken)
   --- End of inner exception stack trace ---
   at System.Net.Http.HttpClient.HandleFailure(Exception e, Boolean telemetryStarted, HttpResponseMessage response, CancellationTokenSource cts, CancellationToken cancellationToken, CancellationTokenSource pendingRequestsCts)
   at System.Net.Http.HttpClient.<SendAsync>g__Core|83_0(HttpRequestMessage request, HttpCompletionOption completionOption, CancellationTokenSource cts, Boolean disposeCts, CancellationTokenSource pendingRequestsCts, CancellationToken originalCancellationToken)
   at Sdk.WebApi.WebApi.RawHttpClientBase.SendAsync(HttpRequestMessage message, HttpCompletionOption completionOption, Object userState, CancellationToken cancellationToken)
   at Sdk.WebApi.WebApi.RawHttpClientBase.SendAsync[T](HttpRequestMessage message, Boolean readErrorBody, Object userState, CancellationToken cancellationToken)
   at Sdk.WebApi.WebApi.RawHttpClientBase.SendAsync[T](HttpMethod method, IEnumerable`1 additionalHeaders, Uri requestUri, HttpContent content, IEnumerable`1 queryParameters, Boolean readErrorBody, Object userState, CancellationToken cancellationToken)
   at GitHub.Actions.RunService.WebApi.BrokerHttpClient.GetRunnerMessageAsync(Nullable`1 sessionId, String runnerVersion, Nullable`1 status, String os, String architecture, Nullable`1 disableUpdate, CancellationToken cancellationToken)
   at GitHub.Runner.Common.BrokerServer.<>c__DisplayClass7_0.<<GetRunnerMessageAsync>b__0>d.MoveNext()
--- End of stack trace from previous location ---
   at GitHub.Runner.Common.RunnerService.RetryRequest[T](Func`1 func, CancellationToken cancellationToken, Int32 maxAttempts, Func`2 shouldRetry)
[2025-11-06 10:19:10Z ERR  BrokerServer] #####################################################
[2025-11-06 10:19:10Z ERR  BrokerServer] System.Threading.Tasks.TaskCanceledException: The operation was canceled.
 ---> System.IO.IOException: Unable to read data from the transport connection: De I/O-bewerking is afgebroken vanwege het afsluiten van een thread of vanwege een opdracht van een toepassing..
 ---> System.Net.Sockets.SocketException (995): De I/O-bewerking is afgebroken vanwege het afsluiten van een thread of vanwege een opdracht van een toepassing.
   --- End of inner exception stack trace ---
   at System.Net.Sockets.Socket.AwaitableSocketAsyncEventArgs.System.Threading.Tasks.Sources.IValueTaskSource<System.Int32>.GetResult(Int16 token)
   at System.Net.Security.SslStream.EnsureFullTlsFrameAsync[TIOAdapter](CancellationToken cancellationToken, Int32 estimatedSize)
   at System.Runtime.CompilerServices.PoolingAsyncValueTaskMethodBuilder`1.StateMachineBox`1.System.Threading.Tasks.Sources.IValueTaskSource<TResult>.GetResult(Int16 token)
   at System.Net.Security.SslStream.ReadAsyncInternal[TIOAdapter](Memory`1 buffer, CancellationToken cancellationToken)
   at System.Runtime.CompilerServices.PoolingAsyncValueTaskMethodBuilder`1.StateMachineBox`1.System.Threading.Tasks.Sources.IValueTaskSource<TResult>.GetResult(Int16 token)
   at System.Net.Http.HttpConnection.SendAsync(HttpRequestMessage request, Boolean async, CancellationToken cancellationToken)
   --- End of inner exception stack trace ---
   at System.Net.Http.HttpConnection.SendAsync(HttpRequestMessage request, Boolean async, CancellationToken cancellationToken)
   at System.Net.Http.AuthenticationHelper.SendWithNtAuthAsync(HttpRequestMessage request, Uri authUri, Boolean async, ICredentials credentials, Boolean isProxyAuth, HttpConnection connection, HttpConnectionPool connectionPool, CancellationToken cancellationToken)
   at System.Net.Http.HttpConnectionPool.SendWithVersionDetectionAndRetryAsync(HttpRequestMessage request, Boolean async, Boolean doRequestAuth, CancellationToken cancellationToken)
   at System.Net.Http.AuthenticationHelper.SendWithAuthAsync(HttpRequestMessage request, Uri authUri, Boolean async, ICredentials credentials, Boolean preAuthenticate, Boolean isProxyAuth, Boolean doRequestAuth, HttpConnectionPool pool, CancellationToken cancellationToken)
   at System.Net.Http.RedirectHandler.SendAsync(HttpRequestMessage request, Boolean async, CancellationToken cancellationToken)
   at GitHub.Services.Common.RawHttpMessageHandler.SendAsync(HttpRequestMessage request, CancellationToken cancellationToken)
   at GitHub.Services.Common.VssHttpRetryMessageHandler.SendAsync(HttpRequestMessage request, CancellationToken cancellationToken)
   at System.Net.Http.HttpClient.<SendAsync>g__Core|83_0(HttpRequestMessage request, HttpCompletionOption completionOption, CancellationTokenSource cts, Boolean disposeCts, CancellationTokenSource pendingRequestsCts, CancellationToken originalCancellationToken)
[2025-11-06 10:19:10Z ERR  BrokerServer] #####################################################
[2025-11-06 10:19:10Z ERR  BrokerServer] System.IO.IOException: Unable to read data from the transport connection: De I/O-bewerking is afgebroken vanwege het afsluiten van een thread of vanwege een opdracht van een toepassing..
 ---> System.Net.Sockets.SocketException (995): De I/O-bewerking is afgebroken vanwege het afsluiten van een thread of vanwege een opdracht van een toepassing.
   --- End of inner exception stack trace ---
   at System.Net.Sockets.Socket.AwaitableSocketAsyncEventArgs.System.Threading.Tasks.Sources.IValueTaskSource<System.Int32>.GetResult(Int16 token)
   at System.Net.Security.SslStream.EnsureFullTlsFrameAsync[TIOAdapter](CancellationToken cancellationToken, Int32 estimatedSize)
   at System.Runtime.CompilerServices.PoolingAsyncValueTaskMethodBuilder`1.StateMachineBox`1.System.Threading.Tasks.Sources.IValueTaskSource<TResult>.GetResult(Int16 token)
   at System.Net.Security.SslStream.ReadAsyncInternal[TIOAdapter](Memory`1 buffer, CancellationToken cancellationToken)
   at System.Runtime.CompilerServices.PoolingAsyncValueTaskMethodBuilder`1.StateMachineBox`1.System.Threading.Tasks.Sources.IValueTaskSource<TResult>.GetResult(Int16 token)
   at System.Net.Http.HttpConnection.SendAsync(HttpRequestMessage request, Boolean async, CancellationToken cancellationToken)
[2025-11-06 10:19:10Z ERR  BrokerServer] #####################################################
[2025-11-06 10:19:10Z ERR  BrokerServer] System.Net.Sockets.SocketException (995): De I/O-bewerking is afgebroken vanwege het afsluiten van een thread of vanwege een opdracht van een toepassing.
[2025-11-06 10:19:10Z WARN BrokerServer] Back off 9,556 seconds before next retry. 4 attempt left.
[2025-11-06 10:19:10Z INFO BrokerMessageListener] Get next message has been cancelled.
[2025-11-06 10:19:10Z INFO JobDispatcher] Shutting down JobDispatcher. Make sure all WorkerDispatcher has finished.
[2025-11-06 10:19:10Z INFO JobDispatcher] Ensure WorkerDispatcher for job f4401d9b-0e44-5243-a44a-052a7bd78e1c run to finish, cancel any running job.
[2025-11-06 10:19:10Z INFO JobDispatcher] Job request f4401d9b-0e44-5243-a44a-052a7bd78e1c processed succeed.
[2025-11-06 10:19:10Z INFO Runner] Deleting Runner Session...
[2025-11-06 10:19:10Z INFO Listener] Runner execution been cancelled.
