[2025-11-05 17:58:37Z INFO HostContext] No proxy settings were found based on environmental variables (http_proxy/https_proxy/HTTP_PROXY/HTTPS_PROXY)
[2025-11-05 17:58:37Z INFO HostContext] Well known directory 'Bin': 'C:\SCHOOL\HOWEST LES\SEM5 MCT\MLOps\Labo\Week5\03-MLOps-GithubActions\actions-runner\bin'
[2025-11-05 17:58:37Z INFO HostContext] Well known directory 'Root': 'C:\SCHOOL\HOWEST LES\SEM5 MCT\MLOps\Labo\Week5\03-MLOps-GithubActions\actions-runner'
[2025-11-05 17:58:37Z INFO HostContext] Well known config file 'Credentials': 'C:\SCHOOL\HOWEST LES\SEM5 MCT\MLOps\Labo\Week5\03-MLOps-GithubActions\actions-runner\.credentials'
[2025-11-05 17:58:37Z INFO HostContext] Well known directory 'Bin': 'C:\SCHOOL\HOWEST LES\SEM5 MCT\MLOps\Labo\Week5\03-MLOps-GithubActions\actions-runner\bin'
[2025-11-05 17:58:37Z INFO HostContext] Well known directory 'Root': 'C:\SCHOOL\HOWEST LES\SEM5 MCT\MLOps\Labo\Week5\03-MLOps-GithubActions\actions-runner'
[2025-11-05 17:58:37Z INFO HostContext] Well known config file 'Runner': 'C:\SCHOOL\HOWEST LES\SEM5 MCT\MLOps\Labo\Week5\03-MLOps-GithubActions\actions-runner\.runner'
[2025-11-05 17:58:37Z INFO Listener] Runner is built for Windows (X64) - win-x64.
[2025-11-05 17:58:37Z INFO Listener] RuntimeInformation: Microsoft Windows 10.0.26100.
[2025-11-05 17:58:37Z INFO Listener] Version: 2.329.0
[2025-11-05 17:58:37Z INFO Listener] Commit: c76c59996c8fa32e989164a5a695efb12608ae5a
[2025-11-05 17:58:37Z INFO Listener] Culture: nl-BE
[2025-11-05 17:58:37Z INFO Listener] UI Culture: nl-NL
[2025-11-05 17:58:37Z INFO HostContext] Well known directory 'Bin': 'C:\SCHOOL\HOWEST LES\SEM5 MCT\MLOps\Labo\Week5\03-MLOps-GithubActions\actions-runner\bin'
[2025-11-05 17:58:37Z INFO HostContext] Well known directory 'Root': 'C:\SCHOOL\HOWEST LES\SEM5 MCT\MLOps\Labo\Week5\03-MLOps-GithubActions\actions-runner'
[2025-11-05 17:58:37Z INFO Listener] Validating directory permissions for: 'C:\SCHOOL\HOWEST LES\SEM5 MCT\MLOps\Labo\Week5\03-MLOps-GithubActions\actions-runner'
[2025-11-05 17:58:37Z INFO CommandLineParser] Parse
[2025-11-05 17:58:37Z INFO CommandLineParser] Parsing 1 args
[2025-11-05 17:58:37Z INFO CommandLineParser] parsing argument
[2025-11-05 17:58:37Z INFO CommandLineParser] HasArgs: False
[2025-11-05 17:58:37Z INFO CommandLineParser] Adding Command: run
[2025-11-05 17:58:37Z INFO Listener] Arguments parsed
[2025-11-05 17:58:37Z INFO Runner] ExecuteCommand
[2025-11-05 17:58:37Z INFO ConfigurationStore] currentAssemblyLocation: C:\SCHOOL\HOWEST LES\SEM5 MCT\MLOps\Labo\Week5\03-MLOps-GithubActions\actions-runner\bin\Runner.Listener.dll
[2025-11-05 17:58:37Z INFO HostContext] Well known directory 'Bin': 'C:\SCHOOL\HOWEST LES\SEM5 MCT\MLOps\Labo\Week5\03-MLOps-GithubActions\actions-runner\bin'
[2025-11-05 17:58:37Z INFO ConfigurationStore] binPath: C:\SCHOOL\HOWEST LES\SEM5 MCT\MLOps\Labo\Week5\03-MLOps-GithubActions\actions-runner\bin
[2025-11-05 17:58:37Z INFO HostContext] Well known directory 'Bin': 'C:\SCHOOL\HOWEST LES\SEM5 MCT\MLOps\Labo\Week5\03-MLOps-GithubActions\actions-runner\bin'
[2025-11-05 17:58:37Z INFO HostContext] Well known directory 'Root': 'C:\SCHOOL\HOWEST LES\SEM5 MCT\MLOps\Labo\Week5\03-MLOps-GithubActions\actions-runner'
[2025-11-05 17:58:37Z INFO ConfigurationStore] RootFolder: C:\SCHOOL\HOWEST LES\SEM5 MCT\MLOps\Labo\Week5\03-MLOps-GithubActions\actions-runner
[2025-11-05 17:58:37Z INFO HostContext] Well known directory 'Bin': 'C:\SCHOOL\HOWEST LES\SEM5 MCT\MLOps\Labo\Week5\03-MLOps-GithubActions\actions-runner\bin'
[2025-11-05 17:58:37Z INFO HostContext] Well known directory 'Root': 'C:\SCHOOL\HOWEST LES\SEM5 MCT\MLOps\Labo\Week5\03-MLOps-GithubActions\actions-runner'
[2025-11-05 17:58:37Z INFO HostContext] Well known config file 'Runner': 'C:\SCHOOL\HOWEST LES\SEM5 MCT\MLOps\Labo\Week5\03-MLOps-GithubActions\actions-runner\.runner'
[2025-11-05 17:58:37Z INFO ConfigurationStore] ConfigFilePath: C:\SCHOOL\HOWEST LES\SEM5 MCT\MLOps\Labo\Week5\03-MLOps-GithubActions\actions-runner\.runner
[2025-11-05 17:58:37Z INFO HostContext] Well known directory 'Bin': 'C:\SCHOOL\HOWEST LES\SEM5 MCT\MLOps\Labo\Week5\03-MLOps-GithubActions\actions-runner\bin'
[2025-11-05 17:58:37Z INFO HostContext] Well known directory 'Root': 'C:\SCHOOL\HOWEST LES\SEM5 MCT\MLOps\Labo\Week5\03-MLOps-GithubActions\actions-runner'
[2025-11-05 17:58:37Z INFO HostContext] Well known config file 'MigratedRunner': 'C:\SCHOOL\HOWEST LES\SEM5 MCT\MLOps\Labo\Week5\03-MLOps-GithubActions\actions-runner\.runner_migrated'
[2025-11-05 17:58:37Z INFO ConfigurationStore] MigratedConfigFilePath: C:\SCHOOL\HOWEST LES\SEM5 MCT\MLOps\Labo\Week5\03-MLOps-GithubActions\actions-runner\.runner_migrated
[2025-11-05 17:58:37Z INFO HostContext] Well known directory 'Bin': 'C:\SCHOOL\HOWEST LES\SEM5 MCT\MLOps\Labo\Week5\03-MLOps-GithubActions\actions-runner\bin'
[2025-11-05 17:58:37Z INFO HostContext] Well known directory 'Root': 'C:\SCHOOL\HOWEST LES\SEM5 MCT\MLOps\Labo\Week5\03-MLOps-GithubActions\actions-runner'
[2025-11-05 17:58:37Z INFO HostContext] Well known config file 'Credentials': 'C:\SCHOOL\HOWEST LES\SEM5 MCT\MLOps\Labo\Week5\03-MLOps-GithubActions\actions-runner\.credentials'
[2025-11-05 17:58:37Z INFO ConfigurationStore] CredFilePath: C:\SCHOOL\HOWEST LES\SEM5 MCT\MLOps\Labo\Week5\03-MLOps-GithubActions\actions-runner\.credentials
[2025-11-05 17:58:37Z INFO HostContext] Well known directory 'Bin': 'C:\SCHOOL\HOWEST LES\SEM5 MCT\MLOps\Labo\Week5\03-MLOps-GithubActions\actions-runner\bin'
[2025-11-05 17:58:37Z INFO HostContext] Well known directory 'Root': 'C:\SCHOOL\HOWEST LES\SEM5 MCT\MLOps\Labo\Week5\03-MLOps-GithubActions\actions-runner'
[2025-11-05 17:58:37Z INFO HostContext] Well known config file 'MigratedCredentials': 'C:\SCHOOL\HOWEST LES\SEM5 MCT\MLOps\Labo\Week5\03-MLOps-GithubActions\actions-runner\.credentials_migrated'
[2025-11-05 17:58:37Z INFO ConfigurationStore] MigratedCredFilePath: C:\SCHOOL\HOWEST LES\SEM5 MCT\MLOps\Labo\Week5\03-MLOps-GithubActions\actions-runner\.credentials_migrated
[2025-11-05 17:58:37Z INFO HostContext] Well known directory 'Bin': 'C:\SCHOOL\HOWEST LES\SEM5 MCT\MLOps\Labo\Week5\03-MLOps-GithubActions\actions-runner\bin'
[2025-11-05 17:58:37Z INFO HostContext] Well known directory 'Root': 'C:\SCHOOL\HOWEST LES\SEM5 MCT\MLOps\Labo\Week5\03-MLOps-GithubActions\actions-runner'
[2025-11-05 17:58:37Z INFO HostContext] Well known config file 'Service': 'C:\SCHOOL\HOWEST LES\SEM5 MCT\MLOps\Labo\Week5\03-MLOps-GithubActions\actions-runner\.service'
[2025-11-05 17:58:37Z INFO ConfigurationStore] ServiceConfigFilePath: C:\SCHOOL\HOWEST LES\SEM5 MCT\MLOps\Labo\Week5\03-MLOps-GithubActions\actions-runner\.service
[2025-11-05 17:58:37Z INFO CommandSettings] Flag 'help': 'False'
[2025-11-05 17:58:37Z INFO CommandSettings] Flag 'version': 'False'
[2025-11-05 17:58:37Z INFO CommandSettings] Flag 'commit': 'False'
[2025-11-05 17:58:37Z INFO CommandSettings] Flag 'check': 'False'
[2025-11-05 17:58:37Z INFO CommandSettings] Command 'configure': 'False'
[2025-11-05 17:58:37Z INFO CommandSettings] Command 'remove': 'False'
[2025-11-05 17:58:37Z INFO CommandSettings] Command 'warmup': 'False'
[2025-11-05 17:58:37Z INFO ConfigurationManager] LoadSettings
[2025-11-05 17:58:37Z INFO ConfigurationStore] IsConfigured()
[2025-11-05 17:58:37Z INFO ConfigurationStore] IsConfigured: True
[2025-11-05 17:58:37Z INFO ConfigurationManager] Is configured: True
[2025-11-05 17:58:37Z INFO ConfigurationStore] Read setting file: 402 chars
[2025-11-05 17:58:37Z INFO ConfigurationManager] Settings Loaded
[2025-11-05 17:58:37Z INFO ConfigurationStore] IsServiceConfigured()
[2025-11-05 17:58:37Z INFO ConfigurationStore] IsServiceConfigured: False
[2025-11-05 17:58:37Z INFO CommandSettings] Command 'run': 'True'
[2025-11-05 17:58:37Z INFO ConfigurationStore] IsConfigured()
[2025-11-05 17:58:37Z INFO ConfigurationStore] IsConfigured: True
[2025-11-05 17:58:37Z INFO ConfigurationManager] Is configured: True
[2025-11-05 17:58:37Z INFO Runner] Could not parse the argument value '' for StartupType. Defaulting to Manual
[2025-11-05 17:58:37Z INFO Runner] Set runner startup type - Manual
[2025-11-05 17:58:37Z INFO CommandSettings] Flag 'once': 'False'
[2025-11-05 17:58:37Z INFO CommandSettings] Flag 'once': 'False'
[2025-11-05 17:58:37Z INFO Runner] RunAsync
[2025-11-05 17:58:37Z INFO ConfigurationManager] LoadMigratedSettings
[2025-11-05 17:58:37Z INFO ConfigurationStore] IsMigratedConfigured()
[2025-11-05 17:58:37Z INFO ConfigurationStore] IsMigratedConfigured: False
[2025-11-05 17:58:37Z INFO Runner] Failed to load migrated settings: No migrated configuration found.
[2025-11-05 17:58:37Z INFO Runner] Falling back to original .runner settings
[2025-11-05 17:58:37Z INFO Runner] Using BrokerMessageListener
[2025-11-05 17:58:37Z INFO BrokerMessageListener] Using provided settings
[2025-11-05 17:58:37Z INFO BrokerMessageListener] {
  "AgentId": 2,
  "AgentName": "MSI",
  "PoolId": 1,
  "PoolName": "Default",
  "ServerUrl": "https://pipelinesghubeus25.actions.githubusercontent.com/WiUpu9Pnkv3MKD58V5oxbZ8ketpBxegbuMcs38JyDyHbFZtKqd/",
  "GitHubUrl": "https://github.com/DHaluwinRune/03-MLOps-GithubActions",
  "WorkFolder": "_work",
  "UseV2Flow": true,
  "ServerUrlV2": "https://broker.actions.githubusercontent.com/"
}
[2025-11-05 17:58:37Z INFO BrokerMessageListener] Loading Credentials
[2025-11-05 17:58:37Z INFO ConfigurationStore] HasCredentials()
[2025-11-05 17:58:37Z INFO ConfigurationStore] stored True
[2025-11-05 17:58:37Z INFO CredentialManager] GetCredentialProvider
[2025-11-05 17:58:37Z INFO CredentialManager] Creating type OAuth
[2025-11-05 17:58:37Z INFO CredentialManager] Creating credential type: OAuth
[2025-11-05 17:58:37Z INFO HostContext] Well known directory 'Bin': 'C:\SCHOOL\HOWEST LES\SEM5 MCT\MLOps\Labo\Week5\03-MLOps-GithubActions\actions-runner\bin'
[2025-11-05 17:58:37Z INFO HostContext] Well known directory 'Root': 'C:\SCHOOL\HOWEST LES\SEM5 MCT\MLOps\Labo\Week5\03-MLOps-GithubActions\actions-runner'
[2025-11-05 17:58:37Z INFO HostContext] Well known config file 'RSACredentials': 'C:\SCHOOL\HOWEST LES\SEM5 MCT\MLOps\Labo\Week5\03-MLOps-GithubActions\actions-runner\.credentials_rsaparams'
[2025-11-05 17:58:37Z INFO RSAEncryptedFileKeyManager] Loading RSA key parameters from file C:\SCHOOL\HOWEST LES\SEM5 MCT\MLOps\Labo\Week5\03-MLOps-GithubActions\actions-runner\.credentials_rsaparams
[2025-11-05 17:58:37Z INFO BrokerMessageListener] Attempt to create session.
[2025-11-05 17:58:37Z INFO BrokerMessageListener] Connecting to the Broker Server...
[2025-11-05 17:58:37Z INFO ConfigurationStore] HasCredentials()
[2025-11-05 17:58:37Z INFO ConfigurationStore] stored True
[2025-11-05 17:58:37Z INFO CredentialManager] GetCredentialProvider
[2025-11-05 17:58:37Z INFO CredentialManager] Creating type OAuth
[2025-11-05 17:58:37Z INFO CredentialManager] Creating credential type: OAuth
[2025-11-05 17:58:37Z INFO RSAEncryptedFileKeyManager] Loading RSA key parameters from file C:\SCHOOL\HOWEST LES\SEM5 MCT\MLOps\Labo\Week5\03-MLOps-GithubActions\actions-runner\.credentials_rsaparams
[2025-11-05 17:58:37Z INFO BrokerMessageListener] VssConnection created
[2025-11-05 17:58:37Z INFO BrokerMessageListener] Connecting to the Runner server...
[2025-11-05 17:58:37Z INFO RunnerServer] EstablishVssConnection
[2025-11-05 17:58:37Z INFO RunnerServer] Establish connection with 100 seconds timeout.
[2025-11-05 17:58:37Z INFO GitHubActionsService] Starting operation Location.GetConnectionData
[2025-11-05 17:58:37Z INFO RunnerServer] EstablishVssConnection
[2025-11-05 17:58:37Z INFO RunnerServer] Establish connection with 60 seconds timeout.
[2025-11-05 17:58:37Z INFO GitHubActionsService] Starting operation Location.GetConnectionData
[2025-11-05 17:58:37Z INFO RunnerServer] EstablishVssConnection
[2025-11-05 17:58:37Z INFO RunnerServer] Establish connection with 60 seconds timeout.
[2025-11-05 17:58:37Z INFO GitHubActionsService] Starting operation Location.GetConnectionData
[2025-11-05 17:58:38Z INFO GitHubActionsService] Finished operation Location.GetConnectionData
[2025-11-05 17:58:38Z INFO GitHubActionsService] Finished operation Location.GetConnectionData
[2025-11-05 17:58:38Z INFO GitHubActionsService] Finished operation Location.GetConnectionData
[2025-11-05 17:58:38Z INFO BrokerMessageListener] VssConnection created
[2025-11-05 17:58:38Z INFO Terminal] WRITE LINE: 
[2025-11-05 17:58:38Z INFO Terminal] WRITE LINE: 
[2025-11-05 17:58:38Z INFO RSAEncryptedFileKeyManager] Loading RSA key parameters from file C:\SCHOOL\HOWEST LES\SEM5 MCT\MLOps\Labo\Week5\03-MLOps-GithubActions\actions-runner\.credentials_rsaparams
[2025-11-05 17:58:38Z INFO RSAEncryptedFileKeyManager] Loading RSA key parameters from file C:\SCHOOL\HOWEST LES\SEM5 MCT\MLOps\Labo\Week5\03-MLOps-GithubActions\actions-runner\.credentials_rsaparams
[2025-11-05 17:58:39Z INFO GitHubActionsService] AAD Correlation ID for this token request: Unknown
[2025-11-05 17:58:40Z INFO BrokerMessageListener] Session created.
[2025-11-05 17:58:40Z INFO Terminal] WRITE LINE: Current runner version: '2.329.0'
[2025-11-05 17:58:40Z INFO Terminal] WRITE LINE: 2025-11-05 17:58:40Z: Listening for Jobs
[2025-11-05 17:58:40Z INFO JobDispatcher] Set runner/worker IPC timeout to 30 seconds.
[2025-11-05 17:58:41Z INFO ConfigurationStore] HasCredentials()
[2025-11-05 17:58:41Z INFO ConfigurationStore] stored True
[2025-11-05 17:58:41Z INFO CredentialManager] GetCredentialProvider
[2025-11-05 17:58:41Z INFO CredentialManager] Creating type OAuth
[2025-11-05 17:58:41Z INFO CredentialManager] Creating credential type: OAuth
[2025-11-05 17:58:41Z INFO RSAEncryptedFileKeyManager] Loading RSA key parameters from file C:\SCHOOL\HOWEST LES\SEM5 MCT\MLOps\Labo\Week5\03-MLOps-GithubActions\actions-runner\.credentials_rsaparams
[2025-11-05 17:58:41Z INFO RSAEncryptedFileKeyManager] Loading RSA key parameters from file C:\SCHOOL\HOWEST LES\SEM5 MCT\MLOps\Labo\Week5\03-MLOps-GithubActions\actions-runner\.credentials_rsaparams
[2025-11-05 17:58:41Z INFO RSAEncryptedFileKeyManager] Loading RSA key parameters from file C:\SCHOOL\HOWEST LES\SEM5 MCT\MLOps\Labo\Week5\03-MLOps-GithubActions\actions-runner\.credentials_rsaparams
[2025-11-05 17:58:41Z INFO GitHubActionsService] AAD Correlation ID for this token request: Unknown
[2025-11-05 17:58:43Z INFO JobDispatcher] Job request 0 for plan 58fffc58-e463-4a45-9fe1-c0b72bd06c38 job 044d9234-0cbc-5617-8cfc-ed0e386801b3 received.
[2025-11-05 17:58:43Z INFO JobDispatcher] Pull OrchestrationId 58fffc58-e463-4a45-9fe1-c0b72bd06c38.docker-build-and-push.__default from JWT claims
[2025-11-05 17:58:43Z INFO BrokerMessageListener] Received job status event. JobState: Busy
[2025-11-05 17:58:43Z INFO BrokerMessageListener] _getMessagesTokenSource is already disposed.
[2025-11-05 17:58:43Z INFO Terminal] WRITE LINE: 2025-11-05 17:58:43Z: Running job: docker-build-and-push
[2025-11-05 17:58:43Z INFO JobDispatcher] Start renew job request 0 for job 044d9234-0cbc-5617-8cfc-ed0e386801b3.
[2025-11-05 17:58:43Z INFO JobDispatcher] Successfully renew job 044d9234-0cbc-5617-8cfc-ed0e386801b3, job is valid till 5/11/2025 18:08:43
[2025-11-05 17:58:43Z INFO HostContext] Well known directory 'Bin': 'C:\SCHOOL\HOWEST LES\SEM5 MCT\MLOps\Labo\Week5\03-MLOps-GithubActions\actions-runner\bin'
[2025-11-05 17:58:43Z INFO ProcessInvokerWrapper] Starting process:
[2025-11-05 17:58:43Z INFO ProcessInvokerWrapper]   File name: 'C:\SCHOOL\HOWEST LES\SEM5 MCT\MLOps\Labo\Week5\03-MLOps-GithubActions\actions-runner\bin\Runner.Worker.exe'
[2025-11-05 17:58:43Z INFO ProcessInvokerWrapper]   Arguments: 'spawnclient 2172 2224'
[2025-11-05 17:58:43Z INFO ProcessInvokerWrapper]   Working directory: 'C:\SCHOOL\HOWEST LES\SEM5 MCT\MLOps\Labo\Week5\03-MLOps-GithubActions\actions-runner\bin'
[2025-11-05 17:58:43Z INFO ProcessInvokerWrapper]   Require exit code zero: 'False'
[2025-11-05 17:58:43Z INFO ProcessInvokerWrapper]   Encoding web name:  ; code page: ''
[2025-11-05 17:58:43Z INFO ProcessInvokerWrapper]   Force kill process on cancellation: 'True'
[2025-11-05 17:58:43Z INFO ProcessInvokerWrapper]   Redirected STDIN: 'False'
[2025-11-05 17:58:43Z INFO ProcessInvokerWrapper]   Persist current code page: 'False'
[2025-11-05 17:58:43Z INFO ProcessInvokerWrapper]   Keep redirected STDIN open: 'False'
[2025-11-05 17:58:43Z INFO ProcessInvokerWrapper]   High priority process: 'True'
[2025-11-05 17:58:43Z INFO ProcessInvokerWrapper] Process started with process id 23248, waiting for process exit.
[2025-11-05 17:58:43Z INFO JobDispatcher] Send job request message to worker for job 044d9234-0cbc-5617-8cfc-ed0e386801b3.
[2025-11-05 17:58:43Z INFO ProcessChannel] Sending message of length 21750, with hash '49b1191899ed8ed8e4bb9129171a5567e7e61973ff84929deaa7f8a870de176b'
[2025-11-05 17:58:43Z INFO JobNotification] Entering JobStarted Notification
[2025-11-05 17:58:43Z INFO JobNotification] Entering StartMonitor
[2025-11-05 17:59:43Z INFO JobDispatcher] Successfully renew job 044d9234-0cbc-5617-8cfc-ed0e386801b3, job is valid till 5/11/2025 18:09:43
[2025-11-05 18:00:44Z INFO JobDispatcher] Successfully renew job 044d9234-0cbc-5617-8cfc-ed0e386801b3, job is valid till 5/11/2025 18:10:44
[2025-11-05 18:01:44Z INFO JobDispatcher] Successfully renew job 044d9234-0cbc-5617-8cfc-ed0e386801b3, job is valid till 5/11/2025 18:11:44
[2025-11-05 18:02:44Z INFO JobDispatcher] Successfully renew job 044d9234-0cbc-5617-8cfc-ed0e386801b3, job is valid till 5/11/2025 18:12:44
[2025-11-05 18:03:09Z INFO ProcessInvokerWrapper] STDOUT/STDERR stream read finished.
[2025-11-05 18:03:09Z INFO ProcessInvokerWrapper] STDOUT/STDERR stream read finished.
[2025-11-05 18:03:09Z INFO ProcessInvokerWrapper] Finished process 23248 with exit code 100, and elapsed time 00:04:26.1220529.
[2025-11-05 18:03:09Z INFO JobDispatcher] Worker finished for job 044d9234-0cbc-5617-8cfc-ed0e386801b3. Code: 100
[2025-11-05 18:03:09Z INFO JobDispatcher] finish job request for job 044d9234-0cbc-5617-8cfc-ed0e386801b3 with result: Succeeded
[2025-11-05 18:03:09Z INFO Terminal] WRITE LINE: 2025-11-05 18:03:09Z: Job docker-build-and-push completed with result: Succeeded
[2025-11-05 18:03:09Z INFO JobDispatcher] Stop renew job request for job 044d9234-0cbc-5617-8cfc-ed0e386801b3.
[2025-11-05 18:03:09Z INFO JobDispatcher] job renew has been cancelled, stop renew job 044d9234-0cbc-5617-8cfc-ed0e386801b3.
[2025-11-05 18:03:09Z INFO JobNotification] Entering JobCompleted Notification
[2025-11-05 18:03:09Z INFO JobNotification] Entering EndMonitor
[2025-11-05 18:03:09Z INFO BrokerMessageListener] Received job status event. JobState: Online
[2025-11-05 18:03:09Z WARN GitHubActionsService] GET request to https://broker.actions.githubusercontent.com/message?sessionId=bd1717bc-5bf9-447e-87a6-eb58895b6a05&status=Busy&runnerVersion=2.329.0&os=Windows&architecture=X64&disableUpdate=false has been cancelled.
[2025-11-05 18:03:09Z ERR  BrokerServer] Catch exception during request
[2025-11-05 18:03:09Z ERR  BrokerServer] System.Threading.Tasks.TaskCanceledException: The operation was canceled.
 ---> System.Threading.Tasks.TaskCanceledException: The operation was canceled.
 ---> System.IO.IOException: Unable to read data from the transport connection: De I/O-bewerking is afgebroken vanwege het afsluiten van een thread of vanwege een opdracht van een toepassing..
 ---> System.Net.Sockets.SocketException (995): De I/O-bewerking is afgebroken vanwege het afsluiten van een thread of vanwege een opdracht van een toepassing.
   --- End of inner exception stack trace ---
   at System.Net.Sockets.Socket.AwaitableSocketAsyncEventArgs.ThrowException(SocketError error, CancellationToken cancellationToken)
   at System.Net.Sockets.Socket.AwaitableSocketAsyncEventArgs.System.Threading.Tasks.Sources.IValueTaskSource<System.Int32>.GetResult(Int16 token)
   at System.Net.Security.SslStream.EnsureFullTlsFrameAsync[TIOAdapter](CancellationToken cancellationToken, Int32 estimatedSize)
   at System.Runtime.CompilerServices.PoolingAsyncValueTaskMethodBuilder`1.StateMachineBox`1.System.Threading.Tasks.Sources.IValueTaskSource<TResult>.GetResult(Int16 token)
   at System.Net.Security.SslStream.ReadAsyncInternal[TIOAdapter](Memory`1 buffer, CancellationToken cancellationToken)
   at System.Runtime.CompilerServices.PoolingAsyncValueTaskMethodBuilder`1.StateMachineBox`1.System.Threading.Tasks.Sources.IValueTaskSource<TResult>.GetResult(Int16 token)
   at System.Net.Http.HttpConnection.SendAsync(HttpRequestMessage request, Boolean async, CancellationToken cancellationToken)
   --- End of inner exception stack trace ---
   at System.Net.Http.HttpConnection.SendAsync(HttpRequestMessage request, Boolean async, CancellationToken cancellationToken)
   at System.Net.Http.AuthenticationHelper.SendWithNtAuthAsync(HttpRequestMessage request, Uri authUri, Boolean async, ICredentials credentials, Boolean isProxyAuth, HttpConnection connection, HttpConnectionPool connectionPool, CancellationToken cancellationToken)
   at System.Net.Http.HttpConnectionPool.SendWithVersionDetectionAndRetryAsync(HttpRequestMessage request, Boolean async, Boolean doRequestAuth, CancellationToken cancellationToken)
   at System.Net.Http.AuthenticationHelper.SendWithAuthAsync(HttpRequestMessage request, Uri authUri, Boolean async, ICredentials credentials, Boolean preAuthenticate, Boolean isProxyAuth, Boolean doRequestAuth, HttpConnectionPool pool, CancellationToken cancellationToken)
   at System.Net.Http.RedirectHandler.SendAsync(HttpRequestMessage request, Boolean async, CancellationToken cancellationToken)
   at GitHub.Services.Common.RawHttpMessageHandler.SendAsync(HttpRequestMessage request, CancellationToken cancellationToken)
   at GitHub.Services.Common.VssHttpRetryMessageHandler.SendAsync(HttpRequestMessage request, CancellationToken cancellationToken)
   at System.Net.Http.HttpClient.<SendAsync>g__Core|83_0(HttpRequestMessage request, HttpCompletionOption completionOption, CancellationTokenSource cts, Boolean disposeCts, CancellationTokenSource pendingRequestsCts, CancellationToken originalCancellationToken)
   --- End of inner exception stack trace ---
   at System.Net.Http.HttpClient.HandleFailure(Exception e, Boolean telemetryStarted, HttpResponseMessage response, CancellationTokenSource cts, CancellationToken cancellationToken, CancellationTokenSource pendingRequestsCts)
   at System.Net.Http.HttpClient.<SendAsync>g__Core|83_0(HttpRequestMessage request, HttpCompletionOption completionOption, CancellationTokenSource cts, Boolean disposeCts, CancellationTokenSource pendingRequestsCts, CancellationToken originalCancellationToken)
   at Sdk.WebApi.WebApi.RawHttpClientBase.SendAsync(HttpRequestMessage message, HttpCompletionOption completionOption, Object userState, CancellationToken cancellationToken)
   at Sdk.WebApi.WebApi.RawHttpClientBase.SendAsync[T](HttpRequestMessage message, Boolean readErrorBody, Object userState, CancellationToken cancellationToken)
   at Sdk.WebApi.WebApi.RawHttpClientBase.SendAsync[T](HttpMethod method, IEnumerable`1 additionalHeaders, Uri requestUri, HttpContent content, IEnumerable`1 queryParameters, Boolean readErrorBody, Object userState, CancellationToken cancellationToken)
   at GitHub.Actions.RunService.WebApi.BrokerHttpClient.GetRunnerMessageAsync(Nullable`1 sessionId, String runnerVersion, Nullable`1 status, String os, String architecture, Nullable`1 disableUpdate, CancellationToken cancellationToken)
   at GitHub.Runner.Common.BrokerServer.<>c__DisplayClass7_0.<<GetRunnerMessageAsync>b__0>d.MoveNext()
--- End of stack trace from previous location ---
   at GitHub.Runner.Common.RunnerService.RetryRequest[T](Func`1 func, CancellationToken cancellationToken, Int32 maxAttempts, Func`2 shouldRetry)
[2025-11-05 18:03:09Z ERR  BrokerServer] #####################################################
[2025-11-05 18:03:09Z ERR  BrokerServer] System.Threading.Tasks.TaskCanceledException: The operation was canceled.
 ---> System.IO.IOException: Unable to read data from the transport connection: De I/O-bewerking is afgebroken vanwege het afsluiten van een thread of vanwege een opdracht van een toepassing..
 ---> System.Net.Sockets.SocketException (995): De I/O-bewerking is afgebroken vanwege het afsluiten van een thread of vanwege een opdracht van een toepassing.
   --- End of inner exception stack trace ---
   at System.Net.Sockets.Socket.AwaitableSocketAsyncEventArgs.ThrowException(SocketError error, CancellationToken cancellationToken)
   at System.Net.Sockets.Socket.AwaitableSocketAsyncEventArgs.System.Threading.Tasks.Sources.IValueTaskSource<System.Int32>.GetResult(Int16 token)
   at System.Net.Security.SslStream.EnsureFullTlsFrameAsync[TIOAdapter](CancellationToken cancellationToken, Int32 estimatedSize)
   at System.Runtime.CompilerServices.PoolingAsyncValueTaskMethodBuilder`1.StateMachineBox`1.System.Threading.Tasks.Sources.IValueTaskSource<TResult>.GetResult(Int16 token)
   at System.Net.Security.SslStream.ReadAsyncInternal[TIOAdapter](Memory`1 buffer, CancellationToken cancellationToken)
   at System.Runtime.CompilerServices.PoolingAsyncValueTaskMethodBuilder`1.StateMachineBox`1.System.Threading.Tasks.Sources.IValueTaskSource<TResult>.GetResult(Int16 token)
   at System.Net.Http.HttpConnection.SendAsync(HttpRequestMessage request, Boolean async, CancellationToken cancellationToken)
   --- End of inner exception stack trace ---
   at System.Net.Http.HttpConnection.SendAsync(HttpRequestMessage request, Boolean async, CancellationToken cancellationToken)
   at System.Net.Http.AuthenticationHelper.SendWithNtAuthAsync(HttpRequestMessage request, Uri authUri, Boolean async, ICredentials credentials, Boolean isProxyAuth, HttpConnection connection, HttpConnectionPool connectionPool, CancellationToken cancellationToken)
   at System.Net.Http.HttpConnectionPool.SendWithVersionDetectionAndRetryAsync(HttpRequestMessage request, Boolean async, Boolean doRequestAuth, CancellationToken cancellationToken)
   at System.Net.Http.AuthenticationHelper.SendWithAuthAsync(HttpRequestMessage request, Uri authUri, Boolean async, ICredentials credentials, Boolean preAuthenticate, Boolean isProxyAuth, Boolean doRequestAuth, HttpConnectionPool pool, CancellationToken cancellationToken)
   at System.Net.Http.RedirectHandler.SendAsync(HttpRequestMessage request, Boolean async, CancellationToken cancellationToken)
   at GitHub.Services.Common.RawHttpMessageHandler.SendAsync(HttpRequestMessage request, CancellationToken cancellationToken)
   at GitHub.Services.Common.VssHttpRetryMessageHandler.SendAsync(HttpRequestMessage request, CancellationToken cancellationToken)
   at System.Net.Http.HttpClient.<SendAsync>g__Core|83_0(HttpRequestMessage request, HttpCompletionOption completionOption, CancellationTokenSource cts, Boolean disposeCts, CancellationTokenSource pendingRequestsCts, CancellationToken originalCancellationToken)
[2025-11-05 18:03:09Z ERR  BrokerServer] #####################################################
[2025-11-05 18:03:09Z ERR  BrokerServer] System.IO.IOException: Unable to read data from the transport connection: De I/O-bewerking is afgebroken vanwege het afsluiten van een thread of vanwege een opdracht van een toepassing..
 ---> System.Net.Sockets.SocketException (995): De I/O-bewerking is afgebroken vanwege het afsluiten van een thread of vanwege een opdracht van een toepassing.
   --- End of inner exception stack trace ---
   at System.Net.Sockets.Socket.AwaitableSocketAsyncEventArgs.ThrowException(SocketError error, CancellationToken cancellationToken)
   at System.Net.Sockets.Socket.AwaitableSocketAsyncEventArgs.System.Threading.Tasks.Sources.IValueTaskSource<System.Int32>.GetResult(Int16 token)
   at System.Net.Security.SslStream.EnsureFullTlsFrameAsync[TIOAdapter](CancellationToken cancellationToken, Int32 estimatedSize)
   at System.Runtime.CompilerServices.PoolingAsyncValueTaskMethodBuilder`1.StateMachineBox`1.System.Threading.Tasks.Sources.IValueTaskSource<TResult>.GetResult(Int16 token)
   at System.Net.Security.SslStream.ReadAsyncInternal[TIOAdapter](Memory`1 buffer, CancellationToken cancellationToken)
   at System.Runtime.CompilerServices.PoolingAsyncValueTaskMethodBuilder`1.StateMachineBox`1.System.Threading.Tasks.Sources.IValueTaskSource<TResult>.GetResult(Int16 token)
   at System.Net.Http.HttpConnection.SendAsync(HttpRequestMessage request, Boolean async, CancellationToken cancellationToken)
[2025-11-05 18:03:09Z ERR  BrokerServer] #####################################################
[2025-11-05 18:03:09Z ERR  BrokerServer] System.Net.Sockets.SocketException (995): De I/O-bewerking is afgebroken vanwege het afsluiten van een thread of vanwege een opdracht van een toepassing.
[2025-11-05 18:03:09Z WARN BrokerServer] Back off 11,428 seconds before next retry. 4 attempt left.
[2025-11-05 18:03:09Z INFO BrokerMessageListener] Get messages has been cancelled using local token source. Continue to get messages with new status.
[2025-11-05 18:03:10Z INFO ConfigurationStore] HasCredentials()
[2025-11-05 18:03:10Z INFO ConfigurationStore] stored True
[2025-11-05 18:03:10Z INFO CredentialManager] GetCredentialProvider
[2025-11-05 18:03:10Z INFO CredentialManager] Creating type OAuth
[2025-11-05 18:03:10Z INFO CredentialManager] Creating credential type: OAuth
[2025-11-05 18:03:10Z INFO RSAEncryptedFileKeyManager] Loading RSA key parameters from file C:\SCHOOL\HOWEST LES\SEM5 MCT\MLOps\Labo\Week5\03-MLOps-GithubActions\actions-runner\.credentials_rsaparams
[2025-11-05 18:03:10Z INFO RSAEncryptedFileKeyManager] Loading RSA key parameters from file C:\SCHOOL\HOWEST LES\SEM5 MCT\MLOps\Labo\Week5\03-MLOps-GithubActions\actions-runner\.credentials_rsaparams
[2025-11-05 18:03:10Z INFO RSAEncryptedFileKeyManager] Loading RSA key parameters from file C:\SCHOOL\HOWEST LES\SEM5 MCT\MLOps\Labo\Week5\03-MLOps-GithubActions\actions-runner\.credentials_rsaparams
[2025-11-05 18:03:10Z INFO GitHubActionsService] AAD Correlation ID for this token request: Unknown
[2025-11-05 18:03:12Z INFO JobDispatcher] Job request 0 for plan 22251b5e-d696-4af8-98ef-6e07d684b648 job 13a2edf0-a70a-56bd-adca-300c347b79fa received.
[2025-11-05 18:03:12Z INFO JobDispatcher] Pull OrchestrationId 22251b5e-d696-4af8-98ef-6e07d684b648.deploy-pod.__default from JWT claims
[2025-11-05 18:03:12Z INFO BrokerMessageListener] Received job status event. JobState: Busy
[2025-11-05 18:03:12Z INFO BrokerMessageListener] _getMessagesTokenSource is already disposed.
[2025-11-05 18:03:12Z INFO JobDispatcher] Job request 044d9234-0cbc-5617-8cfc-ed0e386801b3 processed succeed.
[2025-11-05 18:03:12Z INFO Terminal] WRITE LINE: 2025-11-05 18:03:12Z: Running job: deploy-pod
[2025-11-05 18:03:12Z INFO JobDispatcher] Start renew job request 0 for job 13a2edf0-a70a-56bd-adca-300c347b79fa.
[2025-11-05 18:03:12Z INFO JobDispatcher] Successfully renew job 13a2edf0-a70a-56bd-adca-300c347b79fa, job is valid till 5/11/2025 18:13:12
[2025-11-05 18:03:12Z INFO HostContext] Well known directory 'Bin': 'C:\SCHOOL\HOWEST LES\SEM5 MCT\MLOps\Labo\Week5\03-MLOps-GithubActions\actions-runner\bin'
[2025-11-05 18:03:12Z INFO ProcessInvokerWrapper] Starting process:
[2025-11-05 18:03:12Z INFO ProcessInvokerWrapper]   File name: 'C:\SCHOOL\HOWEST LES\SEM5 MCT\MLOps\Labo\Week5\03-MLOps-GithubActions\actions-runner\bin\Runner.Worker.exe'
[2025-11-05 18:03:12Z INFO ProcessInvokerWrapper]   Arguments: 'spawnclient 600 2348'
[2025-11-05 18:03:12Z INFO ProcessInvokerWrapper]   Working directory: 'C:\SCHOOL\HOWEST LES\SEM5 MCT\MLOps\Labo\Week5\03-MLOps-GithubActions\actions-runner\bin'
[2025-11-05 18:03:12Z INFO ProcessInvokerWrapper]   Require exit code zero: 'False'
[2025-11-05 18:03:12Z INFO ProcessInvokerWrapper]   Encoding web name:  ; code page: ''
[2025-11-05 18:03:12Z INFO ProcessInvokerWrapper]   Force kill process on cancellation: 'True'
[2025-11-05 18:03:12Z INFO ProcessInvokerWrapper]   Redirected STDIN: 'False'
[2025-11-05 18:03:12Z INFO ProcessInvokerWrapper]   Persist current code page: 'False'
[2025-11-05 18:03:12Z INFO ProcessInvokerWrapper]   Keep redirected STDIN open: 'False'
[2025-11-05 18:03:12Z INFO ProcessInvokerWrapper]   High priority process: 'True'
[2025-11-05 18:03:12Z INFO ProcessInvokerWrapper] Process started with process id 20536, waiting for process exit.
[2025-11-05 18:03:12Z INFO JobDispatcher] Send job request message to worker for job 13a2edf0-a70a-56bd-adca-300c347b79fa.
[2025-11-05 18:03:12Z INFO ProcessChannel] Sending message of length 21571, with hash 'e636728b599e5a7d182214d8be91ec15fd9103f3eed37ee2c520041579f13bbc'
[2025-11-05 18:03:12Z INFO JobNotification] Entering JobStarted Notification
[2025-11-05 18:03:12Z INFO JobNotification] Entering StartMonitor
[2025-11-05 18:04:12Z INFO JobDispatcher] Successfully renew job 13a2edf0-a70a-56bd-adca-300c347b79fa, job is valid till 5/11/2025 18:14:12
[2025-11-05 18:04:28Z INFO ProcessInvokerWrapper] STDOUT/STDERR stream read finished.
[2025-11-05 18:04:28Z INFO ProcessInvokerWrapper] STDOUT/STDERR stream read finished.
[2025-11-05 18:04:28Z INFO ProcessInvokerWrapper] Finished process 20536 with exit code 100, and elapsed time 00:01:16.2499193.
[2025-11-05 18:04:28Z INFO JobDispatcher] Worker finished for job 13a2edf0-a70a-56bd-adca-300c347b79fa. Code: 100
[2025-11-05 18:04:28Z INFO JobDispatcher] finish job request for job 13a2edf0-a70a-56bd-adca-300c347b79fa with result: Succeeded
[2025-11-05 18:04:28Z INFO Terminal] WRITE LINE: 2025-11-05 18:04:28Z: Job deploy-pod completed with result: Succeeded
[2025-11-05 18:04:28Z INFO JobDispatcher] Stop renew job request for job 13a2edf0-a70a-56bd-adca-300c347b79fa.
[2025-11-05 18:04:28Z INFO JobDispatcher] job renew has been cancelled, stop renew job 13a2edf0-a70a-56bd-adca-300c347b79fa.
[2025-11-05 18:04:28Z INFO JobNotification] Entering JobCompleted Notification
[2025-11-05 18:04:28Z INFO JobNotification] Entering EndMonitor
[2025-11-05 18:04:28Z INFO BrokerMessageListener] Received job status event. JobState: Online
[2025-11-05 18:04:28Z WARN GitHubActionsService] GET request to https://broker.actions.githubusercontent.com/message?sessionId=bd1717bc-5bf9-447e-87a6-eb58895b6a05&status=Busy&runnerVersion=2.329.0&os=Windows&architecture=X64&disableUpdate=false has been cancelled.
[2025-11-05 18:04:28Z ERR  BrokerServer] Catch exception during request
[2025-11-05 18:04:28Z ERR  BrokerServer] System.Threading.Tasks.TaskCanceledException: The operation was canceled.
 ---> System.Threading.Tasks.TaskCanceledException: The operation was canceled.
 ---> System.IO.IOException: Unable to read data from the transport connection: De I/O-bewerking is afgebroken vanwege het afsluiten van een thread of vanwege een opdracht van een toepassing..
 ---> System.Net.Sockets.SocketException (995): De I/O-bewerking is afgebroken vanwege het afsluiten van een thread of vanwege een opdracht van een toepassing.
   --- End of inner exception stack trace ---
   at System.Net.Sockets.Socket.AwaitableSocketAsyncEventArgs.System.Threading.Tasks.Sources.IValueTaskSource<System.Int32>.GetResult(Int16 token)
   at System.Net.Security.SslStream.EnsureFullTlsFrameAsync[TIOAdapter](CancellationToken cancellationToken, Int32 estimatedSize)
   at System.Runtime.CompilerServices.PoolingAsyncValueTaskMethodBuilder`1.StateMachineBox`1.System.Threading.Tasks.Sources.IValueTaskSource<TResult>.GetResult(Int16 token)
   at System.Net.Security.SslStream.ReadAsyncInternal[TIOAdapter](Memory`1 buffer, CancellationToken cancellationToken)
   at System.Runtime.CompilerServices.PoolingAsyncValueTaskMethodBuilder`1.StateMachineBox`1.System.Threading.Tasks.Sources.IValueTaskSource<TResult>.GetResult(Int16 token)
   at System.Net.Http.HttpConnection.SendAsync(HttpRequestMessage request, Boolean async, CancellationToken cancellationToken)
   --- End of inner exception stack trace ---
   at System.Net.Http.HttpConnection.SendAsync(HttpRequestMessage request, Boolean async, CancellationToken cancellationToken)
   at System.Net.Http.AuthenticationHelper.SendWithNtAuthAsync(HttpRequestMessage request, Uri authUri, Boolean async, ICredentials credentials, Boolean isProxyAuth, HttpConnection connection, HttpConnectionPool connectionPool, CancellationToken cancellationToken)
   at System.Net.Http.HttpConnectionPool.SendWithVersionDetectionAndRetryAsync(HttpRequestMessage request, Boolean async, Boolean doRequestAuth, CancellationToken cancellationToken)
   at System.Net.Http.AuthenticationHelper.SendWithAuthAsync(HttpRequestMessage request, Uri authUri, Boolean async, ICredentials credentials, Boolean preAuthenticate, Boolean isProxyAuth, Boolean doRequestAuth, HttpConnectionPool pool, CancellationToken cancellationToken)
   at System.Net.Http.RedirectHandler.SendAsync(HttpRequestMessage request, Boolean async, CancellationToken cancellationToken)
   at GitHub.Services.Common.RawHttpMessageHandler.SendAsync(HttpRequestMessage request, CancellationToken cancellationToken)
   at GitHub.Services.Common.VssHttpRetryMessageHandler.SendAsync(HttpRequestMessage request, CancellationToken cancellationToken)
   at System.Net.Http.HttpClient.<SendAsync>g__Core|83_0(HttpRequestMessage request, HttpCompletionOption completionOption, CancellationTokenSource cts, Boolean disposeCts, CancellationTokenSource pendingRequestsCts, CancellationToken originalCancellationToken)
   --- End of inner exception stack trace ---
   at System.Net.Http.HttpClient.HandleFailure(Exception e, Boolean telemetryStarted, HttpResponseMessage response, CancellationTokenSource cts, CancellationToken cancellationToken, CancellationTokenSource pendingRequestsCts)
   at System.Net.Http.HttpClient.<SendAsync>g__Core|83_0(HttpRequestMessage request, HttpCompletionOption completionOption, CancellationTokenSource cts, Boolean disposeCts, CancellationTokenSource pendingRequestsCts, CancellationToken originalCancellationToken)
   at Sdk.WebApi.WebApi.RawHttpClientBase.SendAsync(HttpRequestMessage message, HttpCompletionOption completionOption, Object userState, CancellationToken cancellationToken)
   at Sdk.WebApi.WebApi.RawHttpClientBase.SendAsync[T](HttpRequestMessage message, Boolean readErrorBody, Object userState, CancellationToken cancellationToken)
   at Sdk.WebApi.WebApi.RawHttpClientBase.SendAsync[T](HttpMethod method, IEnumerable`1 additionalHeaders, Uri requestUri, HttpContent content, IEnumerable`1 queryParameters, Boolean readErrorBody, Object userState, CancellationToken cancellationToken)
   at GitHub.Actions.RunService.WebApi.BrokerHttpClient.GetRunnerMessageAsync(Nullable`1 sessionId, String runnerVersion, Nullable`1 status, String os, String architecture, Nullable`1 disableUpdate, CancellationToken cancellationToken)
   at GitHub.Runner.Common.BrokerServer.<>c__DisplayClass7_0.<<GetRunnerMessageAsync>b__0>d.MoveNext()
--- End of stack trace from previous location ---
   at GitHub.Runner.Common.RunnerService.RetryRequest[T](Func`1 func, CancellationToken cancellationToken, Int32 maxAttempts, Func`2 shouldRetry)
[2025-11-05 18:04:28Z ERR  BrokerServer] #####################################################
[2025-11-05 18:04:28Z ERR  BrokerServer] System.Threading.Tasks.TaskCanceledException: The operation was canceled.
 ---> System.IO.IOException: Unable to read data from the transport connection: De I/O-bewerking is afgebroken vanwege het afsluiten van een thread of vanwege een opdracht van een toepassing..
 ---> System.Net.Sockets.SocketException (995): De I/O-bewerking is afgebroken vanwege het afsluiten van een thread of vanwege een opdracht van een toepassing.
   --- End of inner exception stack trace ---
   at System.Net.Sockets.Socket.AwaitableSocketAsyncEventArgs.System.Threading.Tasks.Sources.IValueTaskSource<System.Int32>.GetResult(Int16 token)
   at System.Net.Security.SslStream.EnsureFullTlsFrameAsync[TIOAdapter](CancellationToken cancellationToken, Int32 estimatedSize)
   at System.Runtime.CompilerServices.PoolingAsyncValueTaskMethodBuilder`1.StateMachineBox`1.System.Threading.Tasks.Sources.IValueTaskSource<TResult>.GetResult(Int16 token)
   at System.Net.Security.SslStream.ReadAsyncInternal[TIOAdapter](Memory`1 buffer, CancellationToken cancellationToken)
   at System.Runtime.CompilerServices.PoolingAsyncValueTaskMethodBuilder`1.StateMachineBox`1.System.Threading.Tasks.Sources.IValueTaskSource<TResult>.GetResult(Int16 token)
   at System.Net.Http.HttpConnection.SendAsync(HttpRequestMessage request, Boolean async, CancellationToken cancellationToken)
   --- End of inner exception stack trace ---
   at System.Net.Http.HttpConnection.SendAsync(HttpRequestMessage request, Boolean async, CancellationToken cancellationToken)
   at System.Net.Http.AuthenticationHelper.SendWithNtAuthAsync(HttpRequestMessage request, Uri authUri, Boolean async, ICredentials credentials, Boolean isProxyAuth, HttpConnection connection, HttpConnectionPool connectionPool, CancellationToken cancellationToken)
   at System.Net.Http.HttpConnectionPool.SendWithVersionDetectionAndRetryAsync(HttpRequestMessage request, Boolean async, Boolean doRequestAuth, CancellationToken cancellationToken)
   at System.Net.Http.AuthenticationHelper.SendWithAuthAsync(HttpRequestMessage request, Uri authUri, Boolean async, ICredentials credentials, Boolean preAuthenticate, Boolean isProxyAuth, Boolean doRequestAuth, HttpConnectionPool pool, CancellationToken cancellationToken)
   at System.Net.Http.RedirectHandler.SendAsync(HttpRequestMessage request, Boolean async, CancellationToken cancellationToken)
   at GitHub.Services.Common.RawHttpMessageHandler.SendAsync(HttpRequestMessage request, CancellationToken cancellationToken)
   at GitHub.Services.Common.VssHttpRetryMessageHandler.SendAsync(HttpRequestMessage request, CancellationToken cancellationToken)
   at System.Net.Http.HttpClient.<SendAsync>g__Core|83_0(HttpRequestMessage request, HttpCompletionOption completionOption, CancellationTokenSource cts, Boolean disposeCts, CancellationTokenSource pendingRequestsCts, CancellationToken originalCancellationToken)
[2025-11-05 18:04:28Z ERR  BrokerServer] #####################################################
[2025-11-05 18:04:28Z ERR  BrokerServer] System.IO.IOException: Unable to read data from the transport connection: De I/O-bewerking is afgebroken vanwege het afsluiten van een thread of vanwege een opdracht van een toepassing..
 ---> System.Net.Sockets.SocketException (995): De I/O-bewerking is afgebroken vanwege het afsluiten van een thread of vanwege een opdracht van een toepassing.
   --- End of inner exception stack trace ---
   at System.Net.Sockets.Socket.AwaitableSocketAsyncEventArgs.System.Threading.Tasks.Sources.IValueTaskSource<System.Int32>.GetResult(Int16 token)
   at System.Net.Security.SslStream.EnsureFullTlsFrameAsync[TIOAdapter](CancellationToken cancellationToken, Int32 estimatedSize)
   at System.Runtime.CompilerServices.PoolingAsyncValueTaskMethodBuilder`1.StateMachineBox`1.System.Threading.Tasks.Sources.IValueTaskSource<TResult>.GetResult(Int16 token)
   at System.Net.Security.SslStream.ReadAsyncInternal[TIOAdapter](Memory`1 buffer, CancellationToken cancellationToken)
   at System.Runtime.CompilerServices.PoolingAsyncValueTaskMethodBuilder`1.StateMachineBox`1.System.Threading.Tasks.Sources.IValueTaskSource<TResult>.GetResult(Int16 token)
   at System.Net.Http.HttpConnection.SendAsync(HttpRequestMessage request, Boolean async, CancellationToken cancellationToken)
[2025-11-05 18:04:28Z ERR  BrokerServer] #####################################################
[2025-11-05 18:04:28Z ERR  BrokerServer] System.Net.Sockets.SocketException (995): De I/O-bewerking is afgebroken vanwege het afsluiten van een thread of vanwege een opdracht van een toepassing.
[2025-11-05 18:04:28Z WARN BrokerServer] Back off 9,994 seconds before next retry. 4 attempt left.
[2025-11-05 18:04:28Z INFO BrokerMessageListener] Get messages has been cancelled using local token source. Continue to get messages with new status.
[2025-11-05 18:48:53Z INFO RSAEncryptedFileKeyManager] Loading RSA key parameters from file C:\SCHOOL\HOWEST LES\SEM5 MCT\MLOps\Labo\Week5\03-MLOps-GithubActions\actions-runner\.credentials_rsaparams
[2025-11-05 18:48:54Z INFO GitHubActionsService] AAD Correlation ID for this token request: Unknown
[2025-11-05 19:43:46Z WARN GitHubActionsService] Attempt 1 of GET request to https://broker.actions.githubusercontent.com/message?sessionId=bd1717bc-5bf9-447e-87a6-eb58895b6a05&status=Online&runnerVersion=2.329.0&os=Windows&architecture=X64&disableUpdate=false failed (Socket Error: ConnectionReset). The operation will be retried in 11,114 seconds.
[2025-11-06 08:41:36Z INFO RSAEncryptedFileKeyManager] Loading RSA key parameters from file C:\SCHOOL\HOWEST LES\SEM5 MCT\MLOps\Labo\Week5\03-MLOps-GithubActions\actions-runner\.credentials_rsaparams
[2025-11-06 08:41:36Z INFO GitHubActionsService] AAD Correlation ID for this token request: Unknown
[2025-11-06 08:45:15Z INFO Terminal] WRITE LINE: Exiting...
[2025-11-06 08:45:15Z INFO ConfigurationStore] IsServiceConfigured()
[2025-11-06 08:45:15Z INFO ConfigurationStore] IsServiceConfigured: False
[2025-11-06 08:45:15Z INFO HostContext] Runner will be shutdown for UserCancelled
[2025-11-06 08:45:15Z WARN GitHubActionsService] GET request to https://broker.actions.githubusercontent.com/message?sessionId=bd1717bc-5bf9-447e-87a6-eb58895b6a05&status=Online&runnerVersion=2.329.0&os=Windows&architecture=X64&disableUpdate=false has been cancelled.
[2025-11-06 08:45:15Z ERR  BrokerServer] Catch exception during request
[2025-11-06 08:45:15Z ERR  BrokerServer] System.Threading.Tasks.TaskCanceledException: The operation was canceled.
 ---> System.Threading.Tasks.TaskCanceledException: The operation was canceled.
 ---> System.IO.IOException: Unable to read data from the transport connection: De I/O-bewerking is afgebroken vanwege het afsluiten van een thread of vanwege een opdracht van een toepassing..
 ---> System.Net.Sockets.SocketException (995): De I/O-bewerking is afgebroken vanwege het afsluiten van een thread of vanwege een opdracht van een toepassing.
   --- End of inner exception stack trace ---
   at System.Net.Sockets.Socket.AwaitableSocketAsyncEventArgs.System.Threading.Tasks.Sources.IValueTaskSource<System.Int32>.GetResult(Int16 token)
   at System.Net.Security.SslStream.EnsureFullTlsFrameAsync[TIOAdapter](CancellationToken cancellationToken, Int32 estimatedSize)
   at System.Runtime.CompilerServices.PoolingAsyncValueTaskMethodBuilder`1.StateMachineBox`1.System.Threading.Tasks.Sources.IValueTaskSource<TResult>.GetResult(Int16 token)
   at System.Net.Security.SslStream.ReadAsyncInternal[TIOAdapter](Memory`1 buffer, CancellationToken cancellationToken)
   at System.Runtime.CompilerServices.PoolingAsyncValueTaskMethodBuilder`1.StateMachineBox`1.System.Threading.Tasks.Sources.IValueTaskSource<TResult>.GetResult(Int16 token)
   at System.Net.Http.HttpConnection.SendAsync(HttpRequestMessage request, Boolean async, CancellationToken cancellationToken)
   --- End of inner exception stack trace ---
   at System.Net.Http.HttpConnection.SendAsync(HttpRequestMessage request, Boolean async, CancellationToken cancellationToken)
   at System.Net.Http.AuthenticationHelper.SendWithNtAuthAsync(HttpRequestMessage request, Uri authUri, Boolean async, ICredentials credentials, Boolean isProxyAuth, HttpConnection connection, HttpConnectionPool connectionPool, CancellationToken cancellationToken)
   at System.Net.Http.HttpConnectionPool.SendWithVersionDetectionAndRetryAsync(HttpRequestMessage request, Boolean async, Boolean doRequestAuth, CancellationToken cancellationToken)
   at System.Net.Http.AuthenticationHelper.SendWithAuthAsync(HttpRequestMessage request, Uri authUri, Boolean async, ICredentials credentials, Boolean preAuthenticate, Boolean isProxyAuth, Boolean doRequestAuth, HttpConnectionPool pool, CancellationToken cancellationToken)
   at System.Net.Http.RedirectHandler.SendAsync(HttpRequestMessage request, Boolean async, CancellationToken cancellationToken)
   at GitHub.Services.Common.RawHttpMessageHandler.SendAsync(HttpRequestMessage request, CancellationToken cancellationToken)
   at GitHub.Services.Common.VssHttpRetryMessageHandler.SendAsync(HttpRequestMessage request, CancellationToken cancellationToken)
   at System.Net.Http.HttpClient.<SendAsync>g__Core|83_0(HttpRequestMessage request, HttpCompletionOption completionOption, CancellationTokenSource cts, Boolean disposeCts, CancellationTokenSource pendingRequestsCts, CancellationToken originalCancellationToken)
   --- End of inner exception stack trace ---
   at System.Net.Http.HttpClient.HandleFailure(Exception e, Boolean telemetryStarted, HttpResponseMessage response, CancellationTokenSource cts, CancellationToken cancellationToken, CancellationTokenSource pendingRequestsCts)
   at System.Net.Http.HttpClient.<SendAsync>g__Core|83_0(HttpRequestMessage request, HttpCompletionOption completionOption, CancellationTokenSource cts, Boolean disposeCts, CancellationTokenSource pendingRequestsCts, CancellationToken originalCancellationToken)
   at Sdk.WebApi.WebApi.RawHttpClientBase.SendAsync(HttpRequestMessage message, HttpCompletionOption completionOption, Object userState, CancellationToken cancellationToken)
   at Sdk.WebApi.WebApi.RawHttpClientBase.SendAsync[T](HttpRequestMessage message, Boolean readErrorBody, Object userState, CancellationToken cancellationToken)
   at Sdk.WebApi.WebApi.RawHttpClientBase.SendAsync[T](HttpMethod method, IEnumerable`1 additionalHeaders, Uri requestUri, HttpContent content, IEnumerable`1 queryParameters, Boolean readErrorBody, Object userState, CancellationToken cancellationToken)
   at GitHub.Actions.RunService.WebApi.BrokerHttpClient.GetRunnerMessageAsync(Nullable`1 sessionId, String runnerVersion, Nullable`1 status, String os, String architecture, Nullable`1 disableUpdate, CancellationToken cancellationToken)
   at GitHub.Runner.Common.BrokerServer.<>c__DisplayClass7_0.<<GetRunnerMessageAsync>b__0>d.MoveNext()
--- End of stack trace from previous location ---
   at GitHub.Runner.Common.RunnerService.RetryRequest[T](Func`1 func, CancellationToken cancellationToken, Int32 maxAttempts, Func`2 shouldRetry)
[2025-11-06 08:45:15Z ERR  BrokerServer] #####################################################
[2025-11-06 08:45:15Z ERR  BrokerServer] System.Threading.Tasks.TaskCanceledException: The operation was canceled.
 ---> System.IO.IOException: Unable to read data from the transport connection: De I/O-bewerking is afgebroken vanwege het afsluiten van een thread of vanwege een opdracht van een toepassing..
 ---> System.Net.Sockets.SocketException (995): De I/O-bewerking is afgebroken vanwege het afsluiten van een thread of vanwege een opdracht van een toepassing.
   --- End of inner exception stack trace ---
   at System.Net.Sockets.Socket.AwaitableSocketAsyncEventArgs.System.Threading.Tasks.Sources.IValueTaskSource<System.Int32>.GetResult(Int16 token)
   at System.Net.Security.SslStream.EnsureFullTlsFrameAsync[TIOAdapter](CancellationToken cancellationToken, Int32 estimatedSize)
   at System.Runtime.CompilerServices.PoolingAsyncValueTaskMethodBuilder`1.StateMachineBox`1.System.Threading.Tasks.Sources.IValueTaskSource<TResult>.GetResult(Int16 token)
   at System.Net.Security.SslStream.ReadAsyncInternal[TIOAdapter](Memory`1 buffer, CancellationToken cancellationToken)
   at System.Runtime.CompilerServices.PoolingAsyncValueTaskMethodBuilder`1.StateMachineBox`1.System.Threading.Tasks.Sources.IValueTaskSource<TResult>.GetResult(Int16 token)
   at System.Net.Http.HttpConnection.SendAsync(HttpRequestMessage request, Boolean async, CancellationToken cancellationToken)
   --- End of inner exception stack trace ---
   at System.Net.Http.HttpConnection.SendAsync(HttpRequestMessage request, Boolean async, CancellationToken cancellationToken)
   at System.Net.Http.AuthenticationHelper.SendWithNtAuthAsync(HttpRequestMessage request, Uri authUri, Boolean async, ICredentials credentials, Boolean isProxyAuth, HttpConnection connection, HttpConnectionPool connectionPool, CancellationToken cancellationToken)
   at System.Net.Http.HttpConnectionPool.SendWithVersionDetectionAndRetryAsync(HttpRequestMessage request, Boolean async, Boolean doRequestAuth, CancellationToken cancellationToken)
   at System.Net.Http.AuthenticationHelper.SendWithAuthAsync(HttpRequestMessage request, Uri authUri, Boolean async, ICredentials credentials, Boolean preAuthenticate, Boolean isProxyAuth, Boolean doRequestAuth, HttpConnectionPool pool, CancellationToken cancellationToken)
   at System.Net.Http.RedirectHandler.SendAsync(HttpRequestMessage request, Boolean async, CancellationToken cancellationToken)
   at GitHub.Services.Common.RawHttpMessageHandler.SendAsync(HttpRequestMessage request, CancellationToken cancellationToken)
   at GitHub.Services.Common.VssHttpRetryMessageHandler.SendAsync(HttpRequestMessage request, CancellationToken cancellationToken)
   at System.Net.Http.HttpClient.<SendAsync>g__Core|83_0(HttpRequestMessage request, HttpCompletionOption completionOption, CancellationTokenSource cts, Boolean disposeCts, CancellationTokenSource pendingRequestsCts, CancellationToken originalCancellationToken)
[2025-11-06 08:45:15Z ERR  BrokerServer] #####################################################
[2025-11-06 08:45:15Z ERR  BrokerServer] System.IO.IOException: Unable to read data from the transport connection: De I/O-bewerking is afgebroken vanwege het afsluiten van een thread of vanwege een opdracht van een toepassing..
 ---> System.Net.Sockets.SocketException (995): De I/O-bewerking is afgebroken vanwege het afsluiten van een thread of vanwege een opdracht van een toepassing.
   --- End of inner exception stack trace ---
   at System.Net.Sockets.Socket.AwaitableSocketAsyncEventArgs.System.Threading.Tasks.Sources.IValueTaskSource<System.Int32>.GetResult(Int16 token)
   at System.Net.Security.SslStream.EnsureFullTlsFrameAsync[TIOAdapter](CancellationToken cancellationToken, Int32 estimatedSize)
   at System.Runtime.CompilerServices.PoolingAsyncValueTaskMethodBuilder`1.StateMachineBox`1.System.Threading.Tasks.Sources.IValueTaskSource<TResult>.GetResult(Int16 token)
   at System.Net.Security.SslStream.ReadAsyncInternal[TIOAdapter](Memory`1 buffer, CancellationToken cancellationToken)
   at System.Runtime.CompilerServices.PoolingAsyncValueTaskMethodBuilder`1.StateMachineBox`1.System.Threading.Tasks.Sources.IValueTaskSource<TResult>.GetResult(Int16 token)
   at System.Net.Http.HttpConnection.SendAsync(HttpRequestMessage request, Boolean async, CancellationToken cancellationToken)
[2025-11-06 08:45:15Z ERR  BrokerServer] #####################################################
[2025-11-06 08:45:15Z ERR  BrokerServer] System.Net.Sockets.SocketException (995): De I/O-bewerking is afgebroken vanwege het afsluiten van een thread of vanwege een opdracht van een toepassing.
[2025-11-06 08:45:15Z WARN BrokerServer] Back off 8,361 seconds before next retry. 4 attempt left.
[2025-11-06 08:45:15Z INFO BrokerMessageListener] Get next message has been cancelled.
[2025-11-06 08:45:15Z INFO JobDispatcher] Shutting down JobDispatcher. Make sure all WorkerDispatcher has finished.
[2025-11-06 08:45:15Z INFO JobDispatcher] Ensure WorkerDispatcher for job 13a2edf0-a70a-56bd-adca-300c347b79fa run to finish, cancel any running job.
[2025-11-06 08:45:15Z INFO JobDispatcher] Job request 13a2edf0-a70a-56bd-adca-300c347b79fa processed succeed.
[2025-11-06 08:45:15Z INFO Runner] Deleting Runner Session...
[2025-11-06 08:45:16Z INFO Listener] Runner execution been cancelled.
