[2025-11-06 10:19:53Z INFO HostContext] No proxy settings were found based on environmental variables (http_proxy/https_proxy/HTTP_PROXY/HTTPS_PROXY)
[2025-11-06 10:19:53Z INFO HostContext] Well known directory 'Bin': 'C:\SCHOOL\HOWEST LES\SEM5 MCT\MLOps\Labo\Week5\03-MLOps-GithubActions\actions-runner\bin'
[2025-11-06 10:19:53Z INFO HostContext] Well known directory 'Root': 'C:\SCHOOL\HOWEST LES\SEM5 MCT\MLOps\Labo\Week5\03-MLOps-GithubActions\actions-runner'
[2025-11-06 10:19:53Z INFO HostContext] Well known config file 'Credentials': 'C:\SCHOOL\HOWEST LES\SEM5 MCT\MLOps\Labo\Week5\03-MLOps-GithubActions\actions-runner\.credentials'
[2025-11-06 10:19:53Z INFO HostContext] Well known directory 'Bin': 'C:\SCHOOL\HOWEST LES\SEM5 MCT\MLOps\Labo\Week5\03-MLOps-GithubActions\actions-runner\bin'
[2025-11-06 10:19:53Z INFO HostContext] Well known directory 'Root': 'C:\SCHOOL\HOWEST LES\SEM5 MCT\MLOps\Labo\Week5\03-MLOps-GithubActions\actions-runner'
[2025-11-06 10:19:53Z INFO HostContext] Well known config file 'Runner': 'C:\SCHOOL\HOWEST LES\SEM5 MCT\MLOps\Labo\Week5\03-MLOps-GithubActions\actions-runner\.runner'
[2025-11-06 10:19:53Z INFO Listener] Runner is built for Windows (X64) - win-x64.
[2025-11-06 10:19:53Z INFO Listener] RuntimeInformation: Microsoft Windows 10.0.26100.
[2025-11-06 10:19:53Z INFO Listener] Version: 2.329.0
[2025-11-06 10:19:53Z INFO Listener] Commit: c76c59996c8fa32e989164a5a695efb12608ae5a
[2025-11-06 10:19:53Z INFO Listener] Culture: nl-BE
[2025-11-06 10:19:53Z INFO Listener] UI Culture: nl-NL
[2025-11-06 10:19:53Z INFO HostContext] Well known directory 'Bin': 'C:\SCHOOL\HOWEST LES\SEM5 MCT\MLOps\Labo\Week5\03-MLOps-GithubActions\actions-runner\bin'
[2025-11-06 10:19:53Z INFO HostContext] Well known directory 'Root': 'C:\SCHOOL\HOWEST LES\SEM5 MCT\MLOps\Labo\Week5\03-MLOps-GithubActions\actions-runner'
[2025-11-06 10:19:53Z INFO Listener] Validating directory permissions for: 'C:\SCHOOL\HOWEST LES\SEM5 MCT\MLOps\Labo\Week5\03-MLOps-GithubActions\actions-runner'
[2025-11-06 10:19:53Z INFO CommandLineParser] Parse
[2025-11-06 10:19:53Z INFO CommandLineParser] Parsing 1 args
[2025-11-06 10:19:53Z INFO CommandLineParser] parsing argument
[2025-11-06 10:19:53Z INFO CommandLineParser] HasArgs: False
[2025-11-06 10:19:53Z INFO CommandLineParser] Adding Command: run
[2025-11-06 10:19:53Z INFO Listener] Arguments parsed
[2025-11-06 10:19:53Z INFO Runner] ExecuteCommand
[2025-11-06 10:19:53Z INFO ConfigurationStore] currentAssemblyLocation: C:\SCHOOL\HOWEST LES\SEM5 MCT\MLOps\Labo\Week5\03-MLOps-GithubActions\actions-runner\bin\Runner.Listener.dll
[2025-11-06 10:19:53Z INFO HostContext] Well known directory 'Bin': 'C:\SCHOOL\HOWEST LES\SEM5 MCT\MLOps\Labo\Week5\03-MLOps-GithubActions\actions-runner\bin'
[2025-11-06 10:19:53Z INFO ConfigurationStore] binPath: C:\SCHOOL\HOWEST LES\SEM5 MCT\MLOps\Labo\Week5\03-MLOps-GithubActions\actions-runner\bin
[2025-11-06 10:19:53Z INFO HostContext] Well known directory 'Bin': 'C:\SCHOOL\HOWEST LES\SEM5 MCT\MLOps\Labo\Week5\03-MLOps-GithubActions\actions-runner\bin'
[2025-11-06 10:19:53Z INFO HostContext] Well known directory 'Root': 'C:\SCHOOL\HOWEST LES\SEM5 MCT\MLOps\Labo\Week5\03-MLOps-GithubActions\actions-runner'
[2025-11-06 10:19:53Z INFO ConfigurationStore] RootFolder: C:\SCHOOL\HOWEST LES\SEM5 MCT\MLOps\Labo\Week5\03-MLOps-GithubActions\actions-runner
[2025-11-06 10:19:53Z INFO HostContext] Well known directory 'Bin': 'C:\SCHOOL\HOWEST LES\SEM5 MCT\MLOps\Labo\Week5\03-MLOps-GithubActions\actions-runner\bin'
[2025-11-06 10:19:53Z INFO HostContext] Well known directory 'Root': 'C:\SCHOOL\HOWEST LES\SEM5 MCT\MLOps\Labo\Week5\03-MLOps-GithubActions\actions-runner'
[2025-11-06 10:19:53Z INFO HostContext] Well known config file 'Runner': 'C:\SCHOOL\HOWEST LES\SEM5 MCT\MLOps\Labo\Week5\03-MLOps-GithubActions\actions-runner\.runner'
[2025-11-06 10:19:53Z INFO ConfigurationStore] ConfigFilePath: C:\SCHOOL\HOWEST LES\SEM5 MCT\MLOps\Labo\Week5\03-MLOps-GithubActions\actions-runner\.runner
[2025-11-06 10:19:53Z INFO HostContext] Well known directory 'Bin': 'C:\SCHOOL\HOWEST LES\SEM5 MCT\MLOps\Labo\Week5\03-MLOps-GithubActions\actions-runner\bin'
[2025-11-06 10:19:53Z INFO HostContext] Well known directory 'Root': 'C:\SCHOOL\HOWEST LES\SEM5 MCT\MLOps\Labo\Week5\03-MLOps-GithubActions\actions-runner'
[2025-11-06 10:19:53Z INFO HostContext] Well known config file 'MigratedRunner': 'C:\SCHOOL\HOWEST LES\SEM5 MCT\MLOps\Labo\Week5\03-MLOps-GithubActions\actions-runner\.runner_migrated'
[2025-11-06 10:19:53Z INFO ConfigurationStore] MigratedConfigFilePath: C:\SCHOOL\HOWEST LES\SEM5 MCT\MLOps\Labo\Week5\03-MLOps-GithubActions\actions-runner\.runner_migrated
[2025-11-06 10:19:53Z INFO HostContext] Well known directory 'Bin': 'C:\SCHOOL\HOWEST LES\SEM5 MCT\MLOps\Labo\Week5\03-MLOps-GithubActions\actions-runner\bin'
[2025-11-06 10:19:53Z INFO HostContext] Well known directory 'Root': 'C:\SCHOOL\HOWEST LES\SEM5 MCT\MLOps\Labo\Week5\03-MLOps-GithubActions\actions-runner'
[2025-11-06 10:19:53Z INFO HostContext] Well known config file 'Credentials': 'C:\SCHOOL\HOWEST LES\SEM5 MCT\MLOps\Labo\Week5\03-MLOps-GithubActions\actions-runner\.credentials'
[2025-11-06 10:19:53Z INFO ConfigurationStore] CredFilePath: C:\SCHOOL\HOWEST LES\SEM5 MCT\MLOps\Labo\Week5\03-MLOps-GithubActions\actions-runner\.credentials
[2025-11-06 10:19:53Z INFO HostContext] Well known directory 'Bin': 'C:\SCHOOL\HOWEST LES\SEM5 MCT\MLOps\Labo\Week5\03-MLOps-GithubActions\actions-runner\bin'
[2025-11-06 10:19:53Z INFO HostContext] Well known directory 'Root': 'C:\SCHOOL\HOWEST LES\SEM5 MCT\MLOps\Labo\Week5\03-MLOps-GithubActions\actions-runner'
[2025-11-06 10:19:53Z INFO HostContext] Well known config file 'MigratedCredentials': 'C:\SCHOOL\HOWEST LES\SEM5 MCT\MLOps\Labo\Week5\03-MLOps-GithubActions\actions-runner\.credentials_migrated'
[2025-11-06 10:19:53Z INFO ConfigurationStore] MigratedCredFilePath: C:\SCHOOL\HOWEST LES\SEM5 MCT\MLOps\Labo\Week5\03-MLOps-GithubActions\actions-runner\.credentials_migrated
[2025-11-06 10:19:53Z INFO HostContext] Well known directory 'Bin': 'C:\SCHOOL\HOWEST LES\SEM5 MCT\MLOps\Labo\Week5\03-MLOps-GithubActions\actions-runner\bin'
[2025-11-06 10:19:53Z INFO HostContext] Well known directory 'Root': 'C:\SCHOOL\HOWEST LES\SEM5 MCT\MLOps\Labo\Week5\03-MLOps-GithubActions\actions-runner'
[2025-11-06 10:19:53Z INFO HostContext] Well known config file 'Service': 'C:\SCHOOL\HOWEST LES\SEM5 MCT\MLOps\Labo\Week5\03-MLOps-GithubActions\actions-runner\.service'
[2025-11-06 10:19:53Z INFO ConfigurationStore] ServiceConfigFilePath: C:\SCHOOL\HOWEST LES\SEM5 MCT\MLOps\Labo\Week5\03-MLOps-GithubActions\actions-runner\.service
[2025-11-06 10:19:53Z INFO CommandSettings] Flag 'help': 'False'
[2025-11-06 10:19:53Z INFO CommandSettings] Flag 'version': 'False'
[2025-11-06 10:19:53Z INFO CommandSettings] Flag 'commit': 'False'
[2025-11-06 10:19:53Z INFO CommandSettings] Flag 'check': 'False'
[2025-11-06 10:19:53Z INFO CommandSettings] Command 'configure': 'False'
[2025-11-06 10:19:53Z INFO CommandSettings] Command 'remove': 'False'
[2025-11-06 10:19:53Z INFO CommandSettings] Command 'warmup': 'False'
[2025-11-06 10:19:53Z INFO ConfigurationManager] LoadSettings
[2025-11-06 10:19:53Z INFO ConfigurationStore] IsConfigured()
[2025-11-06 10:19:53Z INFO ConfigurationStore] IsConfigured: True
[2025-11-06 10:19:53Z INFO ConfigurationManager] Is configured: True
[2025-11-06 10:19:53Z INFO ConfigurationStore] Read setting file: 402 chars
[2025-11-06 10:19:53Z INFO ConfigurationManager] Settings Loaded
[2025-11-06 10:19:53Z INFO ConfigurationStore] IsServiceConfigured()
[2025-11-06 10:19:53Z INFO ConfigurationStore] IsServiceConfigured: False
[2025-11-06 10:19:53Z INFO CommandSettings] Command 'run': 'True'
[2025-11-06 10:19:53Z INFO ConfigurationStore] IsConfigured()
[2025-11-06 10:19:53Z INFO ConfigurationStore] IsConfigured: True
[2025-11-06 10:19:53Z INFO ConfigurationManager] Is configured: True
[2025-11-06 10:19:53Z INFO Runner] Could not parse the argument value '' for StartupType. Defaulting to Manual
[2025-11-06 10:19:53Z INFO Runner] Set runner startup type - Manual
[2025-11-06 10:19:53Z INFO CommandSettings] Flag 'once': 'False'
[2025-11-06 10:19:53Z INFO CommandSettings] Flag 'once': 'False'
[2025-11-06 10:19:53Z INFO Runner] RunAsync
[2025-11-06 10:19:53Z INFO ConfigurationManager] LoadMigratedSettings
[2025-11-06 10:19:53Z INFO ConfigurationStore] IsMigratedConfigured()
[2025-11-06 10:19:53Z INFO ConfigurationStore] IsMigratedConfigured: False
[2025-11-06 10:19:53Z INFO Runner] Failed to load migrated settings: No migrated configuration found.
[2025-11-06 10:19:53Z INFO Runner] Falling back to original .runner settings
[2025-11-06 10:19:53Z INFO Runner] Using BrokerMessageListener
[2025-11-06 10:19:53Z INFO BrokerMessageListener] Using provided settings
[2025-11-06 10:19:53Z INFO BrokerMessageListener] {
  "AgentId": 2,
  "AgentName": "MSI",
  "PoolId": 1,
  "PoolName": "Default",
  "ServerUrl": "https://pipelinesghubeus25.actions.githubusercontent.com/WiUpu9Pnkv3MKD58V5oxbZ8ketpBxegbuMcs38JyDyHbFZtKqd/",
  "GitHubUrl": "https://github.com/DHaluwinRune/03-MLOps-GithubActions",
  "WorkFolder": "_work",
  "UseV2Flow": true,
  "ServerUrlV2": "https://broker.actions.githubusercontent.com/"
}
[2025-11-06 10:19:53Z INFO BrokerMessageListener] Loading Credentials
[2025-11-06 10:19:53Z INFO ConfigurationStore] HasCredentials()
[2025-11-06 10:19:53Z INFO ConfigurationStore] stored True
[2025-11-06 10:19:53Z INFO CredentialManager] GetCredentialProvider
[2025-11-06 10:19:53Z INFO CredentialManager] Creating type OAuth
[2025-11-06 10:19:53Z INFO CredentialManager] Creating credential type: OAuth
[2025-11-06 10:19:53Z INFO HostContext] Well known directory 'Bin': 'C:\SCHOOL\HOWEST LES\SEM5 MCT\MLOps\Labo\Week5\03-MLOps-GithubActions\actions-runner\bin'
[2025-11-06 10:19:53Z INFO HostContext] Well known directory 'Root': 'C:\SCHOOL\HOWEST LES\SEM5 MCT\MLOps\Labo\Week5\03-MLOps-GithubActions\actions-runner'
[2025-11-06 10:19:53Z INFO HostContext] Well known config file 'RSACredentials': 'C:\SCHOOL\HOWEST LES\SEM5 MCT\MLOps\Labo\Week5\03-MLOps-GithubActions\actions-runner\.credentials_rsaparams'
[2025-11-06 10:19:53Z INFO RSAEncryptedFileKeyManager] Loading RSA key parameters from file C:\SCHOOL\HOWEST LES\SEM5 MCT\MLOps\Labo\Week5\03-MLOps-GithubActions\actions-runner\.credentials_rsaparams
[2025-11-06 10:19:53Z INFO BrokerMessageListener] Attempt to create session.
[2025-11-06 10:19:53Z INFO BrokerMessageListener] Connecting to the Broker Server...
[2025-11-06 10:19:53Z INFO ConfigurationStore] HasCredentials()
[2025-11-06 10:19:53Z INFO ConfigurationStore] stored True
[2025-11-06 10:19:53Z INFO CredentialManager] GetCredentialProvider
[2025-11-06 10:19:53Z INFO CredentialManager] Creating type OAuth
[2025-11-06 10:19:53Z INFO CredentialManager] Creating credential type: OAuth
[2025-11-06 10:19:53Z INFO RSAEncryptedFileKeyManager] Loading RSA key parameters from file C:\SCHOOL\HOWEST LES\SEM5 MCT\MLOps\Labo\Week5\03-MLOps-GithubActions\actions-runner\.credentials_rsaparams
[2025-11-06 10:19:53Z INFO BrokerMessageListener] VssConnection created
[2025-11-06 10:19:53Z INFO BrokerMessageListener] Connecting to the Runner server...
[2025-11-06 10:19:53Z INFO RunnerServer] EstablishVssConnection
[2025-11-06 10:19:53Z INFO RunnerServer] Establish connection with 100 seconds timeout.
[2025-11-06 10:19:53Z INFO GitHubActionsService] Starting operation Location.GetConnectionData
[2025-11-06 10:19:53Z INFO RunnerServer] EstablishVssConnection
[2025-11-06 10:19:53Z INFO RunnerServer] Establish connection with 60 seconds timeout.
[2025-11-06 10:19:53Z INFO GitHubActionsService] Starting operation Location.GetConnectionData
[2025-11-06 10:19:53Z INFO RunnerServer] EstablishVssConnection
[2025-11-06 10:19:53Z INFO RunnerServer] Establish connection with 60 seconds timeout.
[2025-11-06 10:19:53Z INFO GitHubActionsService] Starting operation Location.GetConnectionData
[2025-11-06 10:19:54Z INFO GitHubActionsService] Finished operation Location.GetConnectionData
[2025-11-06 10:19:54Z INFO GitHubActionsService] Finished operation Location.GetConnectionData
[2025-11-06 10:19:54Z INFO GitHubActionsService] Finished operation Location.GetConnectionData
[2025-11-06 10:19:54Z INFO BrokerMessageListener] VssConnection created
[2025-11-06 10:19:54Z INFO Terminal] WRITE LINE: 
[2025-11-06 10:19:54Z INFO Terminal] WRITE LINE: 
[2025-11-06 10:19:54Z INFO RSAEncryptedFileKeyManager] Loading RSA key parameters from file C:\SCHOOL\HOWEST LES\SEM5 MCT\MLOps\Labo\Week5\03-MLOps-GithubActions\actions-runner\.credentials_rsaparams
[2025-11-06 10:19:54Z INFO RSAEncryptedFileKeyManager] Loading RSA key parameters from file C:\SCHOOL\HOWEST LES\SEM5 MCT\MLOps\Labo\Week5\03-MLOps-GithubActions\actions-runner\.credentials_rsaparams
[2025-11-06 10:19:55Z INFO GitHubActionsService] AAD Correlation ID for this token request: Unknown
[2025-11-06 10:19:55Z INFO BrokerMessageListener] Session created.
[2025-11-06 10:19:55Z INFO Terminal] WRITE LINE: Current runner version: '2.329.0'
[2025-11-06 10:19:55Z INFO Terminal] WRITE LINE: 2025-11-06 10:19:55Z: Listening for Jobs
[2025-11-06 10:19:55Z INFO JobDispatcher] Set runner/worker IPC timeout to 30 seconds.
[2025-11-06 10:19:56Z INFO ConfigurationStore] HasCredentials()
[2025-11-06 10:19:56Z INFO ConfigurationStore] stored True
[2025-11-06 10:19:56Z INFO CredentialManager] GetCredentialProvider
[2025-11-06 10:19:56Z INFO CredentialManager] Creating type OAuth
[2025-11-06 10:19:56Z INFO CredentialManager] Creating credential type: OAuth
[2025-11-06 10:19:56Z INFO RSAEncryptedFileKeyManager] Loading RSA key parameters from file C:\SCHOOL\HOWEST LES\SEM5 MCT\MLOps\Labo\Week5\03-MLOps-GithubActions\actions-runner\.credentials_rsaparams
[2025-11-06 10:19:56Z INFO RSAEncryptedFileKeyManager] Loading RSA key parameters from file C:\SCHOOL\HOWEST LES\SEM5 MCT\MLOps\Labo\Week5\03-MLOps-GithubActions\actions-runner\.credentials_rsaparams
[2025-11-06 10:19:56Z INFO RSAEncryptedFileKeyManager] Loading RSA key parameters from file C:\SCHOOL\HOWEST LES\SEM5 MCT\MLOps\Labo\Week5\03-MLOps-GithubActions\actions-runner\.credentials_rsaparams
[2025-11-06 10:19:56Z INFO GitHubActionsService] AAD Correlation ID for this token request: Unknown
[2025-11-06 10:19:57Z INFO JobDispatcher] Job request 0 for plan 4f5ac106-7719-4100-aa14-599992c511f0 job 1500c2ab-53ac-5221-96a4-5af0a3e55006 received.
[2025-11-06 10:19:57Z INFO JobDispatcher] Pull OrchestrationId 4f5ac106-7719-4100-aa14-599992c511f0.deploy-pod.__default from JWT claims
[2025-11-06 10:19:57Z INFO BrokerMessageListener] Received job status event. JobState: Busy
[2025-11-06 10:19:57Z INFO BrokerMessageListener] _getMessagesTokenSource is already disposed.
[2025-11-06 10:19:57Z INFO Terminal] WRITE LINE: 2025-11-06 10:19:57Z: Running job: deploy-pod
[2025-11-06 10:19:57Z INFO JobDispatcher] Start renew job request 0 for job 1500c2ab-53ac-5221-96a4-5af0a3e55006.
[2025-11-06 10:19:58Z INFO JobDispatcher] Successfully renew job 1500c2ab-53ac-5221-96a4-5af0a3e55006, job is valid till 6/11/2025 10:29:58
[2025-11-06 10:19:58Z INFO HostContext] Well known directory 'Bin': 'C:\SCHOOL\HOWEST LES\SEM5 MCT\MLOps\Labo\Week5\03-MLOps-GithubActions\actions-runner\bin'
[2025-11-06 10:19:58Z INFO ProcessInvokerWrapper] Starting process:
[2025-11-06 10:19:58Z INFO ProcessInvokerWrapper]   File name: 'C:\SCHOOL\HOWEST LES\SEM5 MCT\MLOps\Labo\Week5\03-MLOps-GithubActions\actions-runner\bin\Runner.Worker.exe'
[2025-11-06 10:19:58Z INFO ProcessInvokerWrapper]   Arguments: 'spawnclient 2244 2256'
[2025-11-06 10:19:58Z INFO ProcessInvokerWrapper]   Working directory: 'C:\SCHOOL\HOWEST LES\SEM5 MCT\MLOps\Labo\Week5\03-MLOps-GithubActions\actions-runner\bin'
[2025-11-06 10:19:58Z INFO ProcessInvokerWrapper]   Require exit code zero: 'False'
[2025-11-06 10:19:58Z INFO ProcessInvokerWrapper]   Encoding web name:  ; code page: ''
[2025-11-06 10:19:58Z INFO ProcessInvokerWrapper]   Force kill process on cancellation: 'True'
[2025-11-06 10:19:58Z INFO ProcessInvokerWrapper]   Redirected STDIN: 'False'
[2025-11-06 10:19:58Z INFO ProcessInvokerWrapper]   Persist current code page: 'False'
[2025-11-06 10:19:58Z INFO ProcessInvokerWrapper]   Keep redirected STDIN open: 'False'
[2025-11-06 10:19:58Z INFO ProcessInvokerWrapper]   High priority process: 'True'
[2025-11-06 10:19:58Z INFO ProcessInvokerWrapper] Process started with process id 23036, waiting for process exit.
[2025-11-06 10:19:58Z INFO JobDispatcher] Send job request message to worker for job 1500c2ab-53ac-5221-96a4-5af0a3e55006.
[2025-11-06 10:19:58Z INFO ProcessChannel] Sending message of length 21416, with hash '75fd84dc362de971a069596bf3d9bd58171f35cb2eb4438918dd74f5fdd976df'
[2025-11-06 10:19:58Z INFO JobNotification] Entering JobStarted Notification
[2025-11-06 10:19:58Z INFO JobNotification] Entering StartMonitor
[2025-11-06 10:20:39Z INFO ProcessInvokerWrapper] STDOUT/STDERR stream read finished.
[2025-11-06 10:20:39Z INFO ProcessInvokerWrapper] STDOUT/STDERR stream read finished.
[2025-11-06 10:20:39Z INFO ProcessInvokerWrapper] Finished process 23036 with exit code 100, and elapsed time 00:00:41.7638705.
[2025-11-06 10:20:39Z INFO JobDispatcher] Worker finished for job 1500c2ab-53ac-5221-96a4-5af0a3e55006. Code: 100
[2025-11-06 10:20:39Z INFO JobDispatcher] finish job request for job 1500c2ab-53ac-5221-96a4-5af0a3e55006 with result: Succeeded
[2025-11-06 10:20:39Z INFO Terminal] WRITE LINE: 2025-11-06 10:20:39Z: Job deploy-pod completed with result: Succeeded
[2025-11-06 10:20:39Z INFO JobDispatcher] Stop renew job request for job 1500c2ab-53ac-5221-96a4-5af0a3e55006.
[2025-11-06 10:20:39Z INFO JobDispatcher] job renew has been cancelled, stop renew job 1500c2ab-53ac-5221-96a4-5af0a3e55006.
[2025-11-06 10:20:39Z INFO JobNotification] Entering JobCompleted Notification
[2025-11-06 10:20:39Z INFO JobNotification] Entering EndMonitor
[2025-11-06 10:20:39Z INFO BrokerMessageListener] Received job status event. JobState: Online
[2025-11-06 10:20:39Z WARN GitHubActionsService] GET request to https://broker.actions.githubusercontent.com/message?sessionId=9d4431a2-da51-4ffd-9243-0c90f9e64f74&status=Busy&runnerVersion=2.329.0&os=Windows&architecture=X64&disableUpdate=false has been cancelled.
[2025-11-06 10:20:39Z ERR  BrokerServer] Catch exception during request
[2025-11-06 10:20:39Z ERR  BrokerServer] System.Threading.Tasks.TaskCanceledException: The operation was canceled.
 ---> System.Threading.Tasks.TaskCanceledException: The operation was canceled.
 ---> System.IO.IOException: Unable to read data from the transport connection: De I/O-bewerking is afgebroken vanwege het afsluiten van een thread of vanwege een opdracht van een toepassing..
 ---> System.Net.Sockets.SocketException (995): De I/O-bewerking is afgebroken vanwege het afsluiten van een thread of vanwege een opdracht van een toepassing.
   --- End of inner exception stack trace ---
   at System.Net.Sockets.Socket.AwaitableSocketAsyncEventArgs.ThrowException(SocketError error, CancellationToken cancellationToken)
   at System.Net.Sockets.Socket.AwaitableSocketAsyncEventArgs.System.Threading.Tasks.Sources.IValueTaskSource<System.Int32>.GetResult(Int16 token)
   at System.Net.Security.SslStream.EnsureFullTlsFrameAsync[TIOAdapter](CancellationToken cancellationToken, Int32 estimatedSize)
   at System.Runtime.CompilerServices.PoolingAsyncValueTaskMethodBuilder`1.StateMachineBox`1.System.Threading.Tasks.Sources.IValueTaskSource<TResult>.GetResult(Int16 token)
   at System.Net.Security.SslStream.ReadAsyncInternal[TIOAdapter](Memory`1 buffer, CancellationToken cancellationToken)
   at System.Runtime.CompilerServices.PoolingAsyncValueTaskMethodBuilder`1.StateMachineBox`1.System.Threading.Tasks.Sources.IValueTaskSource<TResult>.GetResult(Int16 token)
   at System.Net.Http.HttpConnection.SendAsync(HttpRequestMessage request, Boolean async, CancellationToken cancellationToken)
   --- End of inner exception stack trace ---
   at System.Net.Http.HttpConnection.SendAsync(HttpRequestMessage request, Boolean async, CancellationToken cancellationToken)
   at System.Net.Http.AuthenticationHelper.SendWithNtAuthAsync(HttpRequestMessage request, Uri authUri, Boolean async, ICredentials credentials, Boolean isProxyAuth, HttpConnection connection, HttpConnectionPool connectionPool, CancellationToken cancellationToken)
   at System.Net.Http.HttpConnectionPool.SendWithVersionDetectionAndRetryAsync(HttpRequestMessage request, Boolean async, Boolean doRequestAuth, CancellationToken cancellationToken)
   at System.Net.Http.AuthenticationHelper.SendWithAuthAsync(HttpRequestMessage request, Uri authUri, Boolean async, ICredentials credentials, Boolean preAuthenticate, Boolean isProxyAuth, Boolean doRequestAuth, HttpConnectionPool pool, CancellationToken cancellationToken)
   at System.Net.Http.RedirectHandler.SendAsync(HttpRequestMessage request, Boolean async, CancellationToken cancellationToken)
   at GitHub.Services.Common.RawHttpMessageHandler.SendAsync(HttpRequestMessage request, CancellationToken cancellationToken)
   at GitHub.Services.Common.VssHttpRetryMessageHandler.SendAsync(HttpRequestMessage request, CancellationToken cancellationToken)
   at System.Net.Http.HttpClient.<SendAsync>g__Core|83_0(HttpRequestMessage request, HttpCompletionOption completionOption, CancellationTokenSource cts, Boolean disposeCts, CancellationTokenSource pendingRequestsCts, CancellationToken originalCancellationToken)
   --- End of inner exception stack trace ---
   at System.Net.Http.HttpClient.HandleFailure(Exception e, Boolean telemetryStarted, HttpResponseMessage response, CancellationTokenSource cts, CancellationToken cancellationToken, CancellationTokenSource pendingRequestsCts)
   at System.Net.Http.HttpClient.<SendAsync>g__Core|83_0(HttpRequestMessage request, HttpCompletionOption completionOption, CancellationTokenSource cts, Boolean disposeCts, CancellationTokenSource pendingRequestsCts, CancellationToken originalCancellationToken)
   at Sdk.WebApi.WebApi.RawHttpClientBase.SendAsync(HttpRequestMessage message, HttpCompletionOption completionOption, Object userState, CancellationToken cancellationToken)
   at Sdk.WebApi.WebApi.RawHttpClientBase.SendAsync[T](HttpRequestMessage message, Boolean readErrorBody, Object userState, CancellationToken cancellationToken)
   at Sdk.WebApi.WebApi.RawHttpClientBase.SendAsync[T](HttpMethod method, IEnumerable`1 additionalHeaders, Uri requestUri, HttpContent content, IEnumerable`1 queryParameters, Boolean readErrorBody, Object userState, CancellationToken cancellationToken)
   at GitHub.Actions.RunService.WebApi.BrokerHttpClient.GetRunnerMessageAsync(Nullable`1 sessionId, String runnerVersion, Nullable`1 status, String os, String architecture, Nullable`1 disableUpdate, CancellationToken cancellationToken)
   at GitHub.Runner.Common.BrokerServer.<>c__DisplayClass7_0.<<GetRunnerMessageAsync>b__0>d.MoveNext()
--- End of stack trace from previous location ---
   at GitHub.Runner.Common.RunnerService.RetryRequest[T](Func`1 func, CancellationToken cancellationToken, Int32 maxAttempts, Func`2 shouldRetry)
[2025-11-06 10:20:39Z ERR  BrokerServer] #####################################################
[2025-11-06 10:20:39Z ERR  BrokerServer] System.Threading.Tasks.TaskCanceledException: The operation was canceled.
 ---> System.IO.IOException: Unable to read data from the transport connection: De I/O-bewerking is afgebroken vanwege het afsluiten van een thread of vanwege een opdracht van een toepassing..
 ---> System.Net.Sockets.SocketException (995): De I/O-bewerking is afgebroken vanwege het afsluiten van een thread of vanwege een opdracht van een toepassing.
   --- End of inner exception stack trace ---
   at System.Net.Sockets.Socket.AwaitableSocketAsyncEventArgs.ThrowException(SocketError error, CancellationToken cancellationToken)
   at System.Net.Sockets.Socket.AwaitableSocketAsyncEventArgs.System.Threading.Tasks.Sources.IValueTaskSource<System.Int32>.GetResult(Int16 token)
   at System.Net.Security.SslStream.EnsureFullTlsFrameAsync[TIOAdapter](CancellationToken cancellationToken, Int32 estimatedSize)
   at System.Runtime.CompilerServices.PoolingAsyncValueTaskMethodBuilder`1.StateMachineBox`1.System.Threading.Tasks.Sources.IValueTaskSource<TResult>.GetResult(Int16 token)
   at System.Net.Security.SslStream.ReadAsyncInternal[TIOAdapter](Memory`1 buffer, CancellationToken cancellationToken)
   at System.Runtime.CompilerServices.PoolingAsyncValueTaskMethodBuilder`1.StateMachineBox`1.System.Threading.Tasks.Sources.IValueTaskSource<TResult>.GetResult(Int16 token)
   at System.Net.Http.HttpConnection.SendAsync(HttpRequestMessage request, Boolean async, CancellationToken cancellationToken)
   --- End of inner exception stack trace ---
   at System.Net.Http.HttpConnection.SendAsync(HttpRequestMessage request, Boolean async, CancellationToken cancellationToken)
   at System.Net.Http.AuthenticationHelper.SendWithNtAuthAsync(HttpRequestMessage request, Uri authUri, Boolean async, ICredentials credentials, Boolean isProxyAuth, HttpConnection connection, HttpConnectionPool connectionPool, CancellationToken cancellationToken)
   at System.Net.Http.HttpConnectionPool.SendWithVersionDetectionAndRetryAsync(HttpRequestMessage request, Boolean async, Boolean doRequestAuth, CancellationToken cancellationToken)
   at System.Net.Http.AuthenticationHelper.SendWithAuthAsync(HttpRequestMessage request, Uri authUri, Boolean async, ICredentials credentials, Boolean preAuthenticate, Boolean isProxyAuth, Boolean doRequestAuth, HttpConnectionPool pool, CancellationToken cancellationToken)
   at System.Net.Http.RedirectHandler.SendAsync(HttpRequestMessage request, Boolean async, CancellationToken cancellationToken)
   at GitHub.Services.Common.RawHttpMessageHandler.SendAsync(HttpRequestMessage request, CancellationToken cancellationToken)
   at GitHub.Services.Common.VssHttpRetryMessageHandler.SendAsync(HttpRequestMessage request, CancellationToken cancellationToken)
   at System.Net.Http.HttpClient.<SendAsync>g__Core|83_0(HttpRequestMessage request, HttpCompletionOption completionOption, CancellationTokenSource cts, Boolean disposeCts, CancellationTokenSource pendingRequestsCts, CancellationToken originalCancellationToken)
[2025-11-06 10:20:39Z ERR  BrokerServer] #####################################################
[2025-11-06 10:20:39Z ERR  BrokerServer] System.IO.IOException: Unable to read data from the transport connection: De I/O-bewerking is afgebroken vanwege het afsluiten van een thread of vanwege een opdracht van een toepassing..
 ---> System.Net.Sockets.SocketException (995): De I/O-bewerking is afgebroken vanwege het afsluiten van een thread of vanwege een opdracht van een toepassing.
   --- End of inner exception stack trace ---
   at System.Net.Sockets.Socket.AwaitableSocketAsyncEventArgs.ThrowException(SocketError error, CancellationToken cancellationToken)
   at System.Net.Sockets.Socket.AwaitableSocketAsyncEventArgs.System.Threading.Tasks.Sources.IValueTaskSource<System.Int32>.GetResult(Int16 token)
   at System.Net.Security.SslStream.EnsureFullTlsFrameAsync[TIOAdapter](CancellationToken cancellationToken, Int32 estimatedSize)
   at System.Runtime.CompilerServices.PoolingAsyncValueTaskMethodBuilder`1.StateMachineBox`1.System.Threading.Tasks.Sources.IValueTaskSource<TResult>.GetResult(Int16 token)
   at System.Net.Security.SslStream.ReadAsyncInternal[TIOAdapter](Memory`1 buffer, CancellationToken cancellationToken)
   at System.Runtime.CompilerServices.PoolingAsyncValueTaskMethodBuilder`1.StateMachineBox`1.System.Threading.Tasks.Sources.IValueTaskSource<TResult>.GetResult(Int16 token)
   at System.Net.Http.HttpConnection.SendAsync(HttpRequestMessage request, Boolean async, CancellationToken cancellationToken)
[2025-11-06 10:20:39Z ERR  BrokerServer] #####################################################
[2025-11-06 10:20:39Z ERR  BrokerServer] System.Net.Sockets.SocketException (995): De I/O-bewerking is afgebroken vanwege het afsluiten van een thread of vanwege een opdracht van een toepassing.
[2025-11-06 10:20:39Z WARN BrokerServer] Back off 10,068 seconds before next retry. 4 attempt left.
[2025-11-06 10:20:39Z INFO BrokerMessageListener] Get messages has been cancelled using local token source. Continue to get messages with new status.
[2025-11-06 10:20:40Z INFO ConfigurationStore] HasCredentials()
[2025-11-06 10:20:40Z INFO ConfigurationStore] stored True
[2025-11-06 10:20:40Z INFO CredentialManager] GetCredentialProvider
[2025-11-06 10:20:40Z INFO CredentialManager] Creating type OAuth
[2025-11-06 10:20:40Z INFO CredentialManager] Creating credential type: OAuth
[2025-11-06 10:20:40Z INFO RSAEncryptedFileKeyManager] Loading RSA key parameters from file C:\SCHOOL\HOWEST LES\SEM5 MCT\MLOps\Labo\Week5\03-MLOps-GithubActions\actions-runner\.credentials_rsaparams
[2025-11-06 10:20:40Z INFO RSAEncryptedFileKeyManager] Loading RSA key parameters from file C:\SCHOOL\HOWEST LES\SEM5 MCT\MLOps\Labo\Week5\03-MLOps-GithubActions\actions-runner\.credentials_rsaparams
[2025-11-06 10:20:40Z INFO RSAEncryptedFileKeyManager] Loading RSA key parameters from file C:\SCHOOL\HOWEST LES\SEM5 MCT\MLOps\Labo\Week5\03-MLOps-GithubActions\actions-runner\.credentials_rsaparams
[2025-11-06 10:20:40Z INFO GitHubActionsService] AAD Correlation ID for this token request: Unknown
[2025-11-06 10:20:42Z INFO JobDispatcher] Job request 0 for plan 4f5ac106-7719-4100-aa14-599992c511f0 job 4d03574a-349d-533f-9965-1bf8a5d8b2e4 received.
[2025-11-06 10:20:42Z INFO JobDispatcher] Pull OrchestrationId 4f5ac106-7719-4100-aa14-599992c511f0.deploy-application.__default from JWT claims
[2025-11-06 10:20:42Z INFO BrokerMessageListener] Received job status event. JobState: Busy
[2025-11-06 10:20:42Z INFO BrokerMessageListener] _getMessagesTokenSource is already disposed.
[2025-11-06 10:20:42Z INFO JobDispatcher] Job request 1500c2ab-53ac-5221-96a4-5af0a3e55006 processed succeed.
[2025-11-06 10:20:42Z INFO Terminal] WRITE LINE: 2025-11-06 10:20:42Z: Running job: deploy-application
[2025-11-06 10:20:42Z INFO JobDispatcher] Start renew job request 0 for job 4d03574a-349d-533f-9965-1bf8a5d8b2e4.
[2025-11-06 10:20:42Z INFO JobDispatcher] Successfully renew job 4d03574a-349d-533f-9965-1bf8a5d8b2e4, job is valid till 6/11/2025 10:30:42
[2025-11-06 10:20:42Z INFO HostContext] Well known directory 'Bin': 'C:\SCHOOL\HOWEST LES\SEM5 MCT\MLOps\Labo\Week5\03-MLOps-GithubActions\actions-runner\bin'
[2025-11-06 10:20:42Z INFO ProcessInvokerWrapper] Starting process:
[2025-11-06 10:20:42Z INFO ProcessInvokerWrapper]   File name: 'C:\SCHOOL\HOWEST LES\SEM5 MCT\MLOps\Labo\Week5\03-MLOps-GithubActions\actions-runner\bin\Runner.Worker.exe'
[2025-11-06 10:20:42Z INFO ProcessInvokerWrapper]   Arguments: 'spawnclient 2412 2432'
[2025-11-06 10:20:42Z INFO ProcessInvokerWrapper]   Working directory: 'C:\SCHOOL\HOWEST LES\SEM5 MCT\MLOps\Labo\Week5\03-MLOps-GithubActions\actions-runner\bin'
[2025-11-06 10:20:42Z INFO ProcessInvokerWrapper]   Require exit code zero: 'False'
[2025-11-06 10:20:42Z INFO ProcessInvokerWrapper]   Encoding web name:  ; code page: ''
[2025-11-06 10:20:42Z INFO ProcessInvokerWrapper]   Force kill process on cancellation: 'True'
[2025-11-06 10:20:42Z INFO ProcessInvokerWrapper]   Redirected STDIN: 'False'
[2025-11-06 10:20:42Z INFO ProcessInvokerWrapper]   Persist current code page: 'False'
[2025-11-06 10:20:42Z INFO ProcessInvokerWrapper]   Keep redirected STDIN open: 'False'
[2025-11-06 10:20:42Z INFO ProcessInvokerWrapper]   High priority process: 'True'
[2025-11-06 10:20:42Z INFO ProcessInvokerWrapper] Process started with process id 21016, waiting for process exit.
[2025-11-06 10:20:42Z INFO JobDispatcher] Send job request message to worker for job 4d03574a-349d-533f-9965-1bf8a5d8b2e4.
[2025-11-06 10:20:42Z INFO ProcessChannel] Sending message of length 21733, with hash '9fc024a92724af9be40e4a243a5be2dee9957c7f91a2fdbc01c7b2e1b1024594'
[2025-11-06 10:20:42Z INFO JobNotification] Entering JobStarted Notification
[2025-11-06 10:20:42Z INFO JobNotification] Entering StartMonitor
[2025-11-06 10:21:42Z INFO JobDispatcher] Successfully renew job 4d03574a-349d-533f-9965-1bf8a5d8b2e4, job is valid till 6/11/2025 10:31:43
[2025-11-06 10:22:42Z INFO JobDispatcher] Successfully renew job 4d03574a-349d-533f-9965-1bf8a5d8b2e4, job is valid till 6/11/2025 10:32:43
[2025-11-06 10:23:24Z INFO ProcessInvokerWrapper] STDOUT/STDERR stream read finished.
[2025-11-06 10:23:24Z INFO ProcessInvokerWrapper] STDOUT/STDERR stream read finished.
[2025-11-06 10:23:24Z INFO ProcessInvokerWrapper] Finished process 21016 with exit code 102, and elapsed time 00:02:41.9241306.
[2025-11-06 10:23:24Z INFO JobDispatcher] Worker finished for job 4d03574a-349d-533f-9965-1bf8a5d8b2e4. Code: 102
[2025-11-06 10:23:24Z INFO JobDispatcher] finish job request for job 4d03574a-349d-533f-9965-1bf8a5d8b2e4 with result: Failed
[2025-11-06 10:23:24Z INFO Terminal] WRITE LINE: 2025-11-06 10:23:24Z: Job deploy-application completed with result: Failed
[2025-11-06 10:23:24Z INFO JobDispatcher] Stop renew job request for job 4d03574a-349d-533f-9965-1bf8a5d8b2e4.
[2025-11-06 10:23:24Z INFO JobDispatcher] job renew has been cancelled, stop renew job 4d03574a-349d-533f-9965-1bf8a5d8b2e4.
[2025-11-06 10:23:24Z INFO JobNotification] Entering JobCompleted Notification
[2025-11-06 10:23:24Z INFO JobNotification] Entering EndMonitor
[2025-11-06 10:23:24Z INFO BrokerMessageListener] Received job status event. JobState: Online
[2025-11-06 10:23:24Z WARN GitHubActionsService] GET request to https://broker.actions.githubusercontent.com/message?sessionId=9d4431a2-da51-4ffd-9243-0c90f9e64f74&status=Busy&runnerVersion=2.329.0&os=Windows&architecture=X64&disableUpdate=false has been cancelled.
[2025-11-06 10:23:24Z ERR  BrokerServer] Catch exception during request
[2025-11-06 10:23:24Z ERR  BrokerServer] System.Threading.Tasks.TaskCanceledException: The operation was canceled.
 ---> System.Threading.Tasks.TaskCanceledException: The operation was canceled.
 ---> System.IO.IOException: Unable to read data from the transport connection: De I/O-bewerking is afgebroken vanwege het afsluiten van een thread of vanwege een opdracht van een toepassing..
 ---> System.Net.Sockets.SocketException (995): De I/O-bewerking is afgebroken vanwege het afsluiten van een thread of vanwege een opdracht van een toepassing.
   --- End of inner exception stack trace ---
   at System.Net.Sockets.Socket.AwaitableSocketAsyncEventArgs.ThrowException(SocketError error, CancellationToken cancellationToken)
   at System.Net.Sockets.Socket.AwaitableSocketAsyncEventArgs.System.Threading.Tasks.Sources.IValueTaskSource<System.Int32>.GetResult(Int16 token)
   at System.Net.Security.SslStream.EnsureFullTlsFrameAsync[TIOAdapter](CancellationToken cancellationToken, Int32 estimatedSize)
   at System.Runtime.CompilerServices.PoolingAsyncValueTaskMethodBuilder`1.StateMachineBox`1.System.Threading.Tasks.Sources.IValueTaskSource<TResult>.GetResult(Int16 token)
   at System.Net.Security.SslStream.ReadAsyncInternal[TIOAdapter](Memory`1 buffer, CancellationToken cancellationToken)
   at System.Runtime.CompilerServices.PoolingAsyncValueTaskMethodBuilder`1.StateMachineBox`1.System.Threading.Tasks.Sources.IValueTaskSource<TResult>.GetResult(Int16 token)
   at System.Net.Http.HttpConnection.SendAsync(HttpRequestMessage request, Boolean async, CancellationToken cancellationToken)
   --- End of inner exception stack trace ---
   at System.Net.Http.HttpConnection.SendAsync(HttpRequestMessage request, Boolean async, CancellationToken cancellationToken)
   at System.Net.Http.AuthenticationHelper.SendWithNtAuthAsync(HttpRequestMessage request, Uri authUri, Boolean async, ICredentials credentials, Boolean isProxyAuth, HttpConnection connection, HttpConnectionPool connectionPool, CancellationToken cancellationToken)
   at System.Net.Http.HttpConnectionPool.SendWithVersionDetectionAndRetryAsync(HttpRequestMessage request, Boolean async, Boolean doRequestAuth, CancellationToken cancellationToken)
   at System.Net.Http.AuthenticationHelper.SendWithAuthAsync(HttpRequestMessage request, Uri authUri, Boolean async, ICredentials credentials, Boolean preAuthenticate, Boolean isProxyAuth, Boolean doRequestAuth, HttpConnectionPool pool, CancellationToken cancellationToken)
   at System.Net.Http.RedirectHandler.SendAsync(HttpRequestMessage request, Boolean async, CancellationToken cancellationToken)
   at GitHub.Services.Common.RawHttpMessageHandler.SendAsync(HttpRequestMessage request, CancellationToken cancellationToken)
   at GitHub.Services.Common.VssHttpRetryMessageHandler.SendAsync(HttpRequestMessage request, CancellationToken cancellationToken)
   at System.Net.Http.HttpClient.<SendAsync>g__Core|83_0(HttpRequestMessage request, HttpCompletionOption completionOption, CancellationTokenSource cts, Boolean disposeCts, CancellationTokenSource pendingRequestsCts, CancellationToken originalCancellationToken)
   --- End of inner exception stack trace ---
   at System.Net.Http.HttpClient.HandleFailure(Exception e, Boolean telemetryStarted, HttpResponseMessage response, CancellationTokenSource cts, CancellationToken cancellationToken, CancellationTokenSource pendingRequestsCts)
   at System.Net.Http.HttpClient.<SendAsync>g__Core|83_0(HttpRequestMessage request, HttpCompletionOption completionOption, CancellationTokenSource cts, Boolean disposeCts, CancellationTokenSource pendingRequestsCts, CancellationToken originalCancellationToken)
   at Sdk.WebApi.WebApi.RawHttpClientBase.SendAsync(HttpRequestMessage message, HttpCompletionOption completionOption, Object userState, CancellationToken cancellationToken)
   at Sdk.WebApi.WebApi.RawHttpClientBase.SendAsync[T](HttpRequestMessage message, Boolean readErrorBody, Object userState, CancellationToken cancellationToken)
   at Sdk.WebApi.WebApi.RawHttpClientBase.SendAsync[T](HttpMethod method, IEnumerable`1 additionalHeaders, Uri requestUri, HttpContent content, IEnumerable`1 queryParameters, Boolean readErrorBody, Object userState, CancellationToken cancellationToken)
   at GitHub.Actions.RunService.WebApi.BrokerHttpClient.GetRunnerMessageAsync(Nullable`1 sessionId, String runnerVersion, Nullable`1 status, String os, String architecture, Nullable`1 disableUpdate, CancellationToken cancellationToken)
   at GitHub.Runner.Common.BrokerServer.<>c__DisplayClass7_0.<<GetRunnerMessageAsync>b__0>d.MoveNext()
--- End of stack trace from previous location ---
   at GitHub.Runner.Common.RunnerService.RetryRequest[T](Func`1 func, CancellationToken cancellationToken, Int32 maxAttempts, Func`2 shouldRetry)
[2025-11-06 10:23:24Z ERR  BrokerServer] #####################################################
[2025-11-06 10:23:24Z ERR  BrokerServer] System.Threading.Tasks.TaskCanceledException: The operation was canceled.
 ---> System.IO.IOException: Unable to read data from the transport connection: De I/O-bewerking is afgebroken vanwege het afsluiten van een thread of vanwege een opdracht van een toepassing..
 ---> System.Net.Sockets.SocketException (995): De I/O-bewerking is afgebroken vanwege het afsluiten van een thread of vanwege een opdracht van een toepassing.
   --- End of inner exception stack trace ---
   at System.Net.Sockets.Socket.AwaitableSocketAsyncEventArgs.ThrowException(SocketError error, CancellationToken cancellationToken)
   at System.Net.Sockets.Socket.AwaitableSocketAsyncEventArgs.System.Threading.Tasks.Sources.IValueTaskSource<System.Int32>.GetResult(Int16 token)
   at System.Net.Security.SslStream.EnsureFullTlsFrameAsync[TIOAdapter](CancellationToken cancellationToken, Int32 estimatedSize)
   at System.Runtime.CompilerServices.PoolingAsyncValueTaskMethodBuilder`1.StateMachineBox`1.System.Threading.Tasks.Sources.IValueTaskSource<TResult>.GetResult(Int16 token)
   at System.Net.Security.SslStream.ReadAsyncInternal[TIOAdapter](Memory`1 buffer, CancellationToken cancellationToken)
   at System.Runtime.CompilerServices.PoolingAsyncValueTaskMethodBuilder`1.StateMachineBox`1.System.Threading.Tasks.Sources.IValueTaskSource<TResult>.GetResult(Int16 token)
   at System.Net.Http.HttpConnection.SendAsync(HttpRequestMessage request, Boolean async, CancellationToken cancellationToken)
   --- End of inner exception stack trace ---
   at System.Net.Http.HttpConnection.SendAsync(HttpRequestMessage request, Boolean async, CancellationToken cancellationToken)
   at System.Net.Http.AuthenticationHelper.SendWithNtAuthAsync(HttpRequestMessage request, Uri authUri, Boolean async, ICredentials credentials, Boolean isProxyAuth, HttpConnection connection, HttpConnectionPool connectionPool, CancellationToken cancellationToken)
   at System.Net.Http.HttpConnectionPool.SendWithVersionDetectionAndRetryAsync(HttpRequestMessage request, Boolean async, Boolean doRequestAuth, CancellationToken cancellationToken)
   at System.Net.Http.AuthenticationHelper.SendWithAuthAsync(HttpRequestMessage request, Uri authUri, Boolean async, ICredentials credentials, Boolean preAuthenticate, Boolean isProxyAuth, Boolean doRequestAuth, HttpConnectionPool pool, CancellationToken cancellationToken)
   at System.Net.Http.RedirectHandler.SendAsync(HttpRequestMessage request, Boolean async, CancellationToken cancellationToken)
   at GitHub.Services.Common.RawHttpMessageHandler.SendAsync(HttpRequestMessage request, CancellationToken cancellationToken)
   at GitHub.Services.Common.VssHttpRetryMessageHandler.SendAsync(HttpRequestMessage request, CancellationToken cancellationToken)
   at System.Net.Http.HttpClient.<SendAsync>g__Core|83_0(HttpRequestMessage request, HttpCompletionOption completionOption, CancellationTokenSource cts, Boolean disposeCts, CancellationTokenSource pendingRequestsCts, CancellationToken originalCancellationToken)
[2025-11-06 10:23:24Z ERR  BrokerServer] #####################################################
[2025-11-06 10:23:24Z ERR  BrokerServer] System.IO.IOException: Unable to read data from the transport connection: De I/O-bewerking is afgebroken vanwege het afsluiten van een thread of vanwege een opdracht van een toepassing..
 ---> System.Net.Sockets.SocketException (995): De I/O-bewerking is afgebroken vanwege het afsluiten van een thread of vanwege een opdracht van een toepassing.
   --- End of inner exception stack trace ---
   at System.Net.Sockets.Socket.AwaitableSocketAsyncEventArgs.ThrowException(SocketError error, CancellationToken cancellationToken)
   at System.Net.Sockets.Socket.AwaitableSocketAsyncEventArgs.System.Threading.Tasks.Sources.IValueTaskSource<System.Int32>.GetResult(Int16 token)
   at System.Net.Security.SslStream.EnsureFullTlsFrameAsync[TIOAdapter](CancellationToken cancellationToken, Int32 estimatedSize)
   at System.Runtime.CompilerServices.PoolingAsyncValueTaskMethodBuilder`1.StateMachineBox`1.System.Threading.Tasks.Sources.IValueTaskSource<TResult>.GetResult(Int16 token)
   at System.Net.Security.SslStream.ReadAsyncInternal[TIOAdapter](Memory`1 buffer, CancellationToken cancellationToken)
   at System.Runtime.CompilerServices.PoolingAsyncValueTaskMethodBuilder`1.StateMachineBox`1.System.Threading.Tasks.Sources.IValueTaskSource<TResult>.GetResult(Int16 token)
   at System.Net.Http.HttpConnection.SendAsync(HttpRequestMessage request, Boolean async, CancellationToken cancellationToken)
[2025-11-06 10:23:24Z ERR  BrokerServer] #####################################################
[2025-11-06 10:23:24Z ERR  BrokerServer] System.Net.Sockets.SocketException (995): De I/O-bewerking is afgebroken vanwege het afsluiten van een thread of vanwege een opdracht van een toepassing.
[2025-11-06 10:23:24Z WARN BrokerServer] Back off 5,107 seconds before next retry. 4 attempt left.
[2025-11-06 10:23:24Z INFO BrokerMessageListener] Get messages has been cancelled using local token source. Continue to get messages with new status.
[2025-11-06 10:25:47Z INFO Terminal] WRITE LINE: Exiting...
[2025-11-06 10:25:47Z INFO ConfigurationStore] IsServiceConfigured()
[2025-11-06 10:25:47Z INFO ConfigurationStore] IsServiceConfigured: False
[2025-11-06 10:25:47Z INFO HostContext] Runner will be shutdown for UserCancelled
[2025-11-06 10:25:47Z WARN GitHubActionsService] GET request to https://broker.actions.githubusercontent.com/message?sessionId=9d4431a2-da51-4ffd-9243-0c90f9e64f74&status=Online&runnerVersion=2.329.0&os=Windows&architecture=X64&disableUpdate=false has been cancelled.
[2025-11-06 10:25:47Z ERR  BrokerServer] Catch exception during request
[2025-11-06 10:25:47Z ERR  BrokerServer] System.Threading.Tasks.TaskCanceledException: The operation was canceled.
 ---> System.Threading.Tasks.TaskCanceledException: The operation was canceled.
 ---> System.IO.IOException: Unable to read data from the transport connection: De I/O-bewerking is afgebroken vanwege het afsluiten van een thread of vanwege een opdracht van een toepassing..
 ---> System.Net.Sockets.SocketException (995): De I/O-bewerking is afgebroken vanwege het afsluiten van een thread of vanwege een opdracht van een toepassing.
   --- End of inner exception stack trace ---
   at System.Net.Sockets.Socket.AwaitableSocketAsyncEventArgs.ThrowException(SocketError error, CancellationToken cancellationToken)
   at System.Net.Sockets.Socket.AwaitableSocketAsyncEventArgs.System.Threading.Tasks.Sources.IValueTaskSource<System.Int32>.GetResult(Int16 token)
   at System.Net.Security.SslStream.EnsureFullTlsFrameAsync[TIOAdapter](CancellationToken cancellationToken, Int32 estimatedSize)
   at System.Runtime.CompilerServices.PoolingAsyncValueTaskMethodBuilder`1.StateMachineBox`1.System.Threading.Tasks.Sources.IValueTaskSource<TResult>.GetResult(Int16 token)
   at System.Net.Security.SslStream.ReadAsyncInternal[TIOAdapter](Memory`1 buffer, CancellationToken cancellationToken)
   at System.Runtime.CompilerServices.PoolingAsyncValueTaskMethodBuilder`1.StateMachineBox`1.System.Threading.Tasks.Sources.IValueTaskSource<TResult>.GetResult(Int16 token)
   at System.Net.Http.HttpConnection.SendAsync(HttpRequestMessage request, Boolean async, CancellationToken cancellationToken)
   --- End of inner exception stack trace ---
   at System.Net.Http.HttpConnection.SendAsync(HttpRequestMessage request, Boolean async, CancellationToken cancellationToken)
   at System.Net.Http.AuthenticationHelper.SendWithNtAuthAsync(HttpRequestMessage request, Uri authUri, Boolean async, ICredentials credentials, Boolean isProxyAuth, HttpConnection connection, HttpConnectionPool connectionPool, CancellationToken cancellationToken)
   at System.Net.Http.HttpConnectionPool.SendWithVersionDetectionAndRetryAsync(HttpRequestMessage request, Boolean async, Boolean doRequestAuth, CancellationToken cancellationToken)
   at System.Net.Http.AuthenticationHelper.SendWithAuthAsync(HttpRequestMessage request, Uri authUri, Boolean async, ICredentials credentials, Boolean preAuthenticate, Boolean isProxyAuth, Boolean doRequestAuth, HttpConnectionPool pool, CancellationToken cancellationToken)
   at System.Net.Http.RedirectHandler.SendAsync(HttpRequestMessage request, Boolean async, CancellationToken cancellationToken)
   at GitHub.Services.Common.RawHttpMessageHandler.SendAsync(HttpRequestMessage request, CancellationToken cancellationToken)
   at GitHub.Services.Common.VssHttpRetryMessageHandler.SendAsync(HttpRequestMessage request, CancellationToken cancellationToken)
   at System.Net.Http.HttpClient.<SendAsync>g__Core|83_0(HttpRequestMessage request, HttpCompletionOption completionOption, CancellationTokenSource cts, Boolean disposeCts, CancellationTokenSource pendingRequestsCts, CancellationToken originalCancellationToken)
   --- End of inner exception stack trace ---
   at System.Net.Http.HttpClient.HandleFailure(Exception e, Boolean telemetryStarted, HttpResponseMessage response, CancellationTokenSource cts, CancellationToken cancellationToken, CancellationTokenSource pendingRequestsCts)
   at System.Net.Http.HttpClient.<SendAsync>g__Core|83_0(HttpRequestMessage request, HttpCompletionOption completionOption, CancellationTokenSource cts, Boolean disposeCts, CancellationTokenSource pendingRequestsCts, CancellationToken originalCancellationToken)
   at Sdk.WebApi.WebApi.RawHttpClientBase.SendAsync(HttpRequestMessage message, HttpCompletionOption completionOption, Object userState, CancellationToken cancellationToken)
   at Sdk.WebApi.WebApi.RawHttpClientBase.SendAsync[T](HttpRequestMessage message, Boolean readErrorBody, Object userState, CancellationToken cancellationToken)
   at Sdk.WebApi.WebApi.RawHttpClientBase.SendAsync[T](HttpMethod method, IEnumerable`1 additionalHeaders, Uri requestUri, HttpContent content, IEnumerable`1 queryParameters, Boolean readErrorBody, Object userState, CancellationToken cancellationToken)
   at GitHub.Actions.RunService.WebApi.BrokerHttpClient.GetRunnerMessageAsync(Nullable`1 sessionId, String runnerVersion, Nullable`1 status, String os, String architecture, Nullable`1 disableUpdate, CancellationToken cancellationToken)
   at GitHub.Runner.Common.BrokerServer.<>c__DisplayClass7_0.<<GetRunnerMessageAsync>b__0>d.MoveNext()
--- End of stack trace from previous location ---
   at GitHub.Runner.Common.RunnerService.RetryRequest[T](Func`1 func, CancellationToken cancellationToken, Int32 maxAttempts, Func`2 shouldRetry)
[2025-11-06 10:25:47Z ERR  BrokerServer] #####################################################
[2025-11-06 10:25:47Z ERR  BrokerServer] System.Threading.Tasks.TaskCanceledException: The operation was canceled.
 ---> System.IO.IOException: Unable to read data from the transport connection: De I/O-bewerking is afgebroken vanwege het afsluiten van een thread of vanwege een opdracht van een toepassing..
 ---> System.Net.Sockets.SocketException (995): De I/O-bewerking is afgebroken vanwege het afsluiten van een thread of vanwege een opdracht van een toepassing.
   --- End of inner exception stack trace ---
   at System.Net.Sockets.Socket.AwaitableSocketAsyncEventArgs.ThrowException(SocketError error, CancellationToken cancellationToken)
   at System.Net.Sockets.Socket.AwaitableSocketAsyncEventArgs.System.Threading.Tasks.Sources.IValueTaskSource<System.Int32>.GetResult(Int16 token)
   at System.Net.Security.SslStream.EnsureFullTlsFrameAsync[TIOAdapter](CancellationToken cancellationToken, Int32 estimatedSize)
   at System.Runtime.CompilerServices.PoolingAsyncValueTaskMethodBuilder`1.StateMachineBox`1.System.Threading.Tasks.Sources.IValueTaskSource<TResult>.GetResult(Int16 token)
   at System.Net.Security.SslStream.ReadAsyncInternal[TIOAdapter](Memory`1 buffer, CancellationToken cancellationToken)
   at System.Runtime.CompilerServices.PoolingAsyncValueTaskMethodBuilder`1.StateMachineBox`1.System.Threading.Tasks.Sources.IValueTaskSource<TResult>.GetResult(Int16 token)
   at System.Net.Http.HttpConnection.SendAsync(HttpRequestMessage request, Boolean async, CancellationToken cancellationToken)
   --- End of inner exception stack trace ---
   at System.Net.Http.HttpConnection.SendAsync(HttpRequestMessage request, Boolean async, CancellationToken cancellationToken)
   at System.Net.Http.AuthenticationHelper.SendWithNtAuthAsync(HttpRequestMessage request, Uri authUri, Boolean async, ICredentials credentials, Boolean isProxyAuth, HttpConnection connection, HttpConnectionPool connectionPool, CancellationToken cancellationToken)
   at System.Net.Http.HttpConnectionPool.SendWithVersionDetectionAndRetryAsync(HttpRequestMessage request, Boolean async, Boolean doRequestAuth, CancellationToken cancellationToken)
   at System.Net.Http.AuthenticationHelper.SendWithAuthAsync(HttpRequestMessage request, Uri authUri, Boolean async, ICredentials credentials, Boolean preAuthenticate, Boolean isProxyAuth, Boolean doRequestAuth, HttpConnectionPool pool, CancellationToken cancellationToken)
   at System.Net.Http.RedirectHandler.SendAsync(HttpRequestMessage request, Boolean async, CancellationToken cancellationToken)
   at GitHub.Services.Common.RawHttpMessageHandler.SendAsync(HttpRequestMessage request, CancellationToken cancellationToken)
   at GitHub.Services.Common.VssHttpRetryMessageHandler.SendAsync(HttpRequestMessage request, CancellationToken cancellationToken)
   at System.Net.Http.HttpClient.<SendAsync>g__Core|83_0(HttpRequestMessage request, HttpCompletionOption completionOption, CancellationTokenSource cts, Boolean disposeCts, CancellationTokenSource pendingRequestsCts, CancellationToken originalCancellationToken)
[2025-11-06 10:25:47Z ERR  BrokerServer] #####################################################
[2025-11-06 10:25:47Z ERR  BrokerServer] System.IO.IOException: Unable to read data from the transport connection: De I/O-bewerking is afgebroken vanwege het afsluiten van een thread of vanwege een opdracht van een toepassing..
 ---> System.Net.Sockets.SocketException (995): De I/O-bewerking is afgebroken vanwege het afsluiten van een thread of vanwege een opdracht van een toepassing.
   --- End of inner exception stack trace ---
   at System.Net.Sockets.Socket.AwaitableSocketAsyncEventArgs.ThrowException(SocketError error, CancellationToken cancellationToken)
   at System.Net.Sockets.Socket.AwaitableSocketAsyncEventArgs.System.Threading.Tasks.Sources.IValueTaskSource<System.Int32>.GetResult(Int16 token)
   at System.Net.Security.SslStream.EnsureFullTlsFrameAsync[TIOAdapter](CancellationToken cancellationToken, Int32 estimatedSize)
   at System.Runtime.CompilerServices.PoolingAsyncValueTaskMethodBuilder`1.StateMachineBox`1.System.Threading.Tasks.Sources.IValueTaskSource<TResult>.GetResult(Int16 token)
   at System.Net.Security.SslStream.ReadAsyncInternal[TIOAdapter](Memory`1 buffer, CancellationToken cancellationToken)
   at System.Runtime.CompilerServices.PoolingAsyncValueTaskMethodBuilder`1.StateMachineBox`1.System.Threading.Tasks.Sources.IValueTaskSource<TResult>.GetResult(Int16 token)
   at System.Net.Http.HttpConnection.SendAsync(HttpRequestMessage request, Boolean async, CancellationToken cancellationToken)
[2025-11-06 10:25:47Z ERR  BrokerServer] #####################################################
[2025-11-06 10:25:47Z ERR  BrokerServer] System.Net.Sockets.SocketException (995): De I/O-bewerking is afgebroken vanwege het afsluiten van een thread of vanwege een opdracht van een toepassing.
[2025-11-06 10:25:47Z WARN BrokerServer] Back off 10,839 seconds before next retry. 4 attempt left.
[2025-11-06 10:25:48Z INFO BrokerMessageListener] Get next message has been cancelled.
[2025-11-06 10:25:48Z INFO JobDispatcher] Shutting down JobDispatcher. Make sure all WorkerDispatcher has finished.
[2025-11-06 10:25:48Z INFO JobDispatcher] Ensure WorkerDispatcher for job 4d03574a-349d-533f-9965-1bf8a5d8b2e4 run to finish, cancel any running job.
[2025-11-06 10:25:48Z INFO JobDispatcher] Job request 4d03574a-349d-533f-9965-1bf8a5d8b2e4 processed succeed.
[2025-11-06 10:25:48Z INFO Runner] Deleting Runner Session...
[2025-11-06 10:25:48Z INFO Listener] Runner execution been cancelled.
