[2025-11-05 17:07:54Z INFO HostContext] No proxy settings were found based on environmental variables (http_proxy/https_proxy/HTTP_PROXY/HTTPS_PROXY)
[2025-11-05 17:07:54Z INFO HostContext] Well known directory 'Bin': 'C:\SCHOOL\HOWEST LES\SEM5 MCT\MLOps\Labo\Week5\03-MLOps-GithubActions\actions-runner\bin'
[2025-11-05 17:07:54Z INFO HostContext] Well known directory 'Root': 'C:\SCHOOL\HOWEST LES\SEM5 MCT\MLOps\Labo\Week5\03-MLOps-GithubActions\actions-runner'
[2025-11-05 17:07:54Z INFO HostContext] Well known config file 'Credentials': 'C:\SCHOOL\HOWEST LES\SEM5 MCT\MLOps\Labo\Week5\03-MLOps-GithubActions\actions-runner\.credentials'
[2025-11-05 17:07:54Z INFO HostContext] Well known directory 'Bin': 'C:\SCHOOL\HOWEST LES\SEM5 MCT\MLOps\Labo\Week5\03-MLOps-GithubActions\actions-runner\bin'
[2025-11-05 17:07:54Z INFO HostContext] Well known directory 'Root': 'C:\SCHOOL\HOWEST LES\SEM5 MCT\MLOps\Labo\Week5\03-MLOps-GithubActions\actions-runner'
[2025-11-05 17:07:54Z INFO HostContext] Well known config file 'Runner': 'C:\SCHOOL\HOWEST LES\SEM5 MCT\MLOps\Labo\Week5\03-MLOps-GithubActions\actions-runner\.runner'
[2025-11-05 17:07:54Z INFO Worker] Version: 2.329.0
[2025-11-05 17:07:54Z INFO Worker] Commit: c76c59996c8fa32e989164a5a695efb12608ae5a
[2025-11-05 17:07:54Z INFO Worker] Culture: nl-BE
[2025-11-05 17:07:54Z INFO Worker] UI Culture: nl-NL
[2025-11-05 17:07:54Z INFO Worker] Waiting to receive the job message from the channel.
[2025-11-05 17:07:54Z INFO ProcessChannel] Receiving message of length 21815, with hash '85e8fa66e65d03e890412457f49b05303b2d1cc8b2e951ff14c70d76359b0f6d'
[2025-11-05 17:07:54Z INFO Worker] Message received.
[2025-11-05 17:07:54Z INFO Worker] Job message:
 {
  "fileTable": [
    ".github/workflows/blank.yml"
  ],
  "mask": [
    {
      "type": "regex",
      "value": "***"
    },
    {
      "type": "regex",
      "value": "***"
    },
    {
      "type": "regex",
      "value": "***"
    },
    {
      "type": "regex",
      "value": "***"
    },
    {
      "type": "regex",
      "value": "***"
    },
    {
      "type": "regex",
      "value": "***"
    },
    {
      "type": "regex",
      "value": "***"
    },
    {
      "type": "regex",
      "value": "***"
    },
    {
      "type": "regex",
      "value": "***"
    },
    {
      "type": "regex",
      "value": "***"
    },
    {
      "type": "regex",
      "value": "***"
    },
    {
      "type": "regex",
      "value": "***"
    },
    {
      "type": "regex",
      "value": "***"
    },
    {
      "type": "regex",
      "value": "***"
    },
    {
      "type": "regex",
      "value": "***"
    },
    {
      "type": "regex",
      "value": "***"
    },
    {
      "type": "regex",
      "value": "***"
    },
    {
      "type": "regex",
      "value": "***"
    }
  ],
  "steps": [
    {
      "type": "action",
      "reference": {
        "type": "repository",
        "name": "actions/checkout",
        "ref": "v4",
        "repositoryType": "GitHub"
      },
      "displayNameToken": {
        "type": 0,
        "file": 1,
        "line": 21,
        "col": 15,
        "lit": "Check out code repository"
      },
      "contextName": "__actions_checkout",
      "condition": "success()",
      "id": "569edce4-943a-4886-9ee2-77a55ab8f7b1",
      "name": "__actions_checkout"
    },
    {
      "type": "action",
      "reference": {
        "type": "repository",
        "name": "docker/login-action",
        "ref": "v3",
        "repositoryType": "GitHub"
      },
      "displayNameToken": {
        "type": 0,
        "file": 1,
        "line": 24,
        "col": 15,
        "lit": "Log in to GitHub Container Registry"
      },
      "contextName": "__docker_login-action",
      "inputs": {
        "type": 2,
        "file": 1,
        "line": 27,
        "col": 11,
        "map": [
          {
            "key": {
              "type": 0,
              "file": 1,
              "line": 27,
              "col": 11,
              "lit": "registry"
            },
            "value": {
              "type": 0,
              "file": 1,
              "line": 27,
              "col": 21,
              "lit": "ghcr.io"
            }
          },
          {
            "key": {
              "type": 0,
              "file": 1,
              "line": 28,
              "col": 11,
              "lit": "username"
            },
            "value": {
              "type": 3,
              "file": 1,
              "line": 28,
              "col": 21,
              "expr": "github.repository_owner"
            }
          },
          {
            "key": {
              "type": 0,
              "file": 1,
              "line": 29,
              "col": 11,
              "lit": "password"
            },
            "value": {
              "type": 3,
              "file": 1,
              "line": 29,
              "col": 21,
              "expr": "secrets.GITHUB_TOKEN"
            }
          }
        ]
      },
      "condition": "success()",
      "id": "22d07c50-ba8a-4e20-bc57-a66ccb588e40",
      "name": "__docker_login-action"
    },
    {
      "type": "action",
      "reference": {
        "type": "repository",
        "name": "docker/metadata-action",
        "ref": "v5",
        "repositoryType": "GitHub"
      },
      "displayNameToken": {
        "type": 0,
        "file": 1,
        "line": 31,
        "col": 15,
        "lit": "Extract metadata for Docker"
      },
      "contextName": "meta",
      "inputs": {
        "type": 2,
        "file": 1,
        "line": 35,
        "col": 11,
        "map": [
          {
            "key": {
              "type": 0,
              "file": 1,
              "line": 35,
              "col": 11,
              "lit": "images"
            },
            "value": {
              "type": 3,
              "file": 1,
              "line": 35,
              "col": 19,
              "expr": "format('ghcr.io/{0}/hello-world-nginx', github.repository_owner)"
            }
          },
          {
            "key": {
              "type": 0,
              "file": 1,
              "line": 36,
              "col": 11,
              "lit": "tags"
            },
            "value": {
              "type": 0,
              "file": 1,
              "line": 36,
              "col": 17,
              "lit": "type=ref,event=branch\ntype=sha,prefix={{branch}}-\ntype=raw,value=latest\n"
            }
          }
        ]
      },
      "condition": "success()",
      "id": "67f11f03-999f-4781-8ba3-7aaefd7562c8",
      "name": "meta"
    },
    {
      "type": "action",
      "reference": {
        "type": "repository",
        "name": "docker/build-push-action",
        "ref": "v5",
        "repositoryType": "GitHub"
      },
      "displayNameToken": {
        "type": 0,
        "file": 1,
        "line": 41,
        "col": 15,
        "lit": "Build and push Docker image"
      },
      "contextName": "__docker_build-push-action",
      "inputs": {
        "type": 2,
        "file": 1,
        "line": 44,
        "col": 11,
        "map": [
          {
            "key": {
              "type": 0,
              "file": 1,
              "line": 44,
              "col": 11,
              "lit": "context"
            },
            "value": {
              "type": 0,
              "file": 1,
              "line": 44,
              "col": 20,
              "lit": "."
            }
          },
          {
            "key": {
              "type": 0,
              "file": 1,
              "line": 45,
              "col": 11,
              "lit": "push"
            },
            "value": {
              "type": 0,
              "file": 1,
              "line": 45,
              "col": 17,
              "lit": "true"
            }
          },
          {
            "key": {
              "type": 0,
              "file": 1,
              "line": 46,
              "col": 11,
              "lit": "tags"
            },
            "value": {
              "type": 3,
              "file": 1,
              "line": 46,
              "col": 17,
              "expr": "steps.meta.outputs.tags"
            }
          },
          {
            "key": {
              "type": 0,
              "file": 1,
              "line": 47,
              "col": 11,
              "lit": "labels"
            },
            "value": {
              "type": 3,
              "file": 1,
              "line": 47,
              "col": 19,
              "expr": "steps.meta.outputs.labels"
            }
          }
        ]
      },
      "condition": "success()",
      "id": "e1fc9d0d-3a0b-4d1b-b5df-575c3645612e",
      "name": "__docker_build-push-action"
    }
  ],
  "variables": {
    "Actions.EnableHttpRedirects": {
      "value": "true"
    },
    "DistributedTask.AddWarningToNode12Action": {
      "value": "true"
    },
    "DistributedTask.AddWarningToNode16Action": {
      "value": "true"
    },
    "DistributedTask.AllowRunnerContainerHooks": {
      "value": "true"
    },
    "DistributedTask.DeprecateStepOutputCommands": {
      "value": "true"
    },
    "DistributedTask.DetailUntarFailure": {
      "value": "true"
    },
    "DistributedTask.EnableCompositeActions": {
      "value": "true"
    },
    "DistributedTask.EnableJobServerQueueTelemetry": {
      "value": "true"
    },
    "DistributedTask.EnhancedAnnotations": {
      "value": "true"
    },
    "DistributedTask.ForceGithubJavascriptActionsToNode16": {
      "value": "true"
    },
    "DistributedTask.ForceGithubJavascriptActionsToNode20": {
      "value": "true"
    },
    "DistributedTask.LogTemplateErrorsAsDebugMessages": {
      "value": "true"
    },
    "DistributedTask.MarkJobAsFailedOnWorkerCrash": {
      "value": "true"
    },
    "DistributedTask.NewActionMetadata": {
      "value": "true"
    },
    "DistributedTask.UploadStepSummary": {
      "value": "true"
    },
    "DistributedTask.UseActionArchiveCache": {
      "value": "true"
    },
    "DistributedTask.UseWhich2": {
      "value": "true"
    },
    "RunService.FixEmbeddedIssues": {
      "value": "true"
    },
    "actions_add_check_run_id_to_job_context": {
      "value": "true"
    },
    "actions_container_action_runner_temp": {
      "value": "false"
    },
    "actions_display_helpful_actions_download_errors": {
      "value": "true"
    },
    "actions_skip_retry_complete_job_upon_known_errors": {
      "value": "true"
    },
    "actions_uses_cache_service_v2": {
      "value": "true"
    },
    "github_token": {
      "value": "***",
      "isSecret": true
    },
    "system.from_run_service": {
      "value": "true"
    },
    "system.github.job": {
      "value": "docker-build-and-push"
    },
    "system.github.launch_endpoint": {
      "value": "https://launch.actions.githubusercontent.com"
    },
    "system.github.results_endpoint": {
      "value": "https://results-receiver.actions.githubusercontent.com/"
    },
    "system.github.results_upload_with_sdk": {
      "value": "true"
    },
    "system.github.token": {
      "value": "***",
      "isSecret": true
    },
    "system.github.token.permissions": {
      "value": "{\"Contents\":\"read\",\"Metadata\":\"read\",\"Packages\":\"write\"}"
    },
    "system.orchestrationId": {
      "value": "15dbc90e-013a-491f-87e0-3ae91c22408e.docker-build-and-push.__default"
    },
    "system.phaseDisplayName": {
      "value": "docker-build-and-push"
    },
    "system.runner.lowdiskspacethreshold": {
      "value": "100"
    },
    "system.runnerEnvironment": {
      "value": "self-hosted"
    },
    "system.runnerGroupName": {
      "value": "Default"
    }
  },
  "messageType": "RunnerJobRequest",
  "plan": {
    "scopeIdentifier": "00000000-0000-0000-0000-000000000000",
    "planType": "actions",
    "version": 0,
    "planId": "15dbc90e-013a-491f-87e0-3ae91c22408e",
    "planGroup": null,
    "artifactUri": null,
    "artifactLocation": null,
    "definition": null,
    "owner": null
  },
  "timeline": {
    "id": "15dbc90e-013a-491f-87e0-3ae91c22408e",
    "changeId": 0,
    "location": null
  },
  "jobId": "63151b97-3db9-5a89-818c-7131cc44289c",
  "jobDisplayName": "docker-build-and-push",
  "jobName": "__default",
  "requestId": 0,
  "lockedUntil": "0001-01-01T00:00:00",
  "resources": {
    "endpoints": [
      {
        "data": {
          "ServerId": "",
          "ServerName": "",
          "CacheServerUrl": "https://artifactcache.actions.githubusercontent.com/WiUpu9Pnkv3MKD58V5oxbZ8ketpBxegbuMcs38JyDyHbFZtKqd/",
          "FeedStreamUrl": "wss://results-receiver.actions.githubusercontent.com/_ws/ingest.sock",
          "ResultsServiceUrl": "https://results-receiver.actions.githubusercontent.com/",
          "PipelinesServiceUrl": "https://pipelinesghubeus25.actions.githubusercontent.com/WiUpu9Pnkv3MKD58V5oxbZ8ketpBxegbuMcs38JyDyHbFZtKqd/",
          "GenerateIdTokenUrl": ""
        },
        "name": "SystemVssConnection",
        "url": "https://run-actions-1-azure-eastus.actions.githubusercontent.com/19/",
        "authorization": {
          "parameters": {
            "AccessToken": "***"
          },
          "scheme": "OAuth"
        },
        "isShared": false,
        "isReady": true
      }
    ]
  },
  "contextData": {
    "github": {
      "t": 2,
      "d": [
        {
          "k": "ref",
          "v": "refs/heads/main"
        },
        {
          "k": "sha",
          "v": "f1d8afd06eb7006a8feb3a6dd861ea3a22394392"
        },
        {
          "k": "repository",
          "v": "DHaluwinRune/03-MLOps-GithubActions"
        },
        {
          "k": "repository_owner",
          "v": "DHaluwinRune"
        },
        {
          "k": "repository_owner_id",
          "v": "145713662"
        },
        {
          "k": "repositoryUrl",
          "v": "git://github.com/DHaluwinRune/03-MLOps-GithubActions.git"
        },
        {
          "k": "run_id",
          "v": "19110041814"
        },
        {
          "k": "run_number",
          "v": "13"
        },
        {
          "k": "retention_days",
          "v": "90"
        },
        {
          "k": "run_attempt",
          "v": "1"
        },
        {
          "k": "artifact_cache_size_limit",
          "v": "10"
        },
        {
          "k": "repository_visibility",
          "v": "private"
        },
        {
          "k": "actor_id",
          "v": "145713662"
        },
        {
          "k": "actor",
          "v": "DHaluwinRune"
        },
        {
          "k": "workflow",
          "v": "My First Workflow"
        },
        {
          "k": "head_ref",
          "v": ""
        },
        {
          "k": "base_ref",
          "v": ""
        },
        {
          "k": "event_name",
          "v": "push"
        },
        {
          "k": "server_url",
          "v": "https://github.com"
        },
        {
          "k": "api_url",
          "v": "https://api.github.com"
        },
        {
          "k": "graphql_url",
          "v": "https://api.github.com/graphql"
        },
        {
          "k": "ref_name",
          "v": "main"
        },
        {
          "k": "ref_protected",
          "v": false
        },
        {
          "k": "ref_type",
          "v": "branch"
        },
        {
          "k": "secret_source",
          "v": "Actions"
        },
        {
          "k": "event",
          "v": {
            "t": 2,
            "d": [
              {
                "k": "after",
                "v": "f1d8afd06eb7006a8feb3a6dd861ea3a22394392"
              },
              {
                "k": "base_ref",
                "v": null
              },
              {
                "k": "before",
                "v": "8990ce3cf881616657f59533db8f55155207704a"
              },
              {
                "k": "commits",
                "v": {
                  "t": 1,
                  "a": [
                    {
                      "t": 2,
                      "d": [
                        {
                          "k": "author",
                          "v": {
                            "t": 2,
                            "d": [
                              {
                                "k": "email",
                                "v": "rune.dhaluwin@student.howest.be"
                              },
                              {
                                "k": "name",
                                "v": "D'HaluwinRune"
                              },
                              {
                                "k": "username",
                                "v": "DHaluwinRune"
                              }
                            ]
                          }
                        },
                        {
                          "k": "committer",
                          "v": {
                            "t": 2,
                            "d": [
                              {
                                "k": "email",
                                "v": "rune.dhaluwin@student.howest.be"
                              },
                              {
                                "k": "name",
                                "v": "D'HaluwinRune"
                              },
                              {
                                "k": "username",
                                "v": "DHaluwinRune"
                              }
                            ]
                          }
                        },
                        {
                          "k": "distinct",
                          "v": true
                        },
                        {
                          "k": "id",
                          "v": "f1d8afd06eb7006a8feb3a6dd861ea3a22394392"
                        },
                        {
                          "k": "message",
                          "v": "Added Kubernetes pod deployment workflow"
                        },
                        {
                          "k": "timestamp",
                          "v": "2025-11-05T18:06:31+01:00"
                        },
                        {
                          "k": "tree_id",
                          "v": "108c93d382978acedebcf1b7005929f1be40d558"
                        },
                        {
                          "k": "url",
                          "v": "https://github.com/DHaluwinRune/03-MLOps-GithubActions/commit/f1d8afd06eb7006a8feb3a6dd861ea3a22394392"
                        }
                      ]
                    }
                  ]
                }
              },
              {
                "k": "compare",
                "v": "https://github.com/DHaluwinRune/03-MLOps-GithubActions/compare/8990ce3cf881...f1d8afd06eb7"
              },
              {
                "k": "created",
                "v": false
              },
              {
                "k": "deleted",
                "v": false
              },
              {
                "k": "forced",
                "v": false
              },
              {
                "k": "head_commit",
                "v": {
                  "t": 2,
                  "d": [
                    {
                      "k": "author",
                      "v": {
                        "t": 2,
                        "d": [
                          {
                            "k": "email",
                            "v": "rune.dhaluwin@student.howest.be"
                          },
                          {
                            "k": "name",
                            "v": "D'HaluwinRune"
                          },
                          {
                            "k": "username",
                            "v": "DHaluwinRune"
                          }
                        ]
                      }
                    },
                    {
                      "k": "committer",
                      "v": {
                        "t": 2,
                        "d": [
                          {
                            "k": "email",
                            "v": "rune.dhaluwin@student.howest.be"
                          },
                          {
                            "k": "name",
                            "v": "D'HaluwinRune"
                          },
                          {
                            "k": "username",
                            "v": "DHaluwinRune"
                          }
                        ]
                      }
                    },
                    {
                      "k": "distinct",
                      "v": true
                    },
                    {
                      "k": "id",
                      "v": "f1d8afd06eb7006a8feb3a6dd861ea3a22394392"
                    },
                    {
                      "k": "message",
                      "v": "Added Kubernetes pod deployment workflow"
                    },
                    {
                      "k": "timestamp",
                      "v": "2025-11-05T18:06:31+01:00"
                    },
                    {
                      "k": "tree_id",
                      "v": "108c93d382978acedebcf1b7005929f1be40d558"
                    },
                    {
                      "k": "url",
                      "v": "https://github.com/DHaluwinRune/03-MLOps-GithubActions/commit/f1d8afd06eb7006a8feb3a6dd861ea3a22394392"
                    }
                  ]
                }
              },
              {
                "k": "pusher",
                "v": {
                  "t": 2,
                  "d": [
                    {
                      "k": "email",
                      "v": "145713662+DHaluwinRune@users.noreply.github.com"
                    },
                    {
                      "k": "name",
                      "v": "DHaluwinRune"
                    }
                  ]
                }
              },
              {
                "k": "ref",
                "v": "refs/heads/main"
              },
              {
                "k": "repository",
                "v": {
                  "t": 2,
                  "d": [
                    {
                      "k": "allow_forking",
                      "v": true
                    },
                    {
                      "k": "archive_url",
                      "v": "https://api.github.com/repos/DHaluwinRune/03-MLOps-GithubActions/{archive_format}{/ref}"
                    },
                    {
                      "k": "archived",
                      "v": false
                    },
                    {
                      "k": "assignees_url",
                      "v": "https://api.github.com/repos/DHaluwinRune/03-MLOps-GithubActions/assignees{/user}"
                    },
                    {
                      "k": "blobs_url",
                      "v": "https://api.github.com/repos/DHaluwinRune/03-MLOps-GithubActions/git/blobs{/sha}"
                    },
                    {
                      "k": "branches_url",
                      "v": "https://api.github.com/repos/DHaluwinRune/03-MLOps-GithubActions/branches{/branch}"
                    },
                    {
                      "k": "clone_url",
                      "v": "https://github.com/DHaluwinRune/03-MLOps-GithubActions.git"
                    },
                    {
                      "k": "collaborators_url",
                      "v": "https://api.github.com/repos/DHaluwinRune/03-MLOps-GithubActions/collaborators{/collaborator}"
                    },
                    {
                      "k": "comments_url",
                      "v": "https://api.github.com/repos/DHaluwinRune/03-MLOps-GithubActions/comments{/number}"
                    },
                    {
                      "k": "commits_url",
                      "v": "https://api.github.com/repos/DHaluwinRune/03-MLOps-GithubActions/commits{/sha}"
                    },
                    {
                      "k": "compare_url",
                      "v": "https://api.github.com/repos/DHaluwinRune/03-MLOps-GithubActions/compare/{base}...{head}"
                    },
                    {
                      "k": "contents_url",
                      "v": "https://api.github.com/repos/DHaluwinRune/03-MLOps-GithubActions/contents/{+path}"
                    },
                    {
                      "k": "contributors_url",
                      "v": "https://api.github.com/repos/DHaluwinRune/03-MLOps-GithubActions/contributors"
                    },
                    {
                      "k": "created_at",
                      "v": 1762271145.0
                    },
                    {
                      "k": "default_branch",
                      "v": "main"
                    },
                    {
                      "k": "deployments_url",
                      "v": "https://api.github.com/repos/DHaluwinRune/03-MLOps-GithubActions/deployments"
                    },
                    {
                      "k": "description",
                      "v": null
                    },
                    {
                      "k": "disabled",
                      "v": false
                    },
                    {
                      "k": "downloads_url",
                      "v": "https://api.github.com/repos/DHaluwinRune/03-MLOps-GithubActions/downloads"
                    },
                    {
                      "k": "events_url",
                      "v": "https://api.github.com/repos/DHaluwinRune/03-MLOps-GithubActions/events"
                    },
                    {
                      "k": "fork",
                      "v": false
                    },
                    {
                      "k": "forks",
                      "v": 0.0
                    },
                    {
                      "k": "forks_count",
                      "v": 0.0
                    },
                    {
                      "k": "forks_url",
                      "v": "https://api.github.com/repos/DHaluwinRune/03-MLOps-GithubActions/forks"
                    },
                    {
                      "k": "full_name",
                      "v": "DHaluwinRune/03-MLOps-GithubActions"
                    },
                    {
                      "k": "git_commits_url",
                      "v": "https://api.github.com/repos/DHaluwinRune/03-MLOps-GithubActions/git/commits{/sha}"
                    },
                    {
                      "k": "git_refs_url",
                      "v": "https://api.github.com/repos/DHaluwinRune/03-MLOps-GithubActions/git/refs{/sha}"
                    },
                    {
                      "k": "git_tags_url",
                      "v": "https://api.github.com/repos/DHaluwinRune/03-MLOps-GithubActions/git/tags{/sha}"
                    },
                    {
                      "k": "git_url",
                      "v": "git://github.com/DHaluwinRune/03-MLOps-GithubActions.git"
                    },
                    {
                      "k": "has_discussions",
                      "v": false
                    },
                    {
                      "k": "has_downloads",
                      "v": true
                    },
                    {
                      "k": "has_issues",
                      "v": true
                    },
                    {
                      "k": "has_pages",
                      "v": false
                    },
                    {
                      "k": "has_projects",
                      "v": true
                    },
                    {
                      "k": "has_wiki",
                      "v": true
                    },
                    {
                      "k": "homepage",
                      "v": null
                    },
                    {
                      "k": "hooks_url",
                      "v": "https://api.github.com/repos/DHaluwinRune/03-MLOps-GithubActions/hooks"
                    },
                    {
                      "k": "html_url",
                      "v": "https://github.com/DHaluwinRune/03-MLOps-GithubActions"
                    },
                    {
                      "k": "id",
                      "v": 1089629187.0
                    },
                    {
                      "k": "is_template",
                      "v": false
                    },
                    {
                      "k": "issue_comment_url",
                      "v": "https://api.github.com/repos/DHaluwinRune/03-MLOps-GithubActions/issues/comments{/number}"
                    },
                    {
                      "k": "issue_events_url",
                      "v": "https://api.github.com/repos/DHaluwinRune/03-MLOps-GithubActions/issues/events{/number}"
                    },
                    {
                      "k": "issues_url",
                      "v": "https://api.github.com/repos/DHaluwinRune/03-MLOps-GithubActions/issues{/number}"
                    },
                    {
                      "k": "keys_url",
                      "v": "https://api.github.com/repos/DHaluwinRune/03-MLOps-GithubActions/keys{/key_id}"
                    },
                    {
                      "k": "labels_url",
                      "v": "https://api.github.com/repos/DHaluwinRune/03-MLOps-GithubActions/labels{/name}"
                    },
                    {
                      "k": "language",
                      "v": "TypeScript"
                    },
                    {
                      "k": "languages_url",
                      "v": "https://api.github.com/repos/DHaluwinRune/03-MLOps-GithubActions/languages"
                    },
                    {
                      "k": "license",
                      "v": null
                    },
                    {
                      "k": "master_branch",
                      "v": "main"
                    },
                    {
                      "k": "merges_url",
                      "v": "https://api.github.com/repos/DHaluwinRune/03-MLOps-GithubActions/merges"
                    },
                    {
                      "k": "milestones_url",
                      "v": "https://api.github.com/repos/DHaluwinRune/03-MLOps-GithubActions/milestones{/number}"
                    },
                    {
                      "k": "mirror_url",
                      "v": null
                    },
                    {
                      "k": "name",
                      "v": "03-MLOps-GithubActions"
                    },
                    {
                      "k": "node_id",
                      "v": "R_kgDOQPJsAw"
                    },
                    {
                      "k": "notifications_url",
                      "v": "https://api.github.com/repos/DHaluwinRune/03-MLOps-GithubActions/notifications{?since,all,participating}"
                    },
                    {
                      "k": "open_issues",
                      "v": 0.0
                    },
                    {
                      "k": "open_issues_count",
                      "v": 0.0
                    },
                    {
                      "k": "owner",
                      "v": {
                        "t": 2,
                        "d": [
                          {
                            "k": "avatar_url",
                            "v": "https://avatars.githubusercontent.com/u/145713662?v=4"
                          },
                          {
                            "k": "email",
                            "v": "145713662+DHaluwinRune@users.noreply.github.com"
                          },
                          {
                            "k": "events_url",
                            "v": "https://api.github.com/users/DHaluwinRune/events{/privacy}"
                          },
                          {
                            "k": "followers_url",
                            "v": "https://api.github.com/users/DHaluwinRune/followers"
                          },
                          {
                            "k": "following_url",
                            "v": "https://api.github.com/users/DHaluwinRune/following{/other_user}"
                          },
                          {
                            "k": "gists_url",
                            "v": "https://api.github.com/users/DHaluwinRune/gists{/gist_id}"
                          },
                          {
                            "k": "gravatar_id",
                            "v": ""
                          },
                          {
                            "k": "html_url",
                            "v": "https://github.com/DHaluwinRune"
                          },
                          {
                            "k": "id",
                            "v": 145713662.0
                          },
                          {
                            "k": "login",
                            "v": "DHaluwinRune"
                          },
                          {
                            "k": "name",
                            "v": "DHaluwinRune"
                          },
                          {
                            "k": "node_id",
                            "v": "U_kgDOCK9p_g"
                          },
                          {
                            "k": "organizations_url",
                            "v": "https://api.github.com/users/DHaluwinRune/orgs"
                          },
                          {
                            "k": "received_events_url",
                            "v": "https://api.github.com/users/DHaluwinRune/received_events"
                          },
                          {
                            "k": "repos_url",
                            "v": "https://api.github.com/users/DHaluwinRune/repos"
                          },
                          {
                            "k": "site_admin",
                            "v": false
                          },
                          {
                            "k": "starred_url",
                            "v": "https://api.github.com/users/DHaluwinRune/starred{/owner}{/repo}"
                          },
                          {
                            "k": "subscriptions_url",
                            "v": "https://api.github.com/users/DHaluwinRune/subscriptions"
                          },
                          {
                            "k": "type",
                            "v": "User"
                          },
                          {
                            "k": "url",
                            "v": "https://api.github.com/users/DHaluwinRune"
                          },
                          {
                            "k": "user_view_type",
                            "v": "public"
                          }
                        ]
                      }
                    },
                    {
                      "k": "private",
                      "v": true
                    },
                    {
                      "k": "pulls_url",
                      "v": "https://api.github.com/repos/DHaluwinRune/03-MLOps-GithubActions/pulls{/number}"
                    },
                    {
                      "k": "pushed_at",
                      "v": 1762362392.0
                    },
                    {
                      "k": "releases_url",
                      "v": "https://api.github.com/repos/DHaluwinRune/03-MLOps-GithubActions/releases{/id}"
                    },
                    {
                      "k": "size",
                      "v": 9.0
                    },
                    {
                      "k": "ssh_url",
                      "v": "git@github.com:DHaluwinRune/03-MLOps-GithubActions.git"
                    },
                    {
                      "k": "stargazers",
                      "v": 0.0
                    },
                    {
                      "k": "stargazers_count",
                      "v": 0.0
                    },
                    {
                      "k": "stargazers_url",
                      "v": "https://api.github.com/repos/DHaluwinRune/03-MLOps-GithubActions/stargazers"
                    },
                    {
                      "k": "statuses_url",
                      "v": "https://api.github.com/repos/DHaluwinRune/03-MLOps-GithubActions/statuses/{sha}"
                    },
                    {
                      "k": "subscribers_url",
                      "v": "https://api.github.com/repos/DHaluwinRune/03-MLOps-GithubActions/subscribers"
                    },
                    {
                      "k": "subscription_url",
                      "v": "https://api.github.com/repos/DHaluwinRune/03-MLOps-GithubActions/subscription"
                    },
                    {
                      "k": "svn_url",
                      "v": "https://github.com/DHaluwinRune/03-MLOps-GithubActions"
                    },
                    {
                      "k": "tags_url",
                      "v": "https://api.github.com/repos/DHaluwinRune/03-MLOps-GithubActions/tags"
                    },
                    {
                      "k": "teams_url",
                      "v": "https://api.github.com/repos/DHaluwinRune/03-MLOps-GithubActions/teams"
                    },
                    {
                      "k": "topics",
                      "v": {
                        "t": 1
                      }
                    },
                    {
                      "k": "trees_url",
                      "v": "https://api.github.com/repos/DHaluwinRune/03-MLOps-GithubActions/git/trees{/sha}"
                    },
                    {
                      "k": "updated_at",
                      "v": "2025-11-05T16:48:16Z"
                    },
                    {
                      "k": "url",
                      "v": "https://api.github.com/repos/DHaluwinRune/03-MLOps-GithubActions"
                    },
                    {
                      "k": "visibility",
                      "v": "private"
                    },
                    {
                      "k": "watchers",
                      "v": 0.0
                    },
                    {
                      "k": "watchers_count",
                      "v": 0.0
                    },
                    {
                      "k": "web_commit_signoff_required",
                      "v": false
                    }
                  ]
                }
              },
              {
                "k": "sender",
                "v": {
                  "t": 2,
                  "d": [
                    {
                      "k": "avatar_url",
                      "v": "https://avatars.githubusercontent.com/u/145713662?v=4"
                    },
                    {
                      "k": "events_url",
                      "v": "https://api.github.com/users/DHaluwinRune/events{/privacy}"
                    },
                    {
                      "k": "followers_url",
                      "v": "https://api.github.com/users/DHaluwinRune/followers"
                    },
                    {
                      "k": "following_url",
                      "v": "https://api.github.com/users/DHaluwinRune/following{/other_user}"
                    },
                    {
                      "k": "gists_url",
                      "v": "https://api.github.com/users/DHaluwinRune/gists{/gist_id}"
                    },
                    {
                      "k": "gravatar_id",
                      "v": ""
                    },
                    {
                      "k": "html_url",
                      "v": "https://github.com/DHaluwinRune"
                    },
                    {
                      "k": "id",
                      "v": 145713662.0
                    },
                    {
                      "k": "login",
                      "v": "DHaluwinRune"
                    },
                    {
                      "k": "node_id",
                      "v": "U_kgDOCK9p_g"
                    },
                    {
                      "k": "organizations_url",
                      "v": "https://api.github.com/users/DHaluwinRune/orgs"
                    },
                    {
                      "k": "received_events_url",
                      "v": "https://api.github.com/users/DHaluwinRune/received_events"
                    },
                    {
                      "k": "repos_url",
                      "v": "https://api.github.com/users/DHaluwinRune/repos"
                    },
                    {
                      "k": "site_admin",
                      "v": false
                    },
                    {
                      "k": "starred_url",
                      "v": "https://api.github.com/users/DHaluwinRune/starred{/owner}{/repo}"
                    },
                    {
                      "k": "subscriptions_url",
                      "v": "https://api.github.com/users/DHaluwinRune/subscriptions"
                    },
                    {
                      "k": "type",
                      "v": "User"
                    },
                    {
                      "k": "url",
                      "v": "https://api.github.com/users/DHaluwinRune"
                    },
                    {
                      "k": "user_view_type",
                      "v": "public"
                    }
                  ]
                }
              }
            ]
          }
        },
        {
          "k": "workflow_ref",
          "v": "DHaluwinRune/03-MLOps-GithubActions/.github/workflows/blank.yml@refs/heads/main"
        },
        {
          "k": "workflow_sha",
          "v": "f1d8afd06eb7006a8feb3a6dd861ea3a22394392"
        },
        {
          "k": "repository_id",
          "v": "1089629187"
        },
        {
          "k": "triggering_actor",
          "v": "DHaluwinRune"
        }
      ]
    },
    "inputs": {
      "t": 2
    },
    "job": {
      "t": 2,
      "d": [
        {
          "k": "check_run_id",
          "v": 54604445955.0
        }
      ]
    },
    "matrix": null,
    "needs": {
      "t": 2
    },
    "strategy": {
      "t": 2,
      "d": [
        {
          "k": "fail-fast",
          "v": true
        },
        {
          "k": "job-index",
          "v": 0.0
        },
        {
          "k": "job-total",
          "v": 1.0
        },
        {
          "k": "max-parallel",
          "v": 1.0
        }
      ]
    },
    "vars": {
      "t": 2
    }
  },
  "billingOwnerId": "U_kgDOCK9p_g"
}
[2025-11-05 17:07:54Z INFO JobRunner] Job ID 63151b97-3db9-5a89-818c-7131cc44289c
[2025-11-05 17:07:54Z INFO ConfigurationStore] currentAssemblyLocation: C:\SCHOOL\HOWEST LES\SEM5 MCT\MLOps\Labo\Week5\03-MLOps-GithubActions\actions-runner\bin\Runner.Worker.dll
[2025-11-05 17:07:54Z INFO HostContext] Well known directory 'Bin': 'C:\SCHOOL\HOWEST LES\SEM5 MCT\MLOps\Labo\Week5\03-MLOps-GithubActions\actions-runner\bin'
[2025-11-05 17:07:54Z INFO ConfigurationStore] binPath: C:\SCHOOL\HOWEST LES\SEM5 MCT\MLOps\Labo\Week5\03-MLOps-GithubActions\actions-runner\bin
[2025-11-05 17:07:54Z INFO HostContext] Well known directory 'Bin': 'C:\SCHOOL\HOWEST LES\SEM5 MCT\MLOps\Labo\Week5\03-MLOps-GithubActions\actions-runner\bin'
[2025-11-05 17:07:54Z INFO HostContext] Well known directory 'Root': 'C:\SCHOOL\HOWEST LES\SEM5 MCT\MLOps\Labo\Week5\03-MLOps-GithubActions\actions-runner'
[2025-11-05 17:07:54Z INFO ConfigurationStore] RootFolder: C:\SCHOOL\HOWEST LES\SEM5 MCT\MLOps\Labo\Week5\03-MLOps-GithubActions\actions-runner
[2025-11-05 17:07:54Z INFO HostContext] Well known directory 'Bin': 'C:\SCHOOL\HOWEST LES\SEM5 MCT\MLOps\Labo\Week5\03-MLOps-GithubActions\actions-runner\bin'
[2025-11-05 17:07:54Z INFO HostContext] Well known directory 'Root': 'C:\SCHOOL\HOWEST LES\SEM5 MCT\MLOps\Labo\Week5\03-MLOps-GithubActions\actions-runner'
[2025-11-05 17:07:54Z INFO HostContext] Well known config file 'Runner': 'C:\SCHOOL\HOWEST LES\SEM5 MCT\MLOps\Labo\Week5\03-MLOps-GithubActions\actions-runner\.runner'
[2025-11-05 17:07:54Z INFO ConfigurationStore] ConfigFilePath: C:\SCHOOL\HOWEST LES\SEM5 MCT\MLOps\Labo\Week5\03-MLOps-GithubActions\actions-runner\.runner
[2025-11-05 17:07:54Z INFO HostContext] Well known directory 'Bin': 'C:\SCHOOL\HOWEST LES\SEM5 MCT\MLOps\Labo\Week5\03-MLOps-GithubActions\actions-runner\bin'
[2025-11-05 17:07:54Z INFO HostContext] Well known directory 'Root': 'C:\SCHOOL\HOWEST LES\SEM5 MCT\MLOps\Labo\Week5\03-MLOps-GithubActions\actions-runner'
[2025-11-05 17:07:54Z INFO HostContext] Well known config file 'MigratedRunner': 'C:\SCHOOL\HOWEST LES\SEM5 MCT\MLOps\Labo\Week5\03-MLOps-GithubActions\actions-runner\.runner_migrated'
[2025-11-05 17:07:54Z INFO ConfigurationStore] MigratedConfigFilePath: C:\SCHOOL\HOWEST LES\SEM5 MCT\MLOps\Labo\Week5\03-MLOps-GithubActions\actions-runner\.runner_migrated
[2025-11-05 17:07:54Z INFO HostContext] Well known directory 'Bin': 'C:\SCHOOL\HOWEST LES\SEM5 MCT\MLOps\Labo\Week5\03-MLOps-GithubActions\actions-runner\bin'
[2025-11-05 17:07:54Z INFO HostContext] Well known directory 'Root': 'C:\SCHOOL\HOWEST LES\SEM5 MCT\MLOps\Labo\Week5\03-MLOps-GithubActions\actions-runner'
[2025-11-05 17:07:54Z INFO HostContext] Well known config file 'Credentials': 'C:\SCHOOL\HOWEST LES\SEM5 MCT\MLOps\Labo\Week5\03-MLOps-GithubActions\actions-runner\.credentials'
[2025-11-05 17:07:54Z INFO ConfigurationStore] CredFilePath: C:\SCHOOL\HOWEST LES\SEM5 MCT\MLOps\Labo\Week5\03-MLOps-GithubActions\actions-runner\.credentials
[2025-11-05 17:07:54Z INFO HostContext] Well known directory 'Bin': 'C:\SCHOOL\HOWEST LES\SEM5 MCT\MLOps\Labo\Week5\03-MLOps-GithubActions\actions-runner\bin'
[2025-11-05 17:07:54Z INFO HostContext] Well known directory 'Root': 'C:\SCHOOL\HOWEST LES\SEM5 MCT\MLOps\Labo\Week5\03-MLOps-GithubActions\actions-runner'
[2025-11-05 17:07:54Z INFO HostContext] Well known config file 'MigratedCredentials': 'C:\SCHOOL\HOWEST LES\SEM5 MCT\MLOps\Labo\Week5\03-MLOps-GithubActions\actions-runner\.credentials_migrated'
[2025-11-05 17:07:54Z INFO ConfigurationStore] MigratedCredFilePath: C:\SCHOOL\HOWEST LES\SEM5 MCT\MLOps\Labo\Week5\03-MLOps-GithubActions\actions-runner\.credentials_migrated
[2025-11-05 17:07:54Z INFO HostContext] Well known directory 'Bin': 'C:\SCHOOL\HOWEST LES\SEM5 MCT\MLOps\Labo\Week5\03-MLOps-GithubActions\actions-runner\bin'
[2025-11-05 17:07:54Z INFO HostContext] Well known directory 'Root': 'C:\SCHOOL\HOWEST LES\SEM5 MCT\MLOps\Labo\Week5\03-MLOps-GithubActions\actions-runner'
[2025-11-05 17:07:54Z INFO HostContext] Well known config file 'Service': 'C:\SCHOOL\HOWEST LES\SEM5 MCT\MLOps\Labo\Week5\03-MLOps-GithubActions\actions-runner\.service'
[2025-11-05 17:07:54Z INFO ConfigurationStore] ServiceConfigFilePath: C:\SCHOOL\HOWEST LES\SEM5 MCT\MLOps\Labo\Week5\03-MLOps-GithubActions\actions-runner\.service
[2025-11-05 17:07:54Z INFO ConfigurationStore] Read setting file: 402 chars
[2025-11-05 17:07:54Z INFO JobRunner] Initializing launch client
[2025-11-05 17:07:54Z INFO JobServerQueue] Initializing results client
[2025-11-05 17:07:54Z INFO ResultServer] Creating websocket client ...wss://results-receiver.actions.githubusercontent.com/_ws/ingest.sock
[2025-11-05 17:07:54Z INFO ResultServer] Attempting to start websocket client with delay 00:00:00.
[2025-11-05 17:07:54Z INFO JobServerQueue] Start process web console line queue.
[2025-11-05 17:07:54Z INFO JobServerQueue] Start process file upload queue.
[2025-11-05 17:07:54Z INFO JobServerQueue] Start results file upload queue.
[2025-11-05 17:07:54Z INFO JobServerQueue] Starting results-based upload queue...
[2025-11-05 17:07:54Z INFO JobServerQueue] Start process timeline update queue.
[2025-11-05 17:07:54Z INFO ExecutionContext] Initializing Job context
[2025-11-05 17:07:54Z INFO ExecutionContext] Initialize GitHub context
[2025-11-05 17:07:54Z INFO ExecutionContext] Initialize Env context
[2025-11-05 17:07:54Z INFO HostContext] Well known directory 'Bin': 'C:\SCHOOL\HOWEST LES\SEM5 MCT\MLOps\Labo\Week5\03-MLOps-GithubActions\actions-runner\bin'
[2025-11-05 17:07:54Z INFO HostContext] Well known directory 'Root': 'C:\SCHOOL\HOWEST LES\SEM5 MCT\MLOps\Labo\Week5\03-MLOps-GithubActions\actions-runner'
[2025-11-05 17:07:54Z INFO HostContext] Well known directory 'Diag': 'C:\SCHOOL\HOWEST LES\SEM5 MCT\MLOps\Labo\Week5\03-MLOps-GithubActions\actions-runner\_diag'
[2025-11-05 17:07:54Z INFO HostContext] Well known directory 'Bin': 'C:\SCHOOL\HOWEST LES\SEM5 MCT\MLOps\Labo\Week5\03-MLOps-GithubActions\actions-runner\bin'
[2025-11-05 17:07:54Z INFO HostContext] Well known directory 'Root': 'C:\SCHOOL\HOWEST LES\SEM5 MCT\MLOps\Labo\Week5\03-MLOps-GithubActions\actions-runner'
[2025-11-05 17:07:54Z INFO HostContext] Well known directory 'Diag': 'C:\SCHOOL\HOWEST LES\SEM5 MCT\MLOps\Labo\Week5\03-MLOps-GithubActions\actions-runner\_diag'
[2025-11-05 17:07:54Z INFO JobRunner] Starting the job execution context.
[2025-11-05 17:07:54Z INFO HostContext] Well known directory 'Bin': 'C:\SCHOOL\HOWEST LES\SEM5 MCT\MLOps\Labo\Week5\03-MLOps-GithubActions\actions-runner\bin'
[2025-11-05 17:07:54Z INFO HostContext] Well known directory 'Root': 'C:\SCHOOL\HOWEST LES\SEM5 MCT\MLOps\Labo\Week5\03-MLOps-GithubActions\actions-runner'
[2025-11-05 17:07:54Z INFO HostContext] Well known directory 'Work': 'C:\SCHOOL\HOWEST LES\SEM5 MCT\MLOps\Labo\Week5\03-MLOps-GithubActions\actions-runner\_work'
[2025-11-05 17:07:54Z INFO JobRunner] Validating directory permissions for: 'C:\SCHOOL\HOWEST LES\SEM5 MCT\MLOps\Labo\Week5\03-MLOps-GithubActions\actions-runner\_work'
[2025-11-05 17:07:54Z INFO HostContext] Well known directory 'Bin': 'C:\SCHOOL\HOWEST LES\SEM5 MCT\MLOps\Labo\Week5\03-MLOps-GithubActions\actions-runner\bin'
[2025-11-05 17:07:54Z INFO HostContext] Well known directory 'Root': 'C:\SCHOOL\HOWEST LES\SEM5 MCT\MLOps\Labo\Week5\03-MLOps-GithubActions\actions-runner'
[2025-11-05 17:07:54Z INFO HostContext] Well known directory 'Work': 'C:\SCHOOL\HOWEST LES\SEM5 MCT\MLOps\Labo\Week5\03-MLOps-GithubActions\actions-runner\_work'
[2025-11-05 17:07:54Z INFO HostContext] Well known directory 'Tools': 'C:\SCHOOL\HOWEST LES\SEM5 MCT\MLOps\Labo\Week5\03-MLOps-GithubActions\actions-runner\_work\_tool'
[2025-11-05 17:07:54Z INFO HostContext] Well known directory 'Bin': 'C:\SCHOOL\HOWEST LES\SEM5 MCT\MLOps\Labo\Week5\03-MLOps-GithubActions\actions-runner\bin'
[2025-11-05 17:07:54Z INFO HostContext] Well known directory 'Root': 'C:\SCHOOL\HOWEST LES\SEM5 MCT\MLOps\Labo\Week5\03-MLOps-GithubActions\actions-runner'
[2025-11-05 17:07:54Z INFO HostContext] Well known directory 'Work': 'C:\SCHOOL\HOWEST LES\SEM5 MCT\MLOps\Labo\Week5\03-MLOps-GithubActions\actions-runner\_work'
[2025-11-05 17:07:54Z INFO HostContext] Well known directory 'Temp': 'C:\SCHOOL\HOWEST LES\SEM5 MCT\MLOps\Labo\Week5\03-MLOps-GithubActions\actions-runner\_work\_temp'
[2025-11-05 17:07:54Z INFO JobRunner] Getting job extension.
[2025-11-05 17:07:54Z INFO JobRunner] Initialize job. Getting all job steps.
[2025-11-05 17:07:54Z INFO HostContext] Well known directory 'Bin': 'C:\SCHOOL\HOWEST LES\SEM5 MCT\MLOps\Labo\Week5\03-MLOps-GithubActions\actions-runner\bin'
[2025-11-05 17:07:54Z INFO HostContext] Well known directory 'Root': 'C:\SCHOOL\HOWEST LES\SEM5 MCT\MLOps\Labo\Week5\03-MLOps-GithubActions\actions-runner'
[2025-11-05 17:07:54Z INFO HostContext] Well known directory 'Diag': 'C:\SCHOOL\HOWEST LES\SEM5 MCT\MLOps\Labo\Week5\03-MLOps-GithubActions\actions-runner\_diag'
[2025-11-05 17:07:54Z INFO HostContext] Well known directory 'Bin': 'C:\SCHOOL\HOWEST LES\SEM5 MCT\MLOps\Labo\Week5\03-MLOps-GithubActions\actions-runner\bin'
[2025-11-05 17:07:54Z INFO HostContext] Well known directory 'Root': 'C:\SCHOOL\HOWEST LES\SEM5 MCT\MLOps\Labo\Week5\03-MLOps-GithubActions\actions-runner'
[2025-11-05 17:07:54Z INFO HostContext] Well known directory 'Diag': 'C:\SCHOOL\HOWEST LES\SEM5 MCT\MLOps\Labo\Week5\03-MLOps-GithubActions\actions-runner\_diag'
[2025-11-05 17:07:54Z INFO HostContext] Well known directory 'Bin': 'C:\SCHOOL\HOWEST LES\SEM5 MCT\MLOps\Labo\Week5\03-MLOps-GithubActions\actions-runner\bin'
[2025-11-05 17:07:54Z INFO HostContext] Well known directory 'Root': 'C:\SCHOOL\HOWEST LES\SEM5 MCT\MLOps\Labo\Week5\03-MLOps-GithubActions\actions-runner'
[2025-11-05 17:07:54Z INFO HostContext] Well known config file 'Credentials': 'C:\SCHOOL\HOWEST LES\SEM5 MCT\MLOps\Labo\Week5\03-MLOps-GithubActions\actions-runner\.credentials'
[2025-11-05 17:07:54Z INFO HostContext] Well known directory 'Bin': 'C:\SCHOOL\HOWEST LES\SEM5 MCT\MLOps\Labo\Week5\03-MLOps-GithubActions\actions-runner\bin'
[2025-11-05 17:07:54Z INFO HostContext] Well known directory 'Root': 'C:\SCHOOL\HOWEST LES\SEM5 MCT\MLOps\Labo\Week5\03-MLOps-GithubActions\actions-runner'
[2025-11-05 17:07:54Z INFO HostContext] Well known config file 'SetupInfo': 'C:\SCHOOL\HOWEST LES\SEM5 MCT\MLOps\Labo\Week5\03-MLOps-GithubActions\actions-runner\.setup_info'
[2025-11-05 17:07:54Z INFO HostContext] Well known directory 'Bin': 'C:\SCHOOL\HOWEST LES\SEM5 MCT\MLOps\Labo\Week5\03-MLOps-GithubActions\actions-runner\bin'
[2025-11-05 17:07:54Z INFO HostContext] Well known directory 'Root': 'C:\SCHOOL\HOWEST LES\SEM5 MCT\MLOps\Labo\Week5\03-MLOps-GithubActions\actions-runner'
[2025-11-05 17:07:54Z INFO HostContext] Well known directory 'Work': 'C:\SCHOOL\HOWEST LES\SEM5 MCT\MLOps\Labo\Week5\03-MLOps-GithubActions\actions-runner\_work'
[2025-11-05 17:07:54Z INFO PipelineDirectoryManager] Loading tracking config if exists: C:\SCHOOL\HOWEST LES\SEM5 MCT\MLOps\Labo\Week5\03-MLOps-GithubActions\actions-runner\_work\_PipelineMapping\DHaluwinRune/03-MLOps-GithubActions\PipelineFolder.json
[2025-11-05 17:07:54Z INFO PipelineDirectoryManager] Updating job run properties.
[2025-11-05 17:07:54Z INFO HostContext] Well known directory 'Bin': 'C:\SCHOOL\HOWEST LES\SEM5 MCT\MLOps\Labo\Week5\03-MLOps-GithubActions\actions-runner\bin'
[2025-11-05 17:07:54Z INFO HostContext] Well known directory 'Root': 'C:\SCHOOL\HOWEST LES\SEM5 MCT\MLOps\Labo\Week5\03-MLOps-GithubActions\actions-runner'
[2025-11-05 17:07:54Z INFO HostContext] Well known directory 'Work': 'C:\SCHOOL\HOWEST LES\SEM5 MCT\MLOps\Labo\Week5\03-MLOps-GithubActions\actions-runner\_work'
[2025-11-05 17:07:54Z INFO HostContext] Well known directory 'Bin': 'C:\SCHOOL\HOWEST LES\SEM5 MCT\MLOps\Labo\Week5\03-MLOps-GithubActions\actions-runner\bin'
[2025-11-05 17:07:54Z INFO HostContext] Well known directory 'Root': 'C:\SCHOOL\HOWEST LES\SEM5 MCT\MLOps\Labo\Week5\03-MLOps-GithubActions\actions-runner'
[2025-11-05 17:07:54Z INFO HostContext] Well known directory 'Work': 'C:\SCHOOL\HOWEST LES\SEM5 MCT\MLOps\Labo\Week5\03-MLOps-GithubActions\actions-runner\_work'
[2025-11-05 17:07:54Z INFO HostContext] Well known directory 'Bin': 'C:\SCHOOL\HOWEST LES\SEM5 MCT\MLOps\Labo\Week5\03-MLOps-GithubActions\actions-runner\bin'
[2025-11-05 17:07:54Z INFO HostContext] Well known directory 'Root': 'C:\SCHOOL\HOWEST LES\SEM5 MCT\MLOps\Labo\Week5\03-MLOps-GithubActions\actions-runner'
[2025-11-05 17:07:54Z INFO HostContext] Well known directory 'Work': 'C:\SCHOOL\HOWEST LES\SEM5 MCT\MLOps\Labo\Week5\03-MLOps-GithubActions\actions-runner\_work'
[2025-11-05 17:07:54Z INFO JobExtension] Downloading actions
[2025-11-05 17:07:54Z INFO HostContext] Well known directory 'Bin': 'C:\SCHOOL\HOWEST LES\SEM5 MCT\MLOps\Labo\Week5\03-MLOps-GithubActions\actions-runner\bin'
[2025-11-05 17:07:54Z INFO HostContext] Well known directory 'Root': 'C:\SCHOOL\HOWEST LES\SEM5 MCT\MLOps\Labo\Week5\03-MLOps-GithubActions\actions-runner'
[2025-11-05 17:07:54Z INFO HostContext] Well known directory 'Work': 'C:\SCHOOL\HOWEST LES\SEM5 MCT\MLOps\Labo\Week5\03-MLOps-GithubActions\actions-runner\_work'
[2025-11-05 17:07:54Z INFO HostContext] Well known directory 'Actions': 'C:\SCHOOL\HOWEST LES\SEM5 MCT\MLOps\Labo\Week5\03-MLOps-GithubActions\actions-runner\_work\_actions'
[2025-11-05 17:07:54Z INFO Worker] Listening for cancel message from the channel.
[2025-11-05 17:07:54Z INFO Worker] Waiting for the job to complete or for a cancel message from the channel.
[2025-11-05 17:07:55Z INFO ResultServer] Successfully started websocket client.
[2025-11-05 17:07:55Z INFO JobServerQueue] Try to append 1 batches web console lines for record '825a2230-3eea-4ca9-ad8c-b1bf2e7e2ee4', success rate: 1/1.
[2025-11-05 17:07:55Z INFO HostContext] Well known directory 'Bin': 'C:\SCHOOL\HOWEST LES\SEM5 MCT\MLOps\Labo\Week5\03-MLOps-GithubActions\actions-runner\bin'
[2025-11-05 17:07:55Z INFO HostContext] Well known directory 'Root': 'C:\SCHOOL\HOWEST LES\SEM5 MCT\MLOps\Labo\Week5\03-MLOps-GithubActions\actions-runner'
[2025-11-05 17:07:55Z INFO HostContext] Well known directory 'Work': 'C:\SCHOOL\HOWEST LES\SEM5 MCT\MLOps\Labo\Week5\03-MLOps-GithubActions\actions-runner\_work'
[2025-11-05 17:07:55Z INFO HostContext] Well known directory 'Actions': 'C:\SCHOOL\HOWEST LES\SEM5 MCT\MLOps\Labo\Week5\03-MLOps-GithubActions\actions-runner\_work\_actions'
[2025-11-05 17:07:55Z INFO HostContext] Well known directory 'Bin': 'C:\SCHOOL\HOWEST LES\SEM5 MCT\MLOps\Labo\Week5\03-MLOps-GithubActions\actions-runner\bin'
[2025-11-05 17:07:55Z INFO HostContext] Well known directory 'Root': 'C:\SCHOOL\HOWEST LES\SEM5 MCT\MLOps\Labo\Week5\03-MLOps-GithubActions\actions-runner'
[2025-11-05 17:07:55Z INFO HostContext] Well known directory 'Work': 'C:\SCHOOL\HOWEST LES\SEM5 MCT\MLOps\Labo\Week5\03-MLOps-GithubActions\actions-runner\_work'
[2025-11-05 17:07:55Z INFO HostContext] Well known directory 'Actions': 'C:\SCHOOL\HOWEST LES\SEM5 MCT\MLOps\Labo\Week5\03-MLOps-GithubActions\actions-runner\_work\_actions'
[2025-11-05 17:07:55Z INFO ActionManager] Save archive 'https://api.github.com/repos/actions/checkout/zipball/08eba0b27e820071cde6df949e0beb9ba4906955' into C:\SCHOOL\HOWEST LES\SEM5 MCT\MLOps\Labo\Week5\03-MLOps-GithubActions\actions-runner\_work\_actions\_temp_e13c6c64-3711-4d9d-b7b8-9c6d580ac049\b544bf4b-511d-48ab-9c50-c7f92afb040d.zip.
[2025-11-05 17:07:55Z INFO JobServerQueue] Job timeline record has been updated for the first time.
[2025-11-05 17:07:55Z INFO JobServerQueue] Try to append 1 batches web console lines for record '825a2230-3eea-4ca9-ad8c-b1bf2e7e2ee4', success rate: 1/1.
[2025-11-05 17:07:56Z INFO ActionManager] Request URL: https://api.github.com/repos/actions/checkout/zipball/08eba0b27e820071cde6df949e0beb9ba4906955 X-GitHub-Request-Id: DABF:2C98A:23A1DE:27E811:690B846C Http Status: OK
[2025-11-05 17:07:56Z INFO ActionManager] Finished getting action repository.
[2025-11-05 17:07:56Z INFO HostContext] Well known directory 'Bin': 'C:\SCHOOL\HOWEST LES\SEM5 MCT\MLOps\Labo\Week5\03-MLOps-GithubActions\actions-runner\bin'
[2025-11-05 17:07:56Z INFO HostContext] Well known directory 'Root': 'C:\SCHOOL\HOWEST LES\SEM5 MCT\MLOps\Labo\Week5\03-MLOps-GithubActions\actions-runner'
[2025-11-05 17:07:56Z INFO HostContext] Well known directory 'Work': 'C:\SCHOOL\HOWEST LES\SEM5 MCT\MLOps\Labo\Week5\03-MLOps-GithubActions\actions-runner\_work'
[2025-11-05 17:07:56Z INFO HostContext] Well known directory 'Actions': 'C:\SCHOOL\HOWEST LES\SEM5 MCT\MLOps\Labo\Week5\03-MLOps-GithubActions\actions-runner\_work\_actions'
[2025-11-05 17:07:56Z INFO HostContext] Well known directory 'Bin': 'C:\SCHOOL\HOWEST LES\SEM5 MCT\MLOps\Labo\Week5\03-MLOps-GithubActions\actions-runner\bin'
[2025-11-05 17:07:56Z INFO HostContext] Well known directory 'Root': 'C:\SCHOOL\HOWEST LES\SEM5 MCT\MLOps\Labo\Week5\03-MLOps-GithubActions\actions-runner'
[2025-11-05 17:07:56Z INFO HostContext] Well known directory 'Work': 'C:\SCHOOL\HOWEST LES\SEM5 MCT\MLOps\Labo\Week5\03-MLOps-GithubActions\actions-runner\_work'
[2025-11-05 17:07:56Z INFO HostContext] Well known directory 'Actions': 'C:\SCHOOL\HOWEST LES\SEM5 MCT\MLOps\Labo\Week5\03-MLOps-GithubActions\actions-runner\_work\_actions'
[2025-11-05 17:07:56Z INFO ActionManager] Save archive 'https://api.github.com/repos/docker/login-action/zipball/5e57cd118135c172c3672efd75eb46360885c0ef' into C:\SCHOOL\HOWEST LES\SEM5 MCT\MLOps\Labo\Week5\03-MLOps-GithubActions\actions-runner\_work\_actions\_temp_f7bf3dcc-72ae-4c8d-8557-e620df5d9219\9e743def-e558-452d-bd4c-7c50abadeaf1.zip.
[2025-11-05 17:07:56Z INFO JobServerQueue] Try to append 1 batches web console lines for record '825a2230-3eea-4ca9-ad8c-b1bf2e7e2ee4', success rate: 1/1.
[2025-11-05 17:07:58Z INFO ActionManager] Request URL: https://api.github.com/repos/docker/login-action/zipball/5e57cd118135c172c3672efd75eb46360885c0ef X-GitHub-Request-Id: DAC1:E858B:2396EB:27DAAB:690B846D Http Status: OK
[2025-11-05 17:07:58Z INFO ActionManager] Finished getting action repository.
[2025-11-05 17:07:58Z INFO HostContext] Well known directory 'Bin': 'C:\SCHOOL\HOWEST LES\SEM5 MCT\MLOps\Labo\Week5\03-MLOps-GithubActions\actions-runner\bin'
[2025-11-05 17:07:58Z INFO HostContext] Well known directory 'Root': 'C:\SCHOOL\HOWEST LES\SEM5 MCT\MLOps\Labo\Week5\03-MLOps-GithubActions\actions-runner'
[2025-11-05 17:07:58Z INFO HostContext] Well known directory 'Work': 'C:\SCHOOL\HOWEST LES\SEM5 MCT\MLOps\Labo\Week5\03-MLOps-GithubActions\actions-runner\_work'
[2025-11-05 17:07:58Z INFO HostContext] Well known directory 'Actions': 'C:\SCHOOL\HOWEST LES\SEM5 MCT\MLOps\Labo\Week5\03-MLOps-GithubActions\actions-runner\_work\_actions'
[2025-11-05 17:07:58Z INFO HostContext] Well known directory 'Bin': 'C:\SCHOOL\HOWEST LES\SEM5 MCT\MLOps\Labo\Week5\03-MLOps-GithubActions\actions-runner\bin'
[2025-11-05 17:07:58Z INFO HostContext] Well known directory 'Root': 'C:\SCHOOL\HOWEST LES\SEM5 MCT\MLOps\Labo\Week5\03-MLOps-GithubActions\actions-runner'
[2025-11-05 17:07:58Z INFO HostContext] Well known directory 'Work': 'C:\SCHOOL\HOWEST LES\SEM5 MCT\MLOps\Labo\Week5\03-MLOps-GithubActions\actions-runner\_work'
[2025-11-05 17:07:58Z INFO HostContext] Well known directory 'Actions': 'C:\SCHOOL\HOWEST LES\SEM5 MCT\MLOps\Labo\Week5\03-MLOps-GithubActions\actions-runner\_work\_actions'
[2025-11-05 17:07:58Z INFO ActionManager] Save archive 'https://api.github.com/repos/docker/metadata-action/zipball/318604b99e75e41977312d83839a89be02ca4893' into C:\SCHOOL\HOWEST LES\SEM5 MCT\MLOps\Labo\Week5\03-MLOps-GithubActions\actions-runner\_work\_actions\_temp_c9f108a6-3834-4b1f-ad1d-41f7766bd53c\c7681244-6c4a-47ab-aa30-d04f61ec0e14.zip.
[2025-11-05 17:07:58Z INFO JobServerQueue] Try to append 1 batches web console lines for record '825a2230-3eea-4ca9-ad8c-b1bf2e7e2ee4', success rate: 1/1.
[2025-11-05 17:08:00Z INFO ActionManager] Request URL: https://api.github.com/repos/docker/metadata-action/zipball/318604b99e75e41977312d83839a89be02ca4893 X-GitHub-Request-Id: DAC3:354D:244486:288CA6:690B846F Http Status: OK
[2025-11-05 17:08:00Z INFO ActionManager] Finished getting action repository.
[2025-11-05 17:08:00Z INFO HostContext] Well known directory 'Bin': 'C:\SCHOOL\HOWEST LES\SEM5 MCT\MLOps\Labo\Week5\03-MLOps-GithubActions\actions-runner\bin'
[2025-11-05 17:08:00Z INFO HostContext] Well known directory 'Root': 'C:\SCHOOL\HOWEST LES\SEM5 MCT\MLOps\Labo\Week5\03-MLOps-GithubActions\actions-runner'
[2025-11-05 17:08:00Z INFO HostContext] Well known directory 'Work': 'C:\SCHOOL\HOWEST LES\SEM5 MCT\MLOps\Labo\Week5\03-MLOps-GithubActions\actions-runner\_work'
[2025-11-05 17:08:00Z INFO HostContext] Well known directory 'Actions': 'C:\SCHOOL\HOWEST LES\SEM5 MCT\MLOps\Labo\Week5\03-MLOps-GithubActions\actions-runner\_work\_actions'
[2025-11-05 17:08:00Z INFO HostContext] Well known directory 'Bin': 'C:\SCHOOL\HOWEST LES\SEM5 MCT\MLOps\Labo\Week5\03-MLOps-GithubActions\actions-runner\bin'
[2025-11-05 17:08:00Z INFO HostContext] Well known directory 'Root': 'C:\SCHOOL\HOWEST LES\SEM5 MCT\MLOps\Labo\Week5\03-MLOps-GithubActions\actions-runner'
[2025-11-05 17:08:00Z INFO HostContext] Well known directory 'Work': 'C:\SCHOOL\HOWEST LES\SEM5 MCT\MLOps\Labo\Week5\03-MLOps-GithubActions\actions-runner\_work'
[2025-11-05 17:08:00Z INFO HostContext] Well known directory 'Actions': 'C:\SCHOOL\HOWEST LES\SEM5 MCT\MLOps\Labo\Week5\03-MLOps-GithubActions\actions-runner\_work\_actions'
[2025-11-05 17:08:00Z INFO ActionManager] Save archive 'https://api.github.com/repos/docker/build-push-action/zipball/ca052bb54ab0790a636c9b5f226502c73d547a25' into C:\SCHOOL\HOWEST LES\SEM5 MCT\MLOps\Labo\Week5\03-MLOps-GithubActions\actions-runner\_work\_actions\_temp_7a63ef36-56f8-464f-bd8a-7adf71eac64d\4af3e0a7-e1da-4603-8cf0-daf9079d086e.zip.
[2025-11-05 17:08:00Z INFO ProcessChannel] Receiving message of length 0, with hash 'e3b0c44298fc1c149afbf4c8996fb92427ae41e4649b934ca495991b7852b855'
[2025-11-05 17:08:00Z INFO Worker] Cancellation/Shutdown message received.
[2025-11-05 17:08:00Z INFO JobServerQueue] Try to append 1 batches web console lines for record '825a2230-3eea-4ca9-ad8c-b1bf2e7e2ee4', success rate: 1/1.
[2025-11-05 17:08:02Z INFO ActionManager] Request URL: https://api.github.com/repos/docker/build-push-action/zipball/ca052bb54ab0790a636c9b5f226502c73d547a25 X-GitHub-Request-Id: D078:EE86D:270DF9:2B5498:690B8471 Http Status: OK
[2025-11-05 17:08:02Z INFO ActionManager] Action download has been cancelled.
[2025-11-05 17:08:02Z ERR  JobExtension] Caught cancellation exception from JobExtension Initialization: System.Threading.Tasks.TaskCanceledException: A task was canceled.
   at GitHub.Runner.Worker.ActionManager.DownloadRepositoryArchive(IExecutionContext executionContext, String downloadUrl, String downloadAuthToken, String archiveFile)
   at GitHub.Runner.Worker.ActionManager.DownloadRepositoryActionAsync(IExecutionContext executionContext, ActionDownloadInfo downloadInfo)
   at GitHub.Runner.Worker.ActionManager.PrepareActionsRecursiveAsync(IExecutionContext executionContext, PrepareActionsState state, IEnumerable`1 actions, Int32 depth, Guid parentStepId)
   at GitHub.Runner.Worker.ActionManager.PrepareActionsAsync(IExecutionContext executionContext, IEnumerable`1 steps, Guid rootStepId)
   at GitHub.Runner.Worker.JobExtension.InitializeJob(IExecutionContext jobContext, AgentJobRequestMessage message)
[2025-11-05 17:08:02Z INFO ExecutionContext] Publish step telemetry for current step {
  "action": "setup_job",
  "type": "runner",
  "stage": "Pre",
  "stepId": "825a2230-3eea-4ca9-ad8c-b1bf2e7e2ee4",
  "result": "canceled",
  "errorMessages": [
    "A task was canceled."
  ],
  "executionTimeInSeconds": 9,
  "startTime": "2025-11-05T17:07:54.7081792Z",
  "finishTime": "2025-11-05T17:08:02.8100481Z"
}.
[2025-11-05 17:08:02Z ERR  JobRunner] Job is cancelled during initialize.
[2025-11-05 17:08:02Z ERR  JobRunner] Caught exception: System.Threading.Tasks.TaskCanceledException: A task was canceled.
   at GitHub.Runner.Worker.ActionManager.DownloadRepositoryArchive(IExecutionContext executionContext, String downloadUrl, String downloadAuthToken, String archiveFile)
   at GitHub.Runner.Worker.ActionManager.DownloadRepositoryActionAsync(IExecutionContext executionContext, ActionDownloadInfo downloadInfo)
   at GitHub.Runner.Worker.ActionManager.PrepareActionsRecursiveAsync(IExecutionContext executionContext, PrepareActionsState state, IEnumerable`1 actions, Int32 depth, Guid parentStepId)
   at GitHub.Runner.Worker.ActionManager.PrepareActionsAsync(IExecutionContext executionContext, IEnumerable`1 steps, Guid rootStepId)
   at GitHub.Runner.Worker.JobExtension.InitializeJob(IExecutionContext jobContext, AgentJobRequestMessage message)
   at GitHub.Runner.Worker.JobRunner.RunAsync(AgentJobRequestMessage message, CancellationToken jobRequestCancellationToken)
[2025-11-05 17:08:02Z INFO JobRunner] Shutting down the job server queue.
[2025-11-05 17:08:02Z INFO JobServerQueue] Fire signal to shutdown all queues.
[2025-11-05 17:08:03Z INFO JobServerQueue] All queue process task stopped.
[2025-11-05 17:08:03Z INFO JobServerQueue] Try to append 1 batches web console lines for record '825a2230-3eea-4ca9-ad8c-b1bf2e7e2ee4', success rate: 1/1.
[2025-11-05 17:08:03Z INFO JobServerQueue] Web console line queue drained.
[2025-11-05 17:08:03Z INFO JobServerQueue] Uploading 2 files in one shot.
[2025-11-05 17:08:03Z INFO JobServerQueue] Try to upload 2 log files or attachments, success rate: 2/2.
[2025-11-05 17:08:03Z INFO JobServerQueue] File upload queue drained.
[2025-11-05 17:08:03Z INFO JobServerQueue] Starting results-based upload queue...
[2025-11-05 17:08:03Z INFO JobServerQueue] Uploading 2 file(s) in one shot through results service.
[2025-11-05 17:08:03Z INFO JobServerQueue] Got a step log file to send to results service.
[2025-11-05 17:08:03Z INFO JobServerQueue] Starting upload of step log file to results service ResultsLog, C:\SCHOOL\HOWEST LES\SEM5 MCT\MLOps\Labo\Week5\03-MLOps-GithubActions\actions-runner\_diag\blocks\15dbc90e-013a-491f-87e0-3ae91c22408e_825a2230-3eea-4ca9-ad8c-b1bf2e7e2ee4.1
[2025-11-05 17:08:04Z INFO JobServerQueue] Got a job log file to send to results service.
[2025-11-05 17:08:04Z INFO JobServerQueue] Starting upload of job log file to results service ResultsLog, C:\SCHOOL\HOWEST LES\SEM5 MCT\MLOps\Labo\Week5\03-MLOps-GithubActions\actions-runner\_diag\blocks\15dbc90e-013a-491f-87e0-3ae91c22408e_63151b97-3db9-5a89-818c-7131cc44289c.1
[2025-11-05 17:08:05Z INFO JobServerQueue] Tried to upload 2 file(s) to results, success rate: 2/2.
[2025-11-05 17:08:05Z INFO JobServerQueue] Results upload queue drained.
[2025-11-05 17:08:05Z INFO JobServerQueue] Timeline update queue drained.
[2025-11-05 17:08:05Z INFO JobServerQueue] Disposing job server ...
[2025-11-05 17:08:05Z INFO JobServerQueue] Disposing results server ...
[2025-11-05 17:08:05Z INFO JobServerQueue] All queue process tasks have been stopped, and all queues are drained.
[2025-11-05 17:08:05Z INFO TempDirectoryManager] Cleaning runner temp folder: C:\SCHOOL\HOWEST LES\SEM5 MCT\MLOps\Labo\Week5\03-MLOps-GithubActions\actions-runner\_work\_temp
[2025-11-05 17:08:05Z INFO HostContext] Well known directory 'Bin': 'C:\SCHOOL\HOWEST LES\SEM5 MCT\MLOps\Labo\Week5\03-MLOps-GithubActions\actions-runner\bin'
[2025-11-05 17:08:05Z INFO HostContext] Well known directory 'Root': 'C:\SCHOOL\HOWEST LES\SEM5 MCT\MLOps\Labo\Week5\03-MLOps-GithubActions\actions-runner'
[2025-11-05 17:08:05Z INFO HostContext] Well known directory 'Diag': 'C:\SCHOOL\HOWEST LES\SEM5 MCT\MLOps\Labo\Week5\03-MLOps-GithubActions\actions-runner\_diag'
[2025-11-05 17:08:05Z INFO HostContext] Well known config file 'Telemetry': 'C:\SCHOOL\HOWEST LES\SEM5 MCT\MLOps\Labo\Week5\03-MLOps-GithubActions\actions-runner\_diag\.telemetry'
[2025-11-05 17:08:05Z INFO JobRunner] Raising job completed against run service
